[0.039s] Invoking command in '/home/curdin/franka_ros2_ws/build/franka_moveit_config': CMAKE_PREFIX_PATH=/home/curdin/franka_ros2_ws/install/franka_hardware:/home/curdin/franka_ros2_ws/install/franka_gripper:/home/curdin/franka_ros2_ws/install/franka_msgs:/home/curdin/franka_ros2_ws/install/franka_description:/home/curdin/franka_ros2_ws/install/cartesian_impedance_controller:/home/curdin/franka_ros2_ws/install/joint_trajectory_controller:/home/curdin/franka_ros2_ws/install/integration_launch_testing:/home/curdin/franka_ros2_ws/install/franka_bringup:/home/curdin/franka_ros2_ws/install/franka_robot_state_broadcaster:/home/curdin/franka_ros2_ws/install/franka_example_controllers:/home/curdin/franka_ros2_ws/install/franka_semantic_components:/home/curdin/franka_ros2_ws/install/franka_moveit_config:/opt/ros/humble LD_LIBRARY_PATH=/home/curdin/franka_ros2_ws/install/franka_hardware/lib:/home/curdin/franka_ros2_ws/install/franka_gripper/lib:/home/curdin/franka_ros2_ws/install/franka_msgs/lib:/home/curdin/franka_ros2_ws/install/cartesian_impedance_controller/lib:/home/curdin/franka_ros2_ws/install/joint_trajectory_controller/lib:/home/curdin/franka_ros2_ws/install/integration_launch_testing/lib:/home/curdin/franka_ros2_ws/install/franka_robot_state_broadcaster/lib:/home/curdin/franka_ros2_ws/install/franka_example_controllers/lib:/home/curdin/franka_ros2_ws/install/franka_semantic_components/lib:/opt/ros/humble/opt/rviz_ogre_vendor/lib:/opt/ros/humble/lib/x86_64-linux-gnu:/opt/ros/humble/lib /usr/bin/cmake --build /home/curdin/franka_ros2_ws/build/franka_moveit_config -- -j20 -l20
[0.072s] Invoked command in '/home/curdin/franka_ros2_ws/build/franka_moveit_config' returned '0': CMAKE_PREFIX_PATH=/home/curdin/franka_ros2_ws/install/franka_hardware:/home/curdin/franka_ros2_ws/install/franka_gripper:/home/curdin/franka_ros2_ws/install/franka_msgs:/home/curdin/franka_ros2_ws/install/franka_description:/home/curdin/franka_ros2_ws/install/cartesian_impedance_controller:/home/curdin/franka_ros2_ws/install/joint_trajectory_controller:/home/curdin/franka_ros2_ws/install/integration_launch_testing:/home/curdin/franka_ros2_ws/install/franka_bringup:/home/curdin/franka_ros2_ws/install/franka_robot_state_broadcaster:/home/curdin/franka_ros2_ws/install/franka_example_controllers:/home/curdin/franka_ros2_ws/install/franka_semantic_components:/home/curdin/franka_ros2_ws/install/franka_moveit_config:/opt/ros/humble LD_LIBRARY_PATH=/home/curdin/franka_ros2_ws/install/franka_hardware/lib:/home/curdin/franka_ros2_ws/install/franka_gripper/lib:/home/curdin/franka_ros2_ws/install/franka_msgs/lib:/home/curdin/franka_ros2_ws/install/cartesian_impedance_controller/lib:/home/curdin/franka_ros2_ws/install/joint_trajectory_controller/lib:/home/curdin/franka_ros2_ws/install/integration_launch_testing/lib:/home/curdin/franka_ros2_ws/install/franka_robot_state_broadcaster/lib:/home/curdin/franka_ros2_ws/install/franka_example_controllers/lib:/home/curdin/franka_ros2_ws/install/franka_semantic_components/lib:/opt/ros/humble/opt/rviz_ogre_vendor/lib:/opt/ros/humble/lib/x86_64-linux-gnu:/opt/ros/humble/lib /usr/bin/cmake --build /home/curdin/franka_ros2_ws/build/franka_moveit_config -- -j20 -l20
[0.086s] Invoking command in '/home/curdin/franka_ros2_ws/build/franka_moveit_config': CMAKE_PREFIX_PATH=/home/curdin/franka_ros2_ws/install/franka_hardware:/home/curdin/franka_ros2_ws/install/franka_gripper:/home/curdin/franka_ros2_ws/install/franka_msgs:/home/curdin/franka_ros2_ws/install/franka_description:/home/curdin/franka_ros2_ws/install/cartesian_impedance_controller:/home/curdin/franka_ros2_ws/install/joint_trajectory_controller:/home/curdin/franka_ros2_ws/install/integration_launch_testing:/home/curdin/franka_ros2_ws/install/franka_bringup:/home/curdin/franka_ros2_ws/install/franka_robot_state_broadcaster:/home/curdin/franka_ros2_ws/install/franka_example_controllers:/home/curdin/franka_ros2_ws/install/franka_semantic_components:/home/curdin/franka_ros2_ws/install/franka_moveit_config:/opt/ros/humble LD_LIBRARY_PATH=/home/curdin/franka_ros2_ws/install/franka_hardware/lib:/home/curdin/franka_ros2_ws/install/franka_gripper/lib:/home/curdin/franka_ros2_ws/install/franka_msgs/lib:/home/curdin/franka_ros2_ws/install/cartesian_impedance_controller/lib:/home/curdin/franka_ros2_ws/install/joint_trajectory_controller/lib:/home/curdin/franka_ros2_ws/install/integration_launch_testing/lib:/home/curdin/franka_ros2_ws/install/franka_robot_state_broadcaster/lib:/home/curdin/franka_ros2_ws/install/franka_example_controllers/lib:/home/curdin/franka_ros2_ws/install/franka_semantic_components/lib:/opt/ros/humble/opt/rviz_ogre_vendor/lib:/opt/ros/humble/lib/x86_64-linux-gnu:/opt/ros/humble/lib /usr/bin/cmake --install /home/curdin/franka_ros2_ws/build/franka_moveit_config
[0.090s] -- Install configuration: "Release"
[0.090s] -- Up-to-date: /home/curdin/franka_ros2_ws/install/franka_moveit_config/share/franka_moveit_config/config
[0.090s] -- Up-to-date: /home/curdin/franka_ros2_ws/install/franka_moveit_config/share/franka_moveit_config/config/panda_controllers.yaml
[0.090s] -- Up-to-date: /home/curdin/franka_ros2_ws/install/franka_moveit_config/share/franka_moveit_config/config/kinematics.yaml
[0.090s] -- Up-to-date: /home/curdin/franka_ros2_ws/install/franka_moveit_config/share/franka_moveit_config/config/ompl_planning.yaml
[0.090s] -- Up-to-date: /home/curdin/franka_ros2_ws/install/franka_moveit_config/share/franka_moveit_config/config/panda_ros_controllers.yaml
[0.090s] -- Up-to-date: /home/curdin/franka_ros2_ws/install/franka_moveit_config/share/franka_moveit_config/launch
[0.090s] -- Up-to-date: /home/curdin/franka_ros2_ws/install/franka_moveit_config/share/franka_moveit_config/launch/moveit.launch.py
[0.090s] -- Up-to-date: /home/curdin/franka_ros2_ws/install/franka_moveit_config/share/franka_moveit_config/srdf
[0.090s] -- Up-to-date: /home/curdin/franka_ros2_ws/install/franka_moveit_config/share/franka_moveit_config/srdf/hand.xacro
[0.091s] -- Up-to-date: /home/curdin/franka_ros2_ws/install/franka_moveit_config/share/franka_moveit_config/srdf/panda_arm.srdf.xacro
[0.091s] -- Up-to-date: /home/curdin/franka_ros2_ws/install/franka_moveit_config/share/franka_moveit_config/srdf/panda_arm.xacro
[0.091s] -- Up-to-date: /home/curdin/franka_ros2_ws/install/franka_moveit_config/share/franka_moveit_config/srdf/group_definition.xacro
[0.091s] -- Up-to-date: /home/curdin/franka_ros2_ws/install/franka_moveit_config/share/franka_moveit_config/srdf/panda_arm_hand.xacro
[0.091s] -- Up-to-date: /home/curdin/franka_ros2_ws/install/franka_moveit_config/share/franka_moveit_config/rviz
[0.091s] -- Up-to-date: /home/curdin/franka_ros2_ws/install/franka_moveit_config/share/franka_moveit_config/rviz/moveit.rviz
[0.091s] -- Up-to-date: /home/curdin/franka_ros2_ws/install/franka_moveit_config/share/ament_index/resource_index/package_run_dependencies/franka_moveit_config
[0.091s] -- Up-to-date: /home/curdin/franka_ros2_ws/install/franka_moveit_config/share/ament_index/resource_index/parent_prefix_path/franka_moveit_config
[0.091s] -- Up-to-date: /home/curdin/franka_ros2_ws/install/franka_moveit_config/share/franka_moveit_config/environment/ament_prefix_path.sh
[0.091s] -- Up-to-date: /home/curdin/franka_ros2_ws/install/franka_moveit_config/share/franka_moveit_config/environment/ament_prefix_path.dsv
[0.091s] -- Up-to-date: /home/curdin/franka_ros2_ws/install/franka_moveit_config/share/franka_moveit_config/environment/path.sh
[0.091s] -- Up-to-date: /home/curdin/franka_ros2_ws/install/franka_moveit_config/share/franka_moveit_config/environment/path.dsv
[0.091s] -- Up-to-date: /home/curdin/franka_ros2_ws/install/franka_moveit_config/share/franka_moveit_config/local_setup.bash
[0.091s] -- Up-to-date: /home/curdin/franka_ros2_ws/install/franka_moveit_config/share/franka_moveit_config/local_setup.sh
[0.091s] -- Up-to-date: /home/curdin/franka_ros2_ws/install/franka_moveit_config/share/franka_moveit_config/local_setup.zsh
[0.091s] -- Up-to-date: /home/curdin/franka_ros2_ws/install/franka_moveit_config/share/franka_moveit_config/local_setup.dsv
[0.091s] -- Installing: /home/curdin/franka_ros2_ws/install/franka_moveit_config/share/franka_moveit_config/package.dsv
[0.091s] -- Up-to-date: /home/curdin/franka_ros2_ws/install/franka_moveit_config/share/ament_index/resource_index/packages/franka_moveit_config
[0.091s] -- Up-to-date: /home/curdin/franka_ros2_ws/install/franka_moveit_config/share/franka_moveit_config/cmake/franka_moveit_configConfig.cmake
[0.091s] -- Up-to-date: /home/curdin/franka_ros2_ws/install/franka_moveit_config/share/franka_moveit_config/cmake/franka_moveit_configConfig-version.cmake
[0.091s] -- Up-to-date: /home/curdin/franka_ros2_ws/install/franka_moveit_config/share/franka_moveit_config/package.xml
[0.092s] Invoked command in '/home/curdin/franka_ros2_ws/build/franka_moveit_config' returned '0': CMAKE_PREFIX_PATH=/home/curdin/franka_ros2_ws/install/franka_hardware:/home/curdin/franka_ros2_ws/install/franka_gripper:/home/curdin/franka_ros2_ws/install/franka_msgs:/home/curdin/franka_ros2_ws/install/franka_description:/home/curdin/franka_ros2_ws/install/cartesian_impedance_controller:/home/curdin/franka_ros2_ws/install/joint_trajectory_controller:/home/curdin/franka_ros2_ws/install/integration_launch_testing:/home/curdin/franka_ros2_ws/install/franka_bringup:/home/curdin/franka_ros2_ws/install/franka_robot_state_broadcaster:/home/curdin/franka_ros2_ws/install/franka_example_controllers:/home/curdin/franka_ros2_ws/install/franka_semantic_components:/home/curdin/franka_ros2_ws/install/franka_moveit_config:/opt/ros/humble LD_LIBRARY_PATH=/home/curdin/franka_ros2_ws/install/franka_hardware/lib:/home/curdin/franka_ros2_ws/install/franka_gripper/lib:/home/curdin/franka_ros2_ws/install/franka_msgs/lib:/home/curdin/franka_ros2_ws/install/cartesian_impedance_controller/lib:/home/curdin/franka_ros2_ws/install/joint_trajectory_controller/lib:/home/curdin/franka_ros2_ws/install/integration_launch_testing/lib:/home/curdin/franka_ros2_ws/install/franka_robot_state_broadcaster/lib:/home/curdin/franka_ros2_ws/install/franka_example_controllers/lib:/home/curdin/franka_ros2_ws/install/franka_semantic_components/lib:/opt/ros/humble/opt/rviz_ogre_vendor/lib:/opt/ros/humble/lib/x86_64-linux-gnu:/opt/ros/humble/lib /usr/bin/cmake --install /home/curdin/franka_ros2_ws/build/franka_moveit_config
