[0.032s] Invoking command in '/home/curdin/franka_ros2_ws/build/franka_gripper': CMAKE_PREFIX_PATH=/home/curdin/franka_ros2_ws/install/franka_msgs:/home/curdin/franka_ros2_ws/install/cartesian_impedance_controller:/home/curdin/franka_ros2_ws/install/joint_trajectory_controller:/home/curdin/franka_ros2_ws/install/integration_launch_testing:/home/curdin/franka_ros2_ws/install/franka_bringup:/home/curdin/franka_ros2_ws/install/franka_robot_state_broadcaster:/home/curdin/franka_ros2_ws/install/franka_example_controllers:/home/curdin/franka_ros2_ws/install/franka_semantic_components:/home/curdin/franka_ros2_ws/install/franka_moveit_config:/home/curdin/franka_ros2_ws/install/franka_hardware:/home/curdin/franka_ros2_ws/install/franka_gripper:/home/curdin/franka_ros2_ws/install/franka_description:/opt/ros/humble LD_LIBRARY_PATH=/home/curdin/franka_ros2_ws/install/franka_msgs/lib:/home/curdin/franka_ros2_ws/install/cartesian_impedance_controller/lib:/home/curdin/franka_ros2_ws/install/joint_trajectory_controller/lib:/home/curdin/franka_ros2_ws/install/integration_launch_testing/lib:/home/curdin/franka_ros2_ws/install/franka_robot_state_broadcaster/lib:/home/curdin/franka_ros2_ws/install/franka_example_controllers/lib:/home/curdin/franka_ros2_ws/install/franka_semantic_components/lib:/home/curdin/franka_ros2_ws/install/franka_hardware/lib:/home/curdin/franka_ros2_ws/install/franka_gripper/lib:/opt/ros/humble/opt/rviz_ogre_vendor/lib:/opt/ros/humble/lib/x86_64-linux-gnu:/opt/ros/humble/lib /usr/bin/cmake --build /home/curdin/franka_ros2_ws/build/franka_gripper -- -j20 -l20
[0.065s] [ 50%] Built target franka_gripper_node
[0.066s] [100%] Built target gripper_server
[0.067s] [100%] Built target ament_cmake_python_copy_franka_gripper
[0.195s] running egg_info
[0.196s] writing franka_gripper.egg-info/PKG-INFO
[0.196s] writing dependency_links to franka_gripper.egg-info/dependency_links.txt
[0.196s] writing top-level names to franka_gripper.egg-info/top_level.txt
[0.197s] reading manifest file 'franka_gripper.egg-info/SOURCES.txt'
[0.197s] writing manifest file 'franka_gripper.egg-info/SOURCES.txt'
[0.213s] [100%] Built target ament_cmake_python_build_franka_gripper_egg
[0.246s] Invoked command in '/home/curdin/franka_ros2_ws/build/franka_gripper' returned '0': CMAKE_PREFIX_PATH=/home/curdin/franka_ros2_ws/install/franka_msgs:/home/curdin/franka_ros2_ws/install/cartesian_impedance_controller:/home/curdin/franka_ros2_ws/install/joint_trajectory_controller:/home/curdin/franka_ros2_ws/install/integration_launch_testing:/home/curdin/franka_ros2_ws/install/franka_bringup:/home/curdin/franka_ros2_ws/install/franka_robot_state_broadcaster:/home/curdin/franka_ros2_ws/install/franka_example_controllers:/home/curdin/franka_ros2_ws/install/franka_semantic_components:/home/curdin/franka_ros2_ws/install/franka_moveit_config:/home/curdin/franka_ros2_ws/install/franka_hardware:/home/curdin/franka_ros2_ws/install/franka_gripper:/home/curdin/franka_ros2_ws/install/franka_description:/opt/ros/humble LD_LIBRARY_PATH=/home/curdin/franka_ros2_ws/install/franka_msgs/lib:/home/curdin/franka_ros2_ws/install/cartesian_impedance_controller/lib:/home/curdin/franka_ros2_ws/install/joint_trajectory_controller/lib:/home/curdin/franka_ros2_ws/install/integration_launch_testing/lib:/home/curdin/franka_ros2_ws/install/franka_robot_state_broadcaster/lib:/home/curdin/franka_ros2_ws/install/franka_example_controllers/lib:/home/curdin/franka_ros2_ws/install/franka_semantic_components/lib:/home/curdin/franka_ros2_ws/install/franka_hardware/lib:/home/curdin/franka_ros2_ws/install/franka_gripper/lib:/opt/ros/humble/opt/rviz_ogre_vendor/lib:/opt/ros/humble/lib/x86_64-linux-gnu:/opt/ros/humble/lib /usr/bin/cmake --build /home/curdin/franka_ros2_ws/build/franka_gripper -- -j20 -l20
[0.265s] Invoking command in '/home/curdin/franka_ros2_ws/build/franka_gripper': CMAKE_PREFIX_PATH=/home/curdin/franka_ros2_ws/install/franka_msgs:/home/curdin/franka_ros2_ws/install/cartesian_impedance_controller:/home/curdin/franka_ros2_ws/install/joint_trajectory_controller:/home/curdin/franka_ros2_ws/install/integration_launch_testing:/home/curdin/franka_ros2_ws/install/franka_bringup:/home/curdin/franka_ros2_ws/install/franka_robot_state_broadcaster:/home/curdin/franka_ros2_ws/install/franka_example_controllers:/home/curdin/franka_ros2_ws/install/franka_semantic_components:/home/curdin/franka_ros2_ws/install/franka_moveit_config:/home/curdin/franka_ros2_ws/install/franka_hardware:/home/curdin/franka_ros2_ws/install/franka_gripper:/home/curdin/franka_ros2_ws/install/franka_description:/opt/ros/humble LD_LIBRARY_PATH=/home/curdin/franka_ros2_ws/install/franka_msgs/lib:/home/curdin/franka_ros2_ws/install/cartesian_impedance_controller/lib:/home/curdin/franka_ros2_ws/install/joint_trajectory_controller/lib:/home/curdin/franka_ros2_ws/install/integration_launch_testing/lib:/home/curdin/franka_ros2_ws/install/franka_robot_state_broadcaster/lib:/home/curdin/franka_ros2_ws/install/franka_example_controllers/lib:/home/curdin/franka_ros2_ws/install/franka_semantic_components/lib:/home/curdin/franka_ros2_ws/install/franka_hardware/lib:/home/curdin/franka_ros2_ws/install/franka_gripper/lib:/opt/ros/humble/opt/rviz_ogre_vendor/lib:/opt/ros/humble/lib/x86_64-linux-gnu:/opt/ros/humble/lib /usr/bin/cmake --install /home/curdin/franka_ros2_ws/build/franka_gripper
[0.269s] -- Install configuration: "Release"
[0.269s] -- Up-to-date: /home/curdin/franka_ros2_ws/install/franka_gripper/lib/franka_gripper/franka_gripper_node
[0.269s] -- Up-to-date: /home/curdin/franka_ros2_ws/install/franka_gripper/lib/libgripper_server.so
[0.269s] -- Up-to-date: /home/curdin/franka_ros2_ws/install/franka_gripper/share/franka_gripper//launch
[0.269s] -- Up-to-date: /home/curdin/franka_ros2_ws/install/franka_gripper/share/franka_gripper//launch/gripper.launch.py
[0.269s] -- Up-to-date: /home/curdin/franka_ros2_ws/install/franka_gripper/share/franka_gripper//config
[0.269s] -- Up-to-date: /home/curdin/franka_ros2_ws/install/franka_gripper/share/franka_gripper//config/franka_gripper_node.yaml
[0.269s] -- Up-to-date: /home/curdin/franka_ros2_ws/install/franka_gripper/share/franka_gripper/environment/pythonpath.sh
[0.269s] -- Up-to-date: /home/curdin/franka_ros2_ws/install/franka_gripper/share/franka_gripper/environment/pythonpath.dsv
[0.269s] -- Up-to-date: /home/curdin/franka_ros2_ws/install/franka_gripper/local/lib/python3.10/dist-packages/franka_gripper-0.1.8-py3.10.egg-info
[0.269s] -- Installing: /home/curdin/franka_ros2_ws/install/franka_gripper/local/lib/python3.10/dist-packages/franka_gripper-0.1.8-py3.10.egg-info/top_level.txt
[0.269s] -- Installing: /home/curdin/franka_ros2_ws/install/franka_gripper/local/lib/python3.10/dist-packages/franka_gripper-0.1.8-py3.10.egg-info/dependency_links.txt
[0.270s] -- Installing: /home/curdin/franka_ros2_ws/install/franka_gripper/local/lib/python3.10/dist-packages/franka_gripper-0.1.8-py3.10.egg-info/PKG-INFO
[0.270s] -- Installing: /home/curdin/franka_ros2_ws/install/franka_gripper/local/lib/python3.10/dist-packages/franka_gripper-0.1.8-py3.10.egg-info/SOURCES.txt
[0.270s] -- Up-to-date: /home/curdin/franka_ros2_ws/install/franka_gripper/local/lib/python3.10/dist-packages/franka_gripper
[0.270s] -- Up-to-date: /home/curdin/franka_ros2_ws/install/franka_gripper/local/lib/python3.10/dist-packages/franka_gripper/__init__.py
[0.288s] Listing '/home/curdin/franka_ros2_ws/install/franka_gripper/local/lib/python3.10/dist-packages/franka_gripper'...
[0.291s] -- Up-to-date: /home/curdin/franka_ros2_ws/install/franka_gripper/lib/franka_gripper/fake_gripper_state_publisher.py
[0.291s] -- Up-to-date: /home/curdin/franka_ros2_ws/install/franka_gripper/share/ament_index/resource_index/package_run_dependencies/franka_gripper
[0.291s] -- Up-to-date: /home/curdin/franka_ros2_ws/install/franka_gripper/share/ament_index/resource_index/parent_prefix_path/franka_gripper
[0.291s] -- Up-to-date: /home/curdin/franka_ros2_ws/install/franka_gripper/share/franka_gripper/environment/ament_prefix_path.sh
[0.291s] -- Up-to-date: /home/curdin/franka_ros2_ws/install/franka_gripper/share/franka_gripper/environment/ament_prefix_path.dsv
[0.291s] -- Up-to-date: /home/curdin/franka_ros2_ws/install/franka_gripper/share/franka_gripper/environment/path.sh
[0.291s] -- Up-to-date: /home/curdin/franka_ros2_ws/install/franka_gripper/share/franka_gripper/environment/path.dsv
[0.291s] -- Up-to-date: /home/curdin/franka_ros2_ws/install/franka_gripper/share/franka_gripper/local_setup.bash
[0.291s] -- Up-to-date: /home/curdin/franka_ros2_ws/install/franka_gripper/share/franka_gripper/local_setup.sh
[0.291s] -- Up-to-date: /home/curdin/franka_ros2_ws/install/franka_gripper/share/franka_gripper/local_setup.zsh
[0.291s] -- Up-to-date: /home/curdin/franka_ros2_ws/install/franka_gripper/share/franka_gripper/local_setup.dsv
[0.291s] -- Installing: /home/curdin/franka_ros2_ws/install/franka_gripper/share/franka_gripper/package.dsv
[0.291s] -- Up-to-date: /home/curdin/franka_ros2_ws/install/franka_gripper/share/ament_index/resource_index/packages/franka_gripper
[0.291s] -- Up-to-date: /home/curdin/franka_ros2_ws/install/franka_gripper/share/ament_index/resource_index/rclcpp_components/franka_gripper
[0.291s] -- Up-to-date: /home/curdin/franka_ros2_ws/install/franka_gripper/share/franka_gripper/cmake/franka_gripperConfig.cmake
[0.291s] -- Up-to-date: /home/curdin/franka_ros2_ws/install/franka_gripper/share/franka_gripper/cmake/franka_gripperConfig-version.cmake
[0.291s] -- Up-to-date: /home/curdin/franka_ros2_ws/install/franka_gripper/share/franka_gripper/package.xml
[0.293s] Invoked command in '/home/curdin/franka_ros2_ws/build/franka_gripper' returned '0': CMAKE_PREFIX_PATH=/home/curdin/franka_ros2_ws/install/franka_msgs:/home/curdin/franka_ros2_ws/install/cartesian_impedance_controller:/home/curdin/franka_ros2_ws/install/joint_trajectory_controller:/home/curdin/franka_ros2_ws/install/integration_launch_testing:/home/curdin/franka_ros2_ws/install/franka_bringup:/home/curdin/franka_ros2_ws/install/franka_robot_state_broadcaster:/home/curdin/franka_ros2_ws/install/franka_example_controllers:/home/curdin/franka_ros2_ws/install/franka_semantic_components:/home/curdin/franka_ros2_ws/install/franka_moveit_config:/home/curdin/franka_ros2_ws/install/franka_hardware:/home/curdin/franka_ros2_ws/install/franka_gripper:/home/curdin/franka_ros2_ws/install/franka_description:/opt/ros/humble LD_LIBRARY_PATH=/home/curdin/franka_ros2_ws/install/franka_msgs/lib:/home/curdin/franka_ros2_ws/install/cartesian_impedance_controller/lib:/home/curdin/franka_ros2_ws/install/joint_trajectory_controller/lib:/home/curdin/franka_ros2_ws/install/integration_launch_testing/lib:/home/curdin/franka_ros2_ws/install/franka_robot_state_broadcaster/lib:/home/curdin/franka_ros2_ws/install/franka_example_controllers/lib:/home/curdin/franka_ros2_ws/install/franka_semantic_components/lib:/home/curdin/franka_ros2_ws/install/franka_hardware/lib:/home/curdin/franka_ros2_ws/install/franka_gripper/lib:/opt/ros/humble/opt/rviz_ogre_vendor/lib:/opt/ros/humble/lib/x86_64-linux-gnu:/opt/ros/humble/lib /usr/bin/cmake --install /home/curdin/franka_ros2_ws/build/franka_gripper
