[0.056s] Invoking command in '/home/curdin/franka_ros2_ws/build/franka_gripper': CMAKE_PREFIX_PATH=/home/curdin/franka_ros2_ws/install/franka_msgs:/home/curdin/franka_ros2_ws/install/joint_trajectory_controller:/home/curdin/franka_ros2_ws/install/integration_launch_testing:/home/curdin/franka_ros2_ws/install/franka_bringup:/home/curdin/franka_ros2_ws/install/franka_robot_state_broadcaster:/home/curdin/franka_ros2_ws/install/franka_example_controllers:/home/curdin/franka_ros2_ws/install/cartesian_impedance_control:/home/curdin/franka_ros2_ws/install/franka_semantic_components:/home/curdin/franka_ros2_ws/install/franka_moveit_config:/home/curdin/franka_ros2_ws/install/franka_hardware:/home/curdin/franka_ros2_ws/install/franka_gripper:/home/curdin/franka_ros2_ws/install/franka_description:/opt/ros/humble LD_LIBRARY_PATH=/home/curdin/franka_ros2_ws/install/franka_msgs/lib:/home/curdin/franka_ros2_ws/install/joint_trajectory_controller/lib:/home/curdin/franka_ros2_ws/install/integration_launch_testing/lib:/home/curdin/franka_ros2_ws/install/franka_robot_state_broadcaster/lib:/home/curdin/franka_ros2_ws/install/franka_example_controllers/lib:/home/curdin/franka_ros2_ws/install/cartesian_impedance_control/lib:/home/curdin/franka_ros2_ws/install/franka_semantic_components/lib:/home/curdin/franka_ros2_ws/install/franka_hardware/lib:/home/curdin/franka_ros2_ws/install/franka_gripper/lib:/opt/ros/humble/opt/rviz_ogre_vendor/lib:/opt/ros/humble/lib/x86_64-linux-gnu:/opt/ros/humble/lib /usr/bin/cmake /home/curdin/franka_ros2_ws/src/franka_ros2/franka_gripper -DCMAKE_BUILD_TYPE=Release -DCMAKE_INSTALL_PREFIX=/home/curdin/franka_ros2_ws/install/franka_gripper
[0.069s] -- Found ament_cmake: 1.3.7 (/opt/ros/humble/share/ament_cmake/cmake)
[0.199s] -- Found franka_msgs: 0.1.8 (/home/curdin/franka_ros2_ws/install/franka_msgs/share/franka_msgs/cmake)
[0.219s] -- Found rosidl_generator_c: 3.1.5 (/opt/ros/humble/share/rosidl_generator_c/cmake)
[0.221s] -- Found rosidl_adapter: 3.1.5 (/opt/ros/humble/share/rosidl_adapter/cmake)
[0.225s] -- Found rosidl_generator_cpp: 3.1.5 (/opt/ros/humble/share/rosidl_generator_cpp/cmake)
[0.234s] -- Using all available rosidl_typesupport_c: rosidl_typesupport_fastrtps_c;rosidl_typesupport_introspection_c
[0.246s] -- Using all available rosidl_typesupport_cpp: rosidl_typesupport_fastrtps_cpp;rosidl_typesupport_introspection_cpp
[0.385s] -- Found rclcpp: 16.0.6 (/opt/ros/humble/share/rclcpp/cmake)
[0.419s] -- Found rmw_implementation_cmake: 6.1.1 (/opt/ros/humble/share/rmw_implementation_cmake/cmake)
[0.420s] -- Found rmw_fastrtps_cpp: 6.2.4 (/opt/ros/humble/share/rmw_fastrtps_cpp/cmake)
[0.500s] -- Using RMW implementation 'rmw_fastrtps_cpp' as default
[0.585s] -- Found rclcpp_action: 16.0.6 (/opt/ros/humble/share/rclcpp_action/cmake)
[0.604s] -- Found rclcpp_components: 16.0.6 (/opt/ros/humble/share/rclcpp_components/cmake)
[0.642s] -- Found std_srvs: 4.2.3 (/opt/ros/humble/share/std_srvs/cmake)
[0.652s] -- Found sensor_msgs: 4.2.3 (/opt/ros/humble/share/sensor_msgs/cmake)
[0.734s] -- Found control_msgs: 4.4.0 (/opt/ros/humble/share/control_msgs/cmake)
[0.968s] -- Found ament_cmake_clang_format: 0.12.10 (/opt/ros/humble/share/ament_cmake_clang_format/cmake)
[0.969s] -- Found ament_cmake_copyright: 0.12.8 (/opt/ros/humble/share/ament_cmake_copyright/cmake)
[0.969s] -- Found ament_cmake_cppcheck: 0.12.8 (/opt/ros/humble/share/ament_cmake_cppcheck/cmake)
[0.969s] -- Found ament_cmake_flake8: 0.12.8 (/opt/ros/humble/share/ament_cmake_flake8/cmake)
[0.969s] -- Found ament_cmake_lint_cmake: 0.12.8 (/opt/ros/humble/share/ament_cmake_lint_cmake/cmake)
[0.970s] -- Found ament_cmake_pep257: 0.12.8 (/opt/ros/humble/share/ament_cmake_pep257/cmake)
[0.970s] -- Found ament_cmake_xmllint: 0.12.8 (/opt/ros/humble/share/ament_cmake_xmllint/cmake)
[1.011s] -- Configuring done
[1.022s] -- Generating done
[1.023s] -- Build files have been written to: /home/curdin/franka_ros2_ws/build/franka_gripper
[1.031s] Invoked command in '/home/curdin/franka_ros2_ws/build/franka_gripper' returned '0': CMAKE_PREFIX_PATH=/home/curdin/franka_ros2_ws/install/franka_msgs:/home/curdin/franka_ros2_ws/install/joint_trajectory_controller:/home/curdin/franka_ros2_ws/install/integration_launch_testing:/home/curdin/franka_ros2_ws/install/franka_bringup:/home/curdin/franka_ros2_ws/install/franka_robot_state_broadcaster:/home/curdin/franka_ros2_ws/install/franka_example_controllers:/home/curdin/franka_ros2_ws/install/cartesian_impedance_control:/home/curdin/franka_ros2_ws/install/franka_semantic_components:/home/curdin/franka_ros2_ws/install/franka_moveit_config:/home/curdin/franka_ros2_ws/install/franka_hardware:/home/curdin/franka_ros2_ws/install/franka_gripper:/home/curdin/franka_ros2_ws/install/franka_description:/opt/ros/humble LD_LIBRARY_PATH=/home/curdin/franka_ros2_ws/install/franka_msgs/lib:/home/curdin/franka_ros2_ws/install/joint_trajectory_controller/lib:/home/curdin/franka_ros2_ws/install/integration_launch_testing/lib:/home/curdin/franka_ros2_ws/install/franka_robot_state_broadcaster/lib:/home/curdin/franka_ros2_ws/install/franka_example_controllers/lib:/home/curdin/franka_ros2_ws/install/cartesian_impedance_control/lib:/home/curdin/franka_ros2_ws/install/franka_semantic_components/lib:/home/curdin/franka_ros2_ws/install/franka_hardware/lib:/home/curdin/franka_ros2_ws/install/franka_gripper/lib:/opt/ros/humble/opt/rviz_ogre_vendor/lib:/opt/ros/humble/lib/x86_64-linux-gnu:/opt/ros/humble/lib /usr/bin/cmake /home/curdin/franka_ros2_ws/src/franka_ros2/franka_gripper -DCMAKE_BUILD_TYPE=Release -DCMAKE_INSTALL_PREFIX=/home/curdin/franka_ros2_ws/install/franka_gripper
[1.031s] Invoking command in '/home/curdin/franka_ros2_ws/build/franka_gripper': CMAKE_PREFIX_PATH=/home/curdin/franka_ros2_ws/install/franka_msgs:/home/curdin/franka_ros2_ws/install/joint_trajectory_controller:/home/curdin/franka_ros2_ws/install/integration_launch_testing:/home/curdin/franka_ros2_ws/install/franka_bringup:/home/curdin/franka_ros2_ws/install/franka_robot_state_broadcaster:/home/curdin/franka_ros2_ws/install/franka_example_controllers:/home/curdin/franka_ros2_ws/install/cartesian_impedance_control:/home/curdin/franka_ros2_ws/install/franka_semantic_components:/home/curdin/franka_ros2_ws/install/franka_moveit_config:/home/curdin/franka_ros2_ws/install/franka_hardware:/home/curdin/franka_ros2_ws/install/franka_gripper:/home/curdin/franka_ros2_ws/install/franka_description:/opt/ros/humble LD_LIBRARY_PATH=/home/curdin/franka_ros2_ws/install/franka_msgs/lib:/home/curdin/franka_ros2_ws/install/joint_trajectory_controller/lib:/home/curdin/franka_ros2_ws/install/integration_launch_testing/lib:/home/curdin/franka_ros2_ws/install/franka_robot_state_broadcaster/lib:/home/curdin/franka_ros2_ws/install/franka_example_controllers/lib:/home/curdin/franka_ros2_ws/install/cartesian_impedance_control/lib:/home/curdin/franka_ros2_ws/install/franka_semantic_components/lib:/home/curdin/franka_ros2_ws/install/franka_hardware/lib:/home/curdin/franka_ros2_ws/install/franka_gripper/lib:/opt/ros/humble/opt/rviz_ogre_vendor/lib:/opt/ros/humble/lib/x86_64-linux-gnu:/opt/ros/humble/lib /usr/bin/cmake --build /home/curdin/franka_ros2_ws/build/franka_gripper -- -j20 -l20
[1.059s] [35m[1mConsolidate compiler generated dependencies of target franka_gripper_node[0m
[1.059s] [35m[1mConsolidate compiler generated dependencies of target gripper_server[0m
[1.071s] [  0%] Built target ament_cmake_python_copy_franka_gripper
[1.071s] [ 50%] Built target franka_gripper_node
[1.072s] [100%] Built target gripper_server
[1.236s] running egg_info
[1.237s] writing franka_gripper.egg-info/PKG-INFO
[1.237s] writing dependency_links to franka_gripper.egg-info/dependency_links.txt
[1.237s] writing top-level names to franka_gripper.egg-info/top_level.txt
[1.238s] reading manifest file 'franka_gripper.egg-info/SOURCES.txt'
[1.238s] writing manifest file 'franka_gripper.egg-info/SOURCES.txt'
[1.257s] [100%] Built target ament_cmake_python_build_franka_gripper_egg
[1.265s] Invoked command in '/home/curdin/franka_ros2_ws/build/franka_gripper' returned '0': CMAKE_PREFIX_PATH=/home/curdin/franka_ros2_ws/install/franka_msgs:/home/curdin/franka_ros2_ws/install/joint_trajectory_controller:/home/curdin/franka_ros2_ws/install/integration_launch_testing:/home/curdin/franka_ros2_ws/install/franka_bringup:/home/curdin/franka_ros2_ws/install/franka_robot_state_broadcaster:/home/curdin/franka_ros2_ws/install/franka_example_controllers:/home/curdin/franka_ros2_ws/install/cartesian_impedance_control:/home/curdin/franka_ros2_ws/install/franka_semantic_components:/home/curdin/franka_ros2_ws/install/franka_moveit_config:/home/curdin/franka_ros2_ws/install/franka_hardware:/home/curdin/franka_ros2_ws/install/franka_gripper:/home/curdin/franka_ros2_ws/install/franka_description:/opt/ros/humble LD_LIBRARY_PATH=/home/curdin/franka_ros2_ws/install/franka_msgs/lib:/home/curdin/franka_ros2_ws/install/joint_trajectory_controller/lib:/home/curdin/franka_ros2_ws/install/integration_launch_testing/lib:/home/curdin/franka_ros2_ws/install/franka_robot_state_broadcaster/lib:/home/curdin/franka_ros2_ws/install/franka_example_controllers/lib:/home/curdin/franka_ros2_ws/install/cartesian_impedance_control/lib:/home/curdin/franka_ros2_ws/install/franka_semantic_components/lib:/home/curdin/franka_ros2_ws/install/franka_hardware/lib:/home/curdin/franka_ros2_ws/install/franka_gripper/lib:/opt/ros/humble/opt/rviz_ogre_vendor/lib:/opt/ros/humble/lib/x86_64-linux-gnu:/opt/ros/humble/lib /usr/bin/cmake --build /home/curdin/franka_ros2_ws/build/franka_gripper -- -j20 -l20
[1.350s] Invoking command in '/home/curdin/franka_ros2_ws/build/franka_gripper': CMAKE_PREFIX_PATH=/home/curdin/franka_ros2_ws/install/franka_msgs:/home/curdin/franka_ros2_ws/install/joint_trajectory_controller:/home/curdin/franka_ros2_ws/install/integration_launch_testing:/home/curdin/franka_ros2_ws/install/franka_bringup:/home/curdin/franka_ros2_ws/install/franka_robot_state_broadcaster:/home/curdin/franka_ros2_ws/install/franka_example_controllers:/home/curdin/franka_ros2_ws/install/cartesian_impedance_control:/home/curdin/franka_ros2_ws/install/franka_semantic_components:/home/curdin/franka_ros2_ws/install/franka_moveit_config:/home/curdin/franka_ros2_ws/install/franka_hardware:/home/curdin/franka_ros2_ws/install/franka_gripper:/home/curdin/franka_ros2_ws/install/franka_description:/opt/ros/humble LD_LIBRARY_PATH=/home/curdin/franka_ros2_ws/install/franka_msgs/lib:/home/curdin/franka_ros2_ws/install/joint_trajectory_controller/lib:/home/curdin/franka_ros2_ws/install/integration_launch_testing/lib:/home/curdin/franka_ros2_ws/install/franka_robot_state_broadcaster/lib:/home/curdin/franka_ros2_ws/install/franka_example_controllers/lib:/home/curdin/franka_ros2_ws/install/cartesian_impedance_control/lib:/home/curdin/franka_ros2_ws/install/franka_semantic_components/lib:/home/curdin/franka_ros2_ws/install/franka_hardware/lib:/home/curdin/franka_ros2_ws/install/franka_gripper/lib:/opt/ros/humble/opt/rviz_ogre_vendor/lib:/opt/ros/humble/lib/x86_64-linux-gnu:/opt/ros/humble/lib /usr/bin/cmake --install /home/curdin/franka_ros2_ws/build/franka_gripper
[1.357s] -- Install configuration: "Release"
[1.357s] -- Up-to-date: /home/curdin/franka_ros2_ws/install/franka_gripper/lib/franka_gripper/franka_gripper_node
[1.357s] -- Up-to-date: /home/curdin/franka_ros2_ws/install/franka_gripper/lib/libgripper_server.so
[1.357s] -- Up-to-date: /home/curdin/franka_ros2_ws/install/franka_gripper/share/franka_gripper//launch
[1.357s] -- Up-to-date: /home/curdin/franka_ros2_ws/install/franka_gripper/share/franka_gripper//launch/gripper.launch.py
[1.357s] -- Up-to-date: /home/curdin/franka_ros2_ws/install/franka_gripper/share/franka_gripper//config
[1.357s] -- Up-to-date: /home/curdin/franka_ros2_ws/install/franka_gripper/share/franka_gripper//config/franka_gripper_node.yaml
[1.357s] -- Up-to-date: /home/curdin/franka_ros2_ws/install/franka_gripper/share/franka_gripper/environment/pythonpath.sh
[1.357s] -- Installing: /home/curdin/franka_ros2_ws/install/franka_gripper/share/franka_gripper/environment/pythonpath.dsv
[1.357s] -- Up-to-date: /home/curdin/franka_ros2_ws/install/franka_gripper/local/lib/python3.10/dist-packages/franka_gripper-0.1.8-py3.10.egg-info
[1.357s] -- Installing: /home/curdin/franka_ros2_ws/install/franka_gripper/local/lib/python3.10/dist-packages/franka_gripper-0.1.8-py3.10.egg-info/top_level.txt
[1.357s] -- Installing: /home/curdin/franka_ros2_ws/install/franka_gripper/local/lib/python3.10/dist-packages/franka_gripper-0.1.8-py3.10.egg-info/dependency_links.txt
[1.357s] -- Installing: /home/curdin/franka_ros2_ws/install/franka_gripper/local/lib/python3.10/dist-packages/franka_gripper-0.1.8-py3.10.egg-info/PKG-INFO
[1.357s] -- Installing: /home/curdin/franka_ros2_ws/install/franka_gripper/local/lib/python3.10/dist-packages/franka_gripper-0.1.8-py3.10.egg-info/SOURCES.txt
[1.357s] -- Up-to-date: /home/curdin/franka_ros2_ws/install/franka_gripper/local/lib/python3.10/dist-packages/franka_gripper
[1.357s] -- Up-to-date: /home/curdin/franka_ros2_ws/install/franka_gripper/local/lib/python3.10/dist-packages/franka_gripper/__init__.py
[1.377s] Listing '/home/curdin/franka_ros2_ws/install/franka_gripper/local/lib/python3.10/dist-packages/franka_gripper'...
[1.380s] -- Up-to-date: /home/curdin/franka_ros2_ws/install/franka_gripper/lib/franka_gripper/fake_gripper_state_publisher.py
[1.380s] -- Up-to-date: /home/curdin/franka_ros2_ws/install/franka_gripper/share/ament_index/resource_index/package_run_dependencies/franka_gripper
[1.380s] -- Installing: /home/curdin/franka_ros2_ws/install/franka_gripper/share/ament_index/resource_index/parent_prefix_path/franka_gripper
[1.380s] -- Up-to-date: /home/curdin/franka_ros2_ws/install/franka_gripper/share/franka_gripper/environment/ament_prefix_path.sh
[1.380s] -- Installing: /home/curdin/franka_ros2_ws/install/franka_gripper/share/franka_gripper/environment/ament_prefix_path.dsv
[1.380s] -- Up-to-date: /home/curdin/franka_ros2_ws/install/franka_gripper/share/franka_gripper/environment/path.sh
[1.380s] -- Installing: /home/curdin/franka_ros2_ws/install/franka_gripper/share/franka_gripper/environment/path.dsv
[1.380s] -- Up-to-date: /home/curdin/franka_ros2_ws/install/franka_gripper/share/franka_gripper/local_setup.bash
[1.380s] -- Up-to-date: /home/curdin/franka_ros2_ws/install/franka_gripper/share/franka_gripper/local_setup.sh
[1.380s] -- Up-to-date: /home/curdin/franka_ros2_ws/install/franka_gripper/share/franka_gripper/local_setup.zsh
[1.380s] -- Installing: /home/curdin/franka_ros2_ws/install/franka_gripper/share/franka_gripper/local_setup.dsv
[1.380s] -- Installing: /home/curdin/franka_ros2_ws/install/franka_gripper/share/franka_gripper/package.dsv
[1.380s] -- Up-to-date: /home/curdin/franka_ros2_ws/install/franka_gripper/share/ament_index/resource_index/packages/franka_gripper
[1.380s] -- Up-to-date: /home/curdin/franka_ros2_ws/install/franka_gripper/share/ament_index/resource_index/rclcpp_components/franka_gripper
[1.380s] -- Up-to-date: /home/curdin/franka_ros2_ws/install/franka_gripper/share/franka_gripper/cmake/franka_gripperConfig.cmake
[1.380s] -- Up-to-date: /home/curdin/franka_ros2_ws/install/franka_gripper/share/franka_gripper/cmake/franka_gripperConfig-version.cmake
[1.380s] -- Up-to-date: /home/curdin/franka_ros2_ws/install/franka_gripper/share/franka_gripper/package.xml
[1.382s] Invoked command in '/home/curdin/franka_ros2_ws/build/franka_gripper' returned '0': CMAKE_PREFIX_PATH=/home/curdin/franka_ros2_ws/install/franka_msgs:/home/curdin/franka_ros2_ws/install/joint_trajectory_controller:/home/curdin/franka_ros2_ws/install/integration_launch_testing:/home/curdin/franka_ros2_ws/install/franka_bringup:/home/curdin/franka_ros2_ws/install/franka_robot_state_broadcaster:/home/curdin/franka_ros2_ws/install/franka_example_controllers:/home/curdin/franka_ros2_ws/install/cartesian_impedance_control:/home/curdin/franka_ros2_ws/install/franka_semantic_components:/home/curdin/franka_ros2_ws/install/franka_moveit_config:/home/curdin/franka_ros2_ws/install/franka_hardware:/home/curdin/franka_ros2_ws/install/franka_gripper:/home/curdin/franka_ros2_ws/install/franka_description:/opt/ros/humble LD_LIBRARY_PATH=/home/curdin/franka_ros2_ws/install/franka_msgs/lib:/home/curdin/franka_ros2_ws/install/joint_trajectory_controller/lib:/home/curdin/franka_ros2_ws/install/integration_launch_testing/lib:/home/curdin/franka_ros2_ws/install/franka_robot_state_broadcaster/lib:/home/curdin/franka_ros2_ws/install/franka_example_controllers/lib:/home/curdin/franka_ros2_ws/install/cartesian_impedance_control/lib:/home/curdin/franka_ros2_ws/install/franka_semantic_components/lib:/home/curdin/franka_ros2_ws/install/franka_hardware/lib:/home/curdin/franka_ros2_ws/install/franka_gripper/lib:/opt/ros/humble/opt/rviz_ogre_vendor/lib:/opt/ros/humble/lib/x86_64-linux-gnu:/opt/ros/humble/lib /usr/bin/cmake --install /home/curdin/franka_ros2_ws/build/franka_gripper
