[0.036s] Invoking command in '/home/curdin/franka_ros2_ws/build/franka_moveit_config': AMENT_PREFIX_PATH=/home/curdin/franka_ros2_ws/install/franka_hardware:/home/curdin/franka_ros2_ws/install/franka_gripper:/home/curdin/franka_ros2_ws/install/franka_msgs:/home/curdin/franka_ros2_ws/install/franka_description:${AMENT_PREFIX_PATH} CMAKE_PREFIX_PATH=/home/curdin/franka_ros2_ws/install/franka_hardware:/home/curdin/franka_ros2_ws/install/franka_gripper:/home/curdin/franka_ros2_ws/install/franka_msgs:/home/curdin/franka_ros2_ws/install/franka_description:/opt/ros/humble LD_LIBRARY_PATH=/home/curdin/franka_ros2_ws/install/franka_hardware/lib:/home/curdin/franka_ros2_ws/install/franka_gripper/lib:/home/curdin/franka_ros2_ws/install/franka_msgs/lib:${LD_LIBRARY_PATH} PYTHONPATH=/home/curdin/franka_ros2_ws/install/franka_gripper/local/lib/python3.10/dist-packages:/home/curdin/franka_ros2_ws/install/franka_msgs/local/lib/python3.10/dist-packages:${PYTHONPATH} /usr/bin/cmake /home/curdin/franka_ros2_ws/src/franka_ros2/franka_moveit_config -DCMAKE_INSTALL_PREFIX=/home/curdin/franka_ros2_ws/install/franka_moveit_config
[0.044s] -- Found ament_cmake: 1.3.7 (/opt/ros/humble/share/ament_cmake/cmake)
[0.143s] -- Found ament_lint_auto: 0.12.8 (/opt/ros/humble/share/ament_lint_auto/cmake)
[0.395s] -- Added test 'copyright' to check source files copyright and LICENSE
[0.396s] -- Added test 'flake8' to check Python code syntax and style conventions
[0.396s] -- Added test 'lint_cmake' to check CMake code style
[0.397s] -- Added test 'pep257' to check Python code against some of the docstring style conventions in PEP 257
[0.397s] -- Added test 'xmllint' to check XML markup files
[0.398s] -- Configuring done
[0.401s] -- Generating done
[0.401s] -- Build files have been written to: /home/curdin/franka_ros2_ws/build/franka_moveit_config
[0.403s] Invoked command in '/home/curdin/franka_ros2_ws/build/franka_moveit_config' returned '0': AMENT_PREFIX_PATH=/home/curdin/franka_ros2_ws/install/franka_hardware:/home/curdin/franka_ros2_ws/install/franka_gripper:/home/curdin/franka_ros2_ws/install/franka_msgs:/home/curdin/franka_ros2_ws/install/franka_description:${AMENT_PREFIX_PATH} CMAKE_PREFIX_PATH=/home/curdin/franka_ros2_ws/install/franka_hardware:/home/curdin/franka_ros2_ws/install/franka_gripper:/home/curdin/franka_ros2_ws/install/franka_msgs:/home/curdin/franka_ros2_ws/install/franka_description:/opt/ros/humble LD_LIBRARY_PATH=/home/curdin/franka_ros2_ws/install/franka_hardware/lib:/home/curdin/franka_ros2_ws/install/franka_gripper/lib:/home/curdin/franka_ros2_ws/install/franka_msgs/lib:${LD_LIBRARY_PATH} PYTHONPATH=/home/curdin/franka_ros2_ws/install/franka_gripper/local/lib/python3.10/dist-packages:/home/curdin/franka_ros2_ws/install/franka_msgs/local/lib/python3.10/dist-packages:${PYTHONPATH} /usr/bin/cmake /home/curdin/franka_ros2_ws/src/franka_ros2/franka_moveit_config -DCMAKE_INSTALL_PREFIX=/home/curdin/franka_ros2_ws/install/franka_moveit_config
[0.404s] Invoking command in '/home/curdin/franka_ros2_ws/build/franka_moveit_config': AMENT_PREFIX_PATH=/home/curdin/franka_ros2_ws/install/franka_hardware:/home/curdin/franka_ros2_ws/install/franka_gripper:/home/curdin/franka_ros2_ws/install/franka_msgs:/home/curdin/franka_ros2_ws/install/franka_description:${AMENT_PREFIX_PATH} CMAKE_PREFIX_PATH=/home/curdin/franka_ros2_ws/install/franka_hardware:/home/curdin/franka_ros2_ws/install/franka_gripper:/home/curdin/franka_ros2_ws/install/franka_msgs:/home/curdin/franka_ros2_ws/install/franka_description:/opt/ros/humble LD_LIBRARY_PATH=/home/curdin/franka_ros2_ws/install/franka_hardware/lib:/home/curdin/franka_ros2_ws/install/franka_gripper/lib:/home/curdin/franka_ros2_ws/install/franka_msgs/lib:${LD_LIBRARY_PATH} PYTHONPATH=/home/curdin/franka_ros2_ws/install/franka_gripper/local/lib/python3.10/dist-packages:/home/curdin/franka_ros2_ws/install/franka_msgs/local/lib/python3.10/dist-packages:${PYTHONPATH} /usr/bin/cmake --build /home/curdin/franka_ros2_ws/build/franka_moveit_config -- -j20 -l20
[0.426s] Invoked command in '/home/curdin/franka_ros2_ws/build/franka_moveit_config' returned '0': AMENT_PREFIX_PATH=/home/curdin/franka_ros2_ws/install/franka_hardware:/home/curdin/franka_ros2_ws/install/franka_gripper:/home/curdin/franka_ros2_ws/install/franka_msgs:/home/curdin/franka_ros2_ws/install/franka_description:${AMENT_PREFIX_PATH} CMAKE_PREFIX_PATH=/home/curdin/franka_ros2_ws/install/franka_hardware:/home/curdin/franka_ros2_ws/install/franka_gripper:/home/curdin/franka_ros2_ws/install/franka_msgs:/home/curdin/franka_ros2_ws/install/franka_description:/opt/ros/humble LD_LIBRARY_PATH=/home/curdin/franka_ros2_ws/install/franka_hardware/lib:/home/curdin/franka_ros2_ws/install/franka_gripper/lib:/home/curdin/franka_ros2_ws/install/franka_msgs/lib:${LD_LIBRARY_PATH} PYTHONPATH=/home/curdin/franka_ros2_ws/install/franka_gripper/local/lib/python3.10/dist-packages:/home/curdin/franka_ros2_ws/install/franka_msgs/local/lib/python3.10/dist-packages:${PYTHONPATH} /usr/bin/cmake --build /home/curdin/franka_ros2_ws/build/franka_moveit_config -- -j20 -l20
[0.439s] Invoking command in '/home/curdin/franka_ros2_ws/build/franka_moveit_config': AMENT_PREFIX_PATH=/home/curdin/franka_ros2_ws/install/franka_hardware:/home/curdin/franka_ros2_ws/install/franka_gripper:/home/curdin/franka_ros2_ws/install/franka_msgs:/home/curdin/franka_ros2_ws/install/franka_description:${AMENT_PREFIX_PATH} CMAKE_PREFIX_PATH=/home/curdin/franka_ros2_ws/install/franka_hardware:/home/curdin/franka_ros2_ws/install/franka_gripper:/home/curdin/franka_ros2_ws/install/franka_msgs:/home/curdin/franka_ros2_ws/install/franka_description:/opt/ros/humble LD_LIBRARY_PATH=/home/curdin/franka_ros2_ws/install/franka_hardware/lib:/home/curdin/franka_ros2_ws/install/franka_gripper/lib:/home/curdin/franka_ros2_ws/install/franka_msgs/lib:${LD_LIBRARY_PATH} PYTHONPATH=/home/curdin/franka_ros2_ws/install/franka_gripper/local/lib/python3.10/dist-packages:/home/curdin/franka_ros2_ws/install/franka_msgs/local/lib/python3.10/dist-packages:${PYTHONPATH} /usr/bin/cmake --install /home/curdin/franka_ros2_ws/build/franka_moveit_config
[0.444s] -- Install configuration: "Release"
[0.444s] -- Up-to-date: /home/curdin/franka_ros2_ws/install/franka_moveit_config/share/franka_moveit_config/config
[0.444s] -- Up-to-date: /home/curdin/franka_ros2_ws/install/franka_moveit_config/share/franka_moveit_config/config/panda_controllers.yaml
[0.444s] -- Up-to-date: /home/curdin/franka_ros2_ws/install/franka_moveit_config/share/franka_moveit_config/config/kinematics.yaml
[0.444s] -- Up-to-date: /home/curdin/franka_ros2_ws/install/franka_moveit_config/share/franka_moveit_config/config/ompl_planning.yaml
[0.444s] -- Up-to-date: /home/curdin/franka_ros2_ws/install/franka_moveit_config/share/franka_moveit_config/config/panda_ros_controllers.yaml
[0.445s] -- Up-to-date: /home/curdin/franka_ros2_ws/install/franka_moveit_config/share/franka_moveit_config/launch
[0.445s] -- Up-to-date: /home/curdin/franka_ros2_ws/install/franka_moveit_config/share/franka_moveit_config/launch/moveit.launch.py
[0.445s] -- Up-to-date: /home/curdin/franka_ros2_ws/install/franka_moveit_config/share/franka_moveit_config/srdf
[0.445s] -- Up-to-date: /home/curdin/franka_ros2_ws/install/franka_moveit_config/share/franka_moveit_config/srdf/hand.xacro
[0.445s] -- Up-to-date: /home/curdin/franka_ros2_ws/install/franka_moveit_config/share/franka_moveit_config/srdf/panda_arm.srdf.xacro
[0.445s] -- Up-to-date: /home/curdin/franka_ros2_ws/install/franka_moveit_config/share/franka_moveit_config/srdf/panda_arm.xacro
[0.445s] -- Up-to-date: /home/curdin/franka_ros2_ws/install/franka_moveit_config/share/franka_moveit_config/srdf/group_definition.xacro
[0.445s] -- Up-to-date: /home/curdin/franka_ros2_ws/install/franka_moveit_config/share/franka_moveit_config/srdf/panda_arm_hand.xacro
[0.445s] -- Up-to-date: /home/curdin/franka_ros2_ws/install/franka_moveit_config/share/franka_moveit_config/rviz
[0.445s] -- Up-to-date: /home/curdin/franka_ros2_ws/install/franka_moveit_config/share/franka_moveit_config/rviz/moveit.rviz
[0.445s] -- Up-to-date: /home/curdin/franka_ros2_ws/install/franka_moveit_config/share/ament_index/resource_index/package_run_dependencies/franka_moveit_config
[0.445s] -- Up-to-date: /home/curdin/franka_ros2_ws/install/franka_moveit_config/share/ament_index/resource_index/parent_prefix_path/franka_moveit_config
[0.445s] -- Up-to-date: /home/curdin/franka_ros2_ws/install/franka_moveit_config/share/franka_moveit_config/environment/ament_prefix_path.sh
[0.445s] -- Installing: /home/curdin/franka_ros2_ws/install/franka_moveit_config/share/franka_moveit_config/environment/ament_prefix_path.dsv
[0.445s] -- Up-to-date: /home/curdin/franka_ros2_ws/install/franka_moveit_config/share/franka_moveit_config/environment/path.sh
[0.445s] -- Installing: /home/curdin/franka_ros2_ws/install/franka_moveit_config/share/franka_moveit_config/environment/path.dsv
[0.445s] -- Up-to-date: /home/curdin/franka_ros2_ws/install/franka_moveit_config/share/franka_moveit_config/local_setup.bash
[0.445s] -- Up-to-date: /home/curdin/franka_ros2_ws/install/franka_moveit_config/share/franka_moveit_config/local_setup.sh
[0.445s] -- Up-to-date: /home/curdin/franka_ros2_ws/install/franka_moveit_config/share/franka_moveit_config/local_setup.zsh
[0.445s] -- Installing: /home/curdin/franka_ros2_ws/install/franka_moveit_config/share/franka_moveit_config/local_setup.dsv
[0.445s] -- Installing: /home/curdin/franka_ros2_ws/install/franka_moveit_config/share/franka_moveit_config/package.dsv
[0.445s] -- Up-to-date: /home/curdin/franka_ros2_ws/install/franka_moveit_config/share/ament_index/resource_index/packages/franka_moveit_config
[0.445s] -- Up-to-date: /home/curdin/franka_ros2_ws/install/franka_moveit_config/share/franka_moveit_config/cmake/franka_moveit_configConfig.cmake
[0.445s] -- Up-to-date: /home/curdin/franka_ros2_ws/install/franka_moveit_config/share/franka_moveit_config/cmake/franka_moveit_configConfig-version.cmake
[0.445s] -- Up-to-date: /home/curdin/franka_ros2_ws/install/franka_moveit_config/share/franka_moveit_config/package.xml
[0.446s] Invoked command in '/home/curdin/franka_ros2_ws/build/franka_moveit_config' returned '0': AMENT_PREFIX_PATH=/home/curdin/franka_ros2_ws/install/franka_hardware:/home/curdin/franka_ros2_ws/install/franka_gripper:/home/curdin/franka_ros2_ws/install/franka_msgs:/home/curdin/franka_ros2_ws/install/franka_description:${AMENT_PREFIX_PATH} CMAKE_PREFIX_PATH=/home/curdin/franka_ros2_ws/install/franka_hardware:/home/curdin/franka_ros2_ws/install/franka_gripper:/home/curdin/franka_ros2_ws/install/franka_msgs:/home/curdin/franka_ros2_ws/install/franka_description:/opt/ros/humble LD_LIBRARY_PATH=/home/curdin/franka_ros2_ws/install/franka_hardware/lib:/home/curdin/franka_ros2_ws/install/franka_gripper/lib:/home/curdin/franka_ros2_ws/install/franka_msgs/lib:${LD_LIBRARY_PATH} PYTHONPATH=/home/curdin/franka_ros2_ws/install/franka_gripper/local/lib/python3.10/dist-packages:/home/curdin/franka_ros2_ws/install/franka_msgs/local/lib/python3.10/dist-packages:${PYTHONPATH} /usr/bin/cmake --install /home/curdin/franka_ros2_ws/build/franka_moveit_config
