[0.088s] Invoking command in '/home/curdin/franka_ros2_ws/build/franka_description': CMAKE_PREFIX_PATH=${CMAKE_PREFIX_PATH}:/opt/ros/humble /usr/bin/cmake /home/curdin/franka_ros2_ws/src/franka_ros2/franka_description -DCMAKE_BUILD_TYPE=Release -DCMAKE_INSTALL_PREFIX=/home/curdin/franka_ros2_ws/install/franka_description
[0.119s] -- The C compiler identification is GNU 11.4.0
[0.152s] -- The CXX compiler identification is GNU 11.4.0
[0.156s] -- Detecting C compiler ABI info
[0.198s] -- Detecting C compiler ABI info - done
[0.202s] -- Check for working C compiler: /usr/bin/cc - skipped
[0.203s] -- Detecting C compile features
[0.203s] -- Detecting C compile features - done
[0.205s] -- Detecting CXX compiler ABI info
[0.261s] -- Detecting CXX compiler ABI info - done
[0.266s] -- Check for working CXX compiler: /usr/bin/c++ - skipped
[0.266s] -- Detecting CXX compile features
[0.267s] -- Detecting CXX compile features - done
[0.268s] -- Found ament_cmake: 1.3.7 (/opt/ros/humble/share/ament_cmake/cmake)
[0.440s] -- Found Python3: /usr/bin/python3.10 (found version "3.10.12") found components: Interpreter 
[0.515s] -- Found ament_lint_auto: 0.12.8 (/opt/ros/humble/share/ament_lint_auto/cmake)
[0.787s] -- Added test 'copyright' to check source files copyright and LICENSE
[0.789s] -- Added test 'flake8' to check Python code syntax and style conventions
[0.789s] -- Added test 'lint_cmake' to check CMake code style
[0.789s] -- Added test 'pep257' to check Python code against some of the docstring style conventions in PEP 257
[0.790s] -- Added test 'xmllint' to check XML markup files
[0.791s] -- Configuring done
[0.792s] -- Generating done
[0.793s] -- Build files have been written to: /home/curdin/franka_ros2_ws/build/franka_description
[0.797s] Invoked command in '/home/curdin/franka_ros2_ws/build/franka_description' returned '0': CMAKE_PREFIX_PATH=${CMAKE_PREFIX_PATH}:/opt/ros/humble /usr/bin/cmake /home/curdin/franka_ros2_ws/src/franka_ros2/franka_description -DCMAKE_BUILD_TYPE=Release -DCMAKE_INSTALL_PREFIX=/home/curdin/franka_ros2_ws/install/franka_description
[0.798s] Invoking command in '/home/curdin/franka_ros2_ws/build/franka_description': CMAKE_PREFIX_PATH=${CMAKE_PREFIX_PATH}:/opt/ros/humble /usr/bin/cmake --build /home/curdin/franka_ros2_ws/build/franka_description -- -j20 -l20
[0.822s] Invoked command in '/home/curdin/franka_ros2_ws/build/franka_description' returned '0': CMAKE_PREFIX_PATH=${CMAKE_PREFIX_PATH}:/opt/ros/humble /usr/bin/cmake --build /home/curdin/franka_ros2_ws/build/franka_description -- -j20 -l20
[0.839s] Invoking command in '/home/curdin/franka_ros2_ws/build/franka_description': CMAKE_PREFIX_PATH=${CMAKE_PREFIX_PATH}:/opt/ros/humble /usr/bin/cmake --install /home/curdin/franka_ros2_ws/build/franka_description
[0.844s] -- Install configuration: "Release"
[0.844s] -- Installing: /home/curdin/franka_ros2_ws/install/franka_description/share/franka_description//launch
[0.844s] -- Installing: /home/curdin/franka_ros2_ws/install/franka_description/share/franka_description//launch/visualize_franka.launch.py
[0.844s] -- Installing: /home/curdin/franka_ros2_ws/install/franka_description/share/franka_description//robots
[0.844s] -- Installing: /home/curdin/franka_ros2_ws/install/franka_description/share/franka_description//robots/hand.xacro
[0.844s] -- Installing: /home/curdin/franka_ros2_ws/install/franka_description/share/franka_description//robots/panda_arm.ros2_control.xacro
[0.844s] -- Installing: /home/curdin/franka_ros2_ws/install/franka_description/share/franka_description//robots/panda_arm.xacro
[0.845s] -- Installing: /home/curdin/franka_ros2_ws/install/franka_description/share/franka_description//robots/panda_arm.urdf.xacro
[0.845s] -- Installing: /home/curdin/franka_ros2_ws/install/franka_description/share/franka_description//robots/hand.urdf.xacro
[0.845s] -- Installing: /home/curdin/franka_ros2_ws/install/franka_description/share/franka_description//meshes
[0.845s] -- Installing: /home/curdin/franka_ros2_ws/install/franka_description/share/franka_description//meshes/visual
[0.845s] -- Installing: /home/curdin/franka_ros2_ws/install/franka_description/share/franka_description//meshes/visual/link1.dae
[0.845s] -- Installing: /home/curdin/franka_ros2_ws/install/franka_description/share/franka_description//meshes/visual/link3.dae
[0.846s] -- Installing: /home/curdin/franka_ros2_ws/install/franka_description/share/franka_description//meshes/visual/link6.dae
[0.847s] -- Installing: /home/curdin/franka_ros2_ws/install/franka_description/share/franka_description//meshes/visual/link2.dae
[0.848s] -- Installing: /home/curdin/franka_ros2_ws/install/franka_description/share/franka_description//meshes/visual/link0.dae
[0.849s] -- Installing: /home/curdin/franka_ros2_ws/install/franka_description/share/franka_description//meshes/visual/link7.dae
[0.849s] -- Installing: /home/curdin/franka_ros2_ws/install/franka_description/share/franka_description//meshes/visual/finger.dae
[0.849s] -- Installing: /home/curdin/franka_ros2_ws/install/franka_description/share/franka_description//meshes/visual/link4.dae
[0.850s] -- Installing: /home/curdin/franka_ros2_ws/install/franka_description/share/franka_description//meshes/visual/link5.dae
[0.851s] -- Installing: /home/curdin/franka_ros2_ws/install/franka_description/share/franka_description//meshes/visual/hand.dae
[0.851s] -- Installing: /home/curdin/franka_ros2_ws/install/franka_description/share/franka_description//rviz
[0.851s] -- Installing: /home/curdin/franka_ros2_ws/install/franka_description/share/franka_description//rviz/visualize_franka.rviz
[0.851s] -- Installing: /home/curdin/franka_ros2_ws/install/franka_description/share/ament_index/resource_index/package_run_dependencies/franka_description
[0.852s] -- Installing: /home/curdin/franka_ros2_ws/install/franka_description/share/ament_index/resource_index/parent_prefix_path/franka_description
[0.852s] -- Installing: /home/curdin/franka_ros2_ws/install/franka_description/share/franka_description/environment/ament_prefix_path.sh
[0.852s] -- Installing: /home/curdin/franka_ros2_ws/install/franka_description/share/franka_description/environment/ament_prefix_path.dsv
[0.852s] -- Installing: /home/curdin/franka_ros2_ws/install/franka_description/share/franka_description/environment/path.sh
[0.852s] -- Installing: /home/curdin/franka_ros2_ws/install/franka_description/share/franka_description/environment/path.dsv
[0.852s] -- Installing: /home/curdin/franka_ros2_ws/install/franka_description/share/franka_description/local_setup.bash
[0.852s] -- Installing: /home/curdin/franka_ros2_ws/install/franka_description/share/franka_description/local_setup.sh
[0.852s] -- Installing: /home/curdin/franka_ros2_ws/install/franka_description/share/franka_description/local_setup.zsh
[0.852s] -- Installing: /home/curdin/franka_ros2_ws/install/franka_description/share/franka_description/local_setup.dsv
[0.852s] -- Installing: /home/curdin/franka_ros2_ws/install/franka_description/share/franka_description/package.dsv
[0.852s] -- Installing: /home/curdin/franka_ros2_ws/install/franka_description/share/ament_index/resource_index/packages/franka_description
[0.852s] -- Installing: /home/curdin/franka_ros2_ws/install/franka_description/share/franka_description/cmake/franka_descriptionConfig.cmake
[0.852s] -- Installing: /home/curdin/franka_ros2_ws/install/franka_description/share/franka_description/cmake/franka_descriptionConfig-version.cmake
[0.852s] -- Installing: /home/curdin/franka_ros2_ws/install/franka_description/share/franka_description/package.xml
[0.854s] Invoked command in '/home/curdin/franka_ros2_ws/build/franka_description' returned '0': CMAKE_PREFIX_PATH=${CMAKE_PREFIX_PATH}:/opt/ros/humble /usr/bin/cmake --install /home/curdin/franka_ros2_ws/build/franka_description
