[0.031s] Invoking command in '/home/curdin/franka_ros2_ws/build/franka_moveit_config': AMENT_PREFIX_PATH=/home/curdin/franka_ros2_ws/install/franka_hardware:/home/curdin/franka_ros2_ws/install/franka_gripper:/home/curdin/franka_ros2_ws/install/franka_msgs:/home/curdin/franka_ros2_ws/install/franka_description:${AMENT_PREFIX_PATH} CMAKE_PREFIX_PATH=/home/curdin/franka_ros2_ws/install/franka_hardware:/home/curdin/franka_ros2_ws/install/franka_gripper:/home/curdin/franka_ros2_ws/install/franka_msgs:/home/curdin/franka_ros2_ws/install/franka_description:/opt/ros/humble LD_LIBRARY_PATH=/home/curdin/franka_ros2_ws/install/franka_hardware/lib:/home/curdin/franka_ros2_ws/install/franka_gripper/lib:/home/curdin/franka_ros2_ws/install/franka_msgs/lib:${LD_LIBRARY_PATH} PYTHONPATH=/home/curdin/franka_ros2_ws/install/franka_gripper/local/lib/python3.10/dist-packages:/home/curdin/franka_ros2_ws/install/franka_msgs/local/lib/python3.10/dist-packages:${PYTHONPATH} /usr/bin/cmake /home/curdin/franka_ros2_ws/src/franka_ros2/franka_moveit_config -DCMAKE_BUILD_TYPE=Release -DCMAKE_INSTALL_PREFIX=/home/curdin/franka_ros2_ws/install/franka_moveit_config
[0.064s] -- The C compiler identification is GNU 11.4.0
[0.100s] -- The CXX compiler identification is GNU 11.4.0
[0.105s] -- Detecting C compiler ABI info
[0.150s] -- Detecting C compiler ABI info - done
[0.156s] -- Check for working C compiler: /usr/bin/cc - skipped
[0.156s] -- Detecting C compile features
[0.156s] -- Detecting C compile features - done
[0.158s] -- Detecting CXX compiler ABI info
[0.217s] -- Detecting CXX compiler ABI info - done
[0.223s] -- Check for working CXX compiler: /usr/bin/c++ - skipped
[0.223s] -- Detecting CXX compile features
[0.224s] -- Detecting CXX compile features - done
[0.225s] -- Found ament_cmake: 1.3.7 (/opt/ros/humble/share/ament_cmake/cmake)
[0.369s] -- Found Python3: /usr/bin/python3.10 (found version "3.10.12") found components: Interpreter 
[0.445s] -- Found ament_lint_auto: 0.12.8 (/opt/ros/humble/share/ament_lint_auto/cmake)
[0.756s] -- Added test 'copyright' to check source files copyright and LICENSE
[0.757s] -- Added test 'flake8' to check Python code syntax and style conventions
[0.758s] -- Added test 'lint_cmake' to check CMake code style
[0.758s] -- Added test 'pep257' to check Python code against some of the docstring style conventions in PEP 257
[0.759s] -- Added test 'xmllint' to check XML markup files
[0.760s] -- Configuring done
[0.761s] -- Generating done
[0.762s] -- Build files have been written to: /home/curdin/franka_ros2_ws/build/franka_moveit_config
[0.766s] Invoked command in '/home/curdin/franka_ros2_ws/build/franka_moveit_config' returned '0': AMENT_PREFIX_PATH=/home/curdin/franka_ros2_ws/install/franka_hardware:/home/curdin/franka_ros2_ws/install/franka_gripper:/home/curdin/franka_ros2_ws/install/franka_msgs:/home/curdin/franka_ros2_ws/install/franka_description:${AMENT_PREFIX_PATH} CMAKE_PREFIX_PATH=/home/curdin/franka_ros2_ws/install/franka_hardware:/home/curdin/franka_ros2_ws/install/franka_gripper:/home/curdin/franka_ros2_ws/install/franka_msgs:/home/curdin/franka_ros2_ws/install/franka_description:/opt/ros/humble LD_LIBRARY_PATH=/home/curdin/franka_ros2_ws/install/franka_hardware/lib:/home/curdin/franka_ros2_ws/install/franka_gripper/lib:/home/curdin/franka_ros2_ws/install/franka_msgs/lib:${LD_LIBRARY_PATH} PYTHONPATH=/home/curdin/franka_ros2_ws/install/franka_gripper/local/lib/python3.10/dist-packages:/home/curdin/franka_ros2_ws/install/franka_msgs/local/lib/python3.10/dist-packages:${PYTHONPATH} /usr/bin/cmake /home/curdin/franka_ros2_ws/src/franka_ros2/franka_moveit_config -DCMAKE_BUILD_TYPE=Release -DCMAKE_INSTALL_PREFIX=/home/curdin/franka_ros2_ws/install/franka_moveit_config
[0.767s] Invoking command in '/home/curdin/franka_ros2_ws/build/franka_moveit_config': AMENT_PREFIX_PATH=/home/curdin/franka_ros2_ws/install/franka_hardware:/home/curdin/franka_ros2_ws/install/franka_gripper:/home/curdin/franka_ros2_ws/install/franka_msgs:/home/curdin/franka_ros2_ws/install/franka_description:${AMENT_PREFIX_PATH} CMAKE_PREFIX_PATH=/home/curdin/franka_ros2_ws/install/franka_hardware:/home/curdin/franka_ros2_ws/install/franka_gripper:/home/curdin/franka_ros2_ws/install/franka_msgs:/home/curdin/franka_ros2_ws/install/franka_description:/opt/ros/humble LD_LIBRARY_PATH=/home/curdin/franka_ros2_ws/install/franka_hardware/lib:/home/curdin/franka_ros2_ws/install/franka_gripper/lib:/home/curdin/franka_ros2_ws/install/franka_msgs/lib:${LD_LIBRARY_PATH} PYTHONPATH=/home/curdin/franka_ros2_ws/install/franka_gripper/local/lib/python3.10/dist-packages:/home/curdin/franka_ros2_ws/install/franka_msgs/local/lib/python3.10/dist-packages:${PYTHONPATH} /usr/bin/cmake --build /home/curdin/franka_ros2_ws/build/franka_moveit_config -- -j20 -l20
[0.800s] Invoked command in '/home/curdin/franka_ros2_ws/build/franka_moveit_config' returned '0': AMENT_PREFIX_PATH=/home/curdin/franka_ros2_ws/install/franka_hardware:/home/curdin/franka_ros2_ws/install/franka_gripper:/home/curdin/franka_ros2_ws/install/franka_msgs:/home/curdin/franka_ros2_ws/install/franka_description:${AMENT_PREFIX_PATH} CMAKE_PREFIX_PATH=/home/curdin/franka_ros2_ws/install/franka_hardware:/home/curdin/franka_ros2_ws/install/franka_gripper:/home/curdin/franka_ros2_ws/install/franka_msgs:/home/curdin/franka_ros2_ws/install/franka_description:/opt/ros/humble LD_LIBRARY_PATH=/home/curdin/franka_ros2_ws/install/franka_hardware/lib:/home/curdin/franka_ros2_ws/install/franka_gripper/lib:/home/curdin/franka_ros2_ws/install/franka_msgs/lib:${LD_LIBRARY_PATH} PYTHONPATH=/home/curdin/franka_ros2_ws/install/franka_gripper/local/lib/python3.10/dist-packages:/home/curdin/franka_ros2_ws/install/franka_msgs/local/lib/python3.10/dist-packages:${PYTHONPATH} /usr/bin/cmake --build /home/curdin/franka_ros2_ws/build/franka_moveit_config -- -j20 -l20
[0.822s] Invoking command in '/home/curdin/franka_ros2_ws/build/franka_moveit_config': AMENT_PREFIX_PATH=/home/curdin/franka_ros2_ws/install/franka_hardware:/home/curdin/franka_ros2_ws/install/franka_gripper:/home/curdin/franka_ros2_ws/install/franka_msgs:/home/curdin/franka_ros2_ws/install/franka_description:${AMENT_PREFIX_PATH} CMAKE_PREFIX_PATH=/home/curdin/franka_ros2_ws/install/franka_hardware:/home/curdin/franka_ros2_ws/install/franka_gripper:/home/curdin/franka_ros2_ws/install/franka_msgs:/home/curdin/franka_ros2_ws/install/franka_description:/opt/ros/humble LD_LIBRARY_PATH=/home/curdin/franka_ros2_ws/install/franka_hardware/lib:/home/curdin/franka_ros2_ws/install/franka_gripper/lib:/home/curdin/franka_ros2_ws/install/franka_msgs/lib:${LD_LIBRARY_PATH} PYTHONPATH=/home/curdin/franka_ros2_ws/install/franka_gripper/local/lib/python3.10/dist-packages:/home/curdin/franka_ros2_ws/install/franka_msgs/local/lib/python3.10/dist-packages:${PYTHONPATH} /usr/bin/cmake --install /home/curdin/franka_ros2_ws/build/franka_moveit_config
[0.828s] -- Install configuration: "Release"
[0.828s] -- Installing: /home/curdin/franka_ros2_ws/install/franka_moveit_config/share/franka_moveit_config/config
[0.829s] -- Installing: /home/curdin/franka_ros2_ws/install/franka_moveit_config/share/franka_moveit_config/config/panda_controllers.yaml
[0.829s] -- Installing: /home/curdin/franka_ros2_ws/install/franka_moveit_config/share/franka_moveit_config/config/kinematics.yaml
[0.829s] -- Installing: /home/curdin/franka_ros2_ws/install/franka_moveit_config/share/franka_moveit_config/config/ompl_planning.yaml
[0.829s] -- Installing: /home/curdin/franka_ros2_ws/install/franka_moveit_config/share/franka_moveit_config/config/panda_ros_controllers.yaml
[0.829s] -- Installing: /home/curdin/franka_ros2_ws/install/franka_moveit_config/share/franka_moveit_config/launch
[0.829s] -- Installing: /home/curdin/franka_ros2_ws/install/franka_moveit_config/share/franka_moveit_config/launch/moveit.launch.py
[0.829s] -- Installing: /home/curdin/franka_ros2_ws/install/franka_moveit_config/share/franka_moveit_config/srdf
[0.829s] -- Installing: /home/curdin/franka_ros2_ws/install/franka_moveit_config/share/franka_moveit_config/srdf/hand.xacro
[0.829s] -- Installing: /home/curdin/franka_ros2_ws/install/franka_moveit_config/share/franka_moveit_config/srdf/panda_arm.srdf.xacro
[0.829s] -- Installing: /home/curdin/franka_ros2_ws/install/franka_moveit_config/share/franka_moveit_config/srdf/panda_arm.xacro
[0.829s] -- Installing: /home/curdin/franka_ros2_ws/install/franka_moveit_config/share/franka_moveit_config/srdf/group_definition.xacro
[0.829s] -- Installing: /home/curdin/franka_ros2_ws/install/franka_moveit_config/share/franka_moveit_config/srdf/panda_arm_hand.xacro
[0.829s] -- Installing: /home/curdin/franka_ros2_ws/install/franka_moveit_config/share/franka_moveit_config/rviz
[0.829s] -- Installing: /home/curdin/franka_ros2_ws/install/franka_moveit_config/share/franka_moveit_config/rviz/moveit.rviz
[0.829s] -- Installing: /home/curdin/franka_ros2_ws/install/franka_moveit_config/share/ament_index/resource_index/package_run_dependencies/franka_moveit_config
[0.829s] -- Installing: /home/curdin/franka_ros2_ws/install/franka_moveit_config/share/ament_index/resource_index/parent_prefix_path/franka_moveit_config
[0.829s] -- Installing: /home/curdin/franka_ros2_ws/install/franka_moveit_config/share/franka_moveit_config/environment/ament_prefix_path.sh
[0.829s] -- Installing: /home/curdin/franka_ros2_ws/install/franka_moveit_config/share/franka_moveit_config/environment/ament_prefix_path.dsv
[0.829s] -- Installing: /home/curdin/franka_ros2_ws/install/franka_moveit_config/share/franka_moveit_config/environment/path.sh
[0.829s] -- Installing: /home/curdin/franka_ros2_ws/install/franka_moveit_config/share/franka_moveit_config/environment/path.dsv
[0.829s] -- Installing: /home/curdin/franka_ros2_ws/install/franka_moveit_config/share/franka_moveit_config/local_setup.bash
[0.830s] -- Installing: /home/curdin/franka_ros2_ws/install/franka_moveit_config/share/franka_moveit_config/local_setup.sh
[0.830s] -- Installing: /home/curdin/franka_ros2_ws/install/franka_moveit_config/share/franka_moveit_config/local_setup.zsh
[0.830s] -- Installing: /home/curdin/franka_ros2_ws/install/franka_moveit_config/share/franka_moveit_config/local_setup.dsv
[0.830s] -- Installing: /home/curdin/franka_ros2_ws/install/franka_moveit_config/share/franka_moveit_config/package.dsv
[0.830s] -- Installing: /home/curdin/franka_ros2_ws/install/franka_moveit_config/share/ament_index/resource_index/packages/franka_moveit_config
[0.830s] -- Installing: /home/curdin/franka_ros2_ws/install/franka_moveit_config/share/franka_moveit_config/cmake/franka_moveit_configConfig.cmake
[0.830s] -- Installing: /home/curdin/franka_ros2_ws/install/franka_moveit_config/share/franka_moveit_config/cmake/franka_moveit_configConfig-version.cmake
[0.830s] -- Installing: /home/curdin/franka_ros2_ws/install/franka_moveit_config/share/franka_moveit_config/package.xml
[0.832s] Invoked command in '/home/curdin/franka_ros2_ws/build/franka_moveit_config' returned '0': AMENT_PREFIX_PATH=/home/curdin/franka_ros2_ws/install/franka_hardware:/home/curdin/franka_ros2_ws/install/franka_gripper:/home/curdin/franka_ros2_ws/install/franka_msgs:/home/curdin/franka_ros2_ws/install/franka_description:${AMENT_PREFIX_PATH} CMAKE_PREFIX_PATH=/home/curdin/franka_ros2_ws/install/franka_hardware:/home/curdin/franka_ros2_ws/install/franka_gripper:/home/curdin/franka_ros2_ws/install/franka_msgs:/home/curdin/franka_ros2_ws/install/franka_description:/opt/ros/humble LD_LIBRARY_PATH=/home/curdin/franka_ros2_ws/install/franka_hardware/lib:/home/curdin/franka_ros2_ws/install/franka_gripper/lib:/home/curdin/franka_ros2_ws/install/franka_msgs/lib:${LD_LIBRARY_PATH} PYTHONPATH=/home/curdin/franka_ros2_ws/install/franka_gripper/local/lib/python3.10/dist-packages:/home/curdin/franka_ros2_ws/install/franka_msgs/local/lib/python3.10/dist-packages:${PYTHONPATH} /usr/bin/cmake --install /home/curdin/franka_ros2_ws/build/franka_moveit_config
