[0.078s] Invoking command in '/home/curdin/franka_ros2_ws/build/franka_robot_state_broadcaster': AMENT_PREFIX_PATH=/home/curdin/franka_ros2_ws/install/franka_semantic_components:/home/curdin/franka_ros2_ws/install/franka_hardware:/home/curdin/franka_ros2_ws/install/franka_msgs:${AMENT_PREFIX_PATH} CMAKE_PREFIX_PATH=/home/curdin/franka_ros2_ws/install/franka_semantic_components:/home/curdin/franka_ros2_ws/install/franka_hardware:/home/curdin/franka_ros2_ws/install/franka_msgs:/opt/ros/humble LD_LIBRARY_PATH=/home/curdin/franka_ros2_ws/install/franka_semantic_components/lib:/home/curdin/franka_ros2_ws/install/franka_hardware/lib:/home/curdin/franka_ros2_ws/install/franka_msgs/lib:${LD_LIBRARY_PATH} PYTHONPATH=/home/curdin/franka_ros2_ws/install/franka_msgs/local/lib/python3.10/dist-packages:${PYTHONPATH} /usr/bin/cmake /home/curdin/franka_ros2_ws/src/franka_ros2/franka_robot_state_broadcaster -DCMAKE_INSTALL_PREFIX=/home/curdin/franka_ros2_ws/install/franka_robot_state_broadcaster
[0.085s] -- Found ament_cmake: 1.3.7 (/opt/ros/humble/share/ament_cmake/cmake)
[0.192s] -- Found builtin_interfaces: 1.2.1 (/opt/ros/humble/share/builtin_interfaces/cmake)
[0.209s] -- Found rosidl_generator_c: 3.1.5 (/opt/ros/humble/share/rosidl_generator_c/cmake)
[0.210s] -- Found rosidl_adapter: 3.1.5 (/opt/ros/humble/share/rosidl_adapter/cmake)
[0.214s] -- Found rosidl_generator_cpp: 3.1.5 (/opt/ros/humble/share/rosidl_generator_cpp/cmake)
[0.222s] -- Using all available rosidl_typesupport_c: rosidl_typesupport_fastrtps_c;rosidl_typesupport_introspection_c
[0.233s] -- Using all available rosidl_typesupport_cpp: rosidl_typesupport_fastrtps_cpp;rosidl_typesupport_introspection_cpp
[0.243s] -- Found control_msgs: 4.4.0 (/opt/ros/humble/share/control_msgs/cmake)
[0.602s] -- Found controller_interface: 2.32.0 (/opt/ros/humble/share/controller_interface/cmake)
[0.661s] -- Found rmw_implementation_cmake: 6.1.1 (/opt/ros/humble/share/rmw_implementation_cmake/cmake)
[0.662s] -- Found rmw_fastrtps_cpp: 6.2.4 (/opt/ros/humble/share/rmw_fastrtps_cpp/cmake)
[0.739s] -- Using RMW implementation 'rmw_fastrtps_cpp' as default
[0.896s] -- Found controller_manager: 2.37.0 (/opt/ros/humble/share/controller_manager/cmake)
[1.050s] -- Found franka_msgs: 0.1.8 (/home/curdin/franka_ros2_ws/install/franka_msgs/share/franka_msgs/cmake)
[1.104s] -- Found franka_semantic_components: 0.1.0 (/home/curdin/franka_ros2_ws/install/franka_semantic_components/share/franka_semantic_components/cmake)
[1.286s] -- Found generate_parameter_library: 0.3.7 (/opt/ros/humble/share/generate_parameter_library/cmake)
[1.286s] -- Found parameter_traits: 0.3.6 (/opt/ros/humble/share/parameter_traits/cmake)
[1.822s] -- Found ament_cmake_gmock: 1.3.5 (/opt/ros/humble/share/ament_cmake_gmock/cmake)
[1.822s] -- Found ament_cmake_clang_format: 0.12.10 (/opt/ros/humble/share/ament_cmake_clang_format/cmake)
[1.822s] -- Found ament_cmake_copyright: 0.12.8 (/opt/ros/humble/share/ament_cmake_copyright/cmake)
[1.822s] -- Found ament_cmake_cppcheck: 0.12.8 (/opt/ros/humble/share/ament_cmake_cppcheck/cmake)
[1.823s] -- Found ament_cmake_flake8: 0.12.8 (/opt/ros/humble/share/ament_cmake_flake8/cmake)
[1.823s] -- Found ament_cmake_lint_cmake: 0.12.8 (/opt/ros/humble/share/ament_cmake_lint_cmake/cmake)
[1.823s] -- Found ament_cmake_pep257: 0.12.8 (/opt/ros/humble/share/ament_cmake_pep257/cmake)
[1.823s] -- Found ament_cmake_xmllint: 0.12.8 (/opt/ros/humble/share/ament_cmake_xmllint/cmake)
[1.824s] -- Found ros2_control_test_assets: 2.37.0 (/opt/ros/humble/share/ros2_control_test_assets/cmake)
[1.825s] -- Found gmock sources under '/opt/ros/humble/src/gmock_vendor': C++ tests using 'Google Mock' will be built
[1.827s] -- Found ament_cmake_gtest: 1.3.5 (/opt/ros/humble/share/ament_cmake_gtest/cmake)
[1.827s] -- Found gtest sources under '/opt/ros/humble/src/gtest_vendor': C++ tests using 'Google Test' will be built
[2.059s] -- Found gmock sources under '/opt/ros/humble/src/gmock_vendor': C++ tests using 'Google Mock' will be built
[2.059s] -- Found ament_cmake_gtest: 1.3.5 (/opt/ros/humble/share/ament_cmake_gtest/cmake)
[2.059s] -- Found gtest sources under '/opt/ros/humble/src/gtest_vendor': C++ tests using 'Google Test' will be built
[2.337s] -- Configuring done
[2.400s] -- Generating done
[2.404s] -- Build files have been written to: /home/curdin/franka_ros2_ws/build/franka_robot_state_broadcaster
[2.415s] Invoked command in '/home/curdin/franka_ros2_ws/build/franka_robot_state_broadcaster' returned '0': AMENT_PREFIX_PATH=/home/curdin/franka_ros2_ws/install/franka_semantic_components:/home/curdin/franka_ros2_ws/install/franka_hardware:/home/curdin/franka_ros2_ws/install/franka_msgs:${AMENT_PREFIX_PATH} CMAKE_PREFIX_PATH=/home/curdin/franka_ros2_ws/install/franka_semantic_components:/home/curdin/franka_ros2_ws/install/franka_hardware:/home/curdin/franka_ros2_ws/install/franka_msgs:/opt/ros/humble LD_LIBRARY_PATH=/home/curdin/franka_ros2_ws/install/franka_semantic_components/lib:/home/curdin/franka_ros2_ws/install/franka_hardware/lib:/home/curdin/franka_ros2_ws/install/franka_msgs/lib:${LD_LIBRARY_PATH} PYTHONPATH=/home/curdin/franka_ros2_ws/install/franka_msgs/local/lib/python3.10/dist-packages:${PYTHONPATH} /usr/bin/cmake /home/curdin/franka_ros2_ws/src/franka_ros2/franka_robot_state_broadcaster -DCMAKE_INSTALL_PREFIX=/home/curdin/franka_ros2_ws/install/franka_robot_state_broadcaster
[2.415s] Invoking command in '/home/curdin/franka_ros2_ws/build/franka_robot_state_broadcaster': AMENT_PREFIX_PATH=/home/curdin/franka_ros2_ws/install/franka_semantic_components:/home/curdin/franka_ros2_ws/install/franka_hardware:/home/curdin/franka_ros2_ws/install/franka_msgs:${AMENT_PREFIX_PATH} CMAKE_PREFIX_PATH=/home/curdin/franka_ros2_ws/install/franka_semantic_components:/home/curdin/franka_ros2_ws/install/franka_hardware:/home/curdin/franka_ros2_ws/install/franka_msgs:/opt/ros/humble LD_LIBRARY_PATH=/home/curdin/franka_ros2_ws/install/franka_semantic_components/lib:/home/curdin/franka_ros2_ws/install/franka_hardware/lib:/home/curdin/franka_ros2_ws/install/franka_msgs/lib:${LD_LIBRARY_PATH} PYTHONPATH=/home/curdin/franka_ros2_ws/install/franka_msgs/local/lib/python3.10/dist-packages:${PYTHONPATH} /usr/bin/cmake --build /home/curdin/franka_ros2_ws/build/franka_robot_state_broadcaster -- -j20 -l20
[2.443s] [35m[1mConsolidate compiler generated dependencies of target gmock_main[0m
[2.446s] [35m[1mConsolidate compiler generated dependencies of target gmock[0m
[2.452s] [  8%] Built target franka_robot_state_broadcaster_parameters
[2.453s] [ 25%] Built target gmock_main
[2.460s] [ 50%] Built target gmock
[2.460s] [35m[1mConsolidate compiler generated dependencies of target franka_robot_state_broadcaster[0m
[2.474s] [ 66%] Built target franka_robot_state_broadcaster
[2.483s] [35m[1mConsolidate compiler generated dependencies of target franka_robot_state_broadcaster_test[0m
[2.483s] [35m[1mConsolidate compiler generated dependencies of target test_load_franka_robot_state_broadcaster[0m
[2.498s] [ 83%] Built target test_load_franka_robot_state_broadcaster
[2.499s] [100%] Built target franka_robot_state_broadcaster_test
[2.543s] Invoked command in '/home/curdin/franka_ros2_ws/build/franka_robot_state_broadcaster' returned '0': AMENT_PREFIX_PATH=/home/curdin/franka_ros2_ws/install/franka_semantic_components:/home/curdin/franka_ros2_ws/install/franka_hardware:/home/curdin/franka_ros2_ws/install/franka_msgs:${AMENT_PREFIX_PATH} CMAKE_PREFIX_PATH=/home/curdin/franka_ros2_ws/install/franka_semantic_components:/home/curdin/franka_ros2_ws/install/franka_hardware:/home/curdin/franka_ros2_ws/install/franka_msgs:/opt/ros/humble LD_LIBRARY_PATH=/home/curdin/franka_ros2_ws/install/franka_semantic_components/lib:/home/curdin/franka_ros2_ws/install/franka_hardware/lib:/home/curdin/franka_ros2_ws/install/franka_msgs/lib:${LD_LIBRARY_PATH} PYTHONPATH=/home/curdin/franka_ros2_ws/install/franka_msgs/local/lib/python3.10/dist-packages:${PYTHONPATH} /usr/bin/cmake --build /home/curdin/franka_ros2_ws/build/franka_robot_state_broadcaster -- -j20 -l20
[2.564s] Invoking command in '/home/curdin/franka_ros2_ws/build/franka_robot_state_broadcaster': AMENT_PREFIX_PATH=/home/curdin/franka_ros2_ws/install/franka_semantic_components:/home/curdin/franka_ros2_ws/install/franka_hardware:/home/curdin/franka_ros2_ws/install/franka_msgs:${AMENT_PREFIX_PATH} CMAKE_PREFIX_PATH=/home/curdin/franka_ros2_ws/install/franka_semantic_components:/home/curdin/franka_ros2_ws/install/franka_hardware:/home/curdin/franka_ros2_ws/install/franka_msgs:/opt/ros/humble LD_LIBRARY_PATH=/home/curdin/franka_ros2_ws/install/franka_semantic_components/lib:/home/curdin/franka_ros2_ws/install/franka_hardware/lib:/home/curdin/franka_ros2_ws/install/franka_msgs/lib:${LD_LIBRARY_PATH} PYTHONPATH=/home/curdin/franka_ros2_ws/install/franka_msgs/local/lib/python3.10/dist-packages:${PYTHONPATH} /usr/bin/cmake --install /home/curdin/franka_ros2_ws/build/franka_robot_state_broadcaster
[2.569s] -- Install configuration: "Release"
[2.570s] -- Up-to-date: /home/curdin/franka_ros2_ws/install/franka_robot_state_broadcaster/include/franka_robot_state_broadcaster_parameters
[2.570s] -- Up-to-date: /home/curdin/franka_ros2_ws/install/franka_robot_state_broadcaster/include/franka_robot_state_broadcaster_parameters/franka_robot_state_broadcaster_parameters.hpp
[2.570s] -- Up-to-date: /home/curdin/franka_ros2_ws/install/franka_robot_state_broadcaster/share/franka_robot_state_broadcaster/franka_robot_state_broadcaster.xml
[2.570s] -- Up-to-date: /home/curdin/franka_ros2_ws/install/franka_robot_state_broadcaster/lib/libfranka_robot_state_broadcaster.so
[2.570s] -- Up-to-date: /home/curdin/franka_ros2_ws/install/franka_robot_state_broadcaster/include
[2.571s] -- Up-to-date: /home/curdin/franka_ros2_ws/install/franka_robot_state_broadcaster/include/franka_robot_state_broadcaster
[2.571s] -- Up-to-date: /home/curdin/franka_ros2_ws/install/franka_robot_state_broadcaster/include/franka_robot_state_broadcaster/franka_robot_state_broadcaster.hpp
[2.571s] -- Up-to-date: /home/curdin/franka_ros2_ws/install/franka_robot_state_broadcaster/share/franka_robot_state_broadcaster/environment/library_path.sh
[2.571s] -- Installing: /home/curdin/franka_ros2_ws/install/franka_robot_state_broadcaster/share/franka_robot_state_broadcaster/environment/library_path.dsv
[2.571s] -- Up-to-date: /home/curdin/franka_ros2_ws/install/franka_robot_state_broadcaster/share/ament_index/resource_index/package_run_dependencies/franka_robot_state_broadcaster
[2.571s] -- Up-to-date: /home/curdin/franka_ros2_ws/install/franka_robot_state_broadcaster/share/ament_index/resource_index/parent_prefix_path/franka_robot_state_broadcaster
[2.571s] -- Up-to-date: /home/curdin/franka_ros2_ws/install/franka_robot_state_broadcaster/share/franka_robot_state_broadcaster/environment/ament_prefix_path.sh
[2.572s] -- Installing: /home/curdin/franka_ros2_ws/install/franka_robot_state_broadcaster/share/franka_robot_state_broadcaster/environment/ament_prefix_path.dsv
[2.572s] -- Up-to-date: /home/curdin/franka_ros2_ws/install/franka_robot_state_broadcaster/share/franka_robot_state_broadcaster/environment/path.sh
[2.572s] -- Installing: /home/curdin/franka_ros2_ws/install/franka_robot_state_broadcaster/share/franka_robot_state_broadcaster/environment/path.dsv
[2.573s] -- Up-to-date: /home/curdin/franka_ros2_ws/install/franka_robot_state_broadcaster/share/franka_robot_state_broadcaster/local_setup.bash
[2.573s] -- Up-to-date: /home/curdin/franka_ros2_ws/install/franka_robot_state_broadcaster/share/franka_robot_state_broadcaster/local_setup.sh
[2.573s] -- Up-to-date: /home/curdin/franka_ros2_ws/install/franka_robot_state_broadcaster/share/franka_robot_state_broadcaster/local_setup.zsh
[2.574s] -- Installing: /home/curdin/franka_ros2_ws/install/franka_robot_state_broadcaster/share/franka_robot_state_broadcaster/local_setup.dsv
[2.574s] -- Installing: /home/curdin/franka_ros2_ws/install/franka_robot_state_broadcaster/share/franka_robot_state_broadcaster/package.dsv
[2.574s] -- Up-to-date: /home/curdin/franka_ros2_ws/install/franka_robot_state_broadcaster/share/ament_index/resource_index/packages/franka_robot_state_broadcaster
[2.574s] -- Up-to-date: /home/curdin/franka_ros2_ws/install/franka_robot_state_broadcaster/share/ament_index/resource_index/controller_interface__pluginlib__plugin/franka_robot_state_broadcaster
[2.575s] -- Up-to-date: /home/curdin/franka_ros2_ws/install/franka_robot_state_broadcaster/share/franka_robot_state_broadcaster/cmake/ament_cmake_export_include_directories-extras.cmake
[2.575s] -- Up-to-date: /home/curdin/franka_ros2_ws/install/franka_robot_state_broadcaster/share/franka_robot_state_broadcaster/cmake/ament_cmake_export_libraries-extras.cmake
[2.575s] -- Up-to-date: /home/curdin/franka_ros2_ws/install/franka_robot_state_broadcaster/share/franka_robot_state_broadcaster/cmake/ament_cmake_export_dependencies-extras.cmake
[2.575s] -- Up-to-date: /home/curdin/franka_ros2_ws/install/franka_robot_state_broadcaster/share/franka_robot_state_broadcaster/cmake/franka_robot_state_broadcasterConfig.cmake
[2.576s] -- Up-to-date: /home/curdin/franka_ros2_ws/install/franka_robot_state_broadcaster/share/franka_robot_state_broadcaster/cmake/franka_robot_state_broadcasterConfig-version.cmake
[2.576s] -- Up-to-date: /home/curdin/franka_ros2_ws/install/franka_robot_state_broadcaster/share/franka_robot_state_broadcaster/package.xml
[2.576s] Invoked command in '/home/curdin/franka_ros2_ws/build/franka_robot_state_broadcaster' returned '0': AMENT_PREFIX_PATH=/home/curdin/franka_ros2_ws/install/franka_semantic_components:/home/curdin/franka_ros2_ws/install/franka_hardware:/home/curdin/franka_ros2_ws/install/franka_msgs:${AMENT_PREFIX_PATH} CMAKE_PREFIX_PATH=/home/curdin/franka_ros2_ws/install/franka_semantic_components:/home/curdin/franka_ros2_ws/install/franka_hardware:/home/curdin/franka_ros2_ws/install/franka_msgs:/opt/ros/humble LD_LIBRARY_PATH=/home/curdin/franka_ros2_ws/install/franka_semantic_components/lib:/home/curdin/franka_ros2_ws/install/franka_hardware/lib:/home/curdin/franka_ros2_ws/install/franka_msgs/lib:${LD_LIBRARY_PATH} PYTHONPATH=/home/curdin/franka_ros2_ws/install/franka_msgs/local/lib/python3.10/dist-packages:${PYTHONPATH} /usr/bin/cmake --install /home/curdin/franka_ros2_ws/build/franka_robot_state_broadcaster
