[0.067s] Invoking command in '/home/curdin/franka_ros2_ws/build/franka_example_controllers': CMAKE_PREFIX_PATH=/home/curdin/franka_ros2_ws/install/franka_semantic_components:/home/curdin/franka_ros2_ws/install/franka_hardware:/home/curdin/franka_ros2_ws/install/franka_msgs:/home/curdin/franka_ros2_ws/install/cartesian_impedance_controller:/home/curdin/franka_ros2_ws/install/joint_trajectory_controller:/home/curdin/franka_ros2_ws/install/integration_launch_testing:/home/curdin/franka_ros2_ws/install/franka_bringup:/home/curdin/franka_ros2_ws/install/franka_robot_state_broadcaster:/home/curdin/franka_ros2_ws/install/franka_example_controllers:/home/curdin/franka_ros2_ws/install/franka_moveit_config:/home/curdin/franka_ros2_ws/install/franka_gripper:/home/curdin/franka_ros2_ws/install/franka_description:/opt/ros/humble LD_LIBRARY_PATH=/home/curdin/franka_ros2_ws/install/franka_semantic_components/lib:/home/curdin/franka_ros2_ws/install/franka_hardware/lib:/home/curdin/franka_ros2_ws/install/franka_msgs/lib:/home/curdin/franka_ros2_ws/install/cartesian_impedance_controller/lib:/home/curdin/franka_ros2_ws/install/joint_trajectory_controller/lib:/home/curdin/franka_ros2_ws/install/integration_launch_testing/lib:/home/curdin/franka_ros2_ws/install/franka_robot_state_broadcaster/lib:/home/curdin/franka_ros2_ws/install/franka_example_controllers/lib:/home/curdin/franka_ros2_ws/install/franka_gripper/lib:/opt/ros/humble/opt/rviz_ogre_vendor/lib:/opt/ros/humble/lib/x86_64-linux-gnu:/opt/ros/humble/lib /usr/bin/cmake --build /home/curdin/franka_ros2_ws/build/franka_example_controllers -- -j20 -l20
[0.100s] [  4%] Built target franka_example_controllers_parameters
[0.101s] [ 12%] Built target gmock_main
[0.102s] [ 25%] Built target gmock
[0.112s] [35m[1mConsolidate compiler generated dependencies of target franka_example_controllers[0m
[0.120s] [ 41%] Built target franka_example_controllers_test_load_move_to_start
[0.120s] [ 41%] Built target franka_example_controllers_test
[0.135s] [ 45%] [32mBuilding CXX object CMakeFiles/franka_example_controllers.dir/src/joint_impedance_example_controller.cpp.o[0m
[2.622s] [ 50%] [32m[1mLinking CXX shared library libfranka_example_controllers.so[0m
[2.730s] [ 83%] Built target franka_example_controllers
[2.746s] [ 87%] [32m[1mLinking CXX executable franka_example_controllers_gravity_test[0m
[2.747s] [ 91%] [32m[1mLinking CXX executable franka_example_controllers_move_to_start_test[0m
[2.862s] [ 95%] Built target franka_example_controllers_gravity_test
[2.863s] [100%] Built target franka_example_controllers_move_to_start_test
[2.874s] Invoked command in '/home/curdin/franka_ros2_ws/build/franka_example_controllers' returned '0': CMAKE_PREFIX_PATH=/home/curdin/franka_ros2_ws/install/franka_semantic_components:/home/curdin/franka_ros2_ws/install/franka_hardware:/home/curdin/franka_ros2_ws/install/franka_msgs:/home/curdin/franka_ros2_ws/install/cartesian_impedance_controller:/home/curdin/franka_ros2_ws/install/joint_trajectory_controller:/home/curdin/franka_ros2_ws/install/integration_launch_testing:/home/curdin/franka_ros2_ws/install/franka_bringup:/home/curdin/franka_ros2_ws/install/franka_robot_state_broadcaster:/home/curdin/franka_ros2_ws/install/franka_example_controllers:/home/curdin/franka_ros2_ws/install/franka_moveit_config:/home/curdin/franka_ros2_ws/install/franka_gripper:/home/curdin/franka_ros2_ws/install/franka_description:/opt/ros/humble LD_LIBRARY_PATH=/home/curdin/franka_ros2_ws/install/franka_semantic_components/lib:/home/curdin/franka_ros2_ws/install/franka_hardware/lib:/home/curdin/franka_ros2_ws/install/franka_msgs/lib:/home/curdin/franka_ros2_ws/install/cartesian_impedance_controller/lib:/home/curdin/franka_ros2_ws/install/joint_trajectory_controller/lib:/home/curdin/franka_ros2_ws/install/integration_launch_testing/lib:/home/curdin/franka_ros2_ws/install/franka_robot_state_broadcaster/lib:/home/curdin/franka_ros2_ws/install/franka_example_controllers/lib:/home/curdin/franka_ros2_ws/install/franka_gripper/lib:/opt/ros/humble/opt/rviz_ogre_vendor/lib:/opt/ros/humble/lib/x86_64-linux-gnu:/opt/ros/humble/lib /usr/bin/cmake --build /home/curdin/franka_ros2_ws/build/franka_example_controllers -- -j20 -l20
[2.913s] Invoking command in '/home/curdin/franka_ros2_ws/build/franka_example_controllers': CMAKE_PREFIX_PATH=/home/curdin/franka_ros2_ws/install/franka_semantic_components:/home/curdin/franka_ros2_ws/install/franka_hardware:/home/curdin/franka_ros2_ws/install/franka_msgs:/home/curdin/franka_ros2_ws/install/cartesian_impedance_controller:/home/curdin/franka_ros2_ws/install/joint_trajectory_controller:/home/curdin/franka_ros2_ws/install/integration_launch_testing:/home/curdin/franka_ros2_ws/install/franka_bringup:/home/curdin/franka_ros2_ws/install/franka_robot_state_broadcaster:/home/curdin/franka_ros2_ws/install/franka_example_controllers:/home/curdin/franka_ros2_ws/install/franka_moveit_config:/home/curdin/franka_ros2_ws/install/franka_gripper:/home/curdin/franka_ros2_ws/install/franka_description:/opt/ros/humble LD_LIBRARY_PATH=/home/curdin/franka_ros2_ws/install/franka_semantic_components/lib:/home/curdin/franka_ros2_ws/install/franka_hardware/lib:/home/curdin/franka_ros2_ws/install/franka_msgs/lib:/home/curdin/franka_ros2_ws/install/cartesian_impedance_controller/lib:/home/curdin/franka_ros2_ws/install/joint_trajectory_controller/lib:/home/curdin/franka_ros2_ws/install/integration_launch_testing/lib:/home/curdin/franka_ros2_ws/install/franka_robot_state_broadcaster/lib:/home/curdin/franka_ros2_ws/install/franka_example_controllers/lib:/home/curdin/franka_ros2_ws/install/franka_gripper/lib:/opt/ros/humble/opt/rviz_ogre_vendor/lib:/opt/ros/humble/lib/x86_64-linux-gnu:/opt/ros/humble/lib /usr/bin/cmake --install /home/curdin/franka_ros2_ws/build/franka_example_controllers
[2.918s] -- Install configuration: "Release"
[2.918s] -- Up-to-date: /home/curdin/franka_ros2_ws/install/franka_example_controllers/include/franka_example_controllers_parameters
[2.918s] -- Up-to-date: /home/curdin/franka_ros2_ws/install/franka_example_controllers/include/franka_example_controllers_parameters/franka_example_controllers_parameters.hpp
[2.918s] -- Up-to-date: /home/curdin/franka_ros2_ws/install/franka_example_controllers/share/franka_example_controllers/franka_example_controllers.xml
[2.918s] -- Installing: /home/curdin/franka_ros2_ws/install/franka_example_controllers/lib/libfranka_example_controllers.so
[2.918s] -- Set runtime path of "/home/curdin/franka_ros2_ws/install/franka_example_controllers/lib/libfranka_example_controllers.so" to ""
[2.918s] -- Up-to-date: /home/curdin/franka_ros2_ws/install/franka_example_controllers/include
[2.919s] -- Up-to-date: /home/curdin/franka_ros2_ws/install/franka_example_controllers/include/franka_example_controllers
[2.919s] -- Up-to-date: /home/curdin/franka_ros2_ws/install/franka_example_controllers/include/franka_example_controllers/motion_generator.hpp
[2.919s] -- Up-to-date: /home/curdin/franka_ros2_ws/install/franka_example_controllers/include/franka_example_controllers/elbow_example_controller.hpp
[2.919s] -- Up-to-date: /home/curdin/franka_ros2_ws/install/franka_example_controllers/include/franka_example_controllers/joint_position_example_controller.hpp
[2.919s] -- Up-to-date: /home/curdin/franka_ros2_ws/install/franka_example_controllers/include/franka_example_controllers/move_to_start_example_controller.hpp
[2.919s] -- Up-to-date: /home/curdin/franka_ros2_ws/install/franka_example_controllers/include/franka_example_controllers/joint_velocity_example_controller.hpp
[2.919s] -- Up-to-date: /home/curdin/franka_ros2_ws/install/franka_example_controllers/include/franka_example_controllers/visibility_control.h
[2.919s] -- Up-to-date: /home/curdin/franka_ros2_ws/install/franka_example_controllers/include/franka_example_controllers/joint_impedance_example_controller.hpp
[2.919s] -- Up-to-date: /home/curdin/franka_ros2_ws/install/franka_example_controllers/include/franka_example_controllers/model_example_controller.hpp
[2.919s] -- Up-to-date: /home/curdin/franka_ros2_ws/install/franka_example_controllers/include/franka_example_controllers/cartesian_velocity_example_controller.hpp
[2.919s] -- Up-to-date: /home/curdin/franka_ros2_ws/install/franka_example_controllers/include/franka_example_controllers/gravity_compensation_example_controller.hpp
[2.919s] -- Up-to-date: /home/curdin/franka_ros2_ws/install/franka_example_controllers/share/franka_example_controllers/environment/library_path.sh
[2.919s] -- Up-to-date: /home/curdin/franka_ros2_ws/install/franka_example_controllers/share/franka_example_controllers/environment/library_path.dsv
[2.919s] -- Up-to-date: /home/curdin/franka_ros2_ws/install/franka_example_controllers/share/ament_index/resource_index/package_run_dependencies/franka_example_controllers
[2.919s] -- Up-to-date: /home/curdin/franka_ros2_ws/install/franka_example_controllers/share/ament_index/resource_index/parent_prefix_path/franka_example_controllers
[2.919s] -- Up-to-date: /home/curdin/franka_ros2_ws/install/franka_example_controllers/share/franka_example_controllers/environment/ament_prefix_path.sh
[2.919s] -- Up-to-date: /home/curdin/franka_ros2_ws/install/franka_example_controllers/share/franka_example_controllers/environment/ament_prefix_path.dsv
[2.919s] -- Up-to-date: /home/curdin/franka_ros2_ws/install/franka_example_controllers/share/franka_example_controllers/environment/path.sh
[2.919s] -- Up-to-date: /home/curdin/franka_ros2_ws/install/franka_example_controllers/share/franka_example_controllers/environment/path.dsv
[2.919s] -- Up-to-date: /home/curdin/franka_ros2_ws/install/franka_example_controllers/share/franka_example_controllers/local_setup.bash
[2.919s] -- Up-to-date: /home/curdin/franka_ros2_ws/install/franka_example_controllers/share/franka_example_controllers/local_setup.sh
[2.919s] -- Up-to-date: /home/curdin/franka_ros2_ws/install/franka_example_controllers/share/franka_example_controllers/local_setup.zsh
[2.919s] -- Up-to-date: /home/curdin/franka_ros2_ws/install/franka_example_controllers/share/franka_example_controllers/local_setup.dsv
[2.919s] -- Installing: /home/curdin/franka_ros2_ws/install/franka_example_controllers/share/franka_example_controllers/package.dsv
[2.919s] -- Up-to-date: /home/curdin/franka_ros2_ws/install/franka_example_controllers/share/ament_index/resource_index/packages/franka_example_controllers
[2.919s] -- Up-to-date: /home/curdin/franka_ros2_ws/install/franka_example_controllers/share/ament_index/resource_index/controller_interface__pluginlib__plugin/franka_example_controllers
[2.919s] -- Up-to-date: /home/curdin/franka_ros2_ws/install/franka_example_controllers/share/franka_example_controllers/cmake/ament_cmake_export_include_directories-extras.cmake
[2.919s] -- Up-to-date: /home/curdin/franka_ros2_ws/install/franka_example_controllers/share/franka_example_controllers/cmake/ament_cmake_export_libraries-extras.cmake
[2.919s] -- Up-to-date: /home/curdin/franka_ros2_ws/install/franka_example_controllers/share/franka_example_controllers/cmake/ament_cmake_export_dependencies-extras.cmake
[2.919s] -- Up-to-date: /home/curdin/franka_ros2_ws/install/franka_example_controllers/share/franka_example_controllers/cmake/franka_example_controllersConfig.cmake
[2.919s] -- Up-to-date: /home/curdin/franka_ros2_ws/install/franka_example_controllers/share/franka_example_controllers/cmake/franka_example_controllersConfig-version.cmake
[2.919s] -- Up-to-date: /home/curdin/franka_ros2_ws/install/franka_example_controllers/share/franka_example_controllers/package.xml
[2.920s] Invoked command in '/home/curdin/franka_ros2_ws/build/franka_example_controllers' returned '0': CMAKE_PREFIX_PATH=/home/curdin/franka_ros2_ws/install/franka_semantic_components:/home/curdin/franka_ros2_ws/install/franka_hardware:/home/curdin/franka_ros2_ws/install/franka_msgs:/home/curdin/franka_ros2_ws/install/cartesian_impedance_controller:/home/curdin/franka_ros2_ws/install/joint_trajectory_controller:/home/curdin/franka_ros2_ws/install/integration_launch_testing:/home/curdin/franka_ros2_ws/install/franka_bringup:/home/curdin/franka_ros2_ws/install/franka_robot_state_broadcaster:/home/curdin/franka_ros2_ws/install/franka_example_controllers:/home/curdin/franka_ros2_ws/install/franka_moveit_config:/home/curdin/franka_ros2_ws/install/franka_gripper:/home/curdin/franka_ros2_ws/install/franka_description:/opt/ros/humble LD_LIBRARY_PATH=/home/curdin/franka_ros2_ws/install/franka_semantic_components/lib:/home/curdin/franka_ros2_ws/install/franka_hardware/lib:/home/curdin/franka_ros2_ws/install/franka_msgs/lib:/home/curdin/franka_ros2_ws/install/cartesian_impedance_controller/lib:/home/curdin/franka_ros2_ws/install/joint_trajectory_controller/lib:/home/curdin/franka_ros2_ws/install/integration_launch_testing/lib:/home/curdin/franka_ros2_ws/install/franka_robot_state_broadcaster/lib:/home/curdin/franka_ros2_ws/install/franka_example_controllers/lib:/home/curdin/franka_ros2_ws/install/franka_gripper/lib:/opt/ros/humble/opt/rviz_ogre_vendor/lib:/opt/ros/humble/lib/x86_64-linux-gnu:/opt/ros/humble/lib /usr/bin/cmake --install /home/curdin/franka_ros2_ws/build/franka_example_controllers
