[0.441s] DEBUG:colcon:Command line arguments: ['/usr/bin/colcon', 'build', '--packages-select', 'franka_example_controllers']
[0.441s] DEBUG:colcon:Parsed command line arguments: Namespace(log_base=None, log_level=None, verb_name='build', build_base='build', install_base='install', merge_install=False, symlink_install=False, test_result_base=None, continue_on_error=False, executor='parallel', parallel_workers=20, event_handlers=None, ignore_user_meta=False, metas=['./colcon.meta'], base_paths=['.'], packages_ignore=None, packages_ignore_regex=None, paths=None, packages_up_to=None, packages_up_to_regex=None, packages_above=None, packages_above_and_dependencies=None, packages_above_depth=None, packages_select_by_dep=None, packages_skip_by_dep=None, packages_skip_up_to=None, packages_select_build_failed=False, packages_skip_build_finished=False, packages_select_test_failures=False, packages_skip_test_passed=False, packages_select=['franka_example_controllers'], packages_skip=None, packages_select_regex=None, packages_skip_regex=None, packages_start=None, packages_end=None, allow_overriding=[], cmake_args=None, cmake_target=None, cmake_target_skip_unavailable=False, cmake_clean_cache=False, cmake_clean_first=False, cmake_force_configure=False, ament_cmake_args=None, catkin_cmake_args=None, catkin_skip_building_tests=False, verb_parser=<colcon_defaults.argument_parser.defaults.DefaultArgumentsDecorator object at 0x7f16d26b5570>, verb_extension=<colcon_core.verb.build.BuildVerb object at 0x7f16d26b73d0>, main=<bound method BuildVerb.main of <colcon_core.verb.build.BuildVerb object at 0x7f16d26b73d0>>)
[0.463s] Level 1:colcon.colcon_core.package_discovery:discover_packages(colcon_meta) check parameters
[0.463s] Level 1:colcon.colcon_core.package_discovery:discover_packages(recursive) check parameters
[0.463s] Level 1:colcon.colcon_core.package_discovery:discover_packages(ignore) check parameters
[0.463s] Level 1:colcon.colcon_core.package_discovery:discover_packages(path) check parameters
[0.463s] Level 1:colcon.colcon_core.package_discovery:discover_packages(colcon_meta) discover
[0.463s] Level 1:colcon.colcon_core.package_discovery:discover_packages(recursive) discover
[0.463s] INFO:colcon.colcon_core.package_discovery:Crawling recursively for packages in '/home/curdin/franka_ros2_ws'
[0.464s] Level 1:colcon.colcon_core.package_identification:_identify(.) by extensions ['ignore', 'ignore_ament_install']
[0.464s] Level 1:colcon.colcon_core.package_identification:_identify(.) by extension 'ignore'
[0.464s] Level 1:colcon.colcon_core.package_identification:_identify(.) by extension 'ignore_ament_install'
[0.464s] Level 1:colcon.colcon_core.package_identification:_identify(.) by extensions ['colcon_pkg']
[0.464s] Level 1:colcon.colcon_core.package_identification:_identify(.) by extension 'colcon_pkg'
[0.464s] Level 1:colcon.colcon_core.package_identification:_identify(.) by extensions ['colcon_meta']
[0.464s] Level 1:colcon.colcon_core.package_identification:_identify(.) by extension 'colcon_meta'
[0.464s] Level 1:colcon.colcon_core.package_identification:_identify(.) by extensions ['ros']
[0.464s] Level 1:colcon.colcon_core.package_identification:_identify(.) by extension 'ros'
[0.469s] Level 1:colcon.colcon_core.package_identification:_identify(.) by extensions ['cmake', 'python']
[0.469s] Level 1:colcon.colcon_core.package_identification:_identify(.) by extension 'cmake'
[0.469s] Level 1:colcon.colcon_core.package_identification:_identify(.) by extension 'python'
[0.469s] Level 1:colcon.colcon_core.package_identification:_identify(.) by extensions ['python_setup_py']
[0.469s] Level 1:colcon.colcon_core.package_identification:_identify(.) by extension 'python_setup_py'
[0.470s] Level 1:colcon.colcon_core.package_identification:_identify(build) by extensions ['ignore', 'ignore_ament_install']
[0.470s] Level 1:colcon.colcon_core.package_identification:_identify(build) by extension 'ignore'
[0.470s] Level 1:colcon.colcon_core.package_identification:_identify(build) ignored
[0.470s] Level 1:colcon.colcon_core.package_identification:_identify(install) by extensions ['ignore', 'ignore_ament_install']
[0.470s] Level 1:colcon.colcon_core.package_identification:_identify(install) by extension 'ignore'
[0.470s] Level 1:colcon.colcon_core.package_identification:_identify(install) ignored
[0.470s] Level 1:colcon.colcon_core.package_identification:_identify(log) by extensions ['ignore', 'ignore_ament_install']
[0.470s] Level 1:colcon.colcon_core.package_identification:_identify(log) by extension 'ignore'
[0.470s] Level 1:colcon.colcon_core.package_identification:_identify(log) ignored
[0.470s] Level 1:colcon.colcon_core.package_identification:_identify(src) by extensions ['ignore', 'ignore_ament_install']
[0.470s] Level 1:colcon.colcon_core.package_identification:_identify(src) by extension 'ignore'
[0.470s] Level 1:colcon.colcon_core.package_identification:_identify(src) by extension 'ignore_ament_install'
[0.470s] Level 1:colcon.colcon_core.package_identification:_identify(src) by extensions ['colcon_pkg']
[0.470s] Level 1:colcon.colcon_core.package_identification:_identify(src) by extension 'colcon_pkg'
[0.470s] Level 1:colcon.colcon_core.package_identification:_identify(src) by extensions ['colcon_meta']
[0.470s] Level 1:colcon.colcon_core.package_identification:_identify(src) by extension 'colcon_meta'
[0.470s] Level 1:colcon.colcon_core.package_identification:_identify(src) by extensions ['ros']
[0.470s] Level 1:colcon.colcon_core.package_identification:_identify(src) by extension 'ros'
[0.470s] Level 1:colcon.colcon_core.package_identification:_identify(src) by extensions ['cmake', 'python']
[0.470s] Level 1:colcon.colcon_core.package_identification:_identify(src) by extension 'cmake'
[0.470s] Level 1:colcon.colcon_core.package_identification:_identify(src) by extension 'python'
[0.470s] Level 1:colcon.colcon_core.package_identification:_identify(src) by extensions ['python_setup_py']
[0.470s] Level 1:colcon.colcon_core.package_identification:_identify(src) by extension 'python_setup_py'
[0.470s] Level 1:colcon.colcon_core.package_identification:_identify(src/franka_ros2) by extensions ['ignore', 'ignore_ament_install']
[0.470s] Level 1:colcon.colcon_core.package_identification:_identify(src/franka_ros2) by extension 'ignore'
[0.470s] Level 1:colcon.colcon_core.package_identification:_identify(src/franka_ros2) by extension 'ignore_ament_install'
[0.470s] Level 1:colcon.colcon_core.package_identification:_identify(src/franka_ros2) by extensions ['colcon_pkg']
[0.470s] Level 1:colcon.colcon_core.package_identification:_identify(src/franka_ros2) by extension 'colcon_pkg'
[0.470s] Level 1:colcon.colcon_core.package_identification:_identify(src/franka_ros2) by extensions ['colcon_meta']
[0.470s] Level 1:colcon.colcon_core.package_identification:_identify(src/franka_ros2) by extension 'colcon_meta'
[0.470s] Level 1:colcon.colcon_core.package_identification:_identify(src/franka_ros2) by extensions ['ros']
[0.470s] Level 1:colcon.colcon_core.package_identification:_identify(src/franka_ros2) by extension 'ros'
[0.470s] Level 1:colcon.colcon_core.package_identification:_identify(src/franka_ros2) by extensions ['cmake', 'python']
[0.470s] Level 1:colcon.colcon_core.package_identification:_identify(src/franka_ros2) by extension 'cmake'
[0.470s] Level 1:colcon.colcon_core.package_identification:_identify(src/franka_ros2) by extension 'python'
[0.470s] Level 1:colcon.colcon_core.package_identification:_identify(src/franka_ros2) by extensions ['python_setup_py']
[0.470s] Level 1:colcon.colcon_core.package_identification:_identify(src/franka_ros2) by extension 'python_setup_py'
[0.470s] Level 1:colcon.colcon_core.package_identification:_identify(src/franka_ros2/franka_bringup) by extensions ['ignore', 'ignore_ament_install']
[0.471s] Level 1:colcon.colcon_core.package_identification:_identify(src/franka_ros2/franka_bringup) by extension 'ignore'
[0.471s] Level 1:colcon.colcon_core.package_identification:_identify(src/franka_ros2/franka_bringup) by extension 'ignore_ament_install'
[0.471s] Level 1:colcon.colcon_core.package_identification:_identify(src/franka_ros2/franka_bringup) by extensions ['colcon_pkg']
[0.471s] Level 1:colcon.colcon_core.package_identification:_identify(src/franka_ros2/franka_bringup) by extension 'colcon_pkg'
[0.471s] Level 1:colcon.colcon_core.package_identification:_identify(src/franka_ros2/franka_bringup) by extensions ['colcon_meta']
[0.471s] Level 1:colcon.colcon_core.package_identification:_identify(src/franka_ros2/franka_bringup) by extension 'colcon_meta'
[0.471s] Level 1:colcon.colcon_core.package_identification:_identify(src/franka_ros2/franka_bringup) by extensions ['ros']
[0.471s] Level 1:colcon.colcon_core.package_identification:_identify(src/franka_ros2/franka_bringup) by extension 'ros'
[0.472s] DEBUG:colcon.colcon_core.package_identification:Package 'src/franka_ros2/franka_bringup' with type 'ros.ament_cmake' and name 'franka_bringup'
[0.472s] Level 1:colcon.colcon_core.package_identification:_identify(src/franka_ros2/franka_description) by extensions ['ignore', 'ignore_ament_install']
[0.472s] Level 1:colcon.colcon_core.package_identification:_identify(src/franka_ros2/franka_description) by extension 'ignore'
[0.472s] Level 1:colcon.colcon_core.package_identification:_identify(src/franka_ros2/franka_description) by extension 'ignore_ament_install'
[0.472s] Level 1:colcon.colcon_core.package_identification:_identify(src/franka_ros2/franka_description) by extensions ['colcon_pkg']
[0.472s] Level 1:colcon.colcon_core.package_identification:_identify(src/franka_ros2/franka_description) by extension 'colcon_pkg'
[0.472s] Level 1:colcon.colcon_core.package_identification:_identify(src/franka_ros2/franka_description) by extensions ['colcon_meta']
[0.472s] Level 1:colcon.colcon_core.package_identification:_identify(src/franka_ros2/franka_description) by extension 'colcon_meta'
[0.472s] Level 1:colcon.colcon_core.package_identification:_identify(src/franka_ros2/franka_description) by extensions ['ros']
[0.472s] Level 1:colcon.colcon_core.package_identification:_identify(src/franka_ros2/franka_description) by extension 'ros'
[0.472s] DEBUG:colcon.colcon_core.package_identification:Package 'src/franka_ros2/franka_description' with type 'ros.ament_cmake' and name 'franka_description'
[0.473s] Level 1:colcon.colcon_core.package_identification:_identify(src/franka_ros2/franka_example_controllers) by extensions ['ignore', 'ignore_ament_install']
[0.473s] Level 1:colcon.colcon_core.package_identification:_identify(src/franka_ros2/franka_example_controllers) by extension 'ignore'
[0.473s] Level 1:colcon.colcon_core.package_identification:_identify(src/franka_ros2/franka_example_controllers) by extension 'ignore_ament_install'
[0.473s] Level 1:colcon.colcon_core.package_identification:_identify(src/franka_ros2/franka_example_controllers) by extensions ['colcon_pkg']
[0.473s] Level 1:colcon.colcon_core.package_identification:_identify(src/franka_ros2/franka_example_controllers) by extension 'colcon_pkg'
[0.473s] Level 1:colcon.colcon_core.package_identification:_identify(src/franka_ros2/franka_example_controllers) by extensions ['colcon_meta']
[0.473s] Level 1:colcon.colcon_core.package_identification:_identify(src/franka_ros2/franka_example_controllers) by extension 'colcon_meta'
[0.473s] Level 1:colcon.colcon_core.package_identification:_identify(src/franka_ros2/franka_example_controllers) by extensions ['ros']
[0.473s] Level 1:colcon.colcon_core.package_identification:_identify(src/franka_ros2/franka_example_controllers) by extension 'ros'
[0.473s] DEBUG:colcon.colcon_core.package_identification:Package 'src/franka_ros2/franka_example_controllers' with type 'ros.ament_cmake' and name 'franka_example_controllers'
[0.473s] Level 1:colcon.colcon_core.package_identification:_identify(src/franka_ros2/franka_gripper) by extensions ['ignore', 'ignore_ament_install']
[0.473s] Level 1:colcon.colcon_core.package_identification:_identify(src/franka_ros2/franka_gripper) by extension 'ignore'
[0.473s] Level 1:colcon.colcon_core.package_identification:_identify(src/franka_ros2/franka_gripper) by extension 'ignore_ament_install'
[0.473s] Level 1:colcon.colcon_core.package_identification:_identify(src/franka_ros2/franka_gripper) by extensions ['colcon_pkg']
[0.473s] Level 1:colcon.colcon_core.package_identification:_identify(src/franka_ros2/franka_gripper) by extension 'colcon_pkg'
[0.473s] Level 1:colcon.colcon_core.package_identification:_identify(src/franka_ros2/franka_gripper) by extensions ['colcon_meta']
[0.473s] Level 1:colcon.colcon_core.package_identification:_identify(src/franka_ros2/franka_gripper) by extension 'colcon_meta'
[0.473s] Level 1:colcon.colcon_core.package_identification:_identify(src/franka_ros2/franka_gripper) by extensions ['ros']
[0.473s] Level 1:colcon.colcon_core.package_identification:_identify(src/franka_ros2/franka_gripper) by extension 'ros'
[0.474s] DEBUG:colcon.colcon_core.package_identification:Package 'src/franka_ros2/franka_gripper' with type 'ros.ament_cmake' and name 'franka_gripper'
[0.474s] Level 1:colcon.colcon_core.package_identification:_identify(src/franka_ros2/franka_hardware) by extensions ['ignore', 'ignore_ament_install']
[0.474s] Level 1:colcon.colcon_core.package_identification:_identify(src/franka_ros2/franka_hardware) by extension 'ignore'
[0.474s] Level 1:colcon.colcon_core.package_identification:_identify(src/franka_ros2/franka_hardware) by extension 'ignore_ament_install'
[0.474s] Level 1:colcon.colcon_core.package_identification:_identify(src/franka_ros2/franka_hardware) by extensions ['colcon_pkg']
[0.474s] Level 1:colcon.colcon_core.package_identification:_identify(src/franka_ros2/franka_hardware) by extension 'colcon_pkg'
[0.474s] Level 1:colcon.colcon_core.package_identification:_identify(src/franka_ros2/franka_hardware) by extensions ['colcon_meta']
[0.474s] Level 1:colcon.colcon_core.package_identification:_identify(src/franka_ros2/franka_hardware) by extension 'colcon_meta'
[0.474s] Level 1:colcon.colcon_core.package_identification:_identify(src/franka_ros2/franka_hardware) by extensions ['ros']
[0.474s] Level 1:colcon.colcon_core.package_identification:_identify(src/franka_ros2/franka_hardware) by extension 'ros'
[0.475s] DEBUG:colcon.colcon_core.package_identification:Package 'src/franka_ros2/franka_hardware' with type 'ros.ament_cmake' and name 'franka_hardware'
[0.475s] Level 1:colcon.colcon_core.package_identification:_identify(src/franka_ros2/franka_moveit_config) by extensions ['ignore', 'ignore_ament_install']
[0.475s] Level 1:colcon.colcon_core.package_identification:_identify(src/franka_ros2/franka_moveit_config) by extension 'ignore'
[0.475s] Level 1:colcon.colcon_core.package_identification:_identify(src/franka_ros2/franka_moveit_config) by extension 'ignore_ament_install'
[0.475s] Level 1:colcon.colcon_core.package_identification:_identify(src/franka_ros2/franka_moveit_config) by extensions ['colcon_pkg']
[0.475s] Level 1:colcon.colcon_core.package_identification:_identify(src/franka_ros2/franka_moveit_config) by extension 'colcon_pkg'
[0.475s] Level 1:colcon.colcon_core.package_identification:_identify(src/franka_ros2/franka_moveit_config) by extensions ['colcon_meta']
[0.475s] Level 1:colcon.colcon_core.package_identification:_identify(src/franka_ros2/franka_moveit_config) by extension 'colcon_meta'
[0.475s] Level 1:colcon.colcon_core.package_identification:_identify(src/franka_ros2/franka_moveit_config) by extensions ['ros']
[0.475s] Level 1:colcon.colcon_core.package_identification:_identify(src/franka_ros2/franka_moveit_config) by extension 'ros'
[0.475s] DEBUG:colcon.colcon_core.package_identification:Package 'src/franka_ros2/franka_moveit_config' with type 'ros.ament_cmake' and name 'franka_moveit_config'
[0.475s] Level 1:colcon.colcon_core.package_identification:_identify(src/franka_ros2/franka_msgs) by extensions ['ignore', 'ignore_ament_install']
[0.475s] Level 1:colcon.colcon_core.package_identification:_identify(src/franka_ros2/franka_msgs) by extension 'ignore'
[0.475s] Level 1:colcon.colcon_core.package_identification:_identify(src/franka_ros2/franka_msgs) by extension 'ignore_ament_install'
[0.475s] Level 1:colcon.colcon_core.package_identification:_identify(src/franka_ros2/franka_msgs) by extensions ['colcon_pkg']
[0.475s] Level 1:colcon.colcon_core.package_identification:_identify(src/franka_ros2/franka_msgs) by extension 'colcon_pkg'
[0.475s] Level 1:colcon.colcon_core.package_identification:_identify(src/franka_ros2/franka_msgs) by extensions ['colcon_meta']
[0.475s] Level 1:colcon.colcon_core.package_identification:_identify(src/franka_ros2/franka_msgs) by extension 'colcon_meta'
[0.475s] Level 1:colcon.colcon_core.package_identification:_identify(src/franka_ros2/franka_msgs) by extensions ['ros']
[0.475s] Level 1:colcon.colcon_core.package_identification:_identify(src/franka_ros2/franka_msgs) by extension 'ros'
[0.476s] DEBUG:colcon.colcon_core.package_identification:Package 'src/franka_ros2/franka_msgs' with type 'ros.ament_cmake' and name 'franka_msgs'
[0.476s] Level 1:colcon.colcon_core.package_identification:_identify(src/franka_ros2/franka_robot_state_broadcaster) by extensions ['ignore', 'ignore_ament_install']
[0.476s] Level 1:colcon.colcon_core.package_identification:_identify(src/franka_ros2/franka_robot_state_broadcaster) by extension 'ignore'
[0.476s] Level 1:colcon.colcon_core.package_identification:_identify(src/franka_ros2/franka_robot_state_broadcaster) by extension 'ignore_ament_install'
[0.476s] Level 1:colcon.colcon_core.package_identification:_identify(src/franka_ros2/franka_robot_state_broadcaster) by extensions ['colcon_pkg']
[0.476s] Level 1:colcon.colcon_core.package_identification:_identify(src/franka_ros2/franka_robot_state_broadcaster) by extension 'colcon_pkg'
[0.476s] Level 1:colcon.colcon_core.package_identification:_identify(src/franka_ros2/franka_robot_state_broadcaster) by extensions ['colcon_meta']
[0.476s] Level 1:colcon.colcon_core.package_identification:_identify(src/franka_ros2/franka_robot_state_broadcaster) by extension 'colcon_meta'
[0.476s] Level 1:colcon.colcon_core.package_identification:_identify(src/franka_ros2/franka_robot_state_broadcaster) by extensions ['ros']
[0.476s] Level 1:colcon.colcon_core.package_identification:_identify(src/franka_ros2/franka_robot_state_broadcaster) by extension 'ros'
[0.477s] DEBUG:colcon.colcon_core.package_identification:Package 'src/franka_ros2/franka_robot_state_broadcaster' with type 'ros.ament_cmake' and name 'franka_robot_state_broadcaster'
[0.477s] Level 1:colcon.colcon_core.package_identification:_identify(src/franka_ros2/franka_semantic_components) by extensions ['ignore', 'ignore_ament_install']
[0.477s] Level 1:colcon.colcon_core.package_identification:_identify(src/franka_ros2/franka_semantic_components) by extension 'ignore'
[0.477s] Level 1:colcon.colcon_core.package_identification:_identify(src/franka_ros2/franka_semantic_components) by extension 'ignore_ament_install'
[0.477s] Level 1:colcon.colcon_core.package_identification:_identify(src/franka_ros2/franka_semantic_components) by extensions ['colcon_pkg']
[0.477s] Level 1:colcon.colcon_core.package_identification:_identify(src/franka_ros2/franka_semantic_components) by extension 'colcon_pkg'
[0.477s] Level 1:colcon.colcon_core.package_identification:_identify(src/franka_ros2/franka_semantic_components) by extensions ['colcon_meta']
[0.477s] Level 1:colcon.colcon_core.package_identification:_identify(src/franka_ros2/franka_semantic_components) by extension 'colcon_meta'
[0.477s] Level 1:colcon.colcon_core.package_identification:_identify(src/franka_ros2/franka_semantic_components) by extensions ['ros']
[0.477s] Level 1:colcon.colcon_core.package_identification:_identify(src/franka_ros2/franka_semantic_components) by extension 'ros'
[0.477s] DEBUG:colcon.colcon_core.package_identification:Package 'src/franka_ros2/franka_semantic_components' with type 'ros.ament_cmake' and name 'franka_semantic_components'
[0.477s] Level 1:colcon.colcon_core.package_identification:_identify(src/franka_ros2/integration_launch_testing) by extensions ['ignore', 'ignore_ament_install']
[0.477s] Level 1:colcon.colcon_core.package_identification:_identify(src/franka_ros2/integration_launch_testing) by extension 'ignore'
[0.477s] Level 1:colcon.colcon_core.package_identification:_identify(src/franka_ros2/integration_launch_testing) by extension 'ignore_ament_install'
[0.477s] Level 1:colcon.colcon_core.package_identification:_identify(src/franka_ros2/integration_launch_testing) by extensions ['colcon_pkg']
[0.477s] Level 1:colcon.colcon_core.package_identification:_identify(src/franka_ros2/integration_launch_testing) by extension 'colcon_pkg'
[0.477s] Level 1:colcon.colcon_core.package_identification:_identify(src/franka_ros2/integration_launch_testing) by extensions ['colcon_meta']
[0.477s] Level 1:colcon.colcon_core.package_identification:_identify(src/franka_ros2/integration_launch_testing) by extension 'colcon_meta'
[0.477s] Level 1:colcon.colcon_core.package_identification:_identify(src/franka_ros2/integration_launch_testing) by extensions ['ros']
[0.477s] Level 1:colcon.colcon_core.package_identification:_identify(src/franka_ros2/integration_launch_testing) by extension 'ros'
[0.478s] DEBUG:colcon.colcon_core.package_identification:Package 'src/franka_ros2/integration_launch_testing' with type 'ros.ament_cmake' and name 'integration_launch_testing'
[0.478s] Level 1:colcon.colcon_core.package_identification:_identify(src/franka_ros2/joint_trajectory_controller) by extensions ['ignore', 'ignore_ament_install']
[0.478s] Level 1:colcon.colcon_core.package_identification:_identify(src/franka_ros2/joint_trajectory_controller) by extension 'ignore'
[0.478s] Level 1:colcon.colcon_core.package_identification:_identify(src/franka_ros2/joint_trajectory_controller) by extension 'ignore_ament_install'
[0.478s] Level 1:colcon.colcon_core.package_identification:_identify(src/franka_ros2/joint_trajectory_controller) by extensions ['colcon_pkg']
[0.478s] Level 1:colcon.colcon_core.package_identification:_identify(src/franka_ros2/joint_trajectory_controller) by extension 'colcon_pkg'
[0.478s] Level 1:colcon.colcon_core.package_identification:_identify(src/franka_ros2/joint_trajectory_controller) by extensions ['colcon_meta']
[0.478s] Level 1:colcon.colcon_core.package_identification:_identify(src/franka_ros2/joint_trajectory_controller) by extension 'colcon_meta'
[0.478s] Level 1:colcon.colcon_core.package_identification:_identify(src/franka_ros2/joint_trajectory_controller) by extensions ['ros']
[0.478s] Level 1:colcon.colcon_core.package_identification:_identify(src/franka_ros2/joint_trajectory_controller) by extension 'ros'
[0.479s] DEBUG:colcon.colcon_core.package_identification:Package 'src/franka_ros2/joint_trajectory_controller' with type 'ros.ament_cmake' and name 'joint_trajectory_controller'
[0.479s] Level 1:colcon.colcon_core.package_discovery:discover_packages(recursive) using defaults
[0.479s] Level 1:colcon.colcon_core.package_discovery:discover_packages(ignore) discover
[0.479s] Level 1:colcon.colcon_core.package_discovery:discover_packages(ignore) using defaults
[0.479s] Level 1:colcon.colcon_core.package_discovery:discover_packages(path) discover
[0.479s] Level 1:colcon.colcon_core.package_discovery:discover_packages(path) using defaults
[0.509s] INFO:colcon.colcon_core.package_selection:Skipping not selected package 'franka_description' in 'src/franka_ros2/franka_description'
[0.509s] INFO:colcon.colcon_core.package_selection:Skipping not selected package 'franka_msgs' in 'src/franka_ros2/franka_msgs'
[0.509s] INFO:colcon.colcon_core.package_selection:Skipping not selected package 'integration_launch_testing' in 'src/franka_ros2/integration_launch_testing'
[0.509s] INFO:colcon.colcon_core.package_selection:Skipping not selected package 'joint_trajectory_controller' in 'src/franka_ros2/joint_trajectory_controller'
[0.509s] INFO:colcon.colcon_core.package_selection:Skipping not selected package 'franka_gripper' in 'src/franka_ros2/franka_gripper'
[0.509s] INFO:colcon.colcon_core.package_selection:Skipping not selected package 'franka_hardware' in 'src/franka_ros2/franka_hardware'
[0.509s] INFO:colcon.colcon_core.package_selection:Skipping not selected package 'franka_moveit_config' in 'src/franka_ros2/franka_moveit_config'
[0.509s] INFO:colcon.colcon_core.package_selection:Skipping not selected package 'franka_semantic_components' in 'src/franka_ros2/franka_semantic_components'
[0.509s] INFO:colcon.colcon_core.package_selection:Skipping not selected package 'franka_robot_state_broadcaster' in 'src/franka_ros2/franka_robot_state_broadcaster'
[0.509s] INFO:colcon.colcon_core.package_selection:Skipping not selected package 'franka_bringup' in 'src/franka_ros2/franka_bringup'
[0.522s] Level 1:colcon.colcon_core.package_discovery:discover_packages(prefix_path) check parameters
[0.522s] Level 1:colcon.colcon_core.package_discovery:discover_packages(prefix_path) discover
[0.536s] DEBUG:colcon.colcon_installed_package_information.package_discovery:Found 11 installed packages in /home/curdin/franka_ros2_ws/install
[0.543s] DEBUG:colcon.colcon_installed_package_information.package_discovery:Found 363 installed packages in /opt/ros/humble
[0.549s] Level 1:colcon.colcon_core.package_discovery:discover_packages(prefix_path) using defaults
[0.598s] Level 5:colcon.colcon_core.verb:set package 'franka_example_controllers' build argument 'cmake_args' from command line to 'None'
[0.598s] Level 5:colcon.colcon_core.verb:set package 'franka_example_controllers' build argument 'cmake_target' from command line to 'None'
[0.598s] Level 5:colcon.colcon_core.verb:set package 'franka_example_controllers' build argument 'cmake_target_skip_unavailable' from command line to 'False'
[0.598s] Level 5:colcon.colcon_core.verb:set package 'franka_example_controllers' build argument 'cmake_clean_cache' from command line to 'False'
[0.598s] Level 5:colcon.colcon_core.verb:set package 'franka_example_controllers' build argument 'cmake_clean_first' from command line to 'False'
[0.598s] Level 5:colcon.colcon_core.verb:set package 'franka_example_controllers' build argument 'cmake_force_configure' from command line to 'False'
[0.598s] Level 5:colcon.colcon_core.verb:set package 'franka_example_controllers' build argument 'ament_cmake_args' from command line to 'None'
[0.598s] Level 5:colcon.colcon_core.verb:set package 'franka_example_controllers' build argument 'catkin_cmake_args' from command line to 'None'
[0.598s] Level 5:colcon.colcon_core.verb:set package 'franka_example_controllers' build argument 'catkin_skip_building_tests' from command line to 'False'
[0.598s] DEBUG:colcon.colcon_core.verb:Building package 'franka_example_controllers' with the following arguments: {'ament_cmake_args': None, 'build_base': '/home/curdin/franka_ros2_ws/build/franka_example_controllers', 'catkin_cmake_args': None, 'catkin_skip_building_tests': False, 'cmake_args': None, 'cmake_clean_cache': False, 'cmake_clean_first': False, 'cmake_force_configure': False, 'cmake_target': None, 'cmake_target_skip_unavailable': False, 'install_base': '/home/curdin/franka_ros2_ws/install/franka_example_controllers', 'merge_install': False, 'path': '/home/curdin/franka_ros2_ws/src/franka_ros2/franka_example_controllers', 'symlink_install': False, 'test_result_base': None}
[0.604s] INFO:colcon.colcon_core.executor:Executing jobs using 'parallel' executor
[0.611s] DEBUG:colcon.colcon_parallel_executor.executor.parallel:run_until_complete
[0.611s] INFO:colcon.colcon_ros.task.ament_cmake.build:Building ROS package in '/home/curdin/franka_ros2_ws/src/franka_ros2/franka_example_controllers' with build type 'ament_cmake'
[0.611s] INFO:colcon.colcon_cmake.task.cmake.build:Building CMake package in '/home/curdin/franka_ros2_ws/src/franka_ros2/franka_example_controllers'
[0.618s] INFO:colcon.colcon_core.plugin_system:Skipping extension 'colcon_core.shell.bat': Not used on non-Windows systems
[0.619s] INFO:colcon.colcon_core.shell:Skip shell extension 'powershell' for command environment: Not usable outside of PowerShell
[0.619s] DEBUG:colcon.colcon_core.shell:Skip shell extension 'dsv' for command environment
[0.647s] DEBUG:colcon.colcon_core.event_handler.log_command:Invoking command in '/home/curdin/franka_ros2_ws/build/franka_example_controllers': CMAKE_PREFIX_PATH=/home/curdin/franka_ros2_ws/install/franka_semantic_components:/home/curdin/franka_ros2_ws/install/franka_hardware:/home/curdin/franka_ros2_ws/install/franka_msgs:/home/curdin/franka_ros2_ws/install/joint_trajectory_controller:/home/curdin/franka_ros2_ws/install/integration_launch_testing:/home/curdin/franka_ros2_ws/install/franka_bringup:/home/curdin/franka_ros2_ws/install/franka_robot_state_broadcaster:/home/curdin/franka_ros2_ws/install/franka_example_controllers:/home/curdin/franka_ros2_ws/install/franka_moveit_config:/home/curdin/franka_ros2_ws/install/franka_gripper:/home/curdin/franka_ros2_ws/install/franka_description:/opt/ros/humble LD_LIBRARY_PATH=/home/curdin/franka_ros2_ws/install/franka_semantic_components/lib:/home/curdin/franka_ros2_ws/install/franka_hardware/lib:/home/curdin/franka_ros2_ws/install/franka_msgs/lib:/home/curdin/franka_ros2_ws/install/joint_trajectory_controller/lib:/home/curdin/franka_ros2_ws/install/integration_launch_testing/lib:/home/curdin/franka_ros2_ws/install/franka_robot_state_broadcaster/lib:/home/curdin/franka_ros2_ws/install/franka_example_controllers/lib:/home/curdin/franka_ros2_ws/install/franka_gripper/lib:/opt/ros/humble/opt/rviz_ogre_vendor/lib:/opt/ros/humble/lib/x86_64-linux-gnu:/opt/ros/humble/lib /usr/bin/cmake --build /home/curdin/franka_ros2_ws/build/franka_example_controllers -- -j20 -l20
[18.519s] DEBUG:colcon.colcon_core.event_handler.log_command:Invoked command in '/home/curdin/franka_ros2_ws/build/franka_example_controllers' returned '0': CMAKE_PREFIX_PATH=/home/curdin/franka_ros2_ws/install/franka_semantic_components:/home/curdin/franka_ros2_ws/install/franka_hardware:/home/curdin/franka_ros2_ws/install/franka_msgs:/home/curdin/franka_ros2_ws/install/joint_trajectory_controller:/home/curdin/franka_ros2_ws/install/integration_launch_testing:/home/curdin/franka_ros2_ws/install/franka_bringup:/home/curdin/franka_ros2_ws/install/franka_robot_state_broadcaster:/home/curdin/franka_ros2_ws/install/franka_example_controllers:/home/curdin/franka_ros2_ws/install/franka_moveit_config:/home/curdin/franka_ros2_ws/install/franka_gripper:/home/curdin/franka_ros2_ws/install/franka_description:/opt/ros/humble LD_LIBRARY_PATH=/home/curdin/franka_ros2_ws/install/franka_semantic_components/lib:/home/curdin/franka_ros2_ws/install/franka_hardware/lib:/home/curdin/franka_ros2_ws/install/franka_msgs/lib:/home/curdin/franka_ros2_ws/install/joint_trajectory_controller/lib:/home/curdin/franka_ros2_ws/install/integration_launch_testing/lib:/home/curdin/franka_ros2_ws/install/franka_robot_state_broadcaster/lib:/home/curdin/franka_ros2_ws/install/franka_example_controllers/lib:/home/curdin/franka_ros2_ws/install/franka_gripper/lib:/opt/ros/humble/opt/rviz_ogre_vendor/lib:/opt/ros/humble/lib/x86_64-linux-gnu:/opt/ros/humble/lib /usr/bin/cmake --build /home/curdin/franka_ros2_ws/build/franka_example_controllers -- -j20 -l20
[18.561s] DEBUG:colcon.colcon_core.event_handler.log_command:Invoking command in '/home/curdin/franka_ros2_ws/build/franka_example_controllers': CMAKE_PREFIX_PATH=/home/curdin/franka_ros2_ws/install/franka_semantic_components:/home/curdin/franka_ros2_ws/install/franka_hardware:/home/curdin/franka_ros2_ws/install/franka_msgs:/home/curdin/franka_ros2_ws/install/joint_trajectory_controller:/home/curdin/franka_ros2_ws/install/integration_launch_testing:/home/curdin/franka_ros2_ws/install/franka_bringup:/home/curdin/franka_ros2_ws/install/franka_robot_state_broadcaster:/home/curdin/franka_ros2_ws/install/franka_example_controllers:/home/curdin/franka_ros2_ws/install/franka_moveit_config:/home/curdin/franka_ros2_ws/install/franka_gripper:/home/curdin/franka_ros2_ws/install/franka_description:/opt/ros/humble LD_LIBRARY_PATH=/home/curdin/franka_ros2_ws/install/franka_semantic_components/lib:/home/curdin/franka_ros2_ws/install/franka_hardware/lib:/home/curdin/franka_ros2_ws/install/franka_msgs/lib:/home/curdin/franka_ros2_ws/install/joint_trajectory_controller/lib:/home/curdin/franka_ros2_ws/install/integration_launch_testing/lib:/home/curdin/franka_ros2_ws/install/franka_robot_state_broadcaster/lib:/home/curdin/franka_ros2_ws/install/franka_example_controllers/lib:/home/curdin/franka_ros2_ws/install/franka_gripper/lib:/opt/ros/humble/opt/rviz_ogre_vendor/lib:/opt/ros/humble/lib/x86_64-linux-gnu:/opt/ros/humble/lib /usr/bin/cmake --install /home/curdin/franka_ros2_ws/build/franka_example_controllers
[18.569s] Level 1:colcon.colcon_core.environment:create_environment_scripts_only(franka_example_controllers)
[18.570s] DEBUG:colcon.colcon_core.event_handler.log_command:Invoked command in '/home/curdin/franka_ros2_ws/build/franka_example_controllers' returned '0': CMAKE_PREFIX_PATH=/home/curdin/franka_ros2_ws/install/franka_semantic_components:/home/curdin/franka_ros2_ws/install/franka_hardware:/home/curdin/franka_ros2_ws/install/franka_msgs:/home/curdin/franka_ros2_ws/install/joint_trajectory_controller:/home/curdin/franka_ros2_ws/install/integration_launch_testing:/home/curdin/franka_ros2_ws/install/franka_bringup:/home/curdin/franka_ros2_ws/install/franka_robot_state_broadcaster:/home/curdin/franka_ros2_ws/install/franka_example_controllers:/home/curdin/franka_ros2_ws/install/franka_moveit_config:/home/curdin/franka_ros2_ws/install/franka_gripper:/home/curdin/franka_ros2_ws/install/franka_description:/opt/ros/humble LD_LIBRARY_PATH=/home/curdin/franka_ros2_ws/install/franka_semantic_components/lib:/home/curdin/franka_ros2_ws/install/franka_hardware/lib:/home/curdin/franka_ros2_ws/install/franka_msgs/lib:/home/curdin/franka_ros2_ws/install/joint_trajectory_controller/lib:/home/curdin/franka_ros2_ws/install/integration_launch_testing/lib:/home/curdin/franka_ros2_ws/install/franka_robot_state_broadcaster/lib:/home/curdin/franka_ros2_ws/install/franka_example_controllers/lib:/home/curdin/franka_ros2_ws/install/franka_gripper/lib:/opt/ros/humble/opt/rviz_ogre_vendor/lib:/opt/ros/humble/lib/x86_64-linux-gnu:/opt/ros/humble/lib /usr/bin/cmake --install /home/curdin/franka_ros2_ws/build/franka_example_controllers
[18.578s] Level 1:colcon.colcon_core.environment:checking '/home/curdin/franka_ros2_ws/install/franka_example_controllers' for CMake module files
[18.578s] Level 1:colcon.colcon_core.environment:checking '/home/curdin/franka_ros2_ws/install/franka_example_controllers' for CMake config files
[18.578s] Level 1:colcon.colcon_core.shell:create_environment_hook('franka_example_controllers', 'cmake_prefix_path')
[18.585s] INFO:colcon.colcon_core.shell:Creating environment hook '/home/curdin/franka_ros2_ws/install/franka_example_controllers/share/franka_example_controllers/hook/cmake_prefix_path.ps1'
[18.585s] INFO:colcon.colcon_core.shell:Creating environment descriptor '/home/curdin/franka_ros2_ws/install/franka_example_controllers/share/franka_example_controllers/hook/cmake_prefix_path.dsv'
[18.586s] INFO:colcon.colcon_core.shell:Creating environment hook '/home/curdin/franka_ros2_ws/install/franka_example_controllers/share/franka_example_controllers/hook/cmake_prefix_path.sh'
[18.586s] Level 1:colcon.colcon_core.environment:checking '/home/curdin/franka_ros2_ws/install/franka_example_controllers/lib'
[18.586s] Level 1:colcon.colcon_core.shell:create_environment_hook('franka_example_controllers', 'ld_library_path_lib')
[18.593s] INFO:colcon.colcon_core.shell:Creating environment hook '/home/curdin/franka_ros2_ws/install/franka_example_controllers/share/franka_example_controllers/hook/ld_library_path_lib.ps1'
[18.593s] INFO:colcon.colcon_core.shell:Creating environment descriptor '/home/curdin/franka_ros2_ws/install/franka_example_controllers/share/franka_example_controllers/hook/ld_library_path_lib.dsv'
[18.593s] INFO:colcon.colcon_core.shell:Creating environment hook '/home/curdin/franka_ros2_ws/install/franka_example_controllers/share/franka_example_controllers/hook/ld_library_path_lib.sh'
[18.593s] Level 1:colcon.colcon_core.environment:checking '/home/curdin/franka_ros2_ws/install/franka_example_controllers/bin'
[18.593s] Level 1:colcon.colcon_core.environment:checking '/home/curdin/franka_ros2_ws/install/franka_example_controllers/lib/pkgconfig/franka_example_controllers.pc'
[18.593s] Level 1:colcon.colcon_core.environment:checking '/home/curdin/franka_ros2_ws/install/franka_example_controllers/lib/python3.10/site-packages'
[18.593s] Level 1:colcon.colcon_core.environment:checking '/home/curdin/franka_ros2_ws/install/franka_example_controllers/bin'
[18.600s] INFO:colcon.colcon_core.shell:Creating package script '/home/curdin/franka_ros2_ws/install/franka_example_controllers/share/franka_example_controllers/package.ps1'
[18.600s] INFO:colcon.colcon_core.shell:Creating package descriptor '/home/curdin/franka_ros2_ws/install/franka_example_controllers/share/franka_example_controllers/package.dsv'
[18.601s] INFO:colcon.colcon_core.shell:Creating package script '/home/curdin/franka_ros2_ws/install/franka_example_controllers/share/franka_example_controllers/package.sh'
[18.601s] INFO:colcon.colcon_core.shell:Creating package script '/home/curdin/franka_ros2_ws/install/franka_example_controllers/share/franka_example_controllers/package.bash'
[18.601s] INFO:colcon.colcon_core.shell:Creating package script '/home/curdin/franka_ros2_ws/install/franka_example_controllers/share/franka_example_controllers/package.zsh'
[18.602s] Level 1:colcon.colcon_core.environment:create_file_with_runtime_dependencies(/home/curdin/franka_ros2_ws/install/franka_example_controllers/share/colcon-core/packages/franka_example_controllers)
[18.645s] Level 1:colcon.colcon_core.environment:create_environment_scripts_only(franka_example_controllers)
[18.652s] Level 1:colcon.colcon_core.environment:checking '/home/curdin/franka_ros2_ws/install/franka_example_controllers' for CMake module files
[18.652s] Level 1:colcon.colcon_core.environment:checking '/home/curdin/franka_ros2_ws/install/franka_example_controllers' for CMake config files
[18.652s] Level 1:colcon.colcon_core.shell:create_environment_hook('franka_example_controllers', 'cmake_prefix_path')
[18.659s] INFO:colcon.colcon_core.shell:Creating environment hook '/home/curdin/franka_ros2_ws/install/franka_example_controllers/share/franka_example_controllers/hook/cmake_prefix_path.ps1'
[18.659s] INFO:colcon.colcon_core.shell:Creating environment descriptor '/home/curdin/franka_ros2_ws/install/franka_example_controllers/share/franka_example_controllers/hook/cmake_prefix_path.dsv'
[18.659s] INFO:colcon.colcon_core.shell:Creating environment hook '/home/curdin/franka_ros2_ws/install/franka_example_controllers/share/franka_example_controllers/hook/cmake_prefix_path.sh'
[18.660s] Level 1:colcon.colcon_core.environment:checking '/home/curdin/franka_ros2_ws/install/franka_example_controllers/lib'
[18.660s] Level 1:colcon.colcon_core.shell:create_environment_hook('franka_example_controllers', 'ld_library_path_lib')
[18.666s] INFO:colcon.colcon_core.shell:Creating environment hook '/home/curdin/franka_ros2_ws/install/franka_example_controllers/share/franka_example_controllers/hook/ld_library_path_lib.ps1'
[18.666s] INFO:colcon.colcon_core.shell:Creating environment descriptor '/home/curdin/franka_ros2_ws/install/franka_example_controllers/share/franka_example_controllers/hook/ld_library_path_lib.dsv'
[18.667s] INFO:colcon.colcon_core.shell:Creating environment hook '/home/curdin/franka_ros2_ws/install/franka_example_controllers/share/franka_example_controllers/hook/ld_library_path_lib.sh'
[18.667s] Level 1:colcon.colcon_core.environment:checking '/home/curdin/franka_ros2_ws/install/franka_example_controllers/bin'
[18.667s] Level 1:colcon.colcon_core.environment:checking '/home/curdin/franka_ros2_ws/install/franka_example_controllers/lib/pkgconfig/franka_example_controllers.pc'
[18.667s] Level 1:colcon.colcon_core.environment:checking '/home/curdin/franka_ros2_ws/install/franka_example_controllers/lib/python3.10/site-packages'
[18.667s] Level 1:colcon.colcon_core.environment:checking '/home/curdin/franka_ros2_ws/install/franka_example_controllers/bin'
[18.674s] INFO:colcon.colcon_core.shell:Creating package script '/home/curdin/franka_ros2_ws/install/franka_example_controllers/share/franka_example_controllers/package.ps1'
[18.674s] INFO:colcon.colcon_core.shell:Creating package descriptor '/home/curdin/franka_ros2_ws/install/franka_example_controllers/share/franka_example_controllers/package.dsv'
[18.675s] INFO:colcon.colcon_core.shell:Creating package script '/home/curdin/franka_ros2_ws/install/franka_example_controllers/share/franka_example_controllers/package.sh'
[18.675s] INFO:colcon.colcon_core.shell:Creating package script '/home/curdin/franka_ros2_ws/install/franka_example_controllers/share/franka_example_controllers/package.bash'
[18.675s] INFO:colcon.colcon_core.shell:Creating package script '/home/curdin/franka_ros2_ws/install/franka_example_controllers/share/franka_example_controllers/package.zsh'
[18.675s] Level 1:colcon.colcon_core.environment:create_file_with_runtime_dependencies(/home/curdin/franka_ros2_ws/install/franka_example_controllers/share/colcon-core/packages/franka_example_controllers)
[18.675s] DEBUG:colcon.colcon_parallel_executor.executor.parallel:closing loop
[18.675s] DEBUG:colcon.colcon_parallel_executor.executor.parallel:loop closed
[18.675s] DEBUG:colcon.colcon_parallel_executor.executor.parallel:run_until_complete finished with '0'
[18.675s] DEBUG:colcon.colcon_core.event_reactor:joining thread
[18.685s] INFO:colcon.colcon_core.plugin_system:Skipping extension 'colcon_notification.desktop_notification.terminal_notifier': Not used on non-Darwin systems
[18.685s] INFO:colcon.colcon_core.plugin_system:Skipping extension 'colcon_notification.desktop_notification.win32': Not used on non-Windows systems
[18.685s] INFO:colcon.colcon_notification.desktop_notification:Sending desktop notification using 'notify2'
[18.695s] DEBUG:colcon.colcon_core.event_reactor:joined thread
[18.702s] INFO:colcon.colcon_core.shell:Creating prefix script '/home/curdin/franka_ros2_ws/install/local_setup.ps1'
[18.703s] INFO:colcon.colcon_core.shell:Creating prefix util module '/home/curdin/franka_ros2_ws/install/_local_setup_util_ps1.py'
[18.703s] INFO:colcon.colcon_core.shell:Creating prefix chain script '/home/curdin/franka_ros2_ws/install/setup.ps1'
[18.711s] INFO:colcon.colcon_core.shell:Creating prefix script '/home/curdin/franka_ros2_ws/install/local_setup.sh'
[18.711s] INFO:colcon.colcon_core.shell:Creating prefix util module '/home/curdin/franka_ros2_ws/install/_local_setup_util_sh.py'
[18.711s] INFO:colcon.colcon_core.shell:Creating prefix chain script '/home/curdin/franka_ros2_ws/install/setup.sh'
[18.718s] INFO:colcon.colcon_core.shell:Creating prefix script '/home/curdin/franka_ros2_ws/install/local_setup.bash'
[18.718s] INFO:colcon.colcon_core.shell:Creating prefix chain script '/home/curdin/franka_ros2_ws/install/setup.bash'
[18.725s] INFO:colcon.colcon_core.shell:Creating prefix script '/home/curdin/franka_ros2_ws/install/local_setup.zsh'
[18.725s] INFO:colcon.colcon_core.shell:Creating prefix chain script '/home/curdin/franka_ros2_ws/install/setup.zsh'
