[0.116s] Invoking command in '/home/curdin/franka_ros2_ws/build/franka_bringup': AMENT_PREFIX_PATH=/home/curdin/franka_ros2_ws/install/franka_robot_state_broadcaster:/home/curdin/franka_ros2_ws/install/franka_semantic_components:/home/curdin/franka_ros2_ws/install/franka_hardware:/home/curdin/franka_ros2_ws/install/franka_msgs:/home/curdin/franka_ros2_ws/install/franka_description:${AMENT_PREFIX_PATH} CMAKE_PREFIX_PATH=/home/curdin/franka_ros2_ws/install/franka_robot_state_broadcaster:/home/curdin/franka_ros2_ws/install/franka_semantic_components:/home/curdin/franka_ros2_ws/install/franka_hardware:/home/curdin/franka_ros2_ws/install/franka_msgs:/home/curdin/franka_ros2_ws/install/franka_description:/opt/ros/humble LD_LIBRARY_PATH=/home/curdin/franka_ros2_ws/install/franka_robot_state_broadcaster/lib:/home/curdin/franka_ros2_ws/install/franka_semantic_components/lib:/home/curdin/franka_ros2_ws/install/franka_hardware/lib:/home/curdin/franka_ros2_ws/install/franka_msgs/lib:${LD_LIBRARY_PATH} PYTHONPATH=/home/curdin/franka_ros2_ws/install/franka_msgs/local/lib/python3.10/dist-packages:${PYTHONPATH} /usr/bin/cmake /home/curdin/franka_ros2_ws/src/franka_ros2/franka_bringup -DCMAKE_BUILD_TYPE=Release -DCMAKE_INSTALL_PREFIX=/home/curdin/franka_ros2_ws/install/franka_bringup
[0.216s] -- The C compiler identification is GNU 11.4.0
[0.299s] -- The CXX compiler identification is GNU 11.4.0
[0.311s] -- Detecting C compiler ABI info
[0.405s] -- Detecting C compiler ABI info - done
[0.417s] -- Check for working C compiler: /usr/bin/cc - skipped
[0.417s] -- Detecting C compile features
[0.417s] -- Detecting C compile features - done
[0.422s] -- Detecting CXX compiler ABI info
[0.530s] -- Detecting CXX compiler ABI info - done
[0.538s] -- Check for working CXX compiler: /usr/bin/c++ - skipped
[0.538s] -- Detecting CXX compile features
[0.539s] -- Detecting CXX compile features - done
[0.542s] -- Found ament_cmake: 1.3.7 (/opt/ros/humble/share/ament_cmake/cmake)
[0.779s] -- Found Python3: /usr/bin/python3.10 (found version "3.10.12") found components: Interpreter 
[0.907s] -- Found ament_lint_auto: 0.12.8 (/opt/ros/humble/share/ament_lint_auto/cmake)
[1.014s] -- Added test 'copyright' to check source files copyright and LICENSE
[1.015s] -- Added test 'flake8' to check Python code syntax and style conventions
[1.016s] -- Added test 'lint_cmake' to check CMake code style
[1.016s] -- Added test 'pep257' to check Python code against some of the docstring style conventions in PEP 257
[1.017s] -- Added test 'xmllint' to check XML markup files
[1.018s] -- Configuring done
[1.021s] -- Generating done
[1.022s] -- Build files have been written to: /home/curdin/franka_ros2_ws/build/franka_bringup
[1.029s] Invoked command in '/home/curdin/franka_ros2_ws/build/franka_bringup' returned '0': AMENT_PREFIX_PATH=/home/curdin/franka_ros2_ws/install/franka_robot_state_broadcaster:/home/curdin/franka_ros2_ws/install/franka_semantic_components:/home/curdin/franka_ros2_ws/install/franka_hardware:/home/curdin/franka_ros2_ws/install/franka_msgs:/home/curdin/franka_ros2_ws/install/franka_description:${AMENT_PREFIX_PATH} CMAKE_PREFIX_PATH=/home/curdin/franka_ros2_ws/install/franka_robot_state_broadcaster:/home/curdin/franka_ros2_ws/install/franka_semantic_components:/home/curdin/franka_ros2_ws/install/franka_hardware:/home/curdin/franka_ros2_ws/install/franka_msgs:/home/curdin/franka_ros2_ws/install/franka_description:/opt/ros/humble LD_LIBRARY_PATH=/home/curdin/franka_ros2_ws/install/franka_robot_state_broadcaster/lib:/home/curdin/franka_ros2_ws/install/franka_semantic_components/lib:/home/curdin/franka_ros2_ws/install/franka_hardware/lib:/home/curdin/franka_ros2_ws/install/franka_msgs/lib:${LD_LIBRARY_PATH} PYTHONPATH=/home/curdin/franka_ros2_ws/install/franka_msgs/local/lib/python3.10/dist-packages:${PYTHONPATH} /usr/bin/cmake /home/curdin/franka_ros2_ws/src/franka_ros2/franka_bringup -DCMAKE_BUILD_TYPE=Release -DCMAKE_INSTALL_PREFIX=/home/curdin/franka_ros2_ws/install/franka_bringup
[1.033s] Invoking command in '/home/curdin/franka_ros2_ws/build/franka_bringup': AMENT_PREFIX_PATH=/home/curdin/franka_ros2_ws/install/franka_robot_state_broadcaster:/home/curdin/franka_ros2_ws/install/franka_semantic_components:/home/curdin/franka_ros2_ws/install/franka_hardware:/home/curdin/franka_ros2_ws/install/franka_msgs:/home/curdin/franka_ros2_ws/install/franka_description:${AMENT_PREFIX_PATH} CMAKE_PREFIX_PATH=/home/curdin/franka_ros2_ws/install/franka_robot_state_broadcaster:/home/curdin/franka_ros2_ws/install/franka_semantic_components:/home/curdin/franka_ros2_ws/install/franka_hardware:/home/curdin/franka_ros2_ws/install/franka_msgs:/home/curdin/franka_ros2_ws/install/franka_description:/opt/ros/humble LD_LIBRARY_PATH=/home/curdin/franka_ros2_ws/install/franka_robot_state_broadcaster/lib:/home/curdin/franka_ros2_ws/install/franka_semantic_components/lib:/home/curdin/franka_ros2_ws/install/franka_hardware/lib:/home/curdin/franka_ros2_ws/install/franka_msgs/lib:${LD_LIBRARY_PATH} PYTHONPATH=/home/curdin/franka_ros2_ws/install/franka_msgs/local/lib/python3.10/dist-packages:${PYTHONPATH} /usr/bin/cmake --build /home/curdin/franka_ros2_ws/build/franka_bringup -- -j20 -l20
[1.084s] Invoked command in '/home/curdin/franka_ros2_ws/build/franka_bringup' returned '0': AMENT_PREFIX_PATH=/home/curdin/franka_ros2_ws/install/franka_robot_state_broadcaster:/home/curdin/franka_ros2_ws/install/franka_semantic_components:/home/curdin/franka_ros2_ws/install/franka_hardware:/home/curdin/franka_ros2_ws/install/franka_msgs:/home/curdin/franka_ros2_ws/install/franka_description:${AMENT_PREFIX_PATH} CMAKE_PREFIX_PATH=/home/curdin/franka_ros2_ws/install/franka_robot_state_broadcaster:/home/curdin/franka_ros2_ws/install/franka_semantic_components:/home/curdin/franka_ros2_ws/install/franka_hardware:/home/curdin/franka_ros2_ws/install/franka_msgs:/home/curdin/franka_ros2_ws/install/franka_description:/opt/ros/humble LD_LIBRARY_PATH=/home/curdin/franka_ros2_ws/install/franka_robot_state_broadcaster/lib:/home/curdin/franka_ros2_ws/install/franka_semantic_components/lib:/home/curdin/franka_ros2_ws/install/franka_hardware/lib:/home/curdin/franka_ros2_ws/install/franka_msgs/lib:${LD_LIBRARY_PATH} PYTHONPATH=/home/curdin/franka_ros2_ws/install/franka_msgs/local/lib/python3.10/dist-packages:${PYTHONPATH} /usr/bin/cmake --build /home/curdin/franka_ros2_ws/build/franka_bringup -- -j20 -l20
[1.110s] Invoking command in '/home/curdin/franka_ros2_ws/build/franka_bringup': AMENT_PREFIX_PATH=/home/curdin/franka_ros2_ws/install/franka_robot_state_broadcaster:/home/curdin/franka_ros2_ws/install/franka_semantic_components:/home/curdin/franka_ros2_ws/install/franka_hardware:/home/curdin/franka_ros2_ws/install/franka_msgs:/home/curdin/franka_ros2_ws/install/franka_description:${AMENT_PREFIX_PATH} CMAKE_PREFIX_PATH=/home/curdin/franka_ros2_ws/install/franka_robot_state_broadcaster:/home/curdin/franka_ros2_ws/install/franka_semantic_components:/home/curdin/franka_ros2_ws/install/franka_hardware:/home/curdin/franka_ros2_ws/install/franka_msgs:/home/curdin/franka_ros2_ws/install/franka_description:/opt/ros/humble LD_LIBRARY_PATH=/home/curdin/franka_ros2_ws/install/franka_robot_state_broadcaster/lib:/home/curdin/franka_ros2_ws/install/franka_semantic_components/lib:/home/curdin/franka_ros2_ws/install/franka_hardware/lib:/home/curdin/franka_ros2_ws/install/franka_msgs/lib:${LD_LIBRARY_PATH} PYTHONPATH=/home/curdin/franka_ros2_ws/install/franka_msgs/local/lib/python3.10/dist-packages:${PYTHONPATH} /usr/bin/cmake --install /home/curdin/franka_ros2_ws/build/franka_bringup
[1.119s] -- Install configuration: "Release"
[1.119s] -- Installing: /home/curdin/franka_ros2_ws/install/franka_bringup/share/franka_bringup/config
[1.119s] -- Installing: /home/curdin/franka_ros2_ws/install/franka_bringup/share/franka_bringup/config/controllers.yaml
[1.119s] -- Installing: /home/curdin/franka_ros2_ws/install/franka_bringup/share/franka_bringup/launch
[1.120s] -- Installing: /home/curdin/franka_ros2_ws/install/franka_bringup/share/franka_bringup/launch/cartesian_velocity_example_controller.launch.py
[1.120s] -- Installing: /home/curdin/franka_ros2_ws/install/franka_bringup/share/franka_bringup/launch/joint_position_example_controller.launch.py
[1.120s] -- Installing: /home/curdin/franka_ros2_ws/install/franka_bringup/share/franka_bringup/launch/joint_impedance_example_controller.launch.py
[1.120s] -- Installing: /home/curdin/franka_ros2_ws/install/franka_bringup/share/franka_bringup/launch/elbow_example_controller.launch.py
[1.120s] -- Installing: /home/curdin/franka_ros2_ws/install/franka_bringup/share/franka_bringup/launch/gravity_compensation_example_controller.launch.py
[1.120s] -- Installing: /home/curdin/franka_ros2_ws/install/franka_bringup/share/franka_bringup/launch/model_example_controller.launch.py
[1.120s] -- Installing: /home/curdin/franka_ros2_ws/install/franka_bringup/share/franka_bringup/launch/franka.launch.py
[1.120s] -- Installing: /home/curdin/franka_ros2_ws/install/franka_bringup/share/franka_bringup/launch/move_to_start_example_controller.launch.py
[1.121s] -- Installing: /home/curdin/franka_ros2_ws/install/franka_bringup/share/franka_bringup/launch/joint_velocity_example_controller.launch.py
[1.121s] -- Installing: /home/curdin/franka_ros2_ws/install/franka_bringup/share/ament_index/resource_index/package_run_dependencies/franka_bringup
[1.121s] -- Installing: /home/curdin/franka_ros2_ws/install/franka_bringup/share/ament_index/resource_index/parent_prefix_path/franka_bringup
[1.121s] -- Installing: /home/curdin/franka_ros2_ws/install/franka_bringup/share/franka_bringup/environment/ament_prefix_path.sh
[1.121s] -- Installing: /home/curdin/franka_ros2_ws/install/franka_bringup/share/franka_bringup/environment/ament_prefix_path.dsv
[1.121s] -- Installing: /home/curdin/franka_ros2_ws/install/franka_bringup/share/franka_bringup/environment/path.sh
[1.121s] -- Installing: /home/curdin/franka_ros2_ws/install/franka_bringup/share/franka_bringup/environment/path.dsv
[1.121s] -- Installing: /home/curdin/franka_ros2_ws/install/franka_bringup/share/franka_bringup/local_setup.bash
[1.121s] -- Installing: /home/curdin/franka_ros2_ws/install/franka_bringup/share/franka_bringup/local_setup.sh
[1.121s] -- Installing: /home/curdin/franka_ros2_ws/install/franka_bringup/share/franka_bringup/local_setup.zsh
[1.122s] -- Installing: /home/curdin/franka_ros2_ws/install/franka_bringup/share/franka_bringup/local_setup.dsv
[1.122s] -- Installing: /home/curdin/franka_ros2_ws/install/franka_bringup/share/franka_bringup/package.dsv
[1.122s] -- Installing: /home/curdin/franka_ros2_ws/install/franka_bringup/share/ament_index/resource_index/packages/franka_bringup
[1.122s] -- Installing: /home/curdin/franka_ros2_ws/install/franka_bringup/share/franka_bringup/cmake/franka_bringupConfig.cmake
[1.122s] -- Installing: /home/curdin/franka_ros2_ws/install/franka_bringup/share/franka_bringup/cmake/franka_bringupConfig-version.cmake
[1.123s] -- Installing: /home/curdin/franka_ros2_ws/install/franka_bringup/share/franka_bringup/package.xml
[1.125s] Invoked command in '/home/curdin/franka_ros2_ws/build/franka_bringup' returned '0': AMENT_PREFIX_PATH=/home/curdin/franka_ros2_ws/install/franka_robot_state_broadcaster:/home/curdin/franka_ros2_ws/install/franka_semantic_components:/home/curdin/franka_ros2_ws/install/franka_hardware:/home/curdin/franka_ros2_ws/install/franka_msgs:/home/curdin/franka_ros2_ws/install/franka_description:${AMENT_PREFIX_PATH} CMAKE_PREFIX_PATH=/home/curdin/franka_ros2_ws/install/franka_robot_state_broadcaster:/home/curdin/franka_ros2_ws/install/franka_semantic_components:/home/curdin/franka_ros2_ws/install/franka_hardware:/home/curdin/franka_ros2_ws/install/franka_msgs:/home/curdin/franka_ros2_ws/install/franka_description:/opt/ros/humble LD_LIBRARY_PATH=/home/curdin/franka_ros2_ws/install/franka_robot_state_broadcaster/lib:/home/curdin/franka_ros2_ws/install/franka_semantic_components/lib:/home/curdin/franka_ros2_ws/install/franka_hardware/lib:/home/curdin/franka_ros2_ws/install/franka_msgs/lib:${LD_LIBRARY_PATH} PYTHONPATH=/home/curdin/franka_ros2_ws/install/franka_msgs/local/lib/python3.10/dist-packages:${PYTHONPATH} /usr/bin/cmake --install /home/curdin/franka_ros2_ws/build/franka_bringup
