[0.039s] Invoking command in '/home/curdin/franka_ros2_ws/build/franka_example_controllers': CMAKE_PREFIX_PATH=/home/curdin/franka_ros2_ws/install/franka_semantic_components:/home/curdin/franka_ros2_ws/install/franka_hardware:/home/curdin/franka_ros2_ws/install/franka_msgs:/home/curdin/franka_ros2_ws/install/joint_trajectory_controller:/home/curdin/franka_ros2_ws/install/integration_launch_testing:/home/curdin/franka_ros2_ws/install/franka_bringup:/home/curdin/franka_ros2_ws/install/franka_robot_state_broadcaster:/home/curdin/franka_ros2_ws/install/franka_example_controllers:/home/curdin/franka_ros2_ws/install/franka_moveit_config:/home/curdin/franka_ros2_ws/install/franka_gripper:/home/curdin/franka_ros2_ws/install/franka_description:/opt/ros/humble LD_LIBRARY_PATH=/home/curdin/franka_ros2_ws/install/franka_semantic_components/lib:/home/curdin/franka_ros2_ws/install/franka_hardware/lib:/home/curdin/franka_ros2_ws/install/franka_msgs/lib:/home/curdin/franka_ros2_ws/install/joint_trajectory_controller/lib:/home/curdin/franka_ros2_ws/install/integration_launch_testing/lib:/home/curdin/franka_ros2_ws/install/franka_robot_state_broadcaster/lib:/home/curdin/franka_ros2_ws/install/franka_example_controllers/lib:/home/curdin/franka_ros2_ws/install/franka_gripper/lib:/opt/ros/humble/opt/rviz_ogre_vendor/lib:/opt/ros/humble/lib/x86_64-linux-gnu:/opt/ros/humble/lib /usr/bin/cmake /home/curdin/franka_ros2_ws/src/franka_ros2/franka_example_controllers -DCMAKE_BUILD_TYPE=Release -DCMAKE_INSTALL_PREFIX=/home/curdin/franka_ros2_ws/install/franka_example_controllers
[0.076s] -- The C compiler identification is GNU 11.4.0
[0.114s] -- The CXX compiler identification is GNU 11.4.0
[0.119s] -- Detecting C compiler ABI info
[0.170s] -- Detecting C compiler ABI info - done
[0.175s] -- Check for working C compiler: /usr/bin/cc - skipped
[0.175s] -- Detecting C compile features
[0.175s] -- Detecting C compile features - done
[0.178s] -- Detecting CXX compiler ABI info
[0.241s] -- Detecting CXX compiler ABI info - done
[0.251s] -- Check for working CXX compiler: /usr/bin/c++ - skipped
[0.251s] -- Detecting CXX compile features
[0.251s] -- Detecting CXX compile features - done
[0.255s] -- Found ament_cmake: 1.3.7 (/opt/ros/humble/share/ament_cmake/cmake)
[0.431s] -- Found Python3: /usr/bin/python3.10 (found version "3.10.12") found components: Interpreter 
[0.527s] -- Found rclcpp: 16.0.6 (/opt/ros/humble/share/rclcpp/cmake)
[0.569s] -- Found rosidl_generator_c: 3.1.5 (/opt/ros/humble/share/rosidl_generator_c/cmake)
[0.574s] -- Found rosidl_adapter: 3.1.5 (/opt/ros/humble/share/rosidl_adapter/cmake)
[0.582s] -- Found rosidl_generator_cpp: 3.1.5 (/opt/ros/humble/share/rosidl_generator_cpp/cmake)
[0.594s] -- Using all available rosidl_typesupport_c: rosidl_typesupport_fastrtps_c;rosidl_typesupport_introspection_c
[0.612s] -- Using all available rosidl_typesupport_cpp: rosidl_typesupport_fastrtps_cpp;rosidl_typesupport_introspection_cpp
[0.674s] -- Found rmw_implementation_cmake: 6.1.1 (/opt/ros/humble/share/rmw_implementation_cmake/cmake)
[0.677s] -- Found rmw_fastrtps_cpp: 6.2.4 (/opt/ros/humble/share/rmw_fastrtps_cpp/cmake)
[0.772s] -- Found OpenSSL: /usr/lib/x86_64-linux-gnu/libcrypto.so (found version "3.0.2")  
[0.795s] -- Found FastRTPS: /opt/ros/humble/include  
[0.838s] -- Using RMW implementation 'rmw_fastrtps_cpp' as default
[0.848s] -- Looking for pthread.h
[0.917s] -- Looking for pthread.h - found
[0.918s] -- Performing Test CMAKE_HAVE_LIBC_PTHREAD
[0.991s] -- Performing Test CMAKE_HAVE_LIBC_PTHREAD - Success
[0.992s] -- Found Threads: TRUE  
[1.132s] -- Found controller_interface: 2.32.0 (/opt/ros/humble/share/controller_interface/cmake)
[1.710s] -- Found franka_msgs: 0.1.8 (/home/curdin/franka_ros2_ws/install/franka_msgs/share/franka_msgs/cmake)
[1.783s] -- Found franka_semantic_components: 0.1.0 (/home/curdin/franka_ros2_ws/install/franka_semantic_components/share/franka_semantic_components/cmake)
[2.110s] -- Found generate_parameter_library: 0.3.7 (/opt/ros/humble/share/generate_parameter_library/cmake)
[2.112s] -- Found parameter_traits: 0.3.6 (/opt/ros/humble/share/parameter_traits/cmake)
[2.686s] -- Found ament_cmake_clang_format: 0.12.10 (/opt/ros/humble/share/ament_cmake_clang_format/cmake)
[2.688s] -- Found ament_cmake_copyright: 0.12.8 (/opt/ros/humble/share/ament_cmake_copyright/cmake)
[2.690s] -- Found ament_cmake_cppcheck: 0.12.8 (/opt/ros/humble/share/ament_cmake_cppcheck/cmake)
[2.692s] -- Found ament_cmake_flake8: 0.12.8 (/opt/ros/humble/share/ament_cmake_flake8/cmake)
[2.693s] -- Found ament_cmake_lint_cmake: 0.12.8 (/opt/ros/humble/share/ament_cmake_lint_cmake/cmake)
[2.695s] -- Found ament_cmake_pep257: 0.12.8 (/opt/ros/humble/share/ament_cmake_pep257/cmake)
[2.697s] -- Found ament_cmake_xmllint: 0.12.8 (/opt/ros/humble/share/ament_cmake_xmllint/cmake)
[2.698s] -- Found ament_cmake_gmock: 1.3.5 (/opt/ros/humble/share/ament_cmake_gmock/cmake)
[2.700s] -- Found controller_manager: 2.37.0 (/opt/ros/humble/share/controller_manager/cmake)
[2.949s] -- Found ros2_control_test_assets: 2.37.0 (/opt/ros/humble/share/ros2_control_test_assets/cmake)
[2.954s] -- Found gmock sources under '/opt/ros/humble/src/gmock_vendor': C++ tests using 'Google Mock' will be built
[2.958s] -- Found ament_cmake_gtest: 1.3.5 (/opt/ros/humble/share/ament_cmake_gtest/cmake)
[2.959s] -- Found gtest sources under '/opt/ros/humble/src/gtest_vendor': C++ tests using 'Google Test' will be built
[3.422s] -- Configuring done
[3.501s] -- Generating done
[3.503s] -- Build files have been written to: /home/curdin/franka_ros2_ws/build/franka_example_controllers
[3.523s] Invoked command in '/home/curdin/franka_ros2_ws/build/franka_example_controllers' returned '0': CMAKE_PREFIX_PATH=/home/curdin/franka_ros2_ws/install/franka_semantic_components:/home/curdin/franka_ros2_ws/install/franka_hardware:/home/curdin/franka_ros2_ws/install/franka_msgs:/home/curdin/franka_ros2_ws/install/joint_trajectory_controller:/home/curdin/franka_ros2_ws/install/integration_launch_testing:/home/curdin/franka_ros2_ws/install/franka_bringup:/home/curdin/franka_ros2_ws/install/franka_robot_state_broadcaster:/home/curdin/franka_ros2_ws/install/franka_example_controllers:/home/curdin/franka_ros2_ws/install/franka_moveit_config:/home/curdin/franka_ros2_ws/install/franka_gripper:/home/curdin/franka_ros2_ws/install/franka_description:/opt/ros/humble LD_LIBRARY_PATH=/home/curdin/franka_ros2_ws/install/franka_semantic_components/lib:/home/curdin/franka_ros2_ws/install/franka_hardware/lib:/home/curdin/franka_ros2_ws/install/franka_msgs/lib:/home/curdin/franka_ros2_ws/install/joint_trajectory_controller/lib:/home/curdin/franka_ros2_ws/install/integration_launch_testing/lib:/home/curdin/franka_ros2_ws/install/franka_robot_state_broadcaster/lib:/home/curdin/franka_ros2_ws/install/franka_example_controllers/lib:/home/curdin/franka_ros2_ws/install/franka_gripper/lib:/opt/ros/humble/opt/rviz_ogre_vendor/lib:/opt/ros/humble/lib/x86_64-linux-gnu:/opt/ros/humble/lib /usr/bin/cmake /home/curdin/franka_ros2_ws/src/franka_ros2/franka_example_controllers -DCMAKE_BUILD_TYPE=Release -DCMAKE_INSTALL_PREFIX=/home/curdin/franka_ros2_ws/install/franka_example_controllers
[3.525s] Invoking command in '/home/curdin/franka_ros2_ws/build/franka_example_controllers': CMAKE_PREFIX_PATH=/home/curdin/franka_ros2_ws/install/franka_semantic_components:/home/curdin/franka_ros2_ws/install/franka_hardware:/home/curdin/franka_ros2_ws/install/franka_msgs:/home/curdin/franka_ros2_ws/install/joint_trajectory_controller:/home/curdin/franka_ros2_ws/install/integration_launch_testing:/home/curdin/franka_ros2_ws/install/franka_bringup:/home/curdin/franka_ros2_ws/install/franka_robot_state_broadcaster:/home/curdin/franka_ros2_ws/install/franka_example_controllers:/home/curdin/franka_ros2_ws/install/franka_moveit_config:/home/curdin/franka_ros2_ws/install/franka_gripper:/home/curdin/franka_ros2_ws/install/franka_description:/opt/ros/humble LD_LIBRARY_PATH=/home/curdin/franka_ros2_ws/install/franka_semantic_components/lib:/home/curdin/franka_ros2_ws/install/franka_hardware/lib:/home/curdin/franka_ros2_ws/install/franka_msgs/lib:/home/curdin/franka_ros2_ws/install/joint_trajectory_controller/lib:/home/curdin/franka_ros2_ws/install/integration_launch_testing/lib:/home/curdin/franka_ros2_ws/install/franka_robot_state_broadcaster/lib:/home/curdin/franka_ros2_ws/install/franka_example_controllers/lib:/home/curdin/franka_ros2_ws/install/franka_gripper/lib:/opt/ros/humble/opt/rviz_ogre_vendor/lib:/opt/ros/humble/lib/x86_64-linux-gnu:/opt/ros/humble/lib /usr/bin/cmake --build /home/curdin/franka_ros2_ws/build/franka_example_controllers -- -j20 -l20
[3.576s] [  4%] [34m[1mRunning `/opt/ros/humble/bin/generate_parameter_library_cpp /home/curdin/franka_ros2_ws/build/franka_example_controllers/franka_example_controllers_parameters/include//franka_example_controllers_parameters.hpp /home/curdin/franka_ros2_ws/src/franka_ros2/franka_example_controllers/src/model_example_controller_parameters.yaml `[0m
[3.581s] [  8%] [32mBuilding CXX object gmock/CMakeFiles/gmock.dir/opt/ros/humble/src/gtest_vendor/src/gtest-all.cc.o[0m
[3.583s] [ 12%] [32mBuilding CXX object gmock/CMakeFiles/gmock.dir/src/gmock-all.cc.o[0m
[3.585s] [ 16%] [32mBuilding CXX object gmock/CMakeFiles/gmock_main.dir/src/gmock_main.cc.o[0m
[3.772s] [ 16%] Built target franka_example_controllers_parameters
[3.808s] [ 20%] [32mBuilding CXX object CMakeFiles/franka_example_controllers.dir/src/gravity_compensation_example_controller.cpp.o[0m
[3.814s] [ 33%] [32mBuilding CXX object CMakeFiles/franka_example_controllers.dir/src/cartesian_velocity_example_controller.cpp.o[0m
[3.814s] [ 33%] [32mBuilding CXX object CMakeFiles/franka_example_controllers.dir/src/joint_position_example_controller.cpp.o[0m
[3.815s] [ 33%] [32mBuilding CXX object CMakeFiles/franka_example_controllers.dir/src/cartesian_impedance_controller.cpp.o[0m
[3.817s] [ 41%] [32mBuilding CXX object CMakeFiles/franka_example_controllers.dir/src/move_to_start_example_controller.cpp.o[0m
[3.818s] [ 45%] [32mBuilding CXX object CMakeFiles/franka_example_controllers.dir/src/elbow_example_controller.cpp.o[0m
[3.818s] [ 45%] [32mBuilding CXX object CMakeFiles/franka_example_controllers.dir/src/joint_velocity_example_controller.cpp.o[0m
[3.818s] [ 50%] [32mBuilding CXX object CMakeFiles/franka_example_controllers.dir/src/model_example_controller.cpp.o[0m
[3.832s] [ 54%] [32mBuilding CXX object CMakeFiles/franka_example_controllers.dir/src/motion_generator.cpp.o[0m
[7.643s] [ 58%] [32m[1mLinking CXX static library libgmock_main.a[0m
[7.755s] [ 58%] Built target gmock_main
[22.773s] [ 62%] [32m[1mLinking CXX static library libgmock.a[0m
[22.840s] [ 62%] Built target gmock
[22.882s] [ 70%] [32mBuilding CXX object CMakeFiles/franka_example_controllers_test.dir/test/test_load_gravity_compensation_controller.cpp.o[0m
[22.882s] [ 70%] [32mBuilding CXX object CMakeFiles/franka_example_controllers_test_load_move_to_start.dir/test/test_load_move_to_start_example_controller.cpp.o[0m
[31.009s] [ 75%] [32m[1mLinking CXX executable franka_example_controllers_test[0m
[31.266s] [ 75%] Built target franka_example_controllers_test
[32.007s] [ 79%] [32m[1mLinking CXX executable franka_example_controllers_test_load_move_to_start[0m
[32.162s] [ 79%] Built target franka_example_controllers_test_load_move_to_start
[40.825s] [ 83%] [32m[1mLinking CXX shared library libfranka_example_controllers.so[0m
[41.003s] [ 83%] Built target franka_example_controllers
[41.016s] [ 87%] [32mBuilding CXX object CMakeFiles/franka_example_controllers_gravity_test.dir/test/test_gravity_compensation_example.cpp.o[0m
[41.016s] [ 91%] [32mBuilding CXX object CMakeFiles/franka_example_controllers_move_to_start_test.dir/test/test_move_to_start_example_controller.cpp.o[0m
[44.257s] [ 95%] [32m[1mLinking CXX executable franka_example_controllers_gravity_test[0m
[44.440s] [ 95%] Built target franka_example_controllers_gravity_test
[45.004s] [100%] [32m[1mLinking CXX executable franka_example_controllers_move_to_start_test[0m
[45.146s] [100%] Built target franka_example_controllers_move_to_start_test
