[0.113s] Invoking command in '/home/curdin/franka_ros2_ws/build/franka_msgs': CMAKE_PREFIX_PATH=${CMAKE_PREFIX_PATH}:/opt/ros/humble /usr/bin/cmake /home/curdin/franka_ros2_ws/src/franka_ros2/franka_msgs -DCMAKE_BUILD_TYPE=Release -DCMAKE_INSTALL_PREFIX=/home/curdin/franka_ros2_ws/install/franka_msgs
[0.120s] -- Found ament_cmake: 1.3.7 (/opt/ros/humble/share/ament_cmake/cmake)
[0.208s] -- Found rosidl_default_generators: 1.2.0 (/opt/ros/humble/share/rosidl_default_generators/cmake)
[0.210s] -- Using all available rosidl_typesupport_c: rosidl_typesupport_fastrtps_c;rosidl_typesupport_introspection_c
[0.212s] -- Found rosidl_adapter: 3.1.5 (/opt/ros/humble/share/rosidl_adapter/cmake)
[0.232s] -- Using all available rosidl_typesupport_cpp: rosidl_typesupport_fastrtps_cpp;rosidl_typesupport_introspection_cpp
[0.250s] -- Found std_msgs: 4.2.3 (/opt/ros/humble/share/std_msgs/cmake)
[0.586s] -- Found ament_cmake_ros: 0.10.0 (/opt/ros/humble/share/ament_cmake_ros/cmake)
[0.718s] -- Using all available rosidl_typesupport_c: rosidl_typesupport_fastrtps_c;rosidl_typesupport_introspection_c
[0.892s] -- Using all available rosidl_typesupport_cpp: rosidl_typesupport_fastrtps_cpp;rosidl_typesupport_introspection_cpp
[0.906s] -- Found python_cmake_module: 0.10.0 (/opt/ros/humble/share/python_cmake_module/cmake)
[0.919s] -- Using PYTHON_EXECUTABLE: /usr/bin/python3
[0.919s] -- Using PYTHON_INCLUDE_DIRS: /usr/include/python3.10
[0.920s] -- Using PYTHON_LIBRARIES: /usr/lib/x86_64-linux-gnu/libpython3.10.so
[0.940s] -- Found ament_lint_auto: 0.12.8 (/opt/ros/humble/share/ament_lint_auto/cmake)
[0.944s] -- Added test 'copyright' to check source files copyright and LICENSE
[0.945s] -- Added test 'lint_cmake' to check CMake code style
[0.946s] -- Added test 'xmllint' to check XML markup files
[0.946s] -- Configuring done
[0.975s] -- Generating done
[0.976s] -- Build files have been written to: /home/curdin/franka_ros2_ws/build/franka_msgs
[0.981s] Invoked command in '/home/curdin/franka_ros2_ws/build/franka_msgs' returned '0': CMAKE_PREFIX_PATH=${CMAKE_PREFIX_PATH}:/opt/ros/humble /usr/bin/cmake /home/curdin/franka_ros2_ws/src/franka_ros2/franka_msgs -DCMAKE_BUILD_TYPE=Release -DCMAKE_INSTALL_PREFIX=/home/curdin/franka_ros2_ws/install/franka_msgs
[0.982s] Invoking command in '/home/curdin/franka_ros2_ws/build/franka_msgs': CMAKE_PREFIX_PATH=${CMAKE_PREFIX_PATH}:/opt/ros/humble /usr/bin/cmake --build /home/curdin/franka_ros2_ws/build/franka_msgs -- -j20 -l20
[1.009s] [35m[1mConsolidate compiler generated dependencies of target franka_msgs__rosidl_generator_c[0m
[1.014s] [  0%] Built target franka_msgs__cpp
[1.018s] [ 12%] Built target franka_msgs__rosidl_generator_c
[1.021s] [ 12%] Built target ament_cmake_python_copy_franka_msgs
[1.022s] [35m[1mConsolidate compiler generated dependencies of target franka_msgs__rosidl_typesupport_cpp[0m
[1.023s] [35m[1mConsolidate compiler generated dependencies of target franka_msgs__rosidl_typesupport_introspection_cpp[0m
[1.023s] [35m[1mConsolidate compiler generated dependencies of target franka_msgs__rosidl_typesupport_fastrtps_cpp[0m
[1.027s] [35m[1mConsolidate compiler generated dependencies of target franka_msgs__rosidl_typesupport_c[0m
[1.028s] [35m[1mConsolidate compiler generated dependencies of target franka_msgs__rosidl_typesupport_fastrtps_c[0m
[1.031s] [35m[1mConsolidate compiler generated dependencies of target franka_msgs__rosidl_typesupport_introspection_c[0m
[1.039s] [ 24%] Built target franka_msgs__rosidl_typesupport_c
[1.040s] [ 36%] Built target franka_msgs__rosidl_typesupport_introspection_cpp
[1.043s] [ 49%] Built target franka_msgs__rosidl_typesupport_cpp
[1.043s] [ 60%] Built target franka_msgs__rosidl_typesupport_fastrtps_cpp
[1.045s] [ 72%] Built target franka_msgs__rosidl_typesupport_introspection_c
[1.046s] [ 84%] Built target franka_msgs__rosidl_typesupport_fastrtps_c
[1.061s] [ 84%] Built target franka_msgs
[1.076s] [ 85%] Built target franka_msgs__py
[1.085s] [35m[1mConsolidate compiler generated dependencies of target franka_msgs__rosidl_generator_py[0m
[1.100s] [ 96%] Built target franka_msgs__rosidl_generator_py
[1.107s] [35m[1mConsolidate compiler generated dependencies of target franka_msgs__rosidl_typesupport_fastrtps_c__pyext[0m
[1.107s] [35m[1mConsolidate compiler generated dependencies of target franka_msgs__rosidl_typesupport_c__pyext[0m
[1.107s] [35m[1mConsolidate compiler generated dependencies of target franka_msgs__rosidl_typesupport_introspection_c__pyext[0m
[1.117s] [ 98%] Built target franka_msgs__rosidl_typesupport_introspection_c__pyext
[1.118s] [ 99%] Built target franka_msgs__rosidl_typesupport_c__pyext
[1.118s] [100%] Built target franka_msgs__rosidl_typesupport_fastrtps_c__pyext
[1.203s] running egg_info
[1.204s] writing franka_msgs.egg-info/PKG-INFO
[1.204s] writing dependency_links to franka_msgs.egg-info/dependency_links.txt
[1.204s] writing top-level names to franka_msgs.egg-info/top_level.txt
[1.206s] reading manifest file 'franka_msgs.egg-info/SOURCES.txt'
[1.206s] writing manifest file 'franka_msgs.egg-info/SOURCES.txt'
[1.228s] [100%] Built target ament_cmake_python_build_franka_msgs_egg
[1.238s] Invoked command in '/home/curdin/franka_ros2_ws/build/franka_msgs' returned '0': CMAKE_PREFIX_PATH=${CMAKE_PREFIX_PATH}:/opt/ros/humble /usr/bin/cmake --build /home/curdin/franka_ros2_ws/build/franka_msgs -- -j20 -l20
[1.474s] Invoking command in '/home/curdin/franka_ros2_ws/build/franka_msgs': CMAKE_PREFIX_PATH=${CMAKE_PREFIX_PATH}:/opt/ros/humble /usr/bin/cmake --install /home/curdin/franka_ros2_ws/build/franka_msgs
[1.480s] -- Install configuration: "Release"
[1.481s] -- Up-to-date: /home/curdin/franka_ros2_ws/install/franka_msgs/share/ament_index/resource_index/rosidl_interfaces/franka_msgs
[1.481s] -- Up-to-date: /home/curdin/franka_ros2_ws/install/franka_msgs/include/franka_msgs/franka_msgs
[1.481s] -- Up-to-date: /home/curdin/franka_ros2_ws/install/franka_msgs/include/franka_msgs/franka_msgs/srv
[1.481s] -- Up-to-date: /home/curdin/franka_ros2_ws/install/franka_msgs/include/franka_msgs/franka_msgs/srv/set_force_torque_collision_behavior.h
[1.481s] -- Up-to-date: /home/curdin/franka_ros2_ws/install/franka_msgs/include/franka_msgs/franka_msgs/srv/set_joint_stiffness.h
[1.481s] -- Up-to-date: /home/curdin/franka_ros2_ws/install/franka_msgs/include/franka_msgs/franka_msgs/srv/set_full_collision_behavior.h
[1.482s] -- Up-to-date: /home/curdin/franka_ros2_ws/install/franka_msgs/include/franka_msgs/franka_msgs/srv/set_stiffness_frame.h
[1.482s] -- Up-to-date: /home/curdin/franka_ros2_ws/install/franka_msgs/include/franka_msgs/franka_msgs/srv/set_tcp_frame.h
[1.482s] -- Up-to-date: /home/curdin/franka_ros2_ws/install/franka_msgs/include/franka_msgs/franka_msgs/srv/set_load.h
[1.482s] -- Up-to-date: /home/curdin/franka_ros2_ws/install/franka_msgs/include/franka_msgs/franka_msgs/srv/set_cartesian_stiffness.h
[1.482s] -- Up-to-date: /home/curdin/franka_ros2_ws/install/franka_msgs/include/franka_msgs/franka_msgs/srv/detail
[1.483s] -- Up-to-date: /home/curdin/franka_ros2_ws/install/franka_msgs/include/franka_msgs/franka_msgs/srv/detail/set_full_collision_behavior__type_support.h
[1.483s] -- Up-to-date: /home/curdin/franka_ros2_ws/install/franka_msgs/include/franka_msgs/franka_msgs/srv/detail/set_cartesian_stiffness__type_support.h
[1.483s] -- Up-to-date: /home/curdin/franka_ros2_ws/install/franka_msgs/include/franka_msgs/franka_msgs/srv/detail/set_force_torque_collision_behavior__type_support.h
[1.483s] -- Up-to-date: /home/curdin/franka_ros2_ws/install/franka_msgs/include/franka_msgs/franka_msgs/srv/detail/set_load__functions.c
[1.483s] -- Up-to-date: /home/curdin/franka_ros2_ws/install/franka_msgs/include/franka_msgs/franka_msgs/srv/detail/set_stiffness_frame__functions.h
[1.484s] -- Up-to-date: /home/curdin/franka_ros2_ws/install/franka_msgs/include/franka_msgs/franka_msgs/srv/detail/set_full_collision_behavior__functions.h
[1.484s] -- Up-to-date: /home/curdin/franka_ros2_ws/install/franka_msgs/include/franka_msgs/franka_msgs/srv/detail/set_joint_stiffness__type_support.h
[1.484s] -- Up-to-date: /home/curdin/franka_ros2_ws/install/franka_msgs/include/franka_msgs/franka_msgs/srv/detail/set_force_torque_collision_behavior__functions.h
[1.484s] -- Up-to-date: /home/curdin/franka_ros2_ws/install/franka_msgs/include/franka_msgs/franka_msgs/srv/detail/set_load__functions.h
[1.484s] -- Up-to-date: /home/curdin/franka_ros2_ws/install/franka_msgs/include/franka_msgs/franka_msgs/srv/detail/set_tcp_frame__functions.c
[1.485s] -- Up-to-date: /home/curdin/franka_ros2_ws/install/franka_msgs/include/franka_msgs/franka_msgs/srv/detail/set_stiffness_frame__struct.h
[1.485s] -- Up-to-date: /home/curdin/franka_ros2_ws/install/franka_msgs/include/franka_msgs/franka_msgs/srv/detail/set_load__type_support.h
[1.485s] -- Up-to-date: /home/curdin/franka_ros2_ws/install/franka_msgs/include/franka_msgs/franka_msgs/srv/detail/set_stiffness_frame__type_support.h
[1.485s] -- Up-to-date: /home/curdin/franka_ros2_ws/install/franka_msgs/include/franka_msgs/franka_msgs/srv/detail/set_joint_stiffness__struct.h
[1.485s] -- Up-to-date: /home/curdin/franka_ros2_ws/install/franka_msgs/include/franka_msgs/franka_msgs/srv/detail/set_tcp_frame__type_support.h
[1.485s] -- Up-to-date: /home/curdin/franka_ros2_ws/install/franka_msgs/include/franka_msgs/franka_msgs/srv/detail/set_tcp_frame__struct.h
[1.485s] -- Up-to-date: /home/curdin/franka_ros2_ws/install/franka_msgs/include/franka_msgs/franka_msgs/srv/detail/set_full_collision_behavior__functions.c
[1.486s] -- Up-to-date: /home/curdin/franka_ros2_ws/install/franka_msgs/include/franka_msgs/franka_msgs/srv/detail/set_force_torque_collision_behavior__struct.h
[1.486s] -- Up-to-date: /home/curdin/franka_ros2_ws/install/franka_msgs/include/franka_msgs/franka_msgs/srv/detail/set_cartesian_stiffness__struct.h
[1.486s] -- Up-to-date: /home/curdin/franka_ros2_ws/install/franka_msgs/include/franka_msgs/franka_msgs/srv/detail/set_load__struct.h
[1.486s] -- Up-to-date: /home/curdin/franka_ros2_ws/install/franka_msgs/include/franka_msgs/franka_msgs/srv/detail/set_cartesian_stiffness__functions.c
[1.486s] -- Up-to-date: /home/curdin/franka_ros2_ws/install/franka_msgs/include/franka_msgs/franka_msgs/srv/detail/set_tcp_frame__functions.h
[1.486s] -- Up-to-date: /home/curdin/franka_ros2_ws/install/franka_msgs/include/franka_msgs/franka_msgs/srv/detail/set_stiffness_frame__functions.c
[1.486s] -- Up-to-date: /home/curdin/franka_ros2_ws/install/franka_msgs/include/franka_msgs/franka_msgs/srv/detail/set_full_collision_behavior__struct.h
[1.486s] -- Up-to-date: /home/curdin/franka_ros2_ws/install/franka_msgs/include/franka_msgs/franka_msgs/srv/detail/set_joint_stiffness__functions.h
[1.487s] -- Up-to-date: /home/curdin/franka_ros2_ws/install/franka_msgs/include/franka_msgs/franka_msgs/srv/detail/set_force_torque_collision_behavior__functions.c
[1.487s] -- Up-to-date: /home/curdin/franka_ros2_ws/install/franka_msgs/include/franka_msgs/franka_msgs/srv/detail/set_cartesian_stiffness__functions.h
[1.487s] -- Up-to-date: /home/curdin/franka_ros2_ws/install/franka_msgs/include/franka_msgs/franka_msgs/srv/detail/set_joint_stiffness__functions.c
[1.487s] -- Up-to-date: /home/curdin/franka_ros2_ws/install/franka_msgs/include/franka_msgs/franka_msgs/msg
[1.487s] -- Up-to-date: /home/curdin/franka_ros2_ws/install/franka_msgs/include/franka_msgs/franka_msgs/msg/errors.h
[1.487s] -- Up-to-date: /home/curdin/franka_ros2_ws/install/franka_msgs/include/franka_msgs/franka_msgs/msg/rosidl_generator_c__visibility_control.h
[1.487s] -- Up-to-date: /home/curdin/franka_ros2_ws/install/franka_msgs/include/franka_msgs/franka_msgs/msg/franka_robot_state.h
[1.487s] -- Up-to-date: /home/curdin/franka_ros2_ws/install/franka_msgs/include/franka_msgs/franka_msgs/msg/grasp_epsilon.h
[1.487s] -- Up-to-date: /home/curdin/franka_ros2_ws/install/franka_msgs/include/franka_msgs/franka_msgs/msg/detail
[1.487s] -- Up-to-date: /home/curdin/franka_ros2_ws/install/franka_msgs/include/franka_msgs/franka_msgs/msg/detail/errors__functions.c
[1.487s] -- Up-to-date: /home/curdin/franka_ros2_ws/install/franka_msgs/include/franka_msgs/franka_msgs/msg/detail/franka_robot_state__type_support.h
[1.488s] -- Up-to-date: /home/curdin/franka_ros2_ws/install/franka_msgs/include/franka_msgs/franka_msgs/msg/detail/errors__struct.h
[1.488s] -- Up-to-date: /home/curdin/franka_ros2_ws/install/franka_msgs/include/franka_msgs/franka_msgs/msg/detail/franka_robot_state__functions.c
[1.488s] -- Up-to-date: /home/curdin/franka_ros2_ws/install/franka_msgs/include/franka_msgs/franka_msgs/msg/detail/franka_robot_state__functions.h
[1.488s] -- Up-to-date: /home/curdin/franka_ros2_ws/install/franka_msgs/include/franka_msgs/franka_msgs/msg/detail/errors__type_support.h
[1.488s] -- Up-to-date: /home/curdin/franka_ros2_ws/install/franka_msgs/include/franka_msgs/franka_msgs/msg/detail/grasp_epsilon__functions.c
[1.488s] -- Up-to-date: /home/curdin/franka_ros2_ws/install/franka_msgs/include/franka_msgs/franka_msgs/msg/detail/franka_robot_state__struct.h
[1.488s] -- Up-to-date: /home/curdin/franka_ros2_ws/install/franka_msgs/include/franka_msgs/franka_msgs/msg/detail/grasp_epsilon__struct.h
[1.488s] -- Up-to-date: /home/curdin/franka_ros2_ws/install/franka_msgs/include/franka_msgs/franka_msgs/msg/detail/errors__functions.h
[1.488s] -- Up-to-date: /home/curdin/franka_ros2_ws/install/franka_msgs/include/franka_msgs/franka_msgs/msg/detail/grasp_epsilon__functions.h
[1.488s] -- Up-to-date: /home/curdin/franka_ros2_ws/install/franka_msgs/include/franka_msgs/franka_msgs/msg/detail/grasp_epsilon__type_support.h
[1.488s] -- Up-to-date: /home/curdin/franka_ros2_ws/install/franka_msgs/include/franka_msgs/franka_msgs/action
[1.488s] -- Up-to-date: /home/curdin/franka_ros2_ws/install/franka_msgs/include/franka_msgs/franka_msgs/action/move.h
[1.489s] -- Up-to-date: /home/curdin/franka_ros2_ws/install/franka_msgs/include/franka_msgs/franka_msgs/action/grasp.h
[1.489s] -- Up-to-date: /home/curdin/franka_ros2_ws/install/franka_msgs/include/franka_msgs/franka_msgs/action/homing.h
[1.489s] -- Up-to-date: /home/curdin/franka_ros2_ws/install/franka_msgs/include/franka_msgs/franka_msgs/action/detail
[1.489s] -- Up-to-date: /home/curdin/franka_ros2_ws/install/franka_msgs/include/franka_msgs/franka_msgs/action/detail/homing__functions.h
[1.489s] -- Up-to-date: /home/curdin/franka_ros2_ws/install/franka_msgs/include/franka_msgs/franka_msgs/action/detail/move__type_support.h
[1.489s] -- Up-to-date: /home/curdin/franka_ros2_ws/install/franka_msgs/include/franka_msgs/franka_msgs/action/detail/move__struct.h
[1.489s] -- Up-to-date: /home/curdin/franka_ros2_ws/install/franka_msgs/include/franka_msgs/franka_msgs/action/detail/move__functions.h
[1.489s] -- Up-to-date: /home/curdin/franka_ros2_ws/install/franka_msgs/include/franka_msgs/franka_msgs/action/detail/homing__struct.h
[1.489s] -- Up-to-date: /home/curdin/franka_ros2_ws/install/franka_msgs/include/franka_msgs/franka_msgs/action/detail/grasp__functions.c
[1.489s] -- Up-to-date: /home/curdin/franka_ros2_ws/install/franka_msgs/include/franka_msgs/franka_msgs/action/detail/grasp__type_support.h
[1.489s] -- Up-to-date: /home/curdin/franka_ros2_ws/install/franka_msgs/include/franka_msgs/franka_msgs/action/detail/homing__type_support.h
[1.489s] -- Up-to-date: /home/curdin/franka_ros2_ws/install/franka_msgs/include/franka_msgs/franka_msgs/action/detail/grasp__struct.h
[1.490s] -- Up-to-date: /home/curdin/franka_ros2_ws/install/franka_msgs/include/franka_msgs/franka_msgs/action/detail/homing__functions.c
[1.490s] -- Up-to-date: /home/curdin/franka_ros2_ws/install/franka_msgs/include/franka_msgs/franka_msgs/action/detail/grasp__functions.h
[1.490s] -- Up-to-date: /home/curdin/franka_ros2_ws/install/franka_msgs/include/franka_msgs/franka_msgs/action/detail/move__functions.c
[1.490s] -- Up-to-date: /home/curdin/franka_ros2_ws/install/franka_msgs/share/franka_msgs/environment/library_path.sh
[1.490s] -- Installing: /home/curdin/franka_ros2_ws/install/franka_msgs/share/franka_msgs/environment/library_path.dsv
[1.490s] -- Up-to-date: /home/curdin/franka_ros2_ws/install/franka_msgs/lib/libfranka_msgs__rosidl_generator_c.so
[1.490s] -- Up-to-date: /home/curdin/franka_ros2_ws/install/franka_msgs/include/franka_msgs/franka_msgs
[1.490s] -- Up-to-date: /home/curdin/franka_ros2_ws/install/franka_msgs/include/franka_msgs/franka_msgs/srv
[1.490s] -- Up-to-date: /home/curdin/franka_ros2_ws/install/franka_msgs/include/franka_msgs/franka_msgs/srv/detail
[1.490s] -- Up-to-date: /home/curdin/franka_ros2_ws/install/franka_msgs/include/franka_msgs/franka_msgs/srv/detail/set_full_collision_behavior__rosidl_typesupport_fastrtps_c.h
[1.490s] -- Up-to-date: /home/curdin/franka_ros2_ws/install/franka_msgs/include/franka_msgs/franka_msgs/srv/detail/set_stiffness_frame__rosidl_typesupport_fastrtps_c.h
[1.491s] -- Up-to-date: /home/curdin/franka_ros2_ws/install/franka_msgs/include/franka_msgs/franka_msgs/srv/detail/set_tcp_frame__rosidl_typesupport_fastrtps_c.h
[1.491s] -- Up-to-date: /home/curdin/franka_ros2_ws/install/franka_msgs/include/franka_msgs/franka_msgs/srv/detail/set_load__rosidl_typesupport_fastrtps_c.h
[1.491s] -- Up-to-date: /home/curdin/franka_ros2_ws/install/franka_msgs/include/franka_msgs/franka_msgs/srv/detail/set_force_torque_collision_behavior__rosidl_typesupport_fastrtps_c.h
[1.491s] -- Up-to-date: /home/curdin/franka_ros2_ws/install/franka_msgs/include/franka_msgs/franka_msgs/srv/detail/set_joint_stiffness__rosidl_typesupport_fastrtps_c.h
[1.491s] -- Up-to-date: /home/curdin/franka_ros2_ws/install/franka_msgs/include/franka_msgs/franka_msgs/srv/detail/set_cartesian_stiffness__rosidl_typesupport_fastrtps_c.h
[1.491s] -- Up-to-date: /home/curdin/franka_ros2_ws/install/franka_msgs/include/franka_msgs/franka_msgs/msg
[1.491s] -- Up-to-date: /home/curdin/franka_ros2_ws/install/franka_msgs/include/franka_msgs/franka_msgs/msg/rosidl_typesupport_fastrtps_c__visibility_control.h
[1.491s] -- Up-to-date: /home/curdin/franka_ros2_ws/install/franka_msgs/include/franka_msgs/franka_msgs/msg/detail
[1.491s] -- Up-to-date: /home/curdin/franka_ros2_ws/install/franka_msgs/include/franka_msgs/franka_msgs/msg/detail/errors__rosidl_typesupport_fastrtps_c.h
[1.491s] -- Up-to-date: /home/curdin/franka_ros2_ws/install/franka_msgs/include/franka_msgs/franka_msgs/msg/detail/franka_robot_state__rosidl_typesupport_fastrtps_c.h
[1.491s] -- Up-to-date: /home/curdin/franka_ros2_ws/install/franka_msgs/include/franka_msgs/franka_msgs/msg/detail/grasp_epsilon__rosidl_typesupport_fastrtps_c.h
[1.491s] -- Up-to-date: /home/curdin/franka_ros2_ws/install/franka_msgs/include/franka_msgs/franka_msgs/action
[1.492s] -- Up-to-date: /home/curdin/franka_ros2_ws/install/franka_msgs/include/franka_msgs/franka_msgs/action/detail
[1.492s] -- Up-to-date: /home/curdin/franka_ros2_ws/install/franka_msgs/include/franka_msgs/franka_msgs/action/detail/move__rosidl_typesupport_fastrtps_c.h
[1.492s] -- Up-to-date: /home/curdin/franka_ros2_ws/install/franka_msgs/include/franka_msgs/franka_msgs/action/detail/grasp__rosidl_typesupport_fastrtps_c.h
[1.492s] -- Up-to-date: /home/curdin/franka_ros2_ws/install/franka_msgs/include/franka_msgs/franka_msgs/action/detail/homing__rosidl_typesupport_fastrtps_c.h
[1.492s] -- Up-to-date: /home/curdin/franka_ros2_ws/install/franka_msgs/lib/libfranka_msgs__rosidl_typesupport_fastrtps_c.so
[1.492s] -- Up-to-date: /home/curdin/franka_ros2_ws/install/franka_msgs/include/franka_msgs/franka_msgs
[1.492s] -- Up-to-date: /home/curdin/franka_ros2_ws/install/franka_msgs/include/franka_msgs/franka_msgs/srv
[1.492s] -- Up-to-date: /home/curdin/franka_ros2_ws/install/franka_msgs/include/franka_msgs/franka_msgs/srv/detail
[1.492s] -- Up-to-date: /home/curdin/franka_ros2_ws/install/franka_msgs/include/franka_msgs/franka_msgs/srv/detail/set_tcp_frame__rosidl_typesupport_introspection_c.h
[1.492s] -- Up-to-date: /home/curdin/franka_ros2_ws/install/franka_msgs/include/franka_msgs/franka_msgs/srv/detail/set_stiffness_frame__type_support.c
[1.492s] -- Up-to-date: /home/curdin/franka_ros2_ws/install/franka_msgs/include/franka_msgs/franka_msgs/srv/detail/set_force_torque_collision_behavior__type_support.c
[1.492s] -- Up-to-date: /home/curdin/franka_ros2_ws/install/franka_msgs/include/franka_msgs/franka_msgs/srv/detail/set_full_collision_behavior__type_support.c
[1.493s] -- Up-to-date: /home/curdin/franka_ros2_ws/install/franka_msgs/include/franka_msgs/franka_msgs/srv/detail/set_cartesian_stiffness__type_support.c
[1.493s] -- Up-to-date: /home/curdin/franka_ros2_ws/install/franka_msgs/include/franka_msgs/franka_msgs/srv/detail/set_stiffness_frame__rosidl_typesupport_introspection_c.h
[1.493s] -- Up-to-date: /home/curdin/franka_ros2_ws/install/franka_msgs/include/franka_msgs/franka_msgs/srv/detail/set_force_torque_collision_behavior__rosidl_typesupport_introspection_c.h
[1.493s] -- Up-to-date: /home/curdin/franka_ros2_ws/install/franka_msgs/include/franka_msgs/franka_msgs/srv/detail/set_load__rosidl_typesupport_introspection_c.h
[1.493s] -- Up-to-date: /home/curdin/franka_ros2_ws/install/franka_msgs/include/franka_msgs/franka_msgs/srv/detail/set_full_collision_behavior__rosidl_typesupport_introspection_c.h
[1.493s] -- Up-to-date: /home/curdin/franka_ros2_ws/install/franka_msgs/include/franka_msgs/franka_msgs/srv/detail/set_load__type_support.c
[1.493s] -- Up-to-date: /home/curdin/franka_ros2_ws/install/franka_msgs/include/franka_msgs/franka_msgs/srv/detail/set_joint_stiffness__type_support.c
[1.493s] -- Up-to-date: /home/curdin/franka_ros2_ws/install/franka_msgs/include/franka_msgs/franka_msgs/srv/detail/set_joint_stiffness__rosidl_typesupport_introspection_c.h
[1.493s] -- Up-to-date: /home/curdin/franka_ros2_ws/install/franka_msgs/include/franka_msgs/franka_msgs/srv/detail/set_cartesian_stiffness__rosidl_typesupport_introspection_c.h
[1.493s] -- Up-to-date: /home/curdin/franka_ros2_ws/install/franka_msgs/include/franka_msgs/franka_msgs/srv/detail/set_tcp_frame__type_support.c
[1.493s] -- Up-to-date: /home/curdin/franka_ros2_ws/install/franka_msgs/include/franka_msgs/franka_msgs/msg
[1.494s] -- Up-to-date: /home/curdin/franka_ros2_ws/install/franka_msgs/include/franka_msgs/franka_msgs/msg/rosidl_typesupport_introspection_c__visibility_control.h
[1.494s] -- Up-to-date: /home/curdin/franka_ros2_ws/install/franka_msgs/include/franka_msgs/franka_msgs/msg/detail
[1.494s] -- Up-to-date: /home/curdin/franka_ros2_ws/install/franka_msgs/include/franka_msgs/franka_msgs/msg/detail/errors__type_support.c
[1.494s] -- Up-to-date: /home/curdin/franka_ros2_ws/install/franka_msgs/include/franka_msgs/franka_msgs/msg/detail/errors__rosidl_typesupport_introspection_c.h
[1.494s] -- Up-to-date: /home/curdin/franka_ros2_ws/install/franka_msgs/include/franka_msgs/franka_msgs/msg/detail/grasp_epsilon__type_support.c
[1.494s] -- Up-to-date: /home/curdin/franka_ros2_ws/install/franka_msgs/include/franka_msgs/franka_msgs/msg/detail/franka_robot_state__rosidl_typesupport_introspection_c.h
[1.494s] -- Up-to-date: /home/curdin/franka_ros2_ws/install/franka_msgs/include/franka_msgs/franka_msgs/msg/detail/franka_robot_state__type_support.c
[1.494s] -- Up-to-date: /home/curdin/franka_ros2_ws/install/franka_msgs/include/franka_msgs/franka_msgs/msg/detail/grasp_epsilon__rosidl_typesupport_introspection_c.h
[1.494s] -- Up-to-date: /home/curdin/franka_ros2_ws/install/franka_msgs/include/franka_msgs/franka_msgs/action
[1.494s] -- Up-to-date: /home/curdin/franka_ros2_ws/install/franka_msgs/include/franka_msgs/franka_msgs/action/detail
[1.494s] -- Up-to-date: /home/curdin/franka_ros2_ws/install/franka_msgs/include/franka_msgs/franka_msgs/action/detail/move__rosidl_typesupport_introspection_c.h
[1.495s] -- Up-to-date: /home/curdin/franka_ros2_ws/install/franka_msgs/include/franka_msgs/franka_msgs/action/detail/grasp__rosidl_typesupport_introspection_c.h
[1.495s] -- Up-to-date: /home/curdin/franka_ros2_ws/install/franka_msgs/include/franka_msgs/franka_msgs/action/detail/move__type_support.c
[1.495s] -- Up-to-date: /home/curdin/franka_ros2_ws/install/franka_msgs/include/franka_msgs/franka_msgs/action/detail/homing__type_support.c
[1.495s] -- Up-to-date: /home/curdin/franka_ros2_ws/install/franka_msgs/include/franka_msgs/franka_msgs/action/detail/grasp__type_support.c
[1.495s] -- Up-to-date: /home/curdin/franka_ros2_ws/install/franka_msgs/include/franka_msgs/franka_msgs/action/detail/homing__rosidl_typesupport_introspection_c.h
[1.495s] -- Up-to-date: /home/curdin/franka_ros2_ws/install/franka_msgs/lib/libfranka_msgs__rosidl_typesupport_introspection_c.so
[1.495s] -- Up-to-date: /home/curdin/franka_ros2_ws/install/franka_msgs/lib/libfranka_msgs__rosidl_typesupport_c.so
[1.495s] -- Up-to-date: /home/curdin/franka_ros2_ws/install/franka_msgs/include/franka_msgs/franka_msgs
[1.495s] -- Up-to-date: /home/curdin/franka_ros2_ws/install/franka_msgs/include/franka_msgs/franka_msgs/srv
[1.495s] -- Up-to-date: /home/curdin/franka_ros2_ws/install/franka_msgs/include/franka_msgs/franka_msgs/srv/set_force_torque_collision_behavior.hpp
[1.495s] -- Up-to-date: /home/curdin/franka_ros2_ws/install/franka_msgs/include/franka_msgs/franka_msgs/srv/set_stiffness_frame.hpp
[1.496s] -- Up-to-date: /home/curdin/franka_ros2_ws/install/franka_msgs/include/franka_msgs/franka_msgs/srv/set_joint_stiffness.hpp
[1.496s] -- Up-to-date: /home/curdin/franka_ros2_ws/install/franka_msgs/include/franka_msgs/franka_msgs/srv/set_full_collision_behavior.hpp
[1.496s] -- Up-to-date: /home/curdin/franka_ros2_ws/install/franka_msgs/include/franka_msgs/franka_msgs/srv/set_load.hpp
[1.496s] -- Up-to-date: /home/curdin/franka_ros2_ws/install/franka_msgs/include/franka_msgs/franka_msgs/srv/set_tcp_frame.hpp
[1.496s] -- Up-to-date: /home/curdin/franka_ros2_ws/install/franka_msgs/include/franka_msgs/franka_msgs/srv/set_cartesian_stiffness.hpp
[1.496s] -- Up-to-date: /home/curdin/franka_ros2_ws/install/franka_msgs/include/franka_msgs/franka_msgs/srv/detail
[1.496s] -- Up-to-date: /home/curdin/franka_ros2_ws/install/franka_msgs/include/franka_msgs/franka_msgs/srv/detail/set_stiffness_frame__builder.hpp
[1.496s] -- Up-to-date: /home/curdin/franka_ros2_ws/install/franka_msgs/include/franka_msgs/franka_msgs/srv/detail/set_full_collision_behavior__traits.hpp
[1.496s] -- Up-to-date: /home/curdin/franka_ros2_ws/install/franka_msgs/include/franka_msgs/franka_msgs/srv/detail/set_cartesian_stiffness__struct.hpp
[1.496s] -- Up-to-date: /home/curdin/franka_ros2_ws/install/franka_msgs/include/franka_msgs/franka_msgs/srv/detail/set_cartesian_stiffness__builder.hpp
[1.496s] -- Up-to-date: /home/curdin/franka_ros2_ws/install/franka_msgs/include/franka_msgs/franka_msgs/srv/detail/set_joint_stiffness__builder.hpp
[1.497s] -- Up-to-date: /home/curdin/franka_ros2_ws/install/franka_msgs/include/franka_msgs/franka_msgs/srv/detail/set_full_collision_behavior__builder.hpp
[1.497s] -- Up-to-date: /home/curdin/franka_ros2_ws/install/franka_msgs/include/franka_msgs/franka_msgs/srv/detail/set_cartesian_stiffness__traits.hpp
[1.497s] -- Up-to-date: /home/curdin/franka_ros2_ws/install/franka_msgs/include/franka_msgs/franka_msgs/srv/detail/set_load__struct.hpp
[1.497s] -- Up-to-date: /home/curdin/franka_ros2_ws/install/franka_msgs/include/franka_msgs/franka_msgs/srv/detail/set_stiffness_frame__struct.hpp
[1.497s] -- Up-to-date: /home/curdin/franka_ros2_ws/install/franka_msgs/include/franka_msgs/franka_msgs/srv/detail/set_stiffness_frame__traits.hpp
[1.497s] -- Up-to-date: /home/curdin/franka_ros2_ws/install/franka_msgs/include/franka_msgs/franka_msgs/srv/detail/set_load__traits.hpp
[1.497s] -- Up-to-date: /home/curdin/franka_ros2_ws/install/franka_msgs/include/franka_msgs/franka_msgs/srv/detail/set_force_torque_collision_behavior__struct.hpp
[1.497s] -- Up-to-date: /home/curdin/franka_ros2_ws/install/franka_msgs/include/franka_msgs/franka_msgs/srv/detail/set_joint_stiffness__struct.hpp
[1.497s] -- Up-to-date: /home/curdin/franka_ros2_ws/install/franka_msgs/include/franka_msgs/franka_msgs/srv/detail/set_force_torque_collision_behavior__traits.hpp
[1.497s] -- Up-to-date: /home/curdin/franka_ros2_ws/install/franka_msgs/include/franka_msgs/franka_msgs/srv/detail/set_load__builder.hpp
[1.498s] -- Up-to-date: /home/curdin/franka_ros2_ws/install/franka_msgs/include/franka_msgs/franka_msgs/srv/detail/set_full_collision_behavior__struct.hpp
[1.498s] -- Up-to-date: /home/curdin/franka_ros2_ws/install/franka_msgs/include/franka_msgs/franka_msgs/srv/detail/set_tcp_frame__traits.hpp
[1.498s] -- Up-to-date: /home/curdin/franka_ros2_ws/install/franka_msgs/include/franka_msgs/franka_msgs/srv/detail/set_joint_stiffness__traits.hpp
[1.498s] -- Up-to-date: /home/curdin/franka_ros2_ws/install/franka_msgs/include/franka_msgs/franka_msgs/srv/detail/set_tcp_frame__struct.hpp
[1.498s] -- Up-to-date: /home/curdin/franka_ros2_ws/install/franka_msgs/include/franka_msgs/franka_msgs/srv/detail/set_tcp_frame__builder.hpp
[1.498s] -- Up-to-date: /home/curdin/franka_ros2_ws/install/franka_msgs/include/franka_msgs/franka_msgs/srv/detail/set_force_torque_collision_behavior__builder.hpp
[1.498s] -- Up-to-date: /home/curdin/franka_ros2_ws/install/franka_msgs/include/franka_msgs/franka_msgs/msg
[1.498s] -- Up-to-date: /home/curdin/franka_ros2_ws/install/franka_msgs/include/franka_msgs/franka_msgs/msg/errors.hpp
[1.498s] -- Up-to-date: /home/curdin/franka_ros2_ws/install/franka_msgs/include/franka_msgs/franka_msgs/msg/grasp_epsilon.hpp
[1.498s] -- Up-to-date: /home/curdin/franka_ros2_ws/install/franka_msgs/include/franka_msgs/franka_msgs/msg/detail
[1.499s] -- Up-to-date: /home/curdin/franka_ros2_ws/install/franka_msgs/include/franka_msgs/franka_msgs/msg/detail/grasp_epsilon__builder.hpp
[1.499s] -- Up-to-date: /home/curdin/franka_ros2_ws/install/franka_msgs/include/franka_msgs/franka_msgs/msg/detail/franka_robot_state__struct.hpp
[1.499s] -- Up-to-date: /home/curdin/franka_ros2_ws/install/franka_msgs/include/franka_msgs/franka_msgs/msg/detail/errors__traits.hpp
[1.499s] -- Up-to-date: /home/curdin/franka_ros2_ws/install/franka_msgs/include/franka_msgs/franka_msgs/msg/detail/franka_robot_state__traits.hpp
[1.499s] -- Up-to-date: /home/curdin/franka_ros2_ws/install/franka_msgs/include/franka_msgs/franka_msgs/msg/detail/franka_robot_state__builder.hpp
[1.499s] -- Up-to-date: /home/curdin/franka_ros2_ws/install/franka_msgs/include/franka_msgs/franka_msgs/msg/detail/grasp_epsilon__traits.hpp
[1.499s] -- Up-to-date: /home/curdin/franka_ros2_ws/install/franka_msgs/include/franka_msgs/franka_msgs/msg/detail/grasp_epsilon__struct.hpp
[1.499s] -- Up-to-date: /home/curdin/franka_ros2_ws/install/franka_msgs/include/franka_msgs/franka_msgs/msg/detail/errors__builder.hpp
[1.499s] -- Up-to-date: /home/curdin/franka_ros2_ws/install/franka_msgs/include/franka_msgs/franka_msgs/msg/detail/errors__struct.hpp
[1.499s] -- Up-to-date: /home/curdin/franka_ros2_ws/install/franka_msgs/include/franka_msgs/franka_msgs/msg/franka_robot_state.hpp
[1.499s] -- Up-to-date: /home/curdin/franka_ros2_ws/install/franka_msgs/include/franka_msgs/franka_msgs/action
[1.500s] -- Up-to-date: /home/curdin/franka_ros2_ws/install/franka_msgs/include/franka_msgs/franka_msgs/action/grasp.hpp
[1.500s] -- Up-to-date: /home/curdin/franka_ros2_ws/install/franka_msgs/include/franka_msgs/franka_msgs/action/move.hpp
[1.500s] -- Up-to-date: /home/curdin/franka_ros2_ws/install/franka_msgs/include/franka_msgs/franka_msgs/action/homing.hpp
[1.500s] -- Up-to-date: /home/curdin/franka_ros2_ws/install/franka_msgs/include/franka_msgs/franka_msgs/action/detail
[1.500s] -- Up-to-date: /home/curdin/franka_ros2_ws/install/franka_msgs/include/franka_msgs/franka_msgs/action/detail/homing__traits.hpp
[1.500s] -- Up-to-date: /home/curdin/franka_ros2_ws/install/franka_msgs/include/franka_msgs/franka_msgs/action/detail/move__traits.hpp
[1.500s] -- Up-to-date: /home/curdin/franka_ros2_ws/install/franka_msgs/include/franka_msgs/franka_msgs/action/detail/grasp__traits.hpp
[1.500s] -- Up-to-date: /home/curdin/franka_ros2_ws/install/franka_msgs/include/franka_msgs/franka_msgs/action/detail/grasp__builder.hpp
[1.500s] -- Up-to-date: /home/curdin/franka_ros2_ws/install/franka_msgs/include/franka_msgs/franka_msgs/action/detail/move__struct.hpp
[1.500s] -- Up-to-date: /home/curdin/franka_ros2_ws/install/franka_msgs/include/franka_msgs/franka_msgs/action/detail/homing__builder.hpp
[1.500s] -- Up-to-date: /home/curdin/franka_ros2_ws/install/franka_msgs/include/franka_msgs/franka_msgs/action/detail/homing__struct.hpp
[1.501s] -- Up-to-date: /home/curdin/franka_ros2_ws/install/franka_msgs/include/franka_msgs/franka_msgs/action/detail/grasp__struct.hpp
[1.501s] -- Up-to-date: /home/curdin/franka_ros2_ws/install/franka_msgs/include/franka_msgs/franka_msgs/action/detail/move__builder.hpp
[1.501s] -- Up-to-date: /home/curdin/franka_ros2_ws/install/franka_msgs/include/franka_msgs/franka_msgs
[1.501s] -- Up-to-date: /home/curdin/franka_ros2_ws/install/franka_msgs/include/franka_msgs/franka_msgs/srv
[1.501s] -- Up-to-date: /home/curdin/franka_ros2_ws/install/franka_msgs/include/franka_msgs/franka_msgs/srv/detail
[1.501s] -- Up-to-date: /home/curdin/franka_ros2_ws/install/franka_msgs/include/franka_msgs/franka_msgs/srv/detail/set_force_torque_collision_behavior__rosidl_typesupport_fastrtps_cpp.hpp
[1.501s] -- Up-to-date: /home/curdin/franka_ros2_ws/install/franka_msgs/include/franka_msgs/franka_msgs/srv/detail/set_stiffness_frame__rosidl_typesupport_fastrtps_cpp.hpp
[1.501s] -- Up-to-date: /home/curdin/franka_ros2_ws/install/franka_msgs/include/franka_msgs/franka_msgs/srv/detail/set_full_collision_behavior__rosidl_typesupport_fastrtps_cpp.hpp
[1.501s] -- Up-to-date: /home/curdin/franka_ros2_ws/install/franka_msgs/include/franka_msgs/franka_msgs/srv/detail/set_load__rosidl_typesupport_fastrtps_cpp.hpp
[1.501s] -- Up-to-date: /home/curdin/franka_ros2_ws/install/franka_msgs/include/franka_msgs/franka_msgs/srv/detail/dds_fastrtps
[1.501s] -- Up-to-date: /home/curdin/franka_ros2_ws/install/franka_msgs/include/franka_msgs/franka_msgs/srv/detail/set_cartesian_stiffness__rosidl_typesupport_fastrtps_cpp.hpp
[1.502s] -- Up-to-date: /home/curdin/franka_ros2_ws/install/franka_msgs/include/franka_msgs/franka_msgs/srv/detail/set_joint_stiffness__rosidl_typesupport_fastrtps_cpp.hpp
[1.502s] -- Up-to-date: /home/curdin/franka_ros2_ws/install/franka_msgs/include/franka_msgs/franka_msgs/srv/detail/set_tcp_frame__rosidl_typesupport_fastrtps_cpp.hpp
[1.502s] -- Up-to-date: /home/curdin/franka_ros2_ws/install/franka_msgs/include/franka_msgs/franka_msgs/msg
[1.502s] -- Up-to-date: /home/curdin/franka_ros2_ws/install/franka_msgs/include/franka_msgs/franka_msgs/msg/rosidl_typesupport_fastrtps_cpp__visibility_control.h
[1.502s] -- Up-to-date: /home/curdin/franka_ros2_ws/install/franka_msgs/include/franka_msgs/franka_msgs/msg/detail
[1.502s] -- Up-to-date: /home/curdin/franka_ros2_ws/install/franka_msgs/include/franka_msgs/franka_msgs/msg/detail/errors__rosidl_typesupport_fastrtps_cpp.hpp
[1.502s] -- Up-to-date: /home/curdin/franka_ros2_ws/install/franka_msgs/include/franka_msgs/franka_msgs/msg/detail/dds_fastrtps
[1.502s] -- Up-to-date: /home/curdin/franka_ros2_ws/install/franka_msgs/include/franka_msgs/franka_msgs/msg/detail/franka_robot_state__rosidl_typesupport_fastrtps_cpp.hpp
[1.502s] -- Up-to-date: /home/curdin/franka_ros2_ws/install/franka_msgs/include/franka_msgs/franka_msgs/msg/detail/grasp_epsilon__rosidl_typesupport_fastrtps_cpp.hpp
[1.503s] -- Up-to-date: /home/curdin/franka_ros2_ws/install/franka_msgs/include/franka_msgs/franka_msgs/action
[1.503s] -- Up-to-date: /home/curdin/franka_ros2_ws/install/franka_msgs/include/franka_msgs/franka_msgs/action/detail
[1.503s] -- Up-to-date: /home/curdin/franka_ros2_ws/install/franka_msgs/include/franka_msgs/franka_msgs/action/detail/homing__rosidl_typesupport_fastrtps_cpp.hpp
[1.503s] -- Up-to-date: /home/curdin/franka_ros2_ws/install/franka_msgs/include/franka_msgs/franka_msgs/action/detail/grasp__rosidl_typesupport_fastrtps_cpp.hpp
[1.503s] -- Up-to-date: /home/curdin/franka_ros2_ws/install/franka_msgs/include/franka_msgs/franka_msgs/action/detail/dds_fastrtps
[1.503s] -- Up-to-date: /home/curdin/franka_ros2_ws/install/franka_msgs/include/franka_msgs/franka_msgs/action/detail/move__rosidl_typesupport_fastrtps_cpp.hpp
[1.503s] -- Up-to-date: /home/curdin/franka_ros2_ws/install/franka_msgs/lib/libfranka_msgs__rosidl_typesupport_fastrtps_cpp.so
[1.503s] -- Up-to-date: /home/curdin/franka_ros2_ws/install/franka_msgs/include/franka_msgs/franka_msgs
[1.503s] -- Up-to-date: /home/curdin/franka_ros2_ws/install/franka_msgs/include/franka_msgs/franka_msgs/srv
[1.503s] -- Up-to-date: /home/curdin/franka_ros2_ws/install/franka_msgs/include/franka_msgs/franka_msgs/srv/detail
[1.503s] -- Up-to-date: /home/curdin/franka_ros2_ws/install/franka_msgs/include/franka_msgs/franka_msgs/srv/detail/set_force_torque_collision_behavior__type_support.cpp
[1.504s] -- Up-to-date: /home/curdin/franka_ros2_ws/install/franka_msgs/include/franka_msgs/franka_msgs/srv/detail/set_force_torque_collision_behavior__rosidl_typesupport_introspection_cpp.hpp
[1.504s] -- Up-to-date: /home/curdin/franka_ros2_ws/install/franka_msgs/include/franka_msgs/franka_msgs/srv/detail/set_full_collision_behavior__rosidl_typesupport_introspection_cpp.hpp
[1.504s] -- Up-to-date: /home/curdin/franka_ros2_ws/install/franka_msgs/include/franka_msgs/franka_msgs/srv/detail/set_stiffness_frame__type_support.cpp
[1.504s] -- Up-to-date: /home/curdin/franka_ros2_ws/install/franka_msgs/include/franka_msgs/franka_msgs/srv/detail/set_tcp_frame__type_support.cpp
[1.504s] -- Up-to-date: /home/curdin/franka_ros2_ws/install/franka_msgs/include/franka_msgs/franka_msgs/srv/detail/set_cartesian_stiffness__rosidl_typesupport_introspection_cpp.hpp
[1.504s] -- Up-to-date: /home/curdin/franka_ros2_ws/install/franka_msgs/include/franka_msgs/franka_msgs/srv/detail/set_cartesian_stiffness__type_support.cpp
[1.504s] -- Up-to-date: /home/curdin/franka_ros2_ws/install/franka_msgs/include/franka_msgs/franka_msgs/srv/detail/set_load__rosidl_typesupport_introspection_cpp.hpp
[1.504s] -- Up-to-date: /home/curdin/franka_ros2_ws/install/franka_msgs/include/franka_msgs/franka_msgs/srv/detail/set_stiffness_frame__rosidl_typesupport_introspection_cpp.hpp
[1.504s] -- Up-to-date: /home/curdin/franka_ros2_ws/install/franka_msgs/include/franka_msgs/franka_msgs/srv/detail/set_load__type_support.cpp
[1.504s] -- Up-to-date: /home/curdin/franka_ros2_ws/install/franka_msgs/include/franka_msgs/franka_msgs/srv/detail/set_tcp_frame__rosidl_typesupport_introspection_cpp.hpp
[1.504s] -- Up-to-date: /home/curdin/franka_ros2_ws/install/franka_msgs/include/franka_msgs/franka_msgs/srv/detail/set_joint_stiffness__type_support.cpp
[1.504s] -- Up-to-date: /home/curdin/franka_ros2_ws/install/franka_msgs/include/franka_msgs/franka_msgs/srv/detail/set_joint_stiffness__rosidl_typesupport_introspection_cpp.hpp
[1.505s] -- Up-to-date: /home/curdin/franka_ros2_ws/install/franka_msgs/include/franka_msgs/franka_msgs/srv/detail/set_full_collision_behavior__type_support.cpp
[1.505s] -- Up-to-date: /home/curdin/franka_ros2_ws/install/franka_msgs/include/franka_msgs/franka_msgs/msg
[1.505s] -- Up-to-date: /home/curdin/franka_ros2_ws/install/franka_msgs/include/franka_msgs/franka_msgs/msg/detail
[1.505s] -- Up-to-date: /home/curdin/franka_ros2_ws/install/franka_msgs/include/franka_msgs/franka_msgs/msg/detail/errors__type_support.cpp
[1.505s] -- Up-to-date: /home/curdin/franka_ros2_ws/install/franka_msgs/include/franka_msgs/franka_msgs/msg/detail/franka_robot_state__type_support.cpp
[1.505s] -- Up-to-date: /home/curdin/franka_ros2_ws/install/franka_msgs/include/franka_msgs/franka_msgs/msg/detail/grasp_epsilon__type_support.cpp
[1.505s] -- Up-to-date: /home/curdin/franka_ros2_ws/install/franka_msgs/include/franka_msgs/franka_msgs/msg/detail/franka_robot_state__rosidl_typesupport_introspection_cpp.hpp
[1.505s] -- Up-to-date: /home/curdin/franka_ros2_ws/install/franka_msgs/include/franka_msgs/franka_msgs/msg/detail/errors__rosidl_typesupport_introspection_cpp.hpp
[1.505s] -- Up-to-date: /home/curdin/franka_ros2_ws/install/franka_msgs/include/franka_msgs/franka_msgs/msg/detail/grasp_epsilon__rosidl_typesupport_introspection_cpp.hpp
[1.505s] -- Up-to-date: /home/curdin/franka_ros2_ws/install/franka_msgs/include/franka_msgs/franka_msgs/action
[1.505s] -- Up-to-date: /home/curdin/franka_ros2_ws/install/franka_msgs/include/franka_msgs/franka_msgs/action/detail
[1.506s] -- Up-to-date: /home/curdin/franka_ros2_ws/install/franka_msgs/include/franka_msgs/franka_msgs/action/detail/homing__rosidl_typesupport_introspection_cpp.hpp
[1.506s] -- Up-to-date: /home/curdin/franka_ros2_ws/install/franka_msgs/include/franka_msgs/franka_msgs/action/detail/grasp__type_support.cpp
[1.506s] -- Up-to-date: /home/curdin/franka_ros2_ws/install/franka_msgs/include/franka_msgs/franka_msgs/action/detail/move__type_support.cpp
[1.506s] -- Up-to-date: /home/curdin/franka_ros2_ws/install/franka_msgs/include/franka_msgs/franka_msgs/action/detail/homing__type_support.cpp
[1.506s] -- Up-to-date: /home/curdin/franka_ros2_ws/install/franka_msgs/include/franka_msgs/franka_msgs/action/detail/grasp__rosidl_typesupport_introspection_cpp.hpp
[1.506s] -- Up-to-date: /home/curdin/franka_ros2_ws/install/franka_msgs/include/franka_msgs/franka_msgs/action/detail/move__rosidl_typesupport_introspection_cpp.hpp
[1.506s] -- Up-to-date: /home/curdin/franka_ros2_ws/install/franka_msgs/lib/libfranka_msgs__rosidl_typesupport_introspection_cpp.so
[1.506s] -- Up-to-date: /home/curdin/franka_ros2_ws/install/franka_msgs/lib/libfranka_msgs__rosidl_typesupport_cpp.so
[1.506s] -- Up-to-date: /home/curdin/franka_ros2_ws/install/franka_msgs/share/franka_msgs/environment/pythonpath.sh
[1.506s] -- Installing: /home/curdin/franka_ros2_ws/install/franka_msgs/share/franka_msgs/environment/pythonpath.dsv
[1.506s] -- Up-to-date: /home/curdin/franka_ros2_ws/install/franka_msgs/local/lib/python3.10/dist-packages/franka_msgs-0.1.8-py3.10.egg-info
[1.506s] -- Installing: /home/curdin/franka_ros2_ws/install/franka_msgs/local/lib/python3.10/dist-packages/franka_msgs-0.1.8-py3.10.egg-info/top_level.txt
[1.507s] -- Installing: /home/curdin/franka_ros2_ws/install/franka_msgs/local/lib/python3.10/dist-packages/franka_msgs-0.1.8-py3.10.egg-info/dependency_links.txt
[1.507s] -- Installing: /home/curdin/franka_ros2_ws/install/franka_msgs/local/lib/python3.10/dist-packages/franka_msgs-0.1.8-py3.10.egg-info/PKG-INFO
[1.507s] -- Installing: /home/curdin/franka_ros2_ws/install/franka_msgs/local/lib/python3.10/dist-packages/franka_msgs-0.1.8-py3.10.egg-info/SOURCES.txt
[1.507s] -- Up-to-date: /home/curdin/franka_ros2_ws/install/franka_msgs/local/lib/python3.10/dist-packages/franka_msgs
[1.507s] -- Up-to-date: /home/curdin/franka_ros2_ws/install/franka_msgs/local/lib/python3.10/dist-packages/franka_msgs/franka_msgs_s__rosidl_typesupport_fastrtps_c.cpython-310-x86_64-linux-gnu.so
[1.507s] -- Up-to-date: /home/curdin/franka_ros2_ws/install/franka_msgs/local/lib/python3.10/dist-packages/franka_msgs/franka_msgs_s__rosidl_typesupport_c.cpython-310-x86_64-linux-gnu.so
[1.507s] -- Up-to-date: /home/curdin/franka_ros2_ws/install/franka_msgs/local/lib/python3.10/dist-packages/franka_msgs/srv
[1.507s] -- Up-to-date: /home/curdin/franka_ros2_ws/install/franka_msgs/local/lib/python3.10/dist-packages/franka_msgs/srv/_set_full_collision_behavior_s.c
[1.507s] -- Up-to-date: /home/curdin/franka_ros2_ws/install/franka_msgs/local/lib/python3.10/dist-packages/franka_msgs/srv/_set_stiffness_frame.py
[1.507s] -- Up-to-date: /home/curdin/franka_ros2_ws/install/franka_msgs/local/lib/python3.10/dist-packages/franka_msgs/srv/_set_force_torque_collision_behavior.py
[1.507s] -- Up-to-date: /home/curdin/franka_ros2_ws/install/franka_msgs/local/lib/python3.10/dist-packages/franka_msgs/srv/_set_joint_stiffness_s.c
[1.507s] -- Up-to-date: /home/curdin/franka_ros2_ws/install/franka_msgs/local/lib/python3.10/dist-packages/franka_msgs/srv/_set_full_collision_behavior.py
[1.508s] -- Up-to-date: /home/curdin/franka_ros2_ws/install/franka_msgs/local/lib/python3.10/dist-packages/franka_msgs/srv/_set_load_s.c
[1.508s] -- Up-to-date: /home/curdin/franka_ros2_ws/install/franka_msgs/local/lib/python3.10/dist-packages/franka_msgs/srv/_set_force_torque_collision_behavior_s.c
[1.508s] -- Up-to-date: /home/curdin/franka_ros2_ws/install/franka_msgs/local/lib/python3.10/dist-packages/franka_msgs/srv/_set_load.py
[1.508s] -- Up-to-date: /home/curdin/franka_ros2_ws/install/franka_msgs/local/lib/python3.10/dist-packages/franka_msgs/srv/_set_joint_stiffness.py
[1.508s] -- Up-to-date: /home/curdin/franka_ros2_ws/install/franka_msgs/local/lib/python3.10/dist-packages/franka_msgs/srv/_set_cartesian_stiffness_s.c
[1.508s] -- Up-to-date: /home/curdin/franka_ros2_ws/install/franka_msgs/local/lib/python3.10/dist-packages/franka_msgs/srv/_set_stiffness_frame_s.c
[1.508s] -- Up-to-date: /home/curdin/franka_ros2_ws/install/franka_msgs/local/lib/python3.10/dist-packages/franka_msgs/srv/__init__.py
[1.508s] -- Up-to-date: /home/curdin/franka_ros2_ws/install/franka_msgs/local/lib/python3.10/dist-packages/franka_msgs/srv/_set_cartesian_stiffness.py
[1.508s] -- Up-to-date: /home/curdin/franka_ros2_ws/install/franka_msgs/local/lib/python3.10/dist-packages/franka_msgs/srv/_set_tcp_frame_s.c
[1.508s] -- Up-to-date: /home/curdin/franka_ros2_ws/install/franka_msgs/local/lib/python3.10/dist-packages/franka_msgs/srv/_set_tcp_frame.py
[1.508s] -- Up-to-date: /home/curdin/franka_ros2_ws/install/franka_msgs/local/lib/python3.10/dist-packages/franka_msgs/msg
[1.509s] -- Up-to-date: /home/curdin/franka_ros2_ws/install/franka_msgs/local/lib/python3.10/dist-packages/franka_msgs/msg/_franka_robot_state.py
[1.509s] -- Up-to-date: /home/curdin/franka_ros2_ws/install/franka_msgs/local/lib/python3.10/dist-packages/franka_msgs/msg/_grasp_epsilon_s.c
[1.509s] -- Up-to-date: /home/curdin/franka_ros2_ws/install/franka_msgs/local/lib/python3.10/dist-packages/franka_msgs/msg/_errors_s.c
[1.509s] -- Up-to-date: /home/curdin/franka_ros2_ws/install/franka_msgs/local/lib/python3.10/dist-packages/franka_msgs/msg/_franka_robot_state_s.c
[1.509s] -- Up-to-date: /home/curdin/franka_ros2_ws/install/franka_msgs/local/lib/python3.10/dist-packages/franka_msgs/msg/__init__.py
[1.509s] -- Up-to-date: /home/curdin/franka_ros2_ws/install/franka_msgs/local/lib/python3.10/dist-packages/franka_msgs/msg/_errors.py
[1.509s] -- Up-to-date: /home/curdin/franka_ros2_ws/install/franka_msgs/local/lib/python3.10/dist-packages/franka_msgs/msg/_grasp_epsilon.py
[1.509s] -- Up-to-date: /home/curdin/franka_ros2_ws/install/franka_msgs/local/lib/python3.10/dist-packages/franka_msgs/libfranka_msgs__rosidl_generator_py.so
[1.509s] -- Up-to-date: /home/curdin/franka_ros2_ws/install/franka_msgs/local/lib/python3.10/dist-packages/franka_msgs/_franka_msgs_s.ep.rosidl_typesupport_fastrtps_c.c
[1.509s] -- Installing: /home/curdin/franka_ros2_ws/install/franka_msgs/local/lib/python3.10/dist-packages/franka_msgs/__init__.py
[1.510s] -- Up-to-date: /home/curdin/franka_ros2_ws/install/franka_msgs/local/lib/python3.10/dist-packages/franka_msgs/franka_msgs_s__rosidl_typesupport_introspection_c.cpython-310-x86_64-linux-gnu.so
[1.510s] -- Up-to-date: /home/curdin/franka_ros2_ws/install/franka_msgs/local/lib/python3.10/dist-packages/franka_msgs/action
[1.510s] -- Up-to-date: /home/curdin/franka_ros2_ws/install/franka_msgs/local/lib/python3.10/dist-packages/franka_msgs/action/_move.py
[1.510s] -- Up-to-date: /home/curdin/franka_ros2_ws/install/franka_msgs/local/lib/python3.10/dist-packages/franka_msgs/action/_grasp_s.c
[1.510s] -- Up-to-date: /home/curdin/franka_ros2_ws/install/franka_msgs/local/lib/python3.10/dist-packages/franka_msgs/action/_grasp.py
[1.510s] -- Up-to-date: /home/curdin/franka_ros2_ws/install/franka_msgs/local/lib/python3.10/dist-packages/franka_msgs/action/_homing.py
[1.510s] -- Up-to-date: /home/curdin/franka_ros2_ws/install/franka_msgs/local/lib/python3.10/dist-packages/franka_msgs/action/_homing_s.c
[1.510s] -- Up-to-date: /home/curdin/franka_ros2_ws/install/franka_msgs/local/lib/python3.10/dist-packages/franka_msgs/action/__init__.py
[1.510s] -- Up-to-date: /home/curdin/franka_ros2_ws/install/franka_msgs/local/lib/python3.10/dist-packages/franka_msgs/action/_move_s.c
[1.510s] -- Up-to-date: /home/curdin/franka_ros2_ws/install/franka_msgs/local/lib/python3.10/dist-packages/franka_msgs/_franka_msgs_s.ep.rosidl_typesupport_c.c
[1.510s] -- Up-to-date: /home/curdin/franka_ros2_ws/install/franka_msgs/local/lib/python3.10/dist-packages/franka_msgs/_franka_msgs_s.ep.rosidl_typesupport_introspection_c.c
[1.515s] Listing '/home/curdin/franka_ros2_ws/install/franka_msgs/local/lib/python3.10/dist-packages/franka_msgs'...
[1.515s] Compiling '/home/curdin/franka_ros2_ws/install/franka_msgs/local/lib/python3.10/dist-packages/franka_msgs/__init__.py'...
[1.515s] Listing '/home/curdin/franka_ros2_ws/install/franka_msgs/local/lib/python3.10/dist-packages/franka_msgs/action'...
[1.515s] Listing '/home/curdin/franka_ros2_ws/install/franka_msgs/local/lib/python3.10/dist-packages/franka_msgs/msg'...
[1.515s] Listing '/home/curdin/franka_ros2_ws/install/franka_msgs/local/lib/python3.10/dist-packages/franka_msgs/srv'...
[1.519s] -- Up-to-date: /home/curdin/franka_ros2_ws/install/franka_msgs/local/lib/python3.10/dist-packages/franka_msgs/franka_msgs_s__rosidl_typesupport_fastrtps_c.cpython-310-x86_64-linux-gnu.so
[1.519s] -- Up-to-date: /home/curdin/franka_ros2_ws/install/franka_msgs/local/lib/python3.10/dist-packages/franka_msgs/franka_msgs_s__rosidl_typesupport_introspection_c.cpython-310-x86_64-linux-gnu.so
[1.519s] -- Up-to-date: /home/curdin/franka_ros2_ws/install/franka_msgs/local/lib/python3.10/dist-packages/franka_msgs/franka_msgs_s__rosidl_typesupport_c.cpython-310-x86_64-linux-gnu.so
[1.519s] -- Up-to-date: /home/curdin/franka_ros2_ws/install/franka_msgs/lib/libfranka_msgs__rosidl_generator_py.so
[1.520s] -- Up-to-date: /home/curdin/franka_ros2_ws/install/franka_msgs/share/franka_msgs/action/Grasp.idl
[1.520s] -- Up-to-date: /home/curdin/franka_ros2_ws/install/franka_msgs/share/franka_msgs/action/Homing.idl
[1.520s] -- Up-to-date: /home/curdin/franka_ros2_ws/install/franka_msgs/share/franka_msgs/action/Move.idl
[1.520s] -- Up-to-date: /home/curdin/franka_ros2_ws/install/franka_msgs/share/franka_msgs/msg/Errors.idl
[1.520s] -- Up-to-date: /home/curdin/franka_ros2_ws/install/franka_msgs/share/franka_msgs/msg/GraspEpsilon.idl
[1.521s] -- Up-to-date: /home/curdin/franka_ros2_ws/install/franka_msgs/share/franka_msgs/msg/FrankaRobotState.idl
[1.521s] -- Up-to-date: /home/curdin/franka_ros2_ws/install/franka_msgs/share/franka_msgs/srv/SetCartesianStiffness.idl
[1.521s] -- Up-to-date: /home/curdin/franka_ros2_ws/install/franka_msgs/share/franka_msgs/srv/SetTCPFrame.idl
[1.521s] -- Up-to-date: /home/curdin/franka_ros2_ws/install/franka_msgs/share/franka_msgs/srv/SetForceTorqueCollisionBehavior.idl
[1.521s] -- Up-to-date: /home/curdin/franka_ros2_ws/install/franka_msgs/share/franka_msgs/srv/SetFullCollisionBehavior.idl
[1.521s] -- Up-to-date: /home/curdin/franka_ros2_ws/install/franka_msgs/share/franka_msgs/srv/SetJointStiffness.idl
[1.521s] -- Up-to-date: /home/curdin/franka_ros2_ws/install/franka_msgs/share/franka_msgs/srv/SetStiffnessFrame.idl
[1.522s] -- Up-to-date: /home/curdin/franka_ros2_ws/install/franka_msgs/share/franka_msgs/srv/SetLoad.idl
[1.522s] -- Up-to-date: /home/curdin/franka_ros2_ws/install/franka_msgs/share/franka_msgs/action/Grasp.action
[1.522s] -- Up-to-date: /home/curdin/franka_ros2_ws/install/franka_msgs/share/franka_msgs/action/Homing.action
[1.522s] -- Up-to-date: /home/curdin/franka_ros2_ws/install/franka_msgs/share/franka_msgs/action/Move.action
[1.522s] -- Up-to-date: /home/curdin/franka_ros2_ws/install/franka_msgs/share/franka_msgs/msg/Errors.msg
[1.522s] -- Up-to-date: /home/curdin/franka_ros2_ws/install/franka_msgs/share/franka_msgs/msg/GraspEpsilon.msg
[1.522s] -- Up-to-date: /home/curdin/franka_ros2_ws/install/franka_msgs/share/franka_msgs/msg/FrankaRobotState.msg
[1.522s] -- Up-to-date: /home/curdin/franka_ros2_ws/install/franka_msgs/share/franka_msgs/srv/SetCartesianStiffness.srv
[1.523s] -- Up-to-date: /home/curdin/franka_ros2_ws/install/franka_msgs/share/franka_msgs/srv/SetCartesianStiffness_Request.msg
[1.523s] -- Up-to-date: /home/curdin/franka_ros2_ws/install/franka_msgs/share/franka_msgs/srv/SetCartesianStiffness_Response.msg
[1.523s] -- Up-to-date: /home/curdin/franka_ros2_ws/install/franka_msgs/share/franka_msgs/srv/SetTCPFrame.srv
[1.523s] -- Up-to-date: /home/curdin/franka_ros2_ws/install/franka_msgs/share/franka_msgs/srv/SetTCPFrame_Request.msg
[1.523s] -- Up-to-date: /home/curdin/franka_ros2_ws/install/franka_msgs/share/franka_msgs/srv/SetTCPFrame_Response.msg
[1.523s] -- Up-to-date: /home/curdin/franka_ros2_ws/install/franka_msgs/share/franka_msgs/srv/SetForceTorqueCollisionBehavior.srv
[1.523s] -- Up-to-date: /home/curdin/franka_ros2_ws/install/franka_msgs/share/franka_msgs/srv/SetForceTorqueCollisionBehavior_Request.msg
[1.523s] -- Up-to-date: /home/curdin/franka_ros2_ws/install/franka_msgs/share/franka_msgs/srv/SetForceTorqueCollisionBehavior_Response.msg
[1.523s] -- Up-to-date: /home/curdin/franka_ros2_ws/install/franka_msgs/share/franka_msgs/srv/SetFullCollisionBehavior.srv
[1.523s] -- Up-to-date: /home/curdin/franka_ros2_ws/install/franka_msgs/share/franka_msgs/srv/SetFullCollisionBehavior_Request.msg
[1.523s] -- Up-to-date: /home/curdin/franka_ros2_ws/install/franka_msgs/share/franka_msgs/srv/SetFullCollisionBehavior_Response.msg
[1.524s] -- Up-to-date: /home/curdin/franka_ros2_ws/install/franka_msgs/share/franka_msgs/srv/SetJointStiffness.srv
[1.524s] -- Up-to-date: /home/curdin/franka_ros2_ws/install/franka_msgs/share/franka_msgs/srv/SetJointStiffness_Request.msg
[1.524s] -- Up-to-date: /home/curdin/franka_ros2_ws/install/franka_msgs/share/franka_msgs/srv/SetJointStiffness_Response.msg
[1.524s] -- Up-to-date: /home/curdin/franka_ros2_ws/install/franka_msgs/share/franka_msgs/srv/SetStiffnessFrame.srv
[1.524s] -- Up-to-date: /home/curdin/franka_ros2_ws/install/franka_msgs/share/franka_msgs/srv/SetStiffnessFrame_Request.msg
[1.525s] -- Up-to-date: /home/curdin/franka_ros2_ws/install/franka_msgs/share/franka_msgs/srv/SetStiffnessFrame_Response.msg
[1.525s] -- Up-to-date: /home/curdin/franka_ros2_ws/install/franka_msgs/share/franka_msgs/srv/SetLoad.srv
[1.525s] -- Up-to-date: /home/curdin/franka_ros2_ws/install/franka_msgs/share/franka_msgs/srv/SetLoad_Request.msg
[1.526s] -- Up-to-date: /home/curdin/franka_ros2_ws/install/franka_msgs/share/franka_msgs/srv/SetLoad_Response.msg
[1.526s] -- Up-to-date: /home/curdin/franka_ros2_ws/install/franka_msgs/share/ament_index/resource_index/package_run_dependencies/franka_msgs
[1.526s] -- Installing: /home/curdin/franka_ros2_ws/install/franka_msgs/share/ament_index/resource_index/parent_prefix_path/franka_msgs
[1.527s] -- Up-to-date: /home/curdin/franka_ros2_ws/install/franka_msgs/share/franka_msgs/environment/ament_prefix_path.sh
[1.527s] -- Installing: /home/curdin/franka_ros2_ws/install/franka_msgs/share/franka_msgs/environment/ament_prefix_path.dsv
[1.527s] -- Up-to-date: /home/curdin/franka_ros2_ws/install/franka_msgs/share/franka_msgs/environment/path.sh
[1.527s] -- Installing: /home/curdin/franka_ros2_ws/install/franka_msgs/share/franka_msgs/environment/path.dsv
[1.528s] -- Up-to-date: /home/curdin/franka_ros2_ws/install/franka_msgs/share/franka_msgs/local_setup.bash
[1.528s] -- Up-to-date: /home/curdin/franka_ros2_ws/install/franka_msgs/share/franka_msgs/local_setup.sh
[1.528s] -- Up-to-date: /home/curdin/franka_ros2_ws/install/franka_msgs/share/franka_msgs/local_setup.zsh
[1.528s] -- Installing: /home/curdin/franka_ros2_ws/install/franka_msgs/share/franka_msgs/local_setup.dsv
[1.528s] -- Installing: /home/curdin/franka_ros2_ws/install/franka_msgs/share/franka_msgs/package.dsv
[1.529s] -- Up-to-date: /home/curdin/franka_ros2_ws/install/franka_msgs/share/ament_index/resource_index/packages/franka_msgs
[1.530s] -- Up-to-date: /home/curdin/franka_ros2_ws/install/franka_msgs/share/franka_msgs/cmake/export_franka_msgs__rosidl_generator_cExport.cmake
[1.530s] -- Up-to-date: /home/curdin/franka_ros2_ws/install/franka_msgs/share/franka_msgs/cmake/export_franka_msgs__rosidl_generator_cExport-release.cmake
[1.530s] -- Up-to-date: /home/curdin/franka_ros2_ws/install/franka_msgs/share/franka_msgs/cmake/export_franka_msgs__rosidl_typesupport_fastrtps_cExport.cmake
[1.531s] -- Up-to-date: /home/curdin/franka_ros2_ws/install/franka_msgs/share/franka_msgs/cmake/export_franka_msgs__rosidl_typesupport_fastrtps_cExport-release.cmake
[1.531s] -- Up-to-date: /home/curdin/franka_ros2_ws/install/franka_msgs/share/franka_msgs/cmake/franka_msgs__rosidl_typesupport_introspection_cExport.cmake
[1.531s] -- Up-to-date: /home/curdin/franka_ros2_ws/install/franka_msgs/share/franka_msgs/cmake/franka_msgs__rosidl_typesupport_introspection_cExport-release.cmake
[1.531s] -- Up-to-date: /home/curdin/franka_ros2_ws/install/franka_msgs/share/franka_msgs/cmake/franka_msgs__rosidl_typesupport_cExport.cmake
[1.531s] -- Up-to-date: /home/curdin/franka_ros2_ws/install/franka_msgs/share/franka_msgs/cmake/franka_msgs__rosidl_typesupport_cExport-release.cmake
[1.532s] -- Up-to-date: /home/curdin/franka_ros2_ws/install/franka_msgs/share/franka_msgs/cmake/export_franka_msgs__rosidl_generator_cppExport.cmake
[1.532s] -- Up-to-date: /home/curdin/franka_ros2_ws/install/franka_msgs/share/franka_msgs/cmake/export_franka_msgs__rosidl_typesupport_fastrtps_cppExport.cmake
[1.532s] -- Up-to-date: /home/curdin/franka_ros2_ws/install/franka_msgs/share/franka_msgs/cmake/export_franka_msgs__rosidl_typesupport_fastrtps_cppExport-release.cmake
[1.532s] -- Up-to-date: /home/curdin/franka_ros2_ws/install/franka_msgs/share/franka_msgs/cmake/franka_msgs__rosidl_typesupport_introspection_cppExport.cmake
[1.532s] -- Up-to-date: /home/curdin/franka_ros2_ws/install/franka_msgs/share/franka_msgs/cmake/franka_msgs__rosidl_typesupport_introspection_cppExport-release.cmake
[1.533s] -- Up-to-date: /home/curdin/franka_ros2_ws/install/franka_msgs/share/franka_msgs/cmake/franka_msgs__rosidl_typesupport_cppExport.cmake
[1.533s] -- Up-to-date: /home/curdin/franka_ros2_ws/install/franka_msgs/share/franka_msgs/cmake/franka_msgs__rosidl_typesupport_cppExport-release.cmake
[1.533s] -- Up-to-date: /home/curdin/franka_ros2_ws/install/franka_msgs/share/franka_msgs/cmake/export_franka_msgs__rosidl_generator_pyExport.cmake
[1.533s] -- Up-to-date: /home/curdin/franka_ros2_ws/install/franka_msgs/share/franka_msgs/cmake/export_franka_msgs__rosidl_generator_pyExport-release.cmake
[1.534s] -- Up-to-date: /home/curdin/franka_ros2_ws/install/franka_msgs/share/franka_msgs/cmake/rosidl_cmake-extras.cmake
[1.534s] -- Up-to-date: /home/curdin/franka_ros2_ws/install/franka_msgs/share/franka_msgs/cmake/ament_cmake_export_dependencies-extras.cmake
[1.534s] -- Up-to-date: /home/curdin/franka_ros2_ws/install/franka_msgs/share/franka_msgs/cmake/ament_cmake_export_include_directories-extras.cmake
[1.535s] -- Up-to-date: /home/curdin/franka_ros2_ws/install/franka_msgs/share/franka_msgs/cmake/ament_cmake_export_libraries-extras.cmake
[1.535s] -- Up-to-date: /home/curdin/franka_ros2_ws/install/franka_msgs/share/franka_msgs/cmake/ament_cmake_export_targets-extras.cmake
[1.535s] -- Up-to-date: /home/curdin/franka_ros2_ws/install/franka_msgs/share/franka_msgs/cmake/rosidl_cmake_export_typesupport_targets-extras.cmake
[1.536s] -- Up-to-date: /home/curdin/franka_ros2_ws/install/franka_msgs/share/franka_msgs/cmake/rosidl_cmake_export_typesupport_libraries-extras.cmake
[1.536s] -- Up-to-date: /home/curdin/franka_ros2_ws/install/franka_msgs/share/franka_msgs/cmake/franka_msgsConfig.cmake
[1.537s] -- Up-to-date: /home/curdin/franka_ros2_ws/install/franka_msgs/share/franka_msgs/cmake/franka_msgsConfig-version.cmake
[1.537s] -- Up-to-date: /home/curdin/franka_ros2_ws/install/franka_msgs/share/franka_msgs/package.xml
[1.537s] Invoked command in '/home/curdin/franka_ros2_ws/build/franka_msgs' returned '0': CMAKE_PREFIX_PATH=${CMAKE_PREFIX_PATH}:/opt/ros/humble /usr/bin/cmake --install /home/curdin/franka_ros2_ws/build/franka_msgs
