[0.095s] Invoking command in '/home/curdin/franka_ros2_ws/build/franka_msgs': CMAKE_PREFIX_PATH=/opt/ros/humble /usr/bin/cmake /home/curdin/franka_ros2_ws/src/franka_ros2/franka_msgs -DCMAKE_INSTALL_PREFIX=/home/curdin/franka_ros2_ws/install/franka_msgs
[0.107s] -- Found ament_cmake: 1.3.7 (/opt/ros/humble/share/ament_cmake/cmake)
[0.204s] -- Found rosidl_default_generators: 1.2.0 (/opt/ros/humble/share/rosidl_default_generators/cmake)
[0.206s] -- Using all available rosidl_typesupport_c: rosidl_typesupport_fastrtps_c;rosidl_typesupport_introspection_c
[0.208s] -- Found rosidl_adapter: 3.1.5 (/opt/ros/humble/share/rosidl_adapter/cmake)
[0.234s] -- Using all available rosidl_typesupport_cpp: rosidl_typesupport_fastrtps_cpp;rosidl_typesupport_introspection_cpp
[0.256s] -- Found std_msgs: 4.2.3 (/opt/ros/humble/share/std_msgs/cmake)
[0.592s] -- Found ament_cmake_ros: 0.10.0 (/opt/ros/humble/share/ament_cmake_ros/cmake)
[0.723s] -- Using all available rosidl_typesupport_c: rosidl_typesupport_fastrtps_c;rosidl_typesupport_introspection_c
[0.882s] -- Using all available rosidl_typesupport_cpp: rosidl_typesupport_fastrtps_cpp;rosidl_typesupport_introspection_cpp
[0.894s] -- Found python_cmake_module: 0.10.0 (/opt/ros/humble/share/python_cmake_module/cmake)
[0.906s] -- Using PYTHON_EXECUTABLE: /usr/bin/python3
[0.906s] -- Using PYTHON_INCLUDE_DIRS: /usr/include/python3.10
[0.907s] -- Using PYTHON_LIBRARIES: /usr/lib/x86_64-linux-gnu/libpython3.10.so
[0.923s] -- Found ament_lint_auto: 0.12.8 (/opt/ros/humble/share/ament_lint_auto/cmake)
[0.931s] -- Added test 'copyright' to check source files copyright and LICENSE
[0.932s] -- Added test 'lint_cmake' to check CMake code style
[0.932s] -- Added test 'xmllint' to check XML markup files
[0.934s] -- Configuring done
[0.968s] -- Generating done
[0.969s] -- Build files have been written to: /home/curdin/franka_ros2_ws/build/franka_msgs
[0.974s] Invoked command in '/home/curdin/franka_ros2_ws/build/franka_msgs' returned '0': CMAKE_PREFIX_PATH=/opt/ros/humble /usr/bin/cmake /home/curdin/franka_ros2_ws/src/franka_ros2/franka_msgs -DCMAKE_INSTALL_PREFIX=/home/curdin/franka_ros2_ws/install/franka_msgs
[0.975s] Invoking command in '/home/curdin/franka_ros2_ws/build/franka_msgs': CMAKE_PREFIX_PATH=/opt/ros/humble /usr/bin/cmake --build /home/curdin/franka_ros2_ws/build/franka_msgs -- -j20 -l20
[1.001s] [35m[1mConsolidate compiler generated dependencies of target franka_msgs__rosidl_generator_c[0m
[1.004s] [  0%] Built target franka_msgs__cpp
[1.012s] [ 12%] Built target franka_msgs__rosidl_generator_c
[1.013s] [35m[1mConsolidate compiler generated dependencies of target franka_msgs__rosidl_typesupport_cpp[0m
[1.014s] [35m[1mConsolidate compiler generated dependencies of target franka_msgs__rosidl_typesupport_introspection_cpp[0m
[1.015s] [35m[1mConsolidate compiler generated dependencies of target franka_msgs__rosidl_typesupport_fastrtps_cpp[0m
[1.015s] [ 12%] Built target ament_cmake_python_copy_franka_msgs
[1.021s] [35m[1mConsolidate compiler generated dependencies of target franka_msgs__rosidl_typesupport_c[0m
[1.021s] [35m[1mConsolidate compiler generated dependencies of target franka_msgs__rosidl_typesupport_introspection_c[0m
[1.026s] [35m[1mConsolidate compiler generated dependencies of target franka_msgs__rosidl_typesupport_fastrtps_c[0m
[1.032s] [ 28%] Built target franka_msgs__rosidl_typesupport_c
[1.032s] [ 36%] Built target franka_msgs__rosidl_typesupport_cpp
[1.035s] [ 48%] Built target franka_msgs__rosidl_typesupport_introspection_c
[1.040s] [ 60%] Built target franka_msgs__rosidl_typesupport_introspection_cpp
[1.042s] [ 72%] Built target franka_msgs__rosidl_typesupport_fastrtps_cpp
[1.045s] [ 84%] Built target franka_msgs__rosidl_typesupport_fastrtps_c
[1.058s] [ 84%] Built target franka_msgs
[1.072s] [ 85%] Built target franka_msgs__py
[1.082s] [35m[1mConsolidate compiler generated dependencies of target franka_msgs__rosidl_generator_py[0m
[1.096s] [ 96%] Built target franka_msgs__rosidl_generator_py
[1.103s] [35m[1mConsolidate compiler generated dependencies of target franka_msgs__rosidl_typesupport_fastrtps_c__pyext[0m
[1.103s] [35m[1mConsolidate compiler generated dependencies of target franka_msgs__rosidl_typesupport_introspection_c__pyext[0m
[1.103s] [35m[1mConsolidate compiler generated dependencies of target franka_msgs__rosidl_typesupport_c__pyext[0m
[1.111s] [ 99%] Built target franka_msgs__rosidl_typesupport_introspection_c__pyext
[1.112s] [ 99%] Built target franka_msgs__rosidl_typesupport_fastrtps_c__pyext
[1.112s] [100%] Built target franka_msgs__rosidl_typesupport_c__pyext
[1.174s] running egg_info
[1.174s] writing franka_msgs.egg-info/PKG-INFO
[1.174s] writing dependency_links to franka_msgs.egg-info/dependency_links.txt
[1.175s] writing top-level names to franka_msgs.egg-info/top_level.txt
[1.177s] reading manifest file 'franka_msgs.egg-info/SOURCES.txt'
[1.177s] writing manifest file 'franka_msgs.egg-info/SOURCES.txt'
[1.195s] [100%] Built target ament_cmake_python_build_franka_msgs_egg
[1.203s] Invoked command in '/home/curdin/franka_ros2_ws/build/franka_msgs' returned '0': CMAKE_PREFIX_PATH=/opt/ros/humble /usr/bin/cmake --build /home/curdin/franka_ros2_ws/build/franka_msgs -- -j20 -l20
[1.356s] Invoking command in '/home/curdin/franka_ros2_ws/build/franka_msgs': CMAKE_PREFIX_PATH=/opt/ros/humble /usr/bin/cmake --install /home/curdin/franka_ros2_ws/build/franka_msgs
[1.362s] -- Install configuration: "Release"
[1.362s] -- Up-to-date: /home/curdin/franka_ros2_ws/install/franka_msgs/share/ament_index/resource_index/rosidl_interfaces/franka_msgs
[1.362s] -- Up-to-date: /home/curdin/franka_ros2_ws/install/franka_msgs/include/franka_msgs/franka_msgs
[1.362s] -- Up-to-date: /home/curdin/franka_ros2_ws/install/franka_msgs/include/franka_msgs/franka_msgs/srv
[1.362s] -- Up-to-date: /home/curdin/franka_ros2_ws/install/franka_msgs/include/franka_msgs/franka_msgs/srv/set_force_torque_collision_behavior.h
[1.362s] -- Up-to-date: /home/curdin/franka_ros2_ws/install/franka_msgs/include/franka_msgs/franka_msgs/srv/set_joint_stiffness.h
[1.362s] -- Up-to-date: /home/curdin/franka_ros2_ws/install/franka_msgs/include/franka_msgs/franka_msgs/srv/set_full_collision_behavior.h
[1.362s] -- Up-to-date: /home/curdin/franka_ros2_ws/install/franka_msgs/include/franka_msgs/franka_msgs/srv/set_stiffness_frame.h
[1.362s] -- Up-to-date: /home/curdin/franka_ros2_ws/install/franka_msgs/include/franka_msgs/franka_msgs/srv/set_tcp_frame.h
[1.362s] -- Up-to-date: /home/curdin/franka_ros2_ws/install/franka_msgs/include/franka_msgs/franka_msgs/srv/set_load.h
[1.363s] -- Up-to-date: /home/curdin/franka_ros2_ws/install/franka_msgs/include/franka_msgs/franka_msgs/srv/set_cartesian_stiffness.h
[1.363s] -- Up-to-date: /home/curdin/franka_ros2_ws/install/franka_msgs/include/franka_msgs/franka_msgs/srv/detail
[1.363s] -- Up-to-date: /home/curdin/franka_ros2_ws/install/franka_msgs/include/franka_msgs/franka_msgs/srv/detail/set_full_collision_behavior__type_support.h
[1.363s] -- Up-to-date: /home/curdin/franka_ros2_ws/install/franka_msgs/include/franka_msgs/franka_msgs/srv/detail/set_cartesian_stiffness__type_support.h
[1.363s] -- Up-to-date: /home/curdin/franka_ros2_ws/install/franka_msgs/include/franka_msgs/franka_msgs/srv/detail/set_force_torque_collision_behavior__type_support.h
[1.363s] -- Up-to-date: /home/curdin/franka_ros2_ws/install/franka_msgs/include/franka_msgs/franka_msgs/srv/detail/set_load__functions.c
[1.363s] -- Up-to-date: /home/curdin/franka_ros2_ws/install/franka_msgs/include/franka_msgs/franka_msgs/srv/detail/set_stiffness_frame__functions.h
[1.363s] -- Up-to-date: /home/curdin/franka_ros2_ws/install/franka_msgs/include/franka_msgs/franka_msgs/srv/detail/set_full_collision_behavior__functions.h
[1.363s] -- Up-to-date: /home/curdin/franka_ros2_ws/install/franka_msgs/include/franka_msgs/franka_msgs/srv/detail/set_joint_stiffness__type_support.h
[1.363s] -- Up-to-date: /home/curdin/franka_ros2_ws/install/franka_msgs/include/franka_msgs/franka_msgs/srv/detail/set_force_torque_collision_behavior__functions.h
[1.364s] -- Up-to-date: /home/curdin/franka_ros2_ws/install/franka_msgs/include/franka_msgs/franka_msgs/srv/detail/set_load__functions.h
[1.364s] -- Up-to-date: /home/curdin/franka_ros2_ws/install/franka_msgs/include/franka_msgs/franka_msgs/srv/detail/set_tcp_frame__functions.c
[1.364s] -- Up-to-date: /home/curdin/franka_ros2_ws/install/franka_msgs/include/franka_msgs/franka_msgs/srv/detail/set_stiffness_frame__struct.h
[1.364s] -- Up-to-date: /home/curdin/franka_ros2_ws/install/franka_msgs/include/franka_msgs/franka_msgs/srv/detail/set_load__type_support.h
[1.364s] -- Up-to-date: /home/curdin/franka_ros2_ws/install/franka_msgs/include/franka_msgs/franka_msgs/srv/detail/set_stiffness_frame__type_support.h
[1.364s] -- Up-to-date: /home/curdin/franka_ros2_ws/install/franka_msgs/include/franka_msgs/franka_msgs/srv/detail/set_joint_stiffness__struct.h
[1.364s] -- Up-to-date: /home/curdin/franka_ros2_ws/install/franka_msgs/include/franka_msgs/franka_msgs/srv/detail/set_tcp_frame__type_support.h
[1.364s] -- Up-to-date: /home/curdin/franka_ros2_ws/install/franka_msgs/include/franka_msgs/franka_msgs/srv/detail/set_tcp_frame__struct.h
[1.364s] -- Up-to-date: /home/curdin/franka_ros2_ws/install/franka_msgs/include/franka_msgs/franka_msgs/srv/detail/set_full_collision_behavior__functions.c
[1.364s] -- Up-to-date: /home/curdin/franka_ros2_ws/install/franka_msgs/include/franka_msgs/franka_msgs/srv/detail/set_force_torque_collision_behavior__struct.h
[1.364s] -- Up-to-date: /home/curdin/franka_ros2_ws/install/franka_msgs/include/franka_msgs/franka_msgs/srv/detail/set_cartesian_stiffness__struct.h
[1.364s] -- Up-to-date: /home/curdin/franka_ros2_ws/install/franka_msgs/include/franka_msgs/franka_msgs/srv/detail/set_load__struct.h
[1.364s] -- Up-to-date: /home/curdin/franka_ros2_ws/install/franka_msgs/include/franka_msgs/franka_msgs/srv/detail/set_cartesian_stiffness__functions.c
[1.364s] -- Up-to-date: /home/curdin/franka_ros2_ws/install/franka_msgs/include/franka_msgs/franka_msgs/srv/detail/set_tcp_frame__functions.h
[1.364s] -- Up-to-date: /home/curdin/franka_ros2_ws/install/franka_msgs/include/franka_msgs/franka_msgs/srv/detail/set_stiffness_frame__functions.c
[1.364s] -- Up-to-date: /home/curdin/franka_ros2_ws/install/franka_msgs/include/franka_msgs/franka_msgs/srv/detail/set_full_collision_behavior__struct.h
[1.364s] -- Up-to-date: /home/curdin/franka_ros2_ws/install/franka_msgs/include/franka_msgs/franka_msgs/srv/detail/set_joint_stiffness__functions.h
[1.364s] -- Up-to-date: /home/curdin/franka_ros2_ws/install/franka_msgs/include/franka_msgs/franka_msgs/srv/detail/set_force_torque_collision_behavior__functions.c
[1.364s] -- Up-to-date: /home/curdin/franka_ros2_ws/install/franka_msgs/include/franka_msgs/franka_msgs/srv/detail/set_cartesian_stiffness__functions.h
[1.364s] -- Up-to-date: /home/curdin/franka_ros2_ws/install/franka_msgs/include/franka_msgs/franka_msgs/srv/detail/set_joint_stiffness__functions.c
[1.364s] -- Up-to-date: /home/curdin/franka_ros2_ws/install/franka_msgs/include/franka_msgs/franka_msgs/msg
[1.364s] -- Up-to-date: /home/curdin/franka_ros2_ws/install/franka_msgs/include/franka_msgs/franka_msgs/msg/errors.h
[1.364s] -- Up-to-date: /home/curdin/franka_ros2_ws/install/franka_msgs/include/franka_msgs/franka_msgs/msg/rosidl_generator_c__visibility_control.h
[1.364s] -- Up-to-date: /home/curdin/franka_ros2_ws/install/franka_msgs/include/franka_msgs/franka_msgs/msg/franka_robot_state.h
[1.364s] -- Up-to-date: /home/curdin/franka_ros2_ws/install/franka_msgs/include/franka_msgs/franka_msgs/msg/grasp_epsilon.h
[1.364s] -- Up-to-date: /home/curdin/franka_ros2_ws/install/franka_msgs/include/franka_msgs/franka_msgs/msg/detail
[1.364s] -- Up-to-date: /home/curdin/franka_ros2_ws/install/franka_msgs/include/franka_msgs/franka_msgs/msg/detail/errors__functions.c
[1.364s] -- Up-to-date: /home/curdin/franka_ros2_ws/install/franka_msgs/include/franka_msgs/franka_msgs/msg/detail/franka_robot_state__type_support.h
[1.365s] -- Up-to-date: /home/curdin/franka_ros2_ws/install/franka_msgs/include/franka_msgs/franka_msgs/msg/detail/errors__struct.h
[1.365s] -- Up-to-date: /home/curdin/franka_ros2_ws/install/franka_msgs/include/franka_msgs/franka_msgs/msg/detail/franka_robot_state__functions.c
[1.365s] -- Up-to-date: /home/curdin/franka_ros2_ws/install/franka_msgs/include/franka_msgs/franka_msgs/msg/detail/franka_robot_state__functions.h
[1.365s] -- Up-to-date: /home/curdin/franka_ros2_ws/install/franka_msgs/include/franka_msgs/franka_msgs/msg/detail/errors__type_support.h
[1.365s] -- Up-to-date: /home/curdin/franka_ros2_ws/install/franka_msgs/include/franka_msgs/franka_msgs/msg/detail/grasp_epsilon__functions.c
[1.365s] -- Up-to-date: /home/curdin/franka_ros2_ws/install/franka_msgs/include/franka_msgs/franka_msgs/msg/detail/franka_robot_state__struct.h
[1.365s] -- Up-to-date: /home/curdin/franka_ros2_ws/install/franka_msgs/include/franka_msgs/franka_msgs/msg/detail/grasp_epsilon__struct.h
[1.365s] -- Up-to-date: /home/curdin/franka_ros2_ws/install/franka_msgs/include/franka_msgs/franka_msgs/msg/detail/errors__functions.h
[1.365s] -- Up-to-date: /home/curdin/franka_ros2_ws/install/franka_msgs/include/franka_msgs/franka_msgs/msg/detail/grasp_epsilon__functions.h
[1.365s] -- Up-to-date: /home/curdin/franka_ros2_ws/install/franka_msgs/include/franka_msgs/franka_msgs/msg/detail/grasp_epsilon__type_support.h
[1.365s] -- Up-to-date: /home/curdin/franka_ros2_ws/install/franka_msgs/include/franka_msgs/franka_msgs/action
[1.365s] -- Up-to-date: /home/curdin/franka_ros2_ws/install/franka_msgs/include/franka_msgs/franka_msgs/action/move.h
[1.365s] -- Up-to-date: /home/curdin/franka_ros2_ws/install/franka_msgs/include/franka_msgs/franka_msgs/action/grasp.h
[1.365s] -- Up-to-date: /home/curdin/franka_ros2_ws/install/franka_msgs/include/franka_msgs/franka_msgs/action/homing.h
[1.365s] -- Up-to-date: /home/curdin/franka_ros2_ws/install/franka_msgs/include/franka_msgs/franka_msgs/action/detail
[1.365s] -- Up-to-date: /home/curdin/franka_ros2_ws/install/franka_msgs/include/franka_msgs/franka_msgs/action/detail/homing__functions.h
[1.365s] -- Up-to-date: /home/curdin/franka_ros2_ws/install/franka_msgs/include/franka_msgs/franka_msgs/action/detail/move__type_support.h
[1.365s] -- Up-to-date: /home/curdin/franka_ros2_ws/install/franka_msgs/include/franka_msgs/franka_msgs/action/detail/move__struct.h
[1.365s] -- Up-to-date: /home/curdin/franka_ros2_ws/install/franka_msgs/include/franka_msgs/franka_msgs/action/detail/move__functions.h
[1.365s] -- Up-to-date: /home/curdin/franka_ros2_ws/install/franka_msgs/include/franka_msgs/franka_msgs/action/detail/homing__struct.h
[1.365s] -- Up-to-date: /home/curdin/franka_ros2_ws/install/franka_msgs/include/franka_msgs/franka_msgs/action/detail/grasp__functions.c
[1.365s] -- Up-to-date: /home/curdin/franka_ros2_ws/install/franka_msgs/include/franka_msgs/franka_msgs/action/detail/grasp__type_support.h
[1.365s] -- Up-to-date: /home/curdin/franka_ros2_ws/install/franka_msgs/include/franka_msgs/franka_msgs/action/detail/homing__type_support.h
[1.365s] -- Up-to-date: /home/curdin/franka_ros2_ws/install/franka_msgs/include/franka_msgs/franka_msgs/action/detail/grasp__struct.h
[1.366s] -- Up-to-date: /home/curdin/franka_ros2_ws/install/franka_msgs/include/franka_msgs/franka_msgs/action/detail/homing__functions.c
[1.366s] -- Up-to-date: /home/curdin/franka_ros2_ws/install/franka_msgs/include/franka_msgs/franka_msgs/action/detail/grasp__functions.h
[1.366s] -- Up-to-date: /home/curdin/franka_ros2_ws/install/franka_msgs/include/franka_msgs/franka_msgs/action/detail/move__functions.c
[1.366s] -- Up-to-date: /home/curdin/franka_ros2_ws/install/franka_msgs/share/franka_msgs/environment/library_path.sh
[1.366s] -- Installing: /home/curdin/franka_ros2_ws/install/franka_msgs/share/franka_msgs/environment/library_path.dsv
[1.366s] -- Up-to-date: /home/curdin/franka_ros2_ws/install/franka_msgs/lib/libfranka_msgs__rosidl_generator_c.so
[1.366s] -- Up-to-date: /home/curdin/franka_ros2_ws/install/franka_msgs/include/franka_msgs/franka_msgs
[1.366s] -- Up-to-date: /home/curdin/franka_ros2_ws/install/franka_msgs/include/franka_msgs/franka_msgs/srv
[1.366s] -- Up-to-date: /home/curdin/franka_ros2_ws/install/franka_msgs/include/franka_msgs/franka_msgs/srv/detail
[1.366s] -- Up-to-date: /home/curdin/franka_ros2_ws/install/franka_msgs/include/franka_msgs/franka_msgs/srv/detail/set_full_collision_behavior__rosidl_typesupport_fastrtps_c.h
[1.366s] -- Up-to-date: /home/curdin/franka_ros2_ws/install/franka_msgs/include/franka_msgs/franka_msgs/srv/detail/set_stiffness_frame__rosidl_typesupport_fastrtps_c.h
[1.366s] -- Up-to-date: /home/curdin/franka_ros2_ws/install/franka_msgs/include/franka_msgs/franka_msgs/srv/detail/set_tcp_frame__rosidl_typesupport_fastrtps_c.h
[1.366s] -- Up-to-date: /home/curdin/franka_ros2_ws/install/franka_msgs/include/franka_msgs/franka_msgs/srv/detail/set_load__rosidl_typesupport_fastrtps_c.h
[1.366s] -- Up-to-date: /home/curdin/franka_ros2_ws/install/franka_msgs/include/franka_msgs/franka_msgs/srv/detail/set_force_torque_collision_behavior__rosidl_typesupport_fastrtps_c.h
[1.366s] -- Up-to-date: /home/curdin/franka_ros2_ws/install/franka_msgs/include/franka_msgs/franka_msgs/srv/detail/set_joint_stiffness__rosidl_typesupport_fastrtps_c.h
[1.366s] -- Up-to-date: /home/curdin/franka_ros2_ws/install/franka_msgs/include/franka_msgs/franka_msgs/srv/detail/set_cartesian_stiffness__rosidl_typesupport_fastrtps_c.h
[1.366s] -- Up-to-date: /home/curdin/franka_ros2_ws/install/franka_msgs/include/franka_msgs/franka_msgs/msg
[1.366s] -- Up-to-date: /home/curdin/franka_ros2_ws/install/franka_msgs/include/franka_msgs/franka_msgs/msg/rosidl_typesupport_fastrtps_c__visibility_control.h
[1.366s] -- Up-to-date: /home/curdin/franka_ros2_ws/install/franka_msgs/include/franka_msgs/franka_msgs/msg/detail
[1.366s] -- Up-to-date: /home/curdin/franka_ros2_ws/install/franka_msgs/include/franka_msgs/franka_msgs/msg/detail/errors__rosidl_typesupport_fastrtps_c.h
[1.366s] -- Up-to-date: /home/curdin/franka_ros2_ws/install/franka_msgs/include/franka_msgs/franka_msgs/msg/detail/franka_robot_state__rosidl_typesupport_fastrtps_c.h
[1.366s] -- Up-to-date: /home/curdin/franka_ros2_ws/install/franka_msgs/include/franka_msgs/franka_msgs/msg/detail/grasp_epsilon__rosidl_typesupport_fastrtps_c.h
[1.366s] -- Up-to-date: /home/curdin/franka_ros2_ws/install/franka_msgs/include/franka_msgs/franka_msgs/action
[1.366s] -- Up-to-date: /home/curdin/franka_ros2_ws/install/franka_msgs/include/franka_msgs/franka_msgs/action/detail
[1.366s] -- Up-to-date: /home/curdin/franka_ros2_ws/install/franka_msgs/include/franka_msgs/franka_msgs/action/detail/move__rosidl_typesupport_fastrtps_c.h
[1.366s] -- Up-to-date: /home/curdin/franka_ros2_ws/install/franka_msgs/include/franka_msgs/franka_msgs/action/detail/grasp__rosidl_typesupport_fastrtps_c.h
[1.366s] -- Up-to-date: /home/curdin/franka_ros2_ws/install/franka_msgs/include/franka_msgs/franka_msgs/action/detail/homing__rosidl_typesupport_fastrtps_c.h
[1.367s] -- Up-to-date: /home/curdin/franka_ros2_ws/install/franka_msgs/lib/libfranka_msgs__rosidl_typesupport_fastrtps_c.so
[1.367s] -- Up-to-date: /home/curdin/franka_ros2_ws/install/franka_msgs/include/franka_msgs/franka_msgs
[1.367s] -- Up-to-date: /home/curdin/franka_ros2_ws/install/franka_msgs/include/franka_msgs/franka_msgs/srv
[1.367s] -- Up-to-date: /home/curdin/franka_ros2_ws/install/franka_msgs/include/franka_msgs/franka_msgs/srv/detail
[1.367s] -- Up-to-date: /home/curdin/franka_ros2_ws/install/franka_msgs/include/franka_msgs/franka_msgs/srv/detail/set_tcp_frame__rosidl_typesupport_introspection_c.h
[1.367s] -- Up-to-date: /home/curdin/franka_ros2_ws/install/franka_msgs/include/franka_msgs/franka_msgs/srv/detail/set_stiffness_frame__type_support.c
[1.367s] -- Up-to-date: /home/curdin/franka_ros2_ws/install/franka_msgs/include/franka_msgs/franka_msgs/srv/detail/set_force_torque_collision_behavior__type_support.c
[1.367s] -- Up-to-date: /home/curdin/franka_ros2_ws/install/franka_msgs/include/franka_msgs/franka_msgs/srv/detail/set_full_collision_behavior__type_support.c
[1.367s] -- Up-to-date: /home/curdin/franka_ros2_ws/install/franka_msgs/include/franka_msgs/franka_msgs/srv/detail/set_cartesian_stiffness__type_support.c
[1.367s] -- Up-to-date: /home/curdin/franka_ros2_ws/install/franka_msgs/include/franka_msgs/franka_msgs/srv/detail/set_stiffness_frame__rosidl_typesupport_introspection_c.h
[1.367s] -- Up-to-date: /home/curdin/franka_ros2_ws/install/franka_msgs/include/franka_msgs/franka_msgs/srv/detail/set_force_torque_collision_behavior__rosidl_typesupport_introspection_c.h
[1.367s] -- Up-to-date: /home/curdin/franka_ros2_ws/install/franka_msgs/include/franka_msgs/franka_msgs/srv/detail/set_load__rosidl_typesupport_introspection_c.h
[1.367s] -- Up-to-date: /home/curdin/franka_ros2_ws/install/franka_msgs/include/franka_msgs/franka_msgs/srv/detail/set_full_collision_behavior__rosidl_typesupport_introspection_c.h
[1.367s] -- Up-to-date: /home/curdin/franka_ros2_ws/install/franka_msgs/include/franka_msgs/franka_msgs/srv/detail/set_load__type_support.c
[1.367s] -- Up-to-date: /home/curdin/franka_ros2_ws/install/franka_msgs/include/franka_msgs/franka_msgs/srv/detail/set_joint_stiffness__type_support.c
[1.367s] -- Up-to-date: /home/curdin/franka_ros2_ws/install/franka_msgs/include/franka_msgs/franka_msgs/srv/detail/set_joint_stiffness__rosidl_typesupport_introspection_c.h
[1.367s] -- Up-to-date: /home/curdin/franka_ros2_ws/install/franka_msgs/include/franka_msgs/franka_msgs/srv/detail/set_cartesian_stiffness__rosidl_typesupport_introspection_c.h
[1.367s] -- Up-to-date: /home/curdin/franka_ros2_ws/install/franka_msgs/include/franka_msgs/franka_msgs/srv/detail/set_tcp_frame__type_support.c
[1.367s] -- Up-to-date: /home/curdin/franka_ros2_ws/install/franka_msgs/include/franka_msgs/franka_msgs/msg
[1.367s] -- Up-to-date: /home/curdin/franka_ros2_ws/install/franka_msgs/include/franka_msgs/franka_msgs/msg/rosidl_typesupport_introspection_c__visibility_control.h
[1.367s] -- Up-to-date: /home/curdin/franka_ros2_ws/install/franka_msgs/include/franka_msgs/franka_msgs/msg/detail
[1.367s] -- Up-to-date: /home/curdin/franka_ros2_ws/install/franka_msgs/include/franka_msgs/franka_msgs/msg/detail/errors__type_support.c
[1.367s] -- Up-to-date: /home/curdin/franka_ros2_ws/install/franka_msgs/include/franka_msgs/franka_msgs/msg/detail/errors__rosidl_typesupport_introspection_c.h
[1.367s] -- Up-to-date: /home/curdin/franka_ros2_ws/install/franka_msgs/include/franka_msgs/franka_msgs/msg/detail/grasp_epsilon__type_support.c
[1.367s] -- Up-to-date: /home/curdin/franka_ros2_ws/install/franka_msgs/include/franka_msgs/franka_msgs/msg/detail/franka_robot_state__rosidl_typesupport_introspection_c.h
[1.367s] -- Up-to-date: /home/curdin/franka_ros2_ws/install/franka_msgs/include/franka_msgs/franka_msgs/msg/detail/franka_robot_state__type_support.c
[1.367s] -- Up-to-date: /home/curdin/franka_ros2_ws/install/franka_msgs/include/franka_msgs/franka_msgs/msg/detail/grasp_epsilon__rosidl_typesupport_introspection_c.h
[1.367s] -- Up-to-date: /home/curdin/franka_ros2_ws/install/franka_msgs/include/franka_msgs/franka_msgs/action
[1.367s] -- Up-to-date: /home/curdin/franka_ros2_ws/install/franka_msgs/include/franka_msgs/franka_msgs/action/detail
[1.367s] -- Up-to-date: /home/curdin/franka_ros2_ws/install/franka_msgs/include/franka_msgs/franka_msgs/action/detail/move__rosidl_typesupport_introspection_c.h
[1.368s] -- Up-to-date: /home/curdin/franka_ros2_ws/install/franka_msgs/include/franka_msgs/franka_msgs/action/detail/grasp__rosidl_typesupport_introspection_c.h
[1.368s] -- Up-to-date: /home/curdin/franka_ros2_ws/install/franka_msgs/include/franka_msgs/franka_msgs/action/detail/move__type_support.c
[1.368s] -- Up-to-date: /home/curdin/franka_ros2_ws/install/franka_msgs/include/franka_msgs/franka_msgs/action/detail/homing__type_support.c
[1.368s] -- Up-to-date: /home/curdin/franka_ros2_ws/install/franka_msgs/include/franka_msgs/franka_msgs/action/detail/grasp__type_support.c
[1.368s] -- Up-to-date: /home/curdin/franka_ros2_ws/install/franka_msgs/include/franka_msgs/franka_msgs/action/detail/homing__rosidl_typesupport_introspection_c.h
[1.368s] -- Up-to-date: /home/curdin/franka_ros2_ws/install/franka_msgs/lib/libfranka_msgs__rosidl_typesupport_introspection_c.so
[1.368s] -- Up-to-date: /home/curdin/franka_ros2_ws/install/franka_msgs/lib/libfranka_msgs__rosidl_typesupport_c.so
[1.368s] -- Up-to-date: /home/curdin/franka_ros2_ws/install/franka_msgs/include/franka_msgs/franka_msgs
[1.368s] -- Up-to-date: /home/curdin/franka_ros2_ws/install/franka_msgs/include/franka_msgs/franka_msgs/srv
[1.368s] -- Up-to-date: /home/curdin/franka_ros2_ws/install/franka_msgs/include/franka_msgs/franka_msgs/srv/set_force_torque_collision_behavior.hpp
[1.368s] -- Up-to-date: /home/curdin/franka_ros2_ws/install/franka_msgs/include/franka_msgs/franka_msgs/srv/set_stiffness_frame.hpp
[1.368s] -- Up-to-date: /home/curdin/franka_ros2_ws/install/franka_msgs/include/franka_msgs/franka_msgs/srv/set_joint_stiffness.hpp
[1.368s] -- Up-to-date: /home/curdin/franka_ros2_ws/install/franka_msgs/include/franka_msgs/franka_msgs/srv/set_full_collision_behavior.hpp
[1.368s] -- Up-to-date: /home/curdin/franka_ros2_ws/install/franka_msgs/include/franka_msgs/franka_msgs/srv/set_load.hpp
[1.368s] -- Up-to-date: /home/curdin/franka_ros2_ws/install/franka_msgs/include/franka_msgs/franka_msgs/srv/set_tcp_frame.hpp
[1.368s] -- Up-to-date: /home/curdin/franka_ros2_ws/install/franka_msgs/include/franka_msgs/franka_msgs/srv/set_cartesian_stiffness.hpp
[1.368s] -- Up-to-date: /home/curdin/franka_ros2_ws/install/franka_msgs/include/franka_msgs/franka_msgs/srv/detail
[1.368s] -- Up-to-date: /home/curdin/franka_ros2_ws/install/franka_msgs/include/franka_msgs/franka_msgs/srv/detail/set_stiffness_frame__builder.hpp
[1.368s] -- Up-to-date: /home/curdin/franka_ros2_ws/install/franka_msgs/include/franka_msgs/franka_msgs/srv/detail/set_full_collision_behavior__traits.hpp
[1.368s] -- Up-to-date: /home/curdin/franka_ros2_ws/install/franka_msgs/include/franka_msgs/franka_msgs/srv/detail/set_cartesian_stiffness__struct.hpp
[1.368s] -- Up-to-date: /home/curdin/franka_ros2_ws/install/franka_msgs/include/franka_msgs/franka_msgs/srv/detail/set_cartesian_stiffness__builder.hpp
[1.368s] -- Up-to-date: /home/curdin/franka_ros2_ws/install/franka_msgs/include/franka_msgs/franka_msgs/srv/detail/set_joint_stiffness__builder.hpp
[1.368s] -- Up-to-date: /home/curdin/franka_ros2_ws/install/franka_msgs/include/franka_msgs/franka_msgs/srv/detail/set_full_collision_behavior__builder.hpp
[1.368s] -- Up-to-date: /home/curdin/franka_ros2_ws/install/franka_msgs/include/franka_msgs/franka_msgs/srv/detail/set_cartesian_stiffness__traits.hpp
[1.368s] -- Up-to-date: /home/curdin/franka_ros2_ws/install/franka_msgs/include/franka_msgs/franka_msgs/srv/detail/set_load__struct.hpp
[1.368s] -- Up-to-date: /home/curdin/franka_ros2_ws/install/franka_msgs/include/franka_msgs/franka_msgs/srv/detail/set_stiffness_frame__struct.hpp
[1.368s] -- Up-to-date: /home/curdin/franka_ros2_ws/install/franka_msgs/include/franka_msgs/franka_msgs/srv/detail/set_stiffness_frame__traits.hpp
[1.368s] -- Up-to-date: /home/curdin/franka_ros2_ws/install/franka_msgs/include/franka_msgs/franka_msgs/srv/detail/set_load__traits.hpp
[1.369s] -- Up-to-date: /home/curdin/franka_ros2_ws/install/franka_msgs/include/franka_msgs/franka_msgs/srv/detail/set_force_torque_collision_behavior__struct.hpp
[1.369s] -- Up-to-date: /home/curdin/franka_ros2_ws/install/franka_msgs/include/franka_msgs/franka_msgs/srv/detail/set_joint_stiffness__struct.hpp
[1.369s] -- Up-to-date: /home/curdin/franka_ros2_ws/install/franka_msgs/include/franka_msgs/franka_msgs/srv/detail/set_force_torque_collision_behavior__traits.hpp
[1.369s] -- Up-to-date: /home/curdin/franka_ros2_ws/install/franka_msgs/include/franka_msgs/franka_msgs/srv/detail/set_load__builder.hpp
[1.369s] -- Up-to-date: /home/curdin/franka_ros2_ws/install/franka_msgs/include/franka_msgs/franka_msgs/srv/detail/set_full_collision_behavior__struct.hpp
[1.369s] -- Up-to-date: /home/curdin/franka_ros2_ws/install/franka_msgs/include/franka_msgs/franka_msgs/srv/detail/set_tcp_frame__traits.hpp
[1.369s] -- Up-to-date: /home/curdin/franka_ros2_ws/install/franka_msgs/include/franka_msgs/franka_msgs/srv/detail/set_joint_stiffness__traits.hpp
[1.369s] -- Up-to-date: /home/curdin/franka_ros2_ws/install/franka_msgs/include/franka_msgs/franka_msgs/srv/detail/set_tcp_frame__struct.hpp
[1.369s] -- Up-to-date: /home/curdin/franka_ros2_ws/install/franka_msgs/include/franka_msgs/franka_msgs/srv/detail/set_tcp_frame__builder.hpp
[1.369s] -- Up-to-date: /home/curdin/franka_ros2_ws/install/franka_msgs/include/franka_msgs/franka_msgs/srv/detail/set_force_torque_collision_behavior__builder.hpp
[1.369s] -- Up-to-date: /home/curdin/franka_ros2_ws/install/franka_msgs/include/franka_msgs/franka_msgs/msg
[1.369s] -- Up-to-date: /home/curdin/franka_ros2_ws/install/franka_msgs/include/franka_msgs/franka_msgs/msg/errors.hpp
[1.369s] -- Up-to-date: /home/curdin/franka_ros2_ws/install/franka_msgs/include/franka_msgs/franka_msgs/msg/grasp_epsilon.hpp
[1.369s] -- Up-to-date: /home/curdin/franka_ros2_ws/install/franka_msgs/include/franka_msgs/franka_msgs/msg/detail
[1.369s] -- Up-to-date: /home/curdin/franka_ros2_ws/install/franka_msgs/include/franka_msgs/franka_msgs/msg/detail/grasp_epsilon__builder.hpp
[1.369s] -- Up-to-date: /home/curdin/franka_ros2_ws/install/franka_msgs/include/franka_msgs/franka_msgs/msg/detail/franka_robot_state__struct.hpp
[1.369s] -- Up-to-date: /home/curdin/franka_ros2_ws/install/franka_msgs/include/franka_msgs/franka_msgs/msg/detail/errors__traits.hpp
[1.369s] -- Up-to-date: /home/curdin/franka_ros2_ws/install/franka_msgs/include/franka_msgs/franka_msgs/msg/detail/franka_robot_state__traits.hpp
[1.369s] -- Up-to-date: /home/curdin/franka_ros2_ws/install/franka_msgs/include/franka_msgs/franka_msgs/msg/detail/franka_robot_state__builder.hpp
[1.369s] -- Up-to-date: /home/curdin/franka_ros2_ws/install/franka_msgs/include/franka_msgs/franka_msgs/msg/detail/grasp_epsilon__traits.hpp
[1.369s] -- Up-to-date: /home/curdin/franka_ros2_ws/install/franka_msgs/include/franka_msgs/franka_msgs/msg/detail/grasp_epsilon__struct.hpp
[1.369s] -- Up-to-date: /home/curdin/franka_ros2_ws/install/franka_msgs/include/franka_msgs/franka_msgs/msg/detail/errors__builder.hpp
[1.369s] -- Up-to-date: /home/curdin/franka_ros2_ws/install/franka_msgs/include/franka_msgs/franka_msgs/msg/detail/errors__struct.hpp
[1.369s] -- Up-to-date: /home/curdin/franka_ros2_ws/install/franka_msgs/include/franka_msgs/franka_msgs/msg/franka_robot_state.hpp
[1.369s] -- Up-to-date: /home/curdin/franka_ros2_ws/install/franka_msgs/include/franka_msgs/franka_msgs/action
[1.369s] -- Up-to-date: /home/curdin/franka_ros2_ws/install/franka_msgs/include/franka_msgs/franka_msgs/action/grasp.hpp
[1.369s] -- Up-to-date: /home/curdin/franka_ros2_ws/install/franka_msgs/include/franka_msgs/franka_msgs/action/move.hpp
[1.369s] -- Up-to-date: /home/curdin/franka_ros2_ws/install/franka_msgs/include/franka_msgs/franka_msgs/action/homing.hpp
[1.369s] -- Up-to-date: /home/curdin/franka_ros2_ws/install/franka_msgs/include/franka_msgs/franka_msgs/action/detail
[1.369s] -- Up-to-date: /home/curdin/franka_ros2_ws/install/franka_msgs/include/franka_msgs/franka_msgs/action/detail/homing__traits.hpp
[1.369s] -- Up-to-date: /home/curdin/franka_ros2_ws/install/franka_msgs/include/franka_msgs/franka_msgs/action/detail/move__traits.hpp
[1.369s] -- Up-to-date: /home/curdin/franka_ros2_ws/install/franka_msgs/include/franka_msgs/franka_msgs/action/detail/grasp__traits.hpp
[1.369s] -- Up-to-date: /home/curdin/franka_ros2_ws/install/franka_msgs/include/franka_msgs/franka_msgs/action/detail/grasp__builder.hpp
[1.369s] -- Up-to-date: /home/curdin/franka_ros2_ws/install/franka_msgs/include/franka_msgs/franka_msgs/action/detail/move__struct.hpp
[1.369s] -- Up-to-date: /home/curdin/franka_ros2_ws/install/franka_msgs/include/franka_msgs/franka_msgs/action/detail/homing__builder.hpp
[1.370s] -- Up-to-date: /home/curdin/franka_ros2_ws/install/franka_msgs/include/franka_msgs/franka_msgs/action/detail/homing__struct.hpp
[1.370s] -- Up-to-date: /home/curdin/franka_ros2_ws/install/franka_msgs/include/franka_msgs/franka_msgs/action/detail/grasp__struct.hpp
[1.370s] -- Up-to-date: /home/curdin/franka_ros2_ws/install/franka_msgs/include/franka_msgs/franka_msgs/action/detail/move__builder.hpp
[1.370s] -- Up-to-date: /home/curdin/franka_ros2_ws/install/franka_msgs/include/franka_msgs/franka_msgs
[1.370s] -- Up-to-date: /home/curdin/franka_ros2_ws/install/franka_msgs/include/franka_msgs/franka_msgs/srv
[1.370s] -- Up-to-date: /home/curdin/franka_ros2_ws/install/franka_msgs/include/franka_msgs/franka_msgs/srv/detail
[1.370s] -- Up-to-date: /home/curdin/franka_ros2_ws/install/franka_msgs/include/franka_msgs/franka_msgs/srv/detail/set_force_torque_collision_behavior__rosidl_typesupport_fastrtps_cpp.hpp
[1.370s] -- Up-to-date: /home/curdin/franka_ros2_ws/install/franka_msgs/include/franka_msgs/franka_msgs/srv/detail/set_stiffness_frame__rosidl_typesupport_fastrtps_cpp.hpp
[1.370s] -- Up-to-date: /home/curdin/franka_ros2_ws/install/franka_msgs/include/franka_msgs/franka_msgs/srv/detail/set_full_collision_behavior__rosidl_typesupport_fastrtps_cpp.hpp
[1.370s] -- Up-to-date: /home/curdin/franka_ros2_ws/install/franka_msgs/include/franka_msgs/franka_msgs/srv/detail/set_load__rosidl_typesupport_fastrtps_cpp.hpp
[1.370s] -- Up-to-date: /home/curdin/franka_ros2_ws/install/franka_msgs/include/franka_msgs/franka_msgs/srv/detail/dds_fastrtps
[1.370s] -- Up-to-date: /home/curdin/franka_ros2_ws/install/franka_msgs/include/franka_msgs/franka_msgs/srv/detail/set_cartesian_stiffness__rosidl_typesupport_fastrtps_cpp.hpp
[1.370s] -- Up-to-date: /home/curdin/franka_ros2_ws/install/franka_msgs/include/franka_msgs/franka_msgs/srv/detail/set_joint_stiffness__rosidl_typesupport_fastrtps_cpp.hpp
[1.370s] -- Up-to-date: /home/curdin/franka_ros2_ws/install/franka_msgs/include/franka_msgs/franka_msgs/srv/detail/set_tcp_frame__rosidl_typesupport_fastrtps_cpp.hpp
[1.370s] -- Up-to-date: /home/curdin/franka_ros2_ws/install/franka_msgs/include/franka_msgs/franka_msgs/msg
[1.370s] -- Up-to-date: /home/curdin/franka_ros2_ws/install/franka_msgs/include/franka_msgs/franka_msgs/msg/rosidl_typesupport_fastrtps_cpp__visibility_control.h
[1.370s] -- Up-to-date: /home/curdin/franka_ros2_ws/install/franka_msgs/include/franka_msgs/franka_msgs/msg/detail
[1.370s] -- Up-to-date: /home/curdin/franka_ros2_ws/install/franka_msgs/include/franka_msgs/franka_msgs/msg/detail/errors__rosidl_typesupport_fastrtps_cpp.hpp
[1.370s] -- Up-to-date: /home/curdin/franka_ros2_ws/install/franka_msgs/include/franka_msgs/franka_msgs/msg/detail/dds_fastrtps
[1.370s] -- Up-to-date: /home/curdin/franka_ros2_ws/install/franka_msgs/include/franka_msgs/franka_msgs/msg/detail/franka_robot_state__rosidl_typesupport_fastrtps_cpp.hpp
[1.370s] -- Up-to-date: /home/curdin/franka_ros2_ws/install/franka_msgs/include/franka_msgs/franka_msgs/msg/detail/grasp_epsilon__rosidl_typesupport_fastrtps_cpp.hpp
[1.370s] -- Up-to-date: /home/curdin/franka_ros2_ws/install/franka_msgs/include/franka_msgs/franka_msgs/action
[1.370s] -- Up-to-date: /home/curdin/franka_ros2_ws/install/franka_msgs/include/franka_msgs/franka_msgs/action/detail
[1.370s] -- Up-to-date: /home/curdin/franka_ros2_ws/install/franka_msgs/include/franka_msgs/franka_msgs/action/detail/homing__rosidl_typesupport_fastrtps_cpp.hpp
[1.370s] -- Up-to-date: /home/curdin/franka_ros2_ws/install/franka_msgs/include/franka_msgs/franka_msgs/action/detail/grasp__rosidl_typesupport_fastrtps_cpp.hpp
[1.370s] -- Up-to-date: /home/curdin/franka_ros2_ws/install/franka_msgs/include/franka_msgs/franka_msgs/action/detail/dds_fastrtps
[1.370s] -- Up-to-date: /home/curdin/franka_ros2_ws/install/franka_msgs/include/franka_msgs/franka_msgs/action/detail/move__rosidl_typesupport_fastrtps_cpp.hpp
[1.370s] -- Up-to-date: /home/curdin/franka_ros2_ws/install/franka_msgs/lib/libfranka_msgs__rosidl_typesupport_fastrtps_cpp.so
[1.370s] -- Up-to-date: /home/curdin/franka_ros2_ws/install/franka_msgs/include/franka_msgs/franka_msgs
[1.370s] -- Up-to-date: /home/curdin/franka_ros2_ws/install/franka_msgs/include/franka_msgs/franka_msgs/srv
[1.370s] -- Up-to-date: /home/curdin/franka_ros2_ws/install/franka_msgs/include/franka_msgs/franka_msgs/srv/detail
[1.370s] -- Up-to-date: /home/curdin/franka_ros2_ws/install/franka_msgs/include/franka_msgs/franka_msgs/srv/detail/set_force_torque_collision_behavior__type_support.cpp
[1.370s] -- Up-to-date: /home/curdin/franka_ros2_ws/install/franka_msgs/include/franka_msgs/franka_msgs/srv/detail/set_force_torque_collision_behavior__rosidl_typesupport_introspection_cpp.hpp
[1.370s] -- Up-to-date: /home/curdin/franka_ros2_ws/install/franka_msgs/include/franka_msgs/franka_msgs/srv/detail/set_full_collision_behavior__rosidl_typesupport_introspection_cpp.hpp
[1.370s] -- Up-to-date: /home/curdin/franka_ros2_ws/install/franka_msgs/include/franka_msgs/franka_msgs/srv/detail/set_stiffness_frame__type_support.cpp
[1.370s] -- Up-to-date: /home/curdin/franka_ros2_ws/install/franka_msgs/include/franka_msgs/franka_msgs/srv/detail/set_tcp_frame__type_support.cpp
[1.371s] -- Up-to-date: /home/curdin/franka_ros2_ws/install/franka_msgs/include/franka_msgs/franka_msgs/srv/detail/set_cartesian_stiffness__rosidl_typesupport_introspection_cpp.hpp
[1.371s] -- Up-to-date: /home/curdin/franka_ros2_ws/install/franka_msgs/include/franka_msgs/franka_msgs/srv/detail/set_cartesian_stiffness__type_support.cpp
[1.371s] -- Up-to-date: /home/curdin/franka_ros2_ws/install/franka_msgs/include/franka_msgs/franka_msgs/srv/detail/set_load__rosidl_typesupport_introspection_cpp.hpp
[1.371s] -- Up-to-date: /home/curdin/franka_ros2_ws/install/franka_msgs/include/franka_msgs/franka_msgs/srv/detail/set_stiffness_frame__rosidl_typesupport_introspection_cpp.hpp
[1.371s] -- Up-to-date: /home/curdin/franka_ros2_ws/install/franka_msgs/include/franka_msgs/franka_msgs/srv/detail/set_load__type_support.cpp
[1.371s] -- Up-to-date: /home/curdin/franka_ros2_ws/install/franka_msgs/include/franka_msgs/franka_msgs/srv/detail/set_tcp_frame__rosidl_typesupport_introspection_cpp.hpp
[1.371s] -- Up-to-date: /home/curdin/franka_ros2_ws/install/franka_msgs/include/franka_msgs/franka_msgs/srv/detail/set_joint_stiffness__type_support.cpp
[1.371s] -- Up-to-date: /home/curdin/franka_ros2_ws/install/franka_msgs/include/franka_msgs/franka_msgs/srv/detail/set_joint_stiffness__rosidl_typesupport_introspection_cpp.hpp
[1.371s] -- Up-to-date: /home/curdin/franka_ros2_ws/install/franka_msgs/include/franka_msgs/franka_msgs/srv/detail/set_full_collision_behavior__type_support.cpp
[1.371s] -- Up-to-date: /home/curdin/franka_ros2_ws/install/franka_msgs/include/franka_msgs/franka_msgs/msg
[1.371s] -- Up-to-date: /home/curdin/franka_ros2_ws/install/franka_msgs/include/franka_msgs/franka_msgs/msg/detail
[1.371s] -- Up-to-date: /home/curdin/franka_ros2_ws/install/franka_msgs/include/franka_msgs/franka_msgs/msg/detail/errors__type_support.cpp
[1.371s] -- Up-to-date: /home/curdin/franka_ros2_ws/install/franka_msgs/include/franka_msgs/franka_msgs/msg/detail/franka_robot_state__type_support.cpp
[1.371s] -- Up-to-date: /home/curdin/franka_ros2_ws/install/franka_msgs/include/franka_msgs/franka_msgs/msg/detail/grasp_epsilon__type_support.cpp
[1.371s] -- Up-to-date: /home/curdin/franka_ros2_ws/install/franka_msgs/include/franka_msgs/franka_msgs/msg/detail/franka_robot_state__rosidl_typesupport_introspection_cpp.hpp
[1.371s] -- Up-to-date: /home/curdin/franka_ros2_ws/install/franka_msgs/include/franka_msgs/franka_msgs/msg/detail/errors__rosidl_typesupport_introspection_cpp.hpp
[1.371s] -- Up-to-date: /home/curdin/franka_ros2_ws/install/franka_msgs/include/franka_msgs/franka_msgs/msg/detail/grasp_epsilon__rosidl_typesupport_introspection_cpp.hpp
[1.371s] -- Up-to-date: /home/curdin/franka_ros2_ws/install/franka_msgs/include/franka_msgs/franka_msgs/action
[1.371s] -- Up-to-date: /home/curdin/franka_ros2_ws/install/franka_msgs/include/franka_msgs/franka_msgs/action/detail
[1.371s] -- Up-to-date: /home/curdin/franka_ros2_ws/install/franka_msgs/include/franka_msgs/franka_msgs/action/detail/homing__rosidl_typesupport_introspection_cpp.hpp
[1.371s] -- Up-to-date: /home/curdin/franka_ros2_ws/install/franka_msgs/include/franka_msgs/franka_msgs/action/detail/grasp__type_support.cpp
[1.371s] -- Up-to-date: /home/curdin/franka_ros2_ws/install/franka_msgs/include/franka_msgs/franka_msgs/action/detail/move__type_support.cpp
[1.371s] -- Up-to-date: /home/curdin/franka_ros2_ws/install/franka_msgs/include/franka_msgs/franka_msgs/action/detail/homing__type_support.cpp
[1.371s] -- Up-to-date: /home/curdin/franka_ros2_ws/install/franka_msgs/include/franka_msgs/franka_msgs/action/detail/grasp__rosidl_typesupport_introspection_cpp.hpp
[1.371s] -- Up-to-date: /home/curdin/franka_ros2_ws/install/franka_msgs/include/franka_msgs/franka_msgs/action/detail/move__rosidl_typesupport_introspection_cpp.hpp
[1.371s] -- Up-to-date: /home/curdin/franka_ros2_ws/install/franka_msgs/lib/libfranka_msgs__rosidl_typesupport_introspection_cpp.so
[1.371s] -- Up-to-date: /home/curdin/franka_ros2_ws/install/franka_msgs/lib/libfranka_msgs__rosidl_typesupport_cpp.so
[1.371s] -- Up-to-date: /home/curdin/franka_ros2_ws/install/franka_msgs/share/franka_msgs/environment/pythonpath.sh
[1.371s] -- Installing: /home/curdin/franka_ros2_ws/install/franka_msgs/share/franka_msgs/environment/pythonpath.dsv
[1.371s] -- Up-to-date: /home/curdin/franka_ros2_ws/install/franka_msgs/local/lib/python3.10/dist-packages/franka_msgs-0.1.8-py3.10.egg-info
[1.371s] -- Installing: /home/curdin/franka_ros2_ws/install/franka_msgs/local/lib/python3.10/dist-packages/franka_msgs-0.1.8-py3.10.egg-info/top_level.txt
[1.371s] -- Installing: /home/curdin/franka_ros2_ws/install/franka_msgs/local/lib/python3.10/dist-packages/franka_msgs-0.1.8-py3.10.egg-info/dependency_links.txt
[1.371s] -- Installing: /home/curdin/franka_ros2_ws/install/franka_msgs/local/lib/python3.10/dist-packages/franka_msgs-0.1.8-py3.10.egg-info/PKG-INFO
[1.371s] -- Installing: /home/curdin/franka_ros2_ws/install/franka_msgs/local/lib/python3.10/dist-packages/franka_msgs-0.1.8-py3.10.egg-info/SOURCES.txt
[1.371s] -- Up-to-date: /home/curdin/franka_ros2_ws/install/franka_msgs/local/lib/python3.10/dist-packages/franka_msgs
[1.371s] -- Up-to-date: /home/curdin/franka_ros2_ws/install/franka_msgs/local/lib/python3.10/dist-packages/franka_msgs/franka_msgs_s__rosidl_typesupport_fastrtps_c.cpython-310-x86_64-linux-gnu.so
[1.372s] -- Up-to-date: /home/curdin/franka_ros2_ws/install/franka_msgs/local/lib/python3.10/dist-packages/franka_msgs/franka_msgs_s__rosidl_typesupport_c.cpython-310-x86_64-linux-gnu.so
[1.372s] -- Up-to-date: /home/curdin/franka_ros2_ws/install/franka_msgs/local/lib/python3.10/dist-packages/franka_msgs/srv
[1.372s] -- Up-to-date: /home/curdin/franka_ros2_ws/install/franka_msgs/local/lib/python3.10/dist-packages/franka_msgs/srv/_set_full_collision_behavior_s.c
[1.372s] -- Up-to-date: /home/curdin/franka_ros2_ws/install/franka_msgs/local/lib/python3.10/dist-packages/franka_msgs/srv/_set_stiffness_frame.py
[1.372s] -- Up-to-date: /home/curdin/franka_ros2_ws/install/franka_msgs/local/lib/python3.10/dist-packages/franka_msgs/srv/_set_force_torque_collision_behavior.py
[1.372s] -- Up-to-date: /home/curdin/franka_ros2_ws/install/franka_msgs/local/lib/python3.10/dist-packages/franka_msgs/srv/_set_joint_stiffness_s.c
[1.372s] -- Up-to-date: /home/curdin/franka_ros2_ws/install/franka_msgs/local/lib/python3.10/dist-packages/franka_msgs/srv/_set_full_collision_behavior.py
[1.372s] -- Up-to-date: /home/curdin/franka_ros2_ws/install/franka_msgs/local/lib/python3.10/dist-packages/franka_msgs/srv/_set_load_s.c
[1.372s] -- Up-to-date: /home/curdin/franka_ros2_ws/install/franka_msgs/local/lib/python3.10/dist-packages/franka_msgs/srv/_set_force_torque_collision_behavior_s.c
[1.372s] -- Up-to-date: /home/curdin/franka_ros2_ws/install/franka_msgs/local/lib/python3.10/dist-packages/franka_msgs/srv/_set_load.py
[1.372s] -- Up-to-date: /home/curdin/franka_ros2_ws/install/franka_msgs/local/lib/python3.10/dist-packages/franka_msgs/srv/_set_joint_stiffness.py
[1.372s] -- Up-to-date: /home/curdin/franka_ros2_ws/install/franka_msgs/local/lib/python3.10/dist-packages/franka_msgs/srv/_set_cartesian_stiffness_s.c
[1.372s] -- Up-to-date: /home/curdin/franka_ros2_ws/install/franka_msgs/local/lib/python3.10/dist-packages/franka_msgs/srv/_set_stiffness_frame_s.c
[1.372s] -- Up-to-date: /home/curdin/franka_ros2_ws/install/franka_msgs/local/lib/python3.10/dist-packages/franka_msgs/srv/__init__.py
[1.372s] -- Up-to-date: /home/curdin/franka_ros2_ws/install/franka_msgs/local/lib/python3.10/dist-packages/franka_msgs/srv/_set_cartesian_stiffness.py
[1.372s] -- Up-to-date: /home/curdin/franka_ros2_ws/install/franka_msgs/local/lib/python3.10/dist-packages/franka_msgs/srv/_set_tcp_frame_s.c
[1.372s] -- Up-to-date: /home/curdin/franka_ros2_ws/install/franka_msgs/local/lib/python3.10/dist-packages/franka_msgs/srv/_set_tcp_frame.py
[1.372s] -- Up-to-date: /home/curdin/franka_ros2_ws/install/franka_msgs/local/lib/python3.10/dist-packages/franka_msgs/msg
[1.372s] -- Up-to-date: /home/curdin/franka_ros2_ws/install/franka_msgs/local/lib/python3.10/dist-packages/franka_msgs/msg/_franka_robot_state.py
[1.372s] -- Up-to-date: /home/curdin/franka_ros2_ws/install/franka_msgs/local/lib/python3.10/dist-packages/franka_msgs/msg/_grasp_epsilon_s.c
[1.372s] -- Up-to-date: /home/curdin/franka_ros2_ws/install/franka_msgs/local/lib/python3.10/dist-packages/franka_msgs/msg/_errors_s.c
[1.372s] -- Up-to-date: /home/curdin/franka_ros2_ws/install/franka_msgs/local/lib/python3.10/dist-packages/franka_msgs/msg/_franka_robot_state_s.c
[1.372s] -- Up-to-date: /home/curdin/franka_ros2_ws/install/franka_msgs/local/lib/python3.10/dist-packages/franka_msgs/msg/__init__.py
[1.372s] -- Up-to-date: /home/curdin/franka_ros2_ws/install/franka_msgs/local/lib/python3.10/dist-packages/franka_msgs/msg/_errors.py
[1.372s] -- Up-to-date: /home/curdin/franka_ros2_ws/install/franka_msgs/local/lib/python3.10/dist-packages/franka_msgs/msg/_grasp_epsilon.py
[1.372s] -- Up-to-date: /home/curdin/franka_ros2_ws/install/franka_msgs/local/lib/python3.10/dist-packages/franka_msgs/libfranka_msgs__rosidl_generator_py.so
[1.372s] -- Up-to-date: /home/curdin/franka_ros2_ws/install/franka_msgs/local/lib/python3.10/dist-packages/franka_msgs/_franka_msgs_s.ep.rosidl_typesupport_fastrtps_c.c
[1.372s] -- Installing: /home/curdin/franka_ros2_ws/install/franka_msgs/local/lib/python3.10/dist-packages/franka_msgs/__init__.py
[1.372s] -- Up-to-date: /home/curdin/franka_ros2_ws/install/franka_msgs/local/lib/python3.10/dist-packages/franka_msgs/franka_msgs_s__rosidl_typesupport_introspection_c.cpython-310-x86_64-linux-gnu.so
[1.372s] -- Up-to-date: /home/curdin/franka_ros2_ws/install/franka_msgs/local/lib/python3.10/dist-packages/franka_msgs/action
[1.372s] -- Up-to-date: /home/curdin/franka_ros2_ws/install/franka_msgs/local/lib/python3.10/dist-packages/franka_msgs/action/_move.py
[1.372s] -- Up-to-date: /home/curdin/franka_ros2_ws/install/franka_msgs/local/lib/python3.10/dist-packages/franka_msgs/action/_grasp_s.c
[1.372s] -- Up-to-date: /home/curdin/franka_ros2_ws/install/franka_msgs/local/lib/python3.10/dist-packages/franka_msgs/action/_grasp.py
[1.372s] -- Up-to-date: /home/curdin/franka_ros2_ws/install/franka_msgs/local/lib/python3.10/dist-packages/franka_msgs/action/_homing.py
[1.372s] -- Up-to-date: /home/curdin/franka_ros2_ws/install/franka_msgs/local/lib/python3.10/dist-packages/franka_msgs/action/_homing_s.c
[1.372s] -- Up-to-date: /home/curdin/franka_ros2_ws/install/franka_msgs/local/lib/python3.10/dist-packages/franka_msgs/action/__init__.py
[1.373s] -- Up-to-date: /home/curdin/franka_ros2_ws/install/franka_msgs/local/lib/python3.10/dist-packages/franka_msgs/action/_move_s.c
[1.373s] -- Up-to-date: /home/curdin/franka_ros2_ws/install/franka_msgs/local/lib/python3.10/dist-packages/franka_msgs/_franka_msgs_s.ep.rosidl_typesupport_c.c
[1.373s] -- Up-to-date: /home/curdin/franka_ros2_ws/install/franka_msgs/local/lib/python3.10/dist-packages/franka_msgs/_franka_msgs_s.ep.rosidl_typesupport_introspection_c.c
[1.392s] Listing '/home/curdin/franka_ros2_ws/install/franka_msgs/local/lib/python3.10/dist-packages/franka_msgs'...
[1.392s] Compiling '/home/curdin/franka_ros2_ws/install/franka_msgs/local/lib/python3.10/dist-packages/franka_msgs/__init__.py'...
[1.392s] Listing '/home/curdin/franka_ros2_ws/install/franka_msgs/local/lib/python3.10/dist-packages/franka_msgs/action'...
[1.392s] Listing '/home/curdin/franka_ros2_ws/install/franka_msgs/local/lib/python3.10/dist-packages/franka_msgs/msg'...
[1.392s] Listing '/home/curdin/franka_ros2_ws/install/franka_msgs/local/lib/python3.10/dist-packages/franka_msgs/srv'...
[1.395s] -- Up-to-date: /home/curdin/franka_ros2_ws/install/franka_msgs/local/lib/python3.10/dist-packages/franka_msgs/franka_msgs_s__rosidl_typesupport_fastrtps_c.cpython-310-x86_64-linux-gnu.so
[1.396s] -- Up-to-date: /home/curdin/franka_ros2_ws/install/franka_msgs/local/lib/python3.10/dist-packages/franka_msgs/franka_msgs_s__rosidl_typesupport_introspection_c.cpython-310-x86_64-linux-gnu.so
[1.396s] -- Up-to-date: /home/curdin/franka_ros2_ws/install/franka_msgs/local/lib/python3.10/dist-packages/franka_msgs/franka_msgs_s__rosidl_typesupport_c.cpython-310-x86_64-linux-gnu.so
[1.397s] -- Up-to-date: /home/curdin/franka_ros2_ws/install/franka_msgs/lib/libfranka_msgs__rosidl_generator_py.so
[1.397s] -- Up-to-date: /home/curdin/franka_ros2_ws/install/franka_msgs/share/franka_msgs/action/Grasp.idl
[1.397s] -- Up-to-date: /home/curdin/franka_ros2_ws/install/franka_msgs/share/franka_msgs/action/Homing.idl
[1.397s] -- Up-to-date: /home/curdin/franka_ros2_ws/install/franka_msgs/share/franka_msgs/action/Move.idl
[1.397s] -- Up-to-date: /home/curdin/franka_ros2_ws/install/franka_msgs/share/franka_msgs/msg/Errors.idl
[1.397s] -- Up-to-date: /home/curdin/franka_ros2_ws/install/franka_msgs/share/franka_msgs/msg/GraspEpsilon.idl
[1.397s] -- Up-to-date: /home/curdin/franka_ros2_ws/install/franka_msgs/share/franka_msgs/msg/FrankaRobotState.idl
[1.397s] -- Up-to-date: /home/curdin/franka_ros2_ws/install/franka_msgs/share/franka_msgs/srv/SetCartesianStiffness.idl
[1.397s] -- Up-to-date: /home/curdin/franka_ros2_ws/install/franka_msgs/share/franka_msgs/srv/SetTCPFrame.idl
[1.397s] -- Up-to-date: /home/curdin/franka_ros2_ws/install/franka_msgs/share/franka_msgs/srv/SetForceTorqueCollisionBehavior.idl
[1.397s] -- Up-to-date: /home/curdin/franka_ros2_ws/install/franka_msgs/share/franka_msgs/srv/SetFullCollisionBehavior.idl
[1.397s] -- Up-to-date: /home/curdin/franka_ros2_ws/install/franka_msgs/share/franka_msgs/srv/SetJointStiffness.idl
[1.397s] -- Up-to-date: /home/curdin/franka_ros2_ws/install/franka_msgs/share/franka_msgs/srv/SetStiffnessFrame.idl
[1.397s] -- Up-to-date: /home/curdin/franka_ros2_ws/install/franka_msgs/share/franka_msgs/srv/SetLoad.idl
[1.397s] -- Up-to-date: /home/curdin/franka_ros2_ws/install/franka_msgs/share/franka_msgs/action/Grasp.action
[1.397s] -- Up-to-date: /home/curdin/franka_ros2_ws/install/franka_msgs/share/franka_msgs/action/Homing.action
[1.397s] -- Up-to-date: /home/curdin/franka_ros2_ws/install/franka_msgs/share/franka_msgs/action/Move.action
[1.397s] -- Up-to-date: /home/curdin/franka_ros2_ws/install/franka_msgs/share/franka_msgs/msg/Errors.msg
[1.398s] -- Up-to-date: /home/curdin/franka_ros2_ws/install/franka_msgs/share/franka_msgs/msg/GraspEpsilon.msg
[1.398s] -- Up-to-date: /home/curdin/franka_ros2_ws/install/franka_msgs/share/franka_msgs/msg/FrankaRobotState.msg
[1.398s] -- Up-to-date: /home/curdin/franka_ros2_ws/install/franka_msgs/share/franka_msgs/srv/SetCartesianStiffness.srv
[1.398s] -- Up-to-date: /home/curdin/franka_ros2_ws/install/franka_msgs/share/franka_msgs/srv/SetCartesianStiffness_Request.msg
[1.398s] -- Up-to-date: /home/curdin/franka_ros2_ws/install/franka_msgs/share/franka_msgs/srv/SetCartesianStiffness_Response.msg
[1.398s] -- Up-to-date: /home/curdin/franka_ros2_ws/install/franka_msgs/share/franka_msgs/srv/SetTCPFrame.srv
[1.398s] -- Up-to-date: /home/curdin/franka_ros2_ws/install/franka_msgs/share/franka_msgs/srv/SetTCPFrame_Request.msg
[1.398s] -- Up-to-date: /home/curdin/franka_ros2_ws/install/franka_msgs/share/franka_msgs/srv/SetTCPFrame_Response.msg
[1.398s] -- Up-to-date: /home/curdin/franka_ros2_ws/install/franka_msgs/share/franka_msgs/srv/SetForceTorqueCollisionBehavior.srv
[1.398s] -- Up-to-date: /home/curdin/franka_ros2_ws/install/franka_msgs/share/franka_msgs/srv/SetForceTorqueCollisionBehavior_Request.msg
[1.398s] -- Up-to-date: /home/curdin/franka_ros2_ws/install/franka_msgs/share/franka_msgs/srv/SetForceTorqueCollisionBehavior_Response.msg
[1.398s] -- Up-to-date: /home/curdin/franka_ros2_ws/install/franka_msgs/share/franka_msgs/srv/SetFullCollisionBehavior.srv
[1.398s] -- Up-to-date: /home/curdin/franka_ros2_ws/install/franka_msgs/share/franka_msgs/srv/SetFullCollisionBehavior_Request.msg
[1.398s] -- Up-to-date: /home/curdin/franka_ros2_ws/install/franka_msgs/share/franka_msgs/srv/SetFullCollisionBehavior_Response.msg
[1.398s] -- Up-to-date: /home/curdin/franka_ros2_ws/install/franka_msgs/share/franka_msgs/srv/SetJointStiffness.srv
[1.398s] -- Up-to-date: /home/curdin/franka_ros2_ws/install/franka_msgs/share/franka_msgs/srv/SetJointStiffness_Request.msg
[1.398s] -- Up-to-date: /home/curdin/franka_ros2_ws/install/franka_msgs/share/franka_msgs/srv/SetJointStiffness_Response.msg
[1.398s] -- Up-to-date: /home/curdin/franka_ros2_ws/install/franka_msgs/share/franka_msgs/srv/SetStiffnessFrame.srv
[1.398s] -- Up-to-date: /home/curdin/franka_ros2_ws/install/franka_msgs/share/franka_msgs/srv/SetStiffnessFrame_Request.msg
[1.398s] -- Up-to-date: /home/curdin/franka_ros2_ws/install/franka_msgs/share/franka_msgs/srv/SetStiffnessFrame_Response.msg
[1.398s] -- Up-to-date: /home/curdin/franka_ros2_ws/install/franka_msgs/share/franka_msgs/srv/SetLoad.srv
[1.398s] -- Up-to-date: /home/curdin/franka_ros2_ws/install/franka_msgs/share/franka_msgs/srv/SetLoad_Request.msg
[1.398s] -- Up-to-date: /home/curdin/franka_ros2_ws/install/franka_msgs/share/franka_msgs/srv/SetLoad_Response.msg
[1.398s] -- Up-to-date: /home/curdin/franka_ros2_ws/install/franka_msgs/share/ament_index/resource_index/package_run_dependencies/franka_msgs
[1.398s] -- Up-to-date: /home/curdin/franka_ros2_ws/install/franka_msgs/share/ament_index/resource_index/parent_prefix_path/franka_msgs
[1.398s] -- Up-to-date: /home/curdin/franka_ros2_ws/install/franka_msgs/share/franka_msgs/environment/ament_prefix_path.sh
[1.398s] -- Installing: /home/curdin/franka_ros2_ws/install/franka_msgs/share/franka_msgs/environment/ament_prefix_path.dsv
[1.399s] -- Up-to-date: /home/curdin/franka_ros2_ws/install/franka_msgs/share/franka_msgs/environment/path.sh
[1.399s] -- Installing: /home/curdin/franka_ros2_ws/install/franka_msgs/share/franka_msgs/environment/path.dsv
[1.399s] -- Up-to-date: /home/curdin/franka_ros2_ws/install/franka_msgs/share/franka_msgs/local_setup.bash
[1.399s] -- Up-to-date: /home/curdin/franka_ros2_ws/install/franka_msgs/share/franka_msgs/local_setup.sh
[1.399s] -- Up-to-date: /home/curdin/franka_ros2_ws/install/franka_msgs/share/franka_msgs/local_setup.zsh
[1.399s] -- Installing: /home/curdin/franka_ros2_ws/install/franka_msgs/share/franka_msgs/local_setup.dsv
[1.399s] -- Installing: /home/curdin/franka_ros2_ws/install/franka_msgs/share/franka_msgs/package.dsv
[1.399s] -- Up-to-date: /home/curdin/franka_ros2_ws/install/franka_msgs/share/ament_index/resource_index/packages/franka_msgs
[1.399s] -- Up-to-date: /home/curdin/franka_ros2_ws/install/franka_msgs/share/franka_msgs/cmake/export_franka_msgs__rosidl_generator_cExport.cmake
[1.399s] -- Up-to-date: /home/curdin/franka_ros2_ws/install/franka_msgs/share/franka_msgs/cmake/export_franka_msgs__rosidl_generator_cExport-release.cmake
[1.399s] -- Up-to-date: /home/curdin/franka_ros2_ws/install/franka_msgs/share/franka_msgs/cmake/export_franka_msgs__rosidl_typesupport_fastrtps_cExport.cmake
[1.399s] -- Up-to-date: /home/curdin/franka_ros2_ws/install/franka_msgs/share/franka_msgs/cmake/export_franka_msgs__rosidl_typesupport_fastrtps_cExport-release.cmake
[1.399s] -- Up-to-date: /home/curdin/franka_ros2_ws/install/franka_msgs/share/franka_msgs/cmake/franka_msgs__rosidl_typesupport_introspection_cExport.cmake
[1.399s] -- Up-to-date: /home/curdin/franka_ros2_ws/install/franka_msgs/share/franka_msgs/cmake/franka_msgs__rosidl_typesupport_introspection_cExport-release.cmake
[1.399s] -- Up-to-date: /home/curdin/franka_ros2_ws/install/franka_msgs/share/franka_msgs/cmake/franka_msgs__rosidl_typesupport_cExport.cmake
[1.399s] -- Up-to-date: /home/curdin/franka_ros2_ws/install/franka_msgs/share/franka_msgs/cmake/franka_msgs__rosidl_typesupport_cExport-release.cmake
[1.399s] -- Up-to-date: /home/curdin/franka_ros2_ws/install/franka_msgs/share/franka_msgs/cmake/export_franka_msgs__rosidl_generator_cppExport.cmake
[1.399s] -- Up-to-date: /home/curdin/franka_ros2_ws/install/franka_msgs/share/franka_msgs/cmake/export_franka_msgs__rosidl_typesupport_fastrtps_cppExport.cmake
[1.399s] -- Up-to-date: /home/curdin/franka_ros2_ws/install/franka_msgs/share/franka_msgs/cmake/export_franka_msgs__rosidl_typesupport_fastrtps_cppExport-release.cmake
[1.399s] -- Up-to-date: /home/curdin/franka_ros2_ws/install/franka_msgs/share/franka_msgs/cmake/franka_msgs__rosidl_typesupport_introspection_cppExport.cmake
[1.399s] -- Up-to-date: /home/curdin/franka_ros2_ws/install/franka_msgs/share/franka_msgs/cmake/franka_msgs__rosidl_typesupport_introspection_cppExport-release.cmake
[1.399s] -- Up-to-date: /home/curdin/franka_ros2_ws/install/franka_msgs/share/franka_msgs/cmake/franka_msgs__rosidl_typesupport_cppExport.cmake
[1.399s] -- Up-to-date: /home/curdin/franka_ros2_ws/install/franka_msgs/share/franka_msgs/cmake/franka_msgs__rosidl_typesupport_cppExport-release.cmake
[1.399s] -- Up-to-date: /home/curdin/franka_ros2_ws/install/franka_msgs/share/franka_msgs/cmake/export_franka_msgs__rosidl_generator_pyExport.cmake
[1.399s] -- Up-to-date: /home/curdin/franka_ros2_ws/install/franka_msgs/share/franka_msgs/cmake/export_franka_msgs__rosidl_generator_pyExport-release.cmake
[1.399s] -- Up-to-date: /home/curdin/franka_ros2_ws/install/franka_msgs/share/franka_msgs/cmake/rosidl_cmake-extras.cmake
[1.399s] -- Up-to-date: /home/curdin/franka_ros2_ws/install/franka_msgs/share/franka_msgs/cmake/ament_cmake_export_dependencies-extras.cmake
[1.400s] -- Up-to-date: /home/curdin/franka_ros2_ws/install/franka_msgs/share/franka_msgs/cmake/ament_cmake_export_include_directories-extras.cmake
[1.400s] -- Up-to-date: /home/curdin/franka_ros2_ws/install/franka_msgs/share/franka_msgs/cmake/ament_cmake_export_libraries-extras.cmake
[1.400s] -- Up-to-date: /home/curdin/franka_ros2_ws/install/franka_msgs/share/franka_msgs/cmake/ament_cmake_export_targets-extras.cmake
[1.400s] -- Up-to-date: /home/curdin/franka_ros2_ws/install/franka_msgs/share/franka_msgs/cmake/rosidl_cmake_export_typesupport_targets-extras.cmake
[1.400s] -- Up-to-date: /home/curdin/franka_ros2_ws/install/franka_msgs/share/franka_msgs/cmake/rosidl_cmake_export_typesupport_libraries-extras.cmake
[1.400s] -- Up-to-date: /home/curdin/franka_ros2_ws/install/franka_msgs/share/franka_msgs/cmake/franka_msgsConfig.cmake
[1.400s] -- Up-to-date: /home/curdin/franka_ros2_ws/install/franka_msgs/share/franka_msgs/cmake/franka_msgsConfig-version.cmake
[1.400s] -- Up-to-date: /home/curdin/franka_ros2_ws/install/franka_msgs/share/franka_msgs/package.xml
[1.401s] Invoked command in '/home/curdin/franka_ros2_ws/build/franka_msgs' returned '0': CMAKE_PREFIX_PATH=/opt/ros/humble /usr/bin/cmake --install /home/curdin/franka_ros2_ws/build/franka_msgs
