[0.082s] Invoking command in '/home/curdin/franka_ros2_ws/build/franka_bringup': CMAKE_PREFIX_PATH=/home/curdin/franka_ros2_ws/install/franka_robot_state_broadcaster:/home/curdin/franka_ros2_ws/install/franka_semantic_components:/home/curdin/franka_ros2_ws/install/franka_hardware:/home/curdin/franka_ros2_ws/install/franka_msgs:/home/curdin/franka_ros2_ws/install/franka_description:/home/curdin/franka_ros2_ws/install/joint_trajectory_controller:/home/curdin/franka_ros2_ws/install/integration_launch_testing:/home/curdin/franka_ros2_ws/install/franka_bringup:/home/curdin/franka_ros2_ws/install/franka_example_controllers:/home/curdin/franka_ros2_ws/install/franka_moveit_config:/home/curdin/franka_ros2_ws/install/franka_gripper:/opt/ros/humble LD_LIBRARY_PATH=/home/curdin/franka_ros2_ws/install/franka_robot_state_broadcaster/lib:/home/curdin/franka_ros2_ws/install/franka_semantic_components/lib:/home/curdin/franka_ros2_ws/install/franka_hardware/lib:/home/curdin/franka_ros2_ws/install/franka_msgs/lib:/home/curdin/franka_ros2_ws/install/joint_trajectory_controller/lib:/home/curdin/franka_ros2_ws/install/integration_launch_testing/lib:/home/curdin/franka_ros2_ws/install/franka_example_controllers/lib:/home/curdin/franka_ros2_ws/install/franka_gripper/lib:/opt/ros/humble/opt/rviz_ogre_vendor/lib:/opt/ros/humble/lib/x86_64-linux-gnu:/opt/ros/humble/lib /usr/bin/cmake --build /home/curdin/franka_ros2_ws/build/franka_bringup -- -j20 -l20
[0.106s] Invoked command in '/home/curdin/franka_ros2_ws/build/franka_bringup' returned '0': CMAKE_PREFIX_PATH=/home/curdin/franka_ros2_ws/install/franka_robot_state_broadcaster:/home/curdin/franka_ros2_ws/install/franka_semantic_components:/home/curdin/franka_ros2_ws/install/franka_hardware:/home/curdin/franka_ros2_ws/install/franka_msgs:/home/curdin/franka_ros2_ws/install/franka_description:/home/curdin/franka_ros2_ws/install/joint_trajectory_controller:/home/curdin/franka_ros2_ws/install/integration_launch_testing:/home/curdin/franka_ros2_ws/install/franka_bringup:/home/curdin/franka_ros2_ws/install/franka_example_controllers:/home/curdin/franka_ros2_ws/install/franka_moveit_config:/home/curdin/franka_ros2_ws/install/franka_gripper:/opt/ros/humble LD_LIBRARY_PATH=/home/curdin/franka_ros2_ws/install/franka_robot_state_broadcaster/lib:/home/curdin/franka_ros2_ws/install/franka_semantic_components/lib:/home/curdin/franka_ros2_ws/install/franka_hardware/lib:/home/curdin/franka_ros2_ws/install/franka_msgs/lib:/home/curdin/franka_ros2_ws/install/joint_trajectory_controller/lib:/home/curdin/franka_ros2_ws/install/integration_launch_testing/lib:/home/curdin/franka_ros2_ws/install/franka_example_controllers/lib:/home/curdin/franka_ros2_ws/install/franka_gripper/lib:/opt/ros/humble/opt/rviz_ogre_vendor/lib:/opt/ros/humble/lib/x86_64-linux-gnu:/opt/ros/humble/lib /usr/bin/cmake --build /home/curdin/franka_ros2_ws/build/franka_bringup -- -j20 -l20
[0.121s] Invoking command in '/home/curdin/franka_ros2_ws/build/franka_bringup': CMAKE_PREFIX_PATH=/home/curdin/franka_ros2_ws/install/franka_robot_state_broadcaster:/home/curdin/franka_ros2_ws/install/franka_semantic_components:/home/curdin/franka_ros2_ws/install/franka_hardware:/home/curdin/franka_ros2_ws/install/franka_msgs:/home/curdin/franka_ros2_ws/install/franka_description:/home/curdin/franka_ros2_ws/install/joint_trajectory_controller:/home/curdin/franka_ros2_ws/install/integration_launch_testing:/home/curdin/franka_ros2_ws/install/franka_bringup:/home/curdin/franka_ros2_ws/install/franka_example_controllers:/home/curdin/franka_ros2_ws/install/franka_moveit_config:/home/curdin/franka_ros2_ws/install/franka_gripper:/opt/ros/humble LD_LIBRARY_PATH=/home/curdin/franka_ros2_ws/install/franka_robot_state_broadcaster/lib:/home/curdin/franka_ros2_ws/install/franka_semantic_components/lib:/home/curdin/franka_ros2_ws/install/franka_hardware/lib:/home/curdin/franka_ros2_ws/install/franka_msgs/lib:/home/curdin/franka_ros2_ws/install/joint_trajectory_controller/lib:/home/curdin/franka_ros2_ws/install/integration_launch_testing/lib:/home/curdin/franka_ros2_ws/install/franka_example_controllers/lib:/home/curdin/franka_ros2_ws/install/franka_gripper/lib:/opt/ros/humble/opt/rviz_ogre_vendor/lib:/opt/ros/humble/lib/x86_64-linux-gnu:/opt/ros/humble/lib /usr/bin/cmake --install /home/curdin/franka_ros2_ws/build/franka_bringup
[0.126s] -- Install configuration: "Release"
[0.126s] -- Up-to-date: /home/curdin/franka_ros2_ws/install/franka_bringup/share/franka_bringup/config
[0.126s] -- Up-to-date: /home/curdin/franka_ros2_ws/install/franka_bringup/share/franka_bringup/config/controllers.yaml
[0.126s] -- Up-to-date: /home/curdin/franka_ros2_ws/install/franka_bringup/share/franka_bringup/launch
[0.126s] -- Up-to-date: /home/curdin/franka_ros2_ws/install/franka_bringup/share/franka_bringup/launch/cartesian_velocity_example_controller.launch.py
[0.126s] -- Up-to-date: /home/curdin/franka_ros2_ws/install/franka_bringup/share/franka_bringup/launch/joint_position_example_controller.launch.py
[0.126s] -- Up-to-date: /home/curdin/franka_ros2_ws/install/franka_bringup/share/franka_bringup/launch/joint_impedance_example_controller.launch.py
[0.127s] -- Up-to-date: /home/curdin/franka_ros2_ws/install/franka_bringup/share/franka_bringup/launch/elbow_example_controller.launch.py
[0.127s] -- Up-to-date: /home/curdin/franka_ros2_ws/install/franka_bringup/share/franka_bringup/launch/gravity_compensation_example_controller.launch.py
[0.127s] -- Up-to-date: /home/curdin/franka_ros2_ws/install/franka_bringup/share/franka_bringup/launch/model_example_controller.launch.py
[0.128s] -- Up-to-date: /home/curdin/franka_ros2_ws/install/franka_bringup/share/franka_bringup/launch/franka.launch.py
[0.128s] -- Up-to-date: /home/curdin/franka_ros2_ws/install/franka_bringup/share/franka_bringup/launch/move_to_start_example_controller.launch.py
[0.128s] -- Up-to-date: /home/curdin/franka_ros2_ws/install/franka_bringup/share/franka_bringup/launch/joint_velocity_example_controller.launch.py
[0.128s] -- Up-to-date: /home/curdin/franka_ros2_ws/install/franka_bringup/share/ament_index/resource_index/package_run_dependencies/franka_bringup
[0.128s] -- Up-to-date: /home/curdin/franka_ros2_ws/install/franka_bringup/share/ament_index/resource_index/parent_prefix_path/franka_bringup
[0.129s] -- Up-to-date: /home/curdin/franka_ros2_ws/install/franka_bringup/share/franka_bringup/environment/ament_prefix_path.sh
[0.129s] -- Up-to-date: /home/curdin/franka_ros2_ws/install/franka_bringup/share/franka_bringup/environment/ament_prefix_path.dsv
[0.129s] -- Up-to-date: /home/curdin/franka_ros2_ws/install/franka_bringup/share/franka_bringup/environment/path.sh
[0.129s] -- Up-to-date: /home/curdin/franka_ros2_ws/install/franka_bringup/share/franka_bringup/environment/path.dsv
[0.129s] -- Up-to-date: /home/curdin/franka_ros2_ws/install/franka_bringup/share/franka_bringup/local_setup.bash
[0.129s] -- Up-to-date: /home/curdin/franka_ros2_ws/install/franka_bringup/share/franka_bringup/local_setup.sh
[0.129s] -- Up-to-date: /home/curdin/franka_ros2_ws/install/franka_bringup/share/franka_bringup/local_setup.zsh
[0.129s] -- Up-to-date: /home/curdin/franka_ros2_ws/install/franka_bringup/share/franka_bringup/local_setup.dsv
[0.129s] -- Up-to-date: /home/curdin/franka_ros2_ws/install/franka_bringup/share/franka_bringup/package.dsv
[0.129s] -- Up-to-date: /home/curdin/franka_ros2_ws/install/franka_bringup/share/ament_index/resource_index/packages/franka_bringup
[0.129s] -- Up-to-date: /home/curdin/franka_ros2_ws/install/franka_bringup/share/franka_bringup/cmake/franka_bringupConfig.cmake
[0.129s] -- Up-to-date: /home/curdin/franka_ros2_ws/install/franka_bringup/share/franka_bringup/cmake/franka_bringupConfig-version.cmake
[0.129s] -- Up-to-date: /home/curdin/franka_ros2_ws/install/franka_bringup/share/franka_bringup/package.xml
[0.129s] Invoked command in '/home/curdin/franka_ros2_ws/build/franka_bringup' returned '0': CMAKE_PREFIX_PATH=/home/curdin/franka_ros2_ws/install/franka_robot_state_broadcaster:/home/curdin/franka_ros2_ws/install/franka_semantic_components:/home/curdin/franka_ros2_ws/install/franka_hardware:/home/curdin/franka_ros2_ws/install/franka_msgs:/home/curdin/franka_ros2_ws/install/franka_description:/home/curdin/franka_ros2_ws/install/joint_trajectory_controller:/home/curdin/franka_ros2_ws/install/integration_launch_testing:/home/curdin/franka_ros2_ws/install/franka_bringup:/home/curdin/franka_ros2_ws/install/franka_example_controllers:/home/curdin/franka_ros2_ws/install/franka_moveit_config:/home/curdin/franka_ros2_ws/install/franka_gripper:/opt/ros/humble LD_LIBRARY_PATH=/home/curdin/franka_ros2_ws/install/franka_robot_state_broadcaster/lib:/home/curdin/franka_ros2_ws/install/franka_semantic_components/lib:/home/curdin/franka_ros2_ws/install/franka_hardware/lib:/home/curdin/franka_ros2_ws/install/franka_msgs/lib:/home/curdin/franka_ros2_ws/install/joint_trajectory_controller/lib:/home/curdin/franka_ros2_ws/install/integration_launch_testing/lib:/home/curdin/franka_ros2_ws/install/franka_example_controllers/lib:/home/curdin/franka_ros2_ws/install/franka_gripper/lib:/opt/ros/humble/opt/rviz_ogre_vendor/lib:/opt/ros/humble/lib/x86_64-linux-gnu:/opt/ros/humble/lib /usr/bin/cmake --install /home/curdin/franka_ros2_ws/build/franka_bringup
