[0.066s] Invoking command in '/home/curdin/franka_ros2_ws/build/franka_description': CMAKE_PREFIX_PATH=/opt/ros/humble /usr/bin/cmake /home/curdin/franka_ros2_ws/src/franka_ros2/franka_description -DCMAKE_BUILD_TYPE=Release -DCMAKE_INSTALL_PREFIX=/home/curdin/franka_ros2_ws/install/franka_description
[0.096s] -- The C compiler identification is GNU 11.4.0
[0.128s] -- The CXX compiler identification is GNU 11.4.0
[0.133s] -- Detecting C compiler ABI info
[0.170s] -- Detecting C compiler ABI info - done
[0.175s] -- Check for working C compiler: /usr/bin/cc - skipped
[0.175s] -- Detecting C compile features
[0.175s] -- Detecting C compile features - done
[0.177s] -- Detecting CXX compiler ABI info
[0.232s] -- Detecting CXX compiler ABI info - done
[0.237s] -- Check for working CXX compiler: /usr/bin/c++ - skipped
[0.237s] -- Detecting CXX compile features
[0.238s] -- Detecting CXX compile features - done
[0.239s] -- Found ament_cmake: 1.3.7 (/opt/ros/humble/share/ament_cmake/cmake)
[0.380s] -- Found Python3: /usr/bin/python3.10 (found version "3.10.12") found components: Interpreter 
[0.461s] -- Found ament_lint_auto: 0.12.8 (/opt/ros/humble/share/ament_lint_auto/cmake)
[0.747s] -- Added test 'copyright' to check source files copyright and LICENSE
[0.748s] -- Added test 'flake8' to check Python code syntax and style conventions
[0.749s] -- Added test 'lint_cmake' to check CMake code style
[0.749s] -- Added test 'pep257' to check Python code against some of the docstring style conventions in PEP 257
[0.750s] -- Added test 'xmllint' to check XML markup files
[0.750s] -- Configuring done
[0.752s] -- Generating done
[0.752s] -- Build files have been written to: /home/curdin/franka_ros2_ws/build/franka_description
[0.755s] Invoked command in '/home/curdin/franka_ros2_ws/build/franka_description' returned '0': CMAKE_PREFIX_PATH=/opt/ros/humble /usr/bin/cmake /home/curdin/franka_ros2_ws/src/franka_ros2/franka_description -DCMAKE_BUILD_TYPE=Release -DCMAKE_INSTALL_PREFIX=/home/curdin/franka_ros2_ws/install/franka_description
[0.756s] Invoking command in '/home/curdin/franka_ros2_ws/build/franka_description': CMAKE_PREFIX_PATH=/opt/ros/humble /usr/bin/cmake --build /home/curdin/franka_ros2_ws/build/franka_description -- -j20 -l20
[0.779s] Invoked command in '/home/curdin/franka_ros2_ws/build/franka_description' returned '0': CMAKE_PREFIX_PATH=/opt/ros/humble /usr/bin/cmake --build /home/curdin/franka_ros2_ws/build/franka_description -- -j20 -l20
[0.792s] Invoking command in '/home/curdin/franka_ros2_ws/build/franka_description': CMAKE_PREFIX_PATH=/opt/ros/humble /usr/bin/cmake --install /home/curdin/franka_ros2_ws/build/franka_description
[0.797s] -- Install configuration: "Release"
[0.797s] -- Installing: /home/curdin/franka_ros2_ws/install/franka_description/share/franka_description//launch
[0.797s] -- Installing: /home/curdin/franka_ros2_ws/install/franka_description/share/franka_description//launch/visualize_franka.launch.py
[0.797s] -- Installing: /home/curdin/franka_ros2_ws/install/franka_description/share/franka_description//robots
[0.797s] -- Installing: /home/curdin/franka_ros2_ws/install/franka_description/share/franka_description//robots/hand.xacro
[0.797s] -- Installing: /home/curdin/franka_ros2_ws/install/franka_description/share/franka_description//robots/panda_arm.ros2_control.xacro
[0.797s] -- Installing: /home/curdin/franka_ros2_ws/install/franka_description/share/franka_description//robots/panda_arm.xacro
[0.797s] -- Installing: /home/curdin/franka_ros2_ws/install/franka_description/share/franka_description//robots/panda_arm.urdf.xacro
[0.797s] -- Installing: /home/curdin/franka_ros2_ws/install/franka_description/share/franka_description//robots/hand.urdf.xacro
[0.797s] -- Installing: /home/curdin/franka_ros2_ws/install/franka_description/share/franka_description//meshes
[0.798s] -- Installing: /home/curdin/franka_ros2_ws/install/franka_description/share/franka_description//meshes/visual
[0.798s] -- Installing: /home/curdin/franka_ros2_ws/install/franka_description/share/franka_description//meshes/visual/link1.dae
[0.798s] -- Installing: /home/curdin/franka_ros2_ws/install/franka_description/share/franka_description//meshes/visual/link3.dae
[0.798s] -- Installing: /home/curdin/franka_ros2_ws/install/franka_description/share/franka_description//meshes/visual/link6.dae
[0.799s] -- Installing: /home/curdin/franka_ros2_ws/install/franka_description/share/franka_description//meshes/visual/link2.dae
[0.800s] -- Installing: /home/curdin/franka_ros2_ws/install/franka_description/share/franka_description//meshes/visual/link0.dae
[0.801s] -- Installing: /home/curdin/franka_ros2_ws/install/franka_description/share/franka_description//meshes/visual/link7.dae
[0.802s] -- Installing: /home/curdin/franka_ros2_ws/install/franka_description/share/franka_description//meshes/visual/finger.dae
[0.802s] -- Installing: /home/curdin/franka_ros2_ws/install/franka_description/share/franka_description//meshes/visual/link4.dae
[0.802s] -- Installing: /home/curdin/franka_ros2_ws/install/franka_description/share/franka_description//meshes/visual/link5.dae
[0.803s] -- Installing: /home/curdin/franka_ros2_ws/install/franka_description/share/franka_description//meshes/visual/hand.dae
[0.803s] -- Installing: /home/curdin/franka_ros2_ws/install/franka_description/share/franka_description//rviz
[0.803s] -- Installing: /home/curdin/franka_ros2_ws/install/franka_description/share/franka_description//rviz/visualize_franka.rviz
[0.804s] -- Installing: /home/curdin/franka_ros2_ws/install/franka_description/share/ament_index/resource_index/package_run_dependencies/franka_description
[0.804s] -- Installing: /home/curdin/franka_ros2_ws/install/franka_description/share/ament_index/resource_index/parent_prefix_path/franka_description
[0.804s] -- Installing: /home/curdin/franka_ros2_ws/install/franka_description/share/franka_description/environment/ament_prefix_path.sh
[0.804s] -- Installing: /home/curdin/franka_ros2_ws/install/franka_description/share/franka_description/environment/ament_prefix_path.dsv
[0.804s] -- Installing: /home/curdin/franka_ros2_ws/install/franka_description/share/franka_description/environment/path.sh
[0.804s] -- Installing: /home/curdin/franka_ros2_ws/install/franka_description/share/franka_description/environment/path.dsv
[0.804s] -- Installing: /home/curdin/franka_ros2_ws/install/franka_description/share/franka_description/local_setup.bash
[0.804s] -- Installing: /home/curdin/franka_ros2_ws/install/franka_description/share/franka_description/local_setup.sh
[0.804s] -- Installing: /home/curdin/franka_ros2_ws/install/franka_description/share/franka_description/local_setup.zsh
[0.804s] -- Installing: /home/curdin/franka_ros2_ws/install/franka_description/share/franka_description/local_setup.dsv
[0.804s] -- Installing: /home/curdin/franka_ros2_ws/install/franka_description/share/franka_description/package.dsv
[0.804s] -- Installing: /home/curdin/franka_ros2_ws/install/franka_description/share/ament_index/resource_index/packages/franka_description
[0.805s] -- Installing: /home/curdin/franka_ros2_ws/install/franka_description/share/franka_description/cmake/franka_descriptionConfig.cmake
[0.805s] -- Installing: /home/curdin/franka_ros2_ws/install/franka_description/share/franka_description/cmake/franka_descriptionConfig-version.cmake
[0.805s] -- Installing: /home/curdin/franka_ros2_ws/install/franka_description/share/franka_description/package.xml
[0.806s] Invoked command in '/home/curdin/franka_ros2_ws/build/franka_description' returned '0': CMAKE_PREFIX_PATH=/opt/ros/humble /usr/bin/cmake --install /home/curdin/franka_ros2_ws/build/franka_description
