[0.056s] Invoking command in '/home/curdin/franka_ros2_ws/build/franka_example_controllers': AMENT_PREFIX_PATH=/home/curdin/franka_ros2_ws/install/franka_semantic_components:/home/curdin/franka_ros2_ws/install/franka_hardware:/home/curdin/franka_ros2_ws/install/franka_msgs:${AMENT_PREFIX_PATH} CMAKE_PREFIX_PATH=/home/curdin/franka_ros2_ws/install/franka_semantic_components:/home/curdin/franka_ros2_ws/install/franka_hardware:/home/curdin/franka_ros2_ws/install/franka_msgs:/opt/ros/humble LD_LIBRARY_PATH=/home/curdin/franka_ros2_ws/install/franka_semantic_components/lib:/home/curdin/franka_ros2_ws/install/franka_hardware/lib:/home/curdin/franka_ros2_ws/install/franka_msgs/lib:${LD_LIBRARY_PATH} PYTHONPATH=/home/curdin/franka_ros2_ws/install/franka_msgs/local/lib/python3.10/dist-packages:${PYTHONPATH} /usr/bin/cmake --build /home/curdin/franka_ros2_ws/build/franka_example_controllers -- -j20 -l20
[0.084s] [  4%] Built target franka_example_controllers_parameters
[0.085s] [ 12%] Built target gmock_main
[0.087s] [ 25%] Built target gmock
[0.105s] [ 33%] Built target franka_example_controllers_test
[0.106s] [ 41%] Built target franka_example_controllers_test_load_move_to_start
[0.109s] [ 83%] Built target franka_example_controllers
[0.129s] [ 91%] Built target franka_example_controllers_gravity_test
[0.131s] [100%] Built target franka_example_controllers_move_to_start_test
[0.139s] Invoked command in '/home/curdin/franka_ros2_ws/build/franka_example_controllers' returned '0': AMENT_PREFIX_PATH=/home/curdin/franka_ros2_ws/install/franka_semantic_components:/home/curdin/franka_ros2_ws/install/franka_hardware:/home/curdin/franka_ros2_ws/install/franka_msgs:${AMENT_PREFIX_PATH} CMAKE_PREFIX_PATH=/home/curdin/franka_ros2_ws/install/franka_semantic_components:/home/curdin/franka_ros2_ws/install/franka_hardware:/home/curdin/franka_ros2_ws/install/franka_msgs:/opt/ros/humble LD_LIBRARY_PATH=/home/curdin/franka_ros2_ws/install/franka_semantic_components/lib:/home/curdin/franka_ros2_ws/install/franka_hardware/lib:/home/curdin/franka_ros2_ws/install/franka_msgs/lib:${LD_LIBRARY_PATH} PYTHONPATH=/home/curdin/franka_ros2_ws/install/franka_msgs/local/lib/python3.10/dist-packages:${PYTHONPATH} /usr/bin/cmake --build /home/curdin/franka_ros2_ws/build/franka_example_controllers -- -j20 -l20
[0.198s] Invoking command in '/home/curdin/franka_ros2_ws/build/franka_example_controllers': AMENT_PREFIX_PATH=/home/curdin/franka_ros2_ws/install/franka_semantic_components:/home/curdin/franka_ros2_ws/install/franka_hardware:/home/curdin/franka_ros2_ws/install/franka_msgs:${AMENT_PREFIX_PATH} CMAKE_PREFIX_PATH=/home/curdin/franka_ros2_ws/install/franka_semantic_components:/home/curdin/franka_ros2_ws/install/franka_hardware:/home/curdin/franka_ros2_ws/install/franka_msgs:/opt/ros/humble LD_LIBRARY_PATH=/home/curdin/franka_ros2_ws/install/franka_semantic_components/lib:/home/curdin/franka_ros2_ws/install/franka_hardware/lib:/home/curdin/franka_ros2_ws/install/franka_msgs/lib:${LD_LIBRARY_PATH} PYTHONPATH=/home/curdin/franka_ros2_ws/install/franka_msgs/local/lib/python3.10/dist-packages:${PYTHONPATH} /usr/bin/cmake --install /home/curdin/franka_ros2_ws/build/franka_example_controllers
[0.202s] -- Install configuration: "Release"
[0.202s] -- Up-to-date: /home/curdin/franka_ros2_ws/install/franka_example_controllers/include/franka_example_controllers_parameters
[0.202s] -- Up-to-date: /home/curdin/franka_ros2_ws/install/franka_example_controllers/include/franka_example_controllers_parameters/franka_example_controllers_parameters.hpp
[0.202s] -- Up-to-date: /home/curdin/franka_ros2_ws/install/franka_example_controllers/share/franka_example_controllers/franka_example_controllers.xml
[0.203s] -- Up-to-date: /home/curdin/franka_ros2_ws/install/franka_example_controllers/lib/libfranka_example_controllers.so
[0.203s] -- Up-to-date: /home/curdin/franka_ros2_ws/install/franka_example_controllers/include
[0.203s] -- Up-to-date: /home/curdin/franka_ros2_ws/install/franka_example_controllers/include/franka_example_controllers
[0.203s] -- Up-to-date: /home/curdin/franka_ros2_ws/install/franka_example_controllers/include/franka_example_controllers/motion_generator.hpp
[0.203s] -- Up-to-date: /home/curdin/franka_ros2_ws/install/franka_example_controllers/include/franka_example_controllers/elbow_example_controller.hpp
[0.203s] -- Up-to-date: /home/curdin/franka_ros2_ws/install/franka_example_controllers/include/franka_example_controllers/joint_position_example_controller.hpp
[0.203s] -- Up-to-date: /home/curdin/franka_ros2_ws/install/franka_example_controllers/include/franka_example_controllers/move_to_start_example_controller.hpp
[0.203s] -- Up-to-date: /home/curdin/franka_ros2_ws/install/franka_example_controllers/include/franka_example_controllers/joint_velocity_example_controller.hpp
[0.203s] -- Up-to-date: /home/curdin/franka_ros2_ws/install/franka_example_controllers/include/franka_example_controllers/visibility_control.h
[0.203s] -- Up-to-date: /home/curdin/franka_ros2_ws/install/franka_example_controllers/include/franka_example_controllers/model_example_controller.hpp
[0.203s] -- Up-to-date: /home/curdin/franka_ros2_ws/install/franka_example_controllers/include/franka_example_controllers/cartesian_impedance_controller.hpp
[0.203s] -- Up-to-date: /home/curdin/franka_ros2_ws/install/franka_example_controllers/include/franka_example_controllers/cartesian_velocity_example_controller.hpp
[0.204s] -- Up-to-date: /home/curdin/franka_ros2_ws/install/franka_example_controllers/include/franka_example_controllers/gravity_compensation_example_controller.hpp
[0.204s] -- Up-to-date: /home/curdin/franka_ros2_ws/install/franka_example_controllers/share/franka_example_controllers/environment/library_path.sh
[0.204s] -- Up-to-date: /home/curdin/franka_ros2_ws/install/franka_example_controllers/share/franka_example_controllers/environment/library_path.dsv
[0.204s] -- Up-to-date: /home/curdin/franka_ros2_ws/install/franka_example_controllers/share/ament_index/resource_index/package_run_dependencies/franka_example_controllers
[0.204s] -- Up-to-date: /home/curdin/franka_ros2_ws/install/franka_example_controllers/share/ament_index/resource_index/parent_prefix_path/franka_example_controllers
[0.204s] -- Up-to-date: /home/curdin/franka_ros2_ws/install/franka_example_controllers/share/franka_example_controllers/environment/ament_prefix_path.sh
[0.204s] -- Up-to-date: /home/curdin/franka_ros2_ws/install/franka_example_controllers/share/franka_example_controllers/environment/ament_prefix_path.dsv
[0.204s] -- Up-to-date: /home/curdin/franka_ros2_ws/install/franka_example_controllers/share/franka_example_controllers/environment/path.sh
[0.204s] -- Up-to-date: /home/curdin/franka_ros2_ws/install/franka_example_controllers/share/franka_example_controllers/environment/path.dsv
[0.204s] -- Up-to-date: /home/curdin/franka_ros2_ws/install/franka_example_controllers/share/franka_example_controllers/local_setup.bash
[0.205s] -- Up-to-date: /home/curdin/franka_ros2_ws/install/franka_example_controllers/share/franka_example_controllers/local_setup.sh
[0.205s] -- Up-to-date: /home/curdin/franka_ros2_ws/install/franka_example_controllers/share/franka_example_controllers/local_setup.zsh
[0.205s] -- Up-to-date: /home/curdin/franka_ros2_ws/install/franka_example_controllers/share/franka_example_controllers/local_setup.dsv
[0.205s] -- Installing: /home/curdin/franka_ros2_ws/install/franka_example_controllers/share/franka_example_controllers/package.dsv
[0.205s] -- Up-to-date: /home/curdin/franka_ros2_ws/install/franka_example_controllers/share/ament_index/resource_index/packages/franka_example_controllers
[0.205s] -- Up-to-date: /home/curdin/franka_ros2_ws/install/franka_example_controllers/share/ament_index/resource_index/controller_interface__pluginlib__plugin/franka_example_controllers
[0.206s] -- Up-to-date: /home/curdin/franka_ros2_ws/install/franka_example_controllers/share/franka_example_controllers/cmake/ament_cmake_export_include_directories-extras.cmake
[0.206s] -- Up-to-date: /home/curdin/franka_ros2_ws/install/franka_example_controllers/share/franka_example_controllers/cmake/ament_cmake_export_libraries-extras.cmake
[0.206s] -- Up-to-date: /home/curdin/franka_ros2_ws/install/franka_example_controllers/share/franka_example_controllers/cmake/ament_cmake_export_dependencies-extras.cmake
[0.206s] -- Up-to-date: /home/curdin/franka_ros2_ws/install/franka_example_controllers/share/franka_example_controllers/cmake/franka_example_controllersConfig.cmake
[0.206s] -- Up-to-date: /home/curdin/franka_ros2_ws/install/franka_example_controllers/share/franka_example_controllers/cmake/franka_example_controllersConfig-version.cmake
[0.206s] -- Up-to-date: /home/curdin/franka_ros2_ws/install/franka_example_controllers/share/franka_example_controllers/package.xml
[0.206s] Invoked command in '/home/curdin/franka_ros2_ws/build/franka_example_controllers' returned '0': AMENT_PREFIX_PATH=/home/curdin/franka_ros2_ws/install/franka_semantic_components:/home/curdin/franka_ros2_ws/install/franka_hardware:/home/curdin/franka_ros2_ws/install/franka_msgs:${AMENT_PREFIX_PATH} CMAKE_PREFIX_PATH=/home/curdin/franka_ros2_ws/install/franka_semantic_components:/home/curdin/franka_ros2_ws/install/franka_hardware:/home/curdin/franka_ros2_ws/install/franka_msgs:/opt/ros/humble LD_LIBRARY_PATH=/home/curdin/franka_ros2_ws/install/franka_semantic_components/lib:/home/curdin/franka_ros2_ws/install/franka_hardware/lib:/home/curdin/franka_ros2_ws/install/franka_msgs/lib:${LD_LIBRARY_PATH} PYTHONPATH=/home/curdin/franka_ros2_ws/install/franka_msgs/local/lib/python3.10/dist-packages:${PYTHONPATH} /usr/bin/cmake --install /home/curdin/franka_ros2_ws/build/franka_example_controllers
