[31mCMake Error at /opt/ros/humble/share/ament_cmake_gmock/cmake/ament_add_gmock.cmake:69 (add_executable):
  Cannot find source file:

    test/test_load_gravity_compensation_controller.cpp

  Tried extensions .c .C .c++ .cc .cpp .cxx .cu .mpp .m .M .mm .ixx .cppm .h
  .hh .h++ .hm .hpp .hxx .in .txx .f .F .for .f77 .f90 .f95 .f03 .hip .ispc
Call Stack (most recent call first):
  /opt/ros/humble/share/ament_cmake_gmock/cmake/ament_add_gmock.cmake:52 (_ament_add_gmock)
  CMakeLists.txt:88 (ament_add_gmock)

[0m
[31mCMake Error at /opt/ros/humble/share/ament_cmake_gmock/cmake/ament_add_gmock.cmake:69 (add_executable):
  Cannot find source file:

    test/test_load_move_to_start_example_controller.cpp

  Tried extensions .c .C .c++ .cc .cpp .cxx .cu .mpp .m .M .mm .ixx .cppm .h
  .hh .h++ .hm .hpp .hxx .in .txx .f .F .for .f77 .f90 .f95 .f03 .hip .ispc
Call Stack (most recent call first):
  /opt/ros/humble/share/ament_cmake_gmock/cmake/ament_add_gmock.cmake:52 (_ament_add_gmock)
  CMakeLists.txt:97 (ament_add_gmock)

[0m
[31mCMake Error at /opt/ros/humble/share/ament_cmake_gmock/cmake/ament_add_gmock.cmake:69 (add_executable):
  Cannot find source file:

    test/test_gravity_compensation_example.cpp

  Tried extensions .c .C .c++ .cc .cpp .cxx .cu .mpp .m .M .mm .ixx .cppm .h
  .hh .h++ .hm .hpp .hxx .in .txx .f .F .for .f77 .f90 .f95 .f03 .hip .ispc
Call Stack (most recent call first):
  /opt/ros/humble/share/ament_cmake_gmock/cmake/ament_add_gmock.cmake:52 (_ament_add_gmock)
  CMakeLists.txt:106 (ament_add_gmock)

[0m
[31mCMake Error at /opt/ros/humble/share/ament_cmake_gmock/cmake/ament_add_gmock.cmake:69 (add_executable):
  Cannot find source file:

    test/test_move_to_start_example_controller.cpp

  Tried extensions .c .C .c++ .cc .cpp .cxx .cu .mpp .m .M .mm .ixx .cppm .h
  .hh .h++ .hm .hpp .hxx .in .txx .f .F .for .f77 .f90 .f95 .f03 .hip .ispc
Call Stack (most recent call first):
  /opt/ros/humble/share/ament_cmake_gmock/cmake/ament_add_gmock.cmake:52 (_ament_add_gmock)
  CMakeLists.txt:110 (ament_add_gmock)

[0m
[31mCMake Error at /opt/ros/humble/share/ament_cmake_gmock/cmake/ament_add_gmock.cmake:69 (add_executable):
  No SOURCES given to target: cartesian_impedance_control_test
Call Stack (most recent call first):
  /opt/ros/humble/share/ament_cmake_gmock/cmake/ament_add_gmock.cmake:52 (_ament_add_gmock)
  CMakeLists.txt:88 (ament_add_gmock)

[0m
[31mCMake Error at /opt/ros/humble/share/ament_cmake_gmock/cmake/ament_add_gmock.cmake:69 (add_executable):
  No SOURCES given to target:
  cartesian_impedance_control_test_load_move_to_start
Call Stack (most recent call first):
  /opt/ros/humble/share/ament_cmake_gmock/cmake/ament_add_gmock.cmake:52 (_ament_add_gmock)
  CMakeLists.txt:97 (ament_add_gmock)

[0m
[31mCMake Error at /opt/ros/humble/share/ament_cmake_gmock/cmake/ament_add_gmock.cmake:69 (add_executable):
  No SOURCES given to target: cartesian_impedance_control_gravity_test
Call Stack (most recent call first):
  /opt/ros/humble/share/ament_cmake_gmock/cmake/ament_add_gmock.cmake:52 (_ament_add_gmock)
  CMakeLists.txt:106 (ament_add_gmock)

[0m
[31mCMake Error at /opt/ros/humble/share/ament_cmake_gmock/cmake/ament_add_gmock.cmake:69 (add_executable):
  No SOURCES given to target: cartesian_impedance_control_move_to_start_test
Call Stack (most recent call first):
  /opt/ros/humble/share/ament_cmake_gmock/cmake/ament_add_gmock.cmake:52 (_ament_add_gmock)
  CMakeLists.txt:110 (ament_add_gmock)

[0m
[0mCMake Generate step failed.  Build files cannot be regenerated correctly.[0m
