[0.062s] Invoking command in '/home/curdin/franka_ros2_ws/build/franka_hardware': CMAKE_PREFIX_PATH=/home/curdin/franka_ros2_ws/install/franka_msgs:/home/curdin/franka_ros2_ws/install/joint_trajectory_controller:/home/curdin/franka_ros2_ws/install/integration_launch_testing:/home/curdin/franka_ros2_ws/install/franka_bringup:/home/curdin/franka_ros2_ws/install/franka_robot_state_broadcaster:/home/curdin/franka_ros2_ws/install/franka_example_controllers:/home/curdin/franka_ros2_ws/install/franka_semantic_components:/home/curdin/franka_ros2_ws/install/franka_moveit_config:/home/curdin/franka_ros2_ws/install/franka_hardware:/home/curdin/franka_ros2_ws/install/franka_gripper:/home/curdin/franka_ros2_ws/install/franka_description:/opt/ros/humble LD_LIBRARY_PATH=/home/curdin/franka_ros2_ws/install/franka_msgs/lib:/home/curdin/franka_ros2_ws/install/joint_trajectory_controller/lib:/home/curdin/franka_ros2_ws/install/integration_launch_testing/lib:/home/curdin/franka_ros2_ws/install/franka_robot_state_broadcaster/lib:/home/curdin/franka_ros2_ws/install/franka_example_controllers/lib:/home/curdin/franka_ros2_ws/install/franka_semantic_components/lib:/home/curdin/franka_ros2_ws/install/franka_hardware/lib:/home/curdin/franka_ros2_ws/install/franka_gripper/lib:/opt/ros/humble/opt/rviz_ogre_vendor/lib:/opt/ros/humble/lib/x86_64-linux-gnu:/opt/ros/humble/lib /usr/bin/cmake --build /home/curdin/franka_ros2_ws/build/franka_hardware -- -j20 -l20
[0.087s] [35m[1mConsolidate compiler generated dependencies of target gmock_main[0m
[0.087s] [35m[1mConsolidate compiler generated dependencies of target gmock[0m
[0.088s] [35m[1mConsolidate compiler generated dependencies of target franka_hardware[0m
[0.097s] [ 12%] Built target gmock_main
[0.099s] [ 31%] Built target gmock
[0.107s] [ 62%] Built target franka_hardware
[0.115s] [35m[1mConsolidate compiler generated dependencies of target franka_hardware_test[0m
[0.115s] [35m[1mConsolidate compiler generated dependencies of target franka_hardware_command_interface_test[0m
[0.115s] [35m[1mConsolidate compiler generated dependencies of target franka_hardware_robot_test[0m
[0.128s] [ 93%] Built target franka_hardware_robot_test
[0.128s] [ 93%] Built target franka_hardware_command_interface_test
[0.128s] [100%] Built target franka_hardware_test
[0.136s] Invoked command in '/home/curdin/franka_ros2_ws/build/franka_hardware' returned '0': CMAKE_PREFIX_PATH=/home/curdin/franka_ros2_ws/install/franka_msgs:/home/curdin/franka_ros2_ws/install/joint_trajectory_controller:/home/curdin/franka_ros2_ws/install/integration_launch_testing:/home/curdin/franka_ros2_ws/install/franka_bringup:/home/curdin/franka_ros2_ws/install/franka_robot_state_broadcaster:/home/curdin/franka_ros2_ws/install/franka_example_controllers:/home/curdin/franka_ros2_ws/install/franka_semantic_components:/home/curdin/franka_ros2_ws/install/franka_moveit_config:/home/curdin/franka_ros2_ws/install/franka_hardware:/home/curdin/franka_ros2_ws/install/franka_gripper:/home/curdin/franka_ros2_ws/install/franka_description:/opt/ros/humble LD_LIBRARY_PATH=/home/curdin/franka_ros2_ws/install/franka_msgs/lib:/home/curdin/franka_ros2_ws/install/joint_trajectory_controller/lib:/home/curdin/franka_ros2_ws/install/integration_launch_testing/lib:/home/curdin/franka_ros2_ws/install/franka_robot_state_broadcaster/lib:/home/curdin/franka_ros2_ws/install/franka_example_controllers/lib:/home/curdin/franka_ros2_ws/install/franka_semantic_components/lib:/home/curdin/franka_ros2_ws/install/franka_hardware/lib:/home/curdin/franka_ros2_ws/install/franka_gripper/lib:/opt/ros/humble/opt/rviz_ogre_vendor/lib:/opt/ros/humble/lib/x86_64-linux-gnu:/opt/ros/humble/lib /usr/bin/cmake --build /home/curdin/franka_ros2_ws/build/franka_hardware -- -j20 -l20
[0.163s] Invoking command in '/home/curdin/franka_ros2_ws/build/franka_hardware': CMAKE_PREFIX_PATH=/home/curdin/franka_ros2_ws/install/franka_msgs:/home/curdin/franka_ros2_ws/install/joint_trajectory_controller:/home/curdin/franka_ros2_ws/install/integration_launch_testing:/home/curdin/franka_ros2_ws/install/franka_bringup:/home/curdin/franka_ros2_ws/install/franka_robot_state_broadcaster:/home/curdin/franka_ros2_ws/install/franka_example_controllers:/home/curdin/franka_ros2_ws/install/franka_semantic_components:/home/curdin/franka_ros2_ws/install/franka_moveit_config:/home/curdin/franka_ros2_ws/install/franka_hardware:/home/curdin/franka_ros2_ws/install/franka_gripper:/home/curdin/franka_ros2_ws/install/franka_description:/opt/ros/humble LD_LIBRARY_PATH=/home/curdin/franka_ros2_ws/install/franka_msgs/lib:/home/curdin/franka_ros2_ws/install/joint_trajectory_controller/lib:/home/curdin/franka_ros2_ws/install/integration_launch_testing/lib:/home/curdin/franka_ros2_ws/install/franka_robot_state_broadcaster/lib:/home/curdin/franka_ros2_ws/install/franka_example_controllers/lib:/home/curdin/franka_ros2_ws/install/franka_semantic_components/lib:/home/curdin/franka_ros2_ws/install/franka_hardware/lib:/home/curdin/franka_ros2_ws/install/franka_gripper/lib:/opt/ros/humble/opt/rviz_ogre_vendor/lib:/opt/ros/humble/lib/x86_64-linux-gnu:/opt/ros/humble/lib /usr/bin/cmake --install /home/curdin/franka_ros2_ws/build/franka_hardware
[0.168s] -- Install configuration: "Release"
[0.168s] -- Up-to-date: /home/curdin/franka_ros2_ws/install/franka_hardware/share/franka_hardware/franka_hardware.xml
[0.168s] -- Up-to-date: /home/curdin/franka_ros2_ws/install/franka_hardware/lib/libfranka_hardware.so
[0.168s] -- Up-to-date: /home/curdin/franka_ros2_ws/install/franka_hardware/include
[0.168s] -- Up-to-date: /home/curdin/franka_ros2_ws/install/franka_hardware/include/franka_hardware
[0.169s] -- Up-to-date: /home/curdin/franka_ros2_ws/install/franka_hardware/include/franka_hardware/franka_hardware_interface.hpp
[0.169s] -- Up-to-date: /home/curdin/franka_ros2_ws/install/franka_hardware/include/franka_hardware/franka_param_service_server.hpp
[0.169s] -- Up-to-date: /home/curdin/franka_ros2_ws/install/franka_hardware/include/franka_hardware/robot.hpp
[0.169s] -- Up-to-date: /home/curdin/franka_ros2_ws/install/franka_hardware/include/franka_hardware/franka_executor.hpp
[0.169s] -- Up-to-date: /home/curdin/franka_ros2_ws/install/franka_hardware/include/franka_hardware/model.hpp
[0.169s] -- Up-to-date: /home/curdin/franka_ros2_ws/install/franka_hardware/share/franka_hardware/environment/library_path.sh
[0.169s] -- Up-to-date: /home/curdin/franka_ros2_ws/install/franka_hardware/share/franka_hardware/environment/library_path.dsv
[0.169s] -- Up-to-date: /home/curdin/franka_ros2_ws/install/franka_hardware/share/ament_index/resource_index/package_run_dependencies/franka_hardware
[0.169s] -- Up-to-date: /home/curdin/franka_ros2_ws/install/franka_hardware/share/ament_index/resource_index/parent_prefix_path/franka_hardware
[0.169s] -- Up-to-date: /home/curdin/franka_ros2_ws/install/franka_hardware/share/franka_hardware/environment/ament_prefix_path.sh
[0.169s] -- Up-to-date: /home/curdin/franka_ros2_ws/install/franka_hardware/share/franka_hardware/environment/ament_prefix_path.dsv
[0.170s] -- Up-to-date: /home/curdin/franka_ros2_ws/install/franka_hardware/share/franka_hardware/environment/path.sh
[0.170s] -- Up-to-date: /home/curdin/franka_ros2_ws/install/franka_hardware/share/franka_hardware/environment/path.dsv
[0.170s] -- Up-to-date: /home/curdin/franka_ros2_ws/install/franka_hardware/share/franka_hardware/local_setup.bash
[0.170s] -- Up-to-date: /home/curdin/franka_ros2_ws/install/franka_hardware/share/franka_hardware/local_setup.sh
[0.170s] -- Up-to-date: /home/curdin/franka_ros2_ws/install/franka_hardware/share/franka_hardware/local_setup.zsh
[0.170s] -- Up-to-date: /home/curdin/franka_ros2_ws/install/franka_hardware/share/franka_hardware/local_setup.dsv
[0.170s] -- Installing: /home/curdin/franka_ros2_ws/install/franka_hardware/share/franka_hardware/package.dsv
[0.170s] -- Up-to-date: /home/curdin/franka_ros2_ws/install/franka_hardware/share/ament_index/resource_index/packages/franka_hardware
[0.170s] -- Up-to-date: /home/curdin/franka_ros2_ws/install/franka_hardware/share/ament_index/resource_index/hardware_interface__pluginlib__plugin/franka_hardware
[0.170s] -- Up-to-date: /home/curdin/franka_ros2_ws/install/franka_hardware/share/franka_hardware/cmake/ament_cmake_export_include_directories-extras.cmake
[0.171s] -- Up-to-date: /home/curdin/franka_ros2_ws/install/franka_hardware/share/franka_hardware/cmake/ament_cmake_export_libraries-extras.cmake
[0.171s] -- Up-to-date: /home/curdin/franka_ros2_ws/install/franka_hardware/share/franka_hardware/cmake/ament_cmake_export_dependencies-extras.cmake
[0.171s] -- Up-to-date: /home/curdin/franka_ros2_ws/install/franka_hardware/share/franka_hardware/cmake/franka_hardwareConfig.cmake
[0.171s] -- Up-to-date: /home/curdin/franka_ros2_ws/install/franka_hardware/share/franka_hardware/cmake/franka_hardwareConfig-version.cmake
[0.171s] -- Up-to-date: /home/curdin/franka_ros2_ws/install/franka_hardware/share/franka_hardware/package.xml
[0.172s] Invoked command in '/home/curdin/franka_ros2_ws/build/franka_hardware' returned '0': CMAKE_PREFIX_PATH=/home/curdin/franka_ros2_ws/install/franka_msgs:/home/curdin/franka_ros2_ws/install/joint_trajectory_controller:/home/curdin/franka_ros2_ws/install/integration_launch_testing:/home/curdin/franka_ros2_ws/install/franka_bringup:/home/curdin/franka_ros2_ws/install/franka_robot_state_broadcaster:/home/curdin/franka_ros2_ws/install/franka_example_controllers:/home/curdin/franka_ros2_ws/install/franka_semantic_components:/home/curdin/franka_ros2_ws/install/franka_moveit_config:/home/curdin/franka_ros2_ws/install/franka_hardware:/home/curdin/franka_ros2_ws/install/franka_gripper:/home/curdin/franka_ros2_ws/install/franka_description:/opt/ros/humble LD_LIBRARY_PATH=/home/curdin/franka_ros2_ws/install/franka_msgs/lib:/home/curdin/franka_ros2_ws/install/joint_trajectory_controller/lib:/home/curdin/franka_ros2_ws/install/integration_launch_testing/lib:/home/curdin/franka_ros2_ws/install/franka_robot_state_broadcaster/lib:/home/curdin/franka_ros2_ws/install/franka_example_controllers/lib:/home/curdin/franka_ros2_ws/install/franka_semantic_components/lib:/home/curdin/franka_ros2_ws/install/franka_hardware/lib:/home/curdin/franka_ros2_ws/install/franka_gripper/lib:/opt/ros/humble/opt/rviz_ogre_vendor/lib:/opt/ros/humble/lib/x86_64-linux-gnu:/opt/ros/humble/lib /usr/bin/cmake --install /home/curdin/franka_ros2_ws/build/franka_hardware
