[0.031s] Invoking command in '/home/curdin/franka_ros2_ws/build/franka_gripper': AMENT_PREFIX_PATH=/home/curdin/franka_ros2_ws/install/franka_msgs:${AMENT_PREFIX_PATH} CMAKE_PREFIX_PATH=/home/curdin/franka_ros2_ws/install/franka_msgs:/opt/ros/humble LD_LIBRARY_PATH=/home/curdin/franka_ros2_ws/install/franka_msgs/lib:${LD_LIBRARY_PATH} PYTHONPATH=/home/curdin/franka_ros2_ws/install/franka_msgs/local/lib/python3.10/dist-packages:${PYTHONPATH} /usr/bin/cmake /home/curdin/franka_ros2_ws/src/franka_ros2/franka_gripper -DCMAKE_INSTALL_PREFIX=/home/curdin/franka_ros2_ws/install/franka_gripper
[0.039s] -- Found ament_cmake: 1.3.7 (/opt/ros/humble/share/ament_cmake/cmake)
[0.142s] -- Found franka_msgs: 0.1.8 (/home/curdin/franka_ros2_ws/install/franka_msgs/share/franka_msgs/cmake)
[0.160s] -- Found rosidl_generator_c: 3.1.5 (/opt/ros/humble/share/rosidl_generator_c/cmake)
[0.162s] -- Found rosidl_adapter: 3.1.5 (/opt/ros/humble/share/rosidl_adapter/cmake)
[0.166s] -- Found rosidl_generator_cpp: 3.1.5 (/opt/ros/humble/share/rosidl_generator_cpp/cmake)
[0.174s] -- Using all available rosidl_typesupport_c: rosidl_typesupport_fastrtps_c;rosidl_typesupport_introspection_c
[0.185s] -- Using all available rosidl_typesupport_cpp: rosidl_typesupport_fastrtps_cpp;rosidl_typesupport_introspection_cpp
[0.323s] -- Found rclcpp: 16.0.6 (/opt/ros/humble/share/rclcpp/cmake)
[0.358s] -- Found rmw_implementation_cmake: 6.1.1 (/opt/ros/humble/share/rmw_implementation_cmake/cmake)
[0.359s] -- Found rmw_fastrtps_cpp: 6.2.4 (/opt/ros/humble/share/rmw_fastrtps_cpp/cmake)
[0.447s] -- Using RMW implementation 'rmw_fastrtps_cpp' as default
[0.543s] -- Found rclcpp_action: 16.0.6 (/opt/ros/humble/share/rclcpp_action/cmake)
[0.564s] -- Found rclcpp_components: 16.0.6 (/opt/ros/humble/share/rclcpp_components/cmake)
[0.608s] -- Found std_srvs: 4.2.3 (/opt/ros/humble/share/std_srvs/cmake)
[0.621s] -- Found sensor_msgs: 4.2.3 (/opt/ros/humble/share/sensor_msgs/cmake)
[0.705s] -- Found control_msgs: 4.4.0 (/opt/ros/humble/share/control_msgs/cmake)
[0.934s] -- Found ament_cmake_clang_format: 0.12.10 (/opt/ros/humble/share/ament_cmake_clang_format/cmake)
[0.934s] -- Found ament_cmake_copyright: 0.12.8 (/opt/ros/humble/share/ament_cmake_copyright/cmake)
[0.934s] -- Found ament_cmake_cppcheck: 0.12.8 (/opt/ros/humble/share/ament_cmake_cppcheck/cmake)
[0.935s] -- Found ament_cmake_flake8: 0.12.8 (/opt/ros/humble/share/ament_cmake_flake8/cmake)
[0.935s] -- Found ament_cmake_lint_cmake: 0.12.8 (/opt/ros/humble/share/ament_cmake_lint_cmake/cmake)
[0.935s] -- Found ament_cmake_pep257: 0.12.8 (/opt/ros/humble/share/ament_cmake_pep257/cmake)
[0.935s] -- Found ament_cmake_xmllint: 0.12.8 (/opt/ros/humble/share/ament_cmake_xmllint/cmake)
[0.976s] -- Configuring done
[0.988s] -- Generating done
[0.989s] -- Build files have been written to: /home/curdin/franka_ros2_ws/build/franka_gripper
[0.995s] Invoked command in '/home/curdin/franka_ros2_ws/build/franka_gripper' returned '0': AMENT_PREFIX_PATH=/home/curdin/franka_ros2_ws/install/franka_msgs:${AMENT_PREFIX_PATH} CMAKE_PREFIX_PATH=/home/curdin/franka_ros2_ws/install/franka_msgs:/opt/ros/humble LD_LIBRARY_PATH=/home/curdin/franka_ros2_ws/install/franka_msgs/lib:${LD_LIBRARY_PATH} PYTHONPATH=/home/curdin/franka_ros2_ws/install/franka_msgs/local/lib/python3.10/dist-packages:${PYTHONPATH} /usr/bin/cmake /home/curdin/franka_ros2_ws/src/franka_ros2/franka_gripper -DCMAKE_INSTALL_PREFIX=/home/curdin/franka_ros2_ws/install/franka_gripper
[0.996s] Invoking command in '/home/curdin/franka_ros2_ws/build/franka_gripper': AMENT_PREFIX_PATH=/home/curdin/franka_ros2_ws/install/franka_msgs:${AMENT_PREFIX_PATH} CMAKE_PREFIX_PATH=/home/curdin/franka_ros2_ws/install/franka_msgs:/opt/ros/humble LD_LIBRARY_PATH=/home/curdin/franka_ros2_ws/install/franka_msgs/lib:${LD_LIBRARY_PATH} PYTHONPATH=/home/curdin/franka_ros2_ws/install/franka_msgs/local/lib/python3.10/dist-packages:${PYTHONPATH} /usr/bin/cmake --build /home/curdin/franka_ros2_ws/build/franka_gripper -- -j20 -l20
[1.021s] [35m[1mConsolidate compiler generated dependencies of target gripper_server[0m
[1.021s] [35m[1mConsolidate compiler generated dependencies of target franka_gripper_node[0m
[1.031s] [  0%] Built target ament_cmake_python_copy_franka_gripper
[1.032s] [ 50%] Built target franka_gripper_node
[1.034s] [100%] Built target gripper_server
[1.201s] running egg_info
[1.202s] writing franka_gripper.egg-info/PKG-INFO
[1.202s] writing dependency_links to franka_gripper.egg-info/dependency_links.txt
[1.202s] writing top-level names to franka_gripper.egg-info/top_level.txt
[1.203s] reading manifest file 'franka_gripper.egg-info/SOURCES.txt'
[1.204s] writing manifest file 'franka_gripper.egg-info/SOURCES.txt'
[1.221s] [100%] Built target ament_cmake_python_build_franka_gripper_egg
[1.292s] Invoked command in '/home/curdin/franka_ros2_ws/build/franka_gripper' returned '0': AMENT_PREFIX_PATH=/home/curdin/franka_ros2_ws/install/franka_msgs:${AMENT_PREFIX_PATH} CMAKE_PREFIX_PATH=/home/curdin/franka_ros2_ws/install/franka_msgs:/opt/ros/humble LD_LIBRARY_PATH=/home/curdin/franka_ros2_ws/install/franka_msgs/lib:${LD_LIBRARY_PATH} PYTHONPATH=/home/curdin/franka_ros2_ws/install/franka_msgs/local/lib/python3.10/dist-packages:${PYTHONPATH} /usr/bin/cmake --build /home/curdin/franka_ros2_ws/build/franka_gripper -- -j20 -l20
[1.307s] Invoking command in '/home/curdin/franka_ros2_ws/build/franka_gripper': AMENT_PREFIX_PATH=/home/curdin/franka_ros2_ws/install/franka_msgs:${AMENT_PREFIX_PATH} CMAKE_PREFIX_PATH=/home/curdin/franka_ros2_ws/install/franka_msgs:/opt/ros/humble LD_LIBRARY_PATH=/home/curdin/franka_ros2_ws/install/franka_msgs/lib:${LD_LIBRARY_PATH} PYTHONPATH=/home/curdin/franka_ros2_ws/install/franka_msgs/local/lib/python3.10/dist-packages:${PYTHONPATH} /usr/bin/cmake --install /home/curdin/franka_ros2_ws/build/franka_gripper
[1.311s] -- Install configuration: "Release"
[1.312s] -- Up-to-date: /home/curdin/franka_ros2_ws/install/franka_gripper/lib/franka_gripper/franka_gripper_node
[1.312s] -- Up-to-date: /home/curdin/franka_ros2_ws/install/franka_gripper/lib/libgripper_server.so
[1.312s] -- Up-to-date: /home/curdin/franka_ros2_ws/install/franka_gripper/share/franka_gripper//launch
[1.312s] -- Up-to-date: /home/curdin/franka_ros2_ws/install/franka_gripper/share/franka_gripper//launch/gripper.launch.py
[1.313s] -- Up-to-date: /home/curdin/franka_ros2_ws/install/franka_gripper/share/franka_gripper//config
[1.313s] -- Up-to-date: /home/curdin/franka_ros2_ws/install/franka_gripper/share/franka_gripper//config/franka_gripper_node.yaml
[1.313s] -- Up-to-date: /home/curdin/franka_ros2_ws/install/franka_gripper/share/franka_gripper/environment/pythonpath.sh
[1.313s] -- Installing: /home/curdin/franka_ros2_ws/install/franka_gripper/share/franka_gripper/environment/pythonpath.dsv
[1.313s] -- Up-to-date: /home/curdin/franka_ros2_ws/install/franka_gripper/local/lib/python3.10/dist-packages/franka_gripper-0.1.8-py3.10.egg-info
[1.313s] -- Installing: /home/curdin/franka_ros2_ws/install/franka_gripper/local/lib/python3.10/dist-packages/franka_gripper-0.1.8-py3.10.egg-info/top_level.txt
[1.313s] -- Installing: /home/curdin/franka_ros2_ws/install/franka_gripper/local/lib/python3.10/dist-packages/franka_gripper-0.1.8-py3.10.egg-info/dependency_links.txt
[1.313s] -- Installing: /home/curdin/franka_ros2_ws/install/franka_gripper/local/lib/python3.10/dist-packages/franka_gripper-0.1.8-py3.10.egg-info/PKG-INFO
[1.313s] -- Installing: /home/curdin/franka_ros2_ws/install/franka_gripper/local/lib/python3.10/dist-packages/franka_gripper-0.1.8-py3.10.egg-info/SOURCES.txt
[1.313s] -- Up-to-date: /home/curdin/franka_ros2_ws/install/franka_gripper/local/lib/python3.10/dist-packages/franka_gripper
[1.313s] -- Up-to-date: /home/curdin/franka_ros2_ws/install/franka_gripper/local/lib/python3.10/dist-packages/franka_gripper/__init__.py
[1.333s] Listing '/home/curdin/franka_ros2_ws/install/franka_gripper/local/lib/python3.10/dist-packages/franka_gripper'...
[1.336s] -- Up-to-date: /home/curdin/franka_ros2_ws/install/franka_gripper/lib/franka_gripper/fake_gripper_state_publisher.py
[1.336s] -- Up-to-date: /home/curdin/franka_ros2_ws/install/franka_gripper/share/ament_index/resource_index/package_run_dependencies/franka_gripper
[1.337s] -- Up-to-date: /home/curdin/franka_ros2_ws/install/franka_gripper/share/ament_index/resource_index/parent_prefix_path/franka_gripper
[1.337s] -- Up-to-date: /home/curdin/franka_ros2_ws/install/franka_gripper/share/franka_gripper/environment/ament_prefix_path.sh
[1.337s] -- Installing: /home/curdin/franka_ros2_ws/install/franka_gripper/share/franka_gripper/environment/ament_prefix_path.dsv
[1.337s] -- Up-to-date: /home/curdin/franka_ros2_ws/install/franka_gripper/share/franka_gripper/environment/path.sh
[1.337s] -- Installing: /home/curdin/franka_ros2_ws/install/franka_gripper/share/franka_gripper/environment/path.dsv
[1.337s] -- Up-to-date: /home/curdin/franka_ros2_ws/install/franka_gripper/share/franka_gripper/local_setup.bash
[1.337s] -- Up-to-date: /home/curdin/franka_ros2_ws/install/franka_gripper/share/franka_gripper/local_setup.sh
[1.337s] -- Up-to-date: /home/curdin/franka_ros2_ws/install/franka_gripper/share/franka_gripper/local_setup.zsh
[1.337s] -- Installing: /home/curdin/franka_ros2_ws/install/franka_gripper/share/franka_gripper/local_setup.dsv
[1.337s] -- Installing: /home/curdin/franka_ros2_ws/install/franka_gripper/share/franka_gripper/package.dsv
[1.337s] -- Up-to-date: /home/curdin/franka_ros2_ws/install/franka_gripper/share/ament_index/resource_index/packages/franka_gripper
[1.337s] -- Up-to-date: /home/curdin/franka_ros2_ws/install/franka_gripper/share/ament_index/resource_index/rclcpp_components/franka_gripper
[1.337s] -- Up-to-date: /home/curdin/franka_ros2_ws/install/franka_gripper/share/franka_gripper/cmake/franka_gripperConfig.cmake
[1.337s] -- Up-to-date: /home/curdin/franka_ros2_ws/install/franka_gripper/share/franka_gripper/cmake/franka_gripperConfig-version.cmake
[1.337s] -- Up-to-date: /home/curdin/franka_ros2_ws/install/franka_gripper/share/franka_gripper/package.xml
[1.338s] Invoked command in '/home/curdin/franka_ros2_ws/build/franka_gripper' returned '0': AMENT_PREFIX_PATH=/home/curdin/franka_ros2_ws/install/franka_msgs:${AMENT_PREFIX_PATH} CMAKE_PREFIX_PATH=/home/curdin/franka_ros2_ws/install/franka_msgs:/opt/ros/humble LD_LIBRARY_PATH=/home/curdin/franka_ros2_ws/install/franka_msgs/lib:${LD_LIBRARY_PATH} PYTHONPATH=/home/curdin/franka_ros2_ws/install/franka_msgs/local/lib/python3.10/dist-packages:${PYTHONPATH} /usr/bin/cmake --install /home/curdin/franka_ros2_ws/build/franka_gripper
