[0.040s] Invoking command in '/home/curdin/franka_ros2_ws/build/cartesian_impedance_control': CMAKE_PREFIX_PATH=/home/curdin/franka_ros2_ws/install/franka_semantic_components:/home/curdin/franka_ros2_ws/install/franka_hardware:/home/curdin/franka_ros2_ws/install/franka_msgs:/home/curdin/franka_ros2_ws/install/joint_trajectory_controller:/home/curdin/franka_ros2_ws/install/integration_launch_testing:/home/curdin/franka_ros2_ws/install/franka_bringup:/home/curdin/franka_ros2_ws/install/franka_robot_state_broadcaster:/home/curdin/franka_ros2_ws/install/franka_example_controllers:/home/curdin/franka_ros2_ws/install/cartesian_impedance_control:/home/curdin/franka_ros2_ws/install/franka_moveit_config:/home/curdin/franka_ros2_ws/install/franka_gripper:/home/curdin/franka_ros2_ws/install/franka_description:/opt/ros/humble LD_LIBRARY_PATH=/home/curdin/franka_ros2_ws/install/franka_semantic_components/lib:/home/curdin/franka_ros2_ws/install/franka_hardware/lib:/home/curdin/franka_ros2_ws/install/franka_msgs/lib:/home/curdin/franka_ros2_ws/install/joint_trajectory_controller/lib:/home/curdin/franka_ros2_ws/install/integration_launch_testing/lib:/home/curdin/franka_ros2_ws/install/franka_robot_state_broadcaster/lib:/home/curdin/franka_ros2_ws/install/franka_example_controllers/lib:/home/curdin/franka_ros2_ws/install/cartesian_impedance_control/lib:/home/curdin/franka_ros2_ws/install/franka_gripper/lib:/opt/ros/humble/opt/rviz_ogre_vendor/lib:/opt/ros/humble/lib/x86_64-linux-gnu:/opt/ros/humble/lib /usr/bin/cmake /home/curdin/franka_ros2_ws/src/cartesian_impedance_control -DCMAKE_INSTALL_PREFIX=/home/curdin/franka_ros2_ws/install/cartesian_impedance_control
[0.048s] -- Found ament_cmake: 1.3.7 (/opt/ros/humble/share/ament_cmake/cmake)
[0.128s] -- Found rclcpp: 16.0.6 (/opt/ros/humble/share/rclcpp/cmake)
[0.144s] -- Found rosidl_generator_c: 3.1.5 (/opt/ros/humble/share/rosidl_generator_c/cmake)
[0.145s] -- Found rosidl_adapter: 3.1.5 (/opt/ros/humble/share/rosidl_adapter/cmake)
[0.148s] -- Found rosidl_generator_cpp: 3.1.5 (/opt/ros/humble/share/rosidl_generator_cpp/cmake)
[0.154s] -- Using all available rosidl_typesupport_c: rosidl_typesupport_fastrtps_c;rosidl_typesupport_introspection_c
[0.162s] -- Using all available rosidl_typesupport_cpp: rosidl_typesupport_fastrtps_cpp;rosidl_typesupport_introspection_cpp
[0.195s] -- Found rmw_implementation_cmake: 6.1.1 (/opt/ros/humble/share/rmw_implementation_cmake/cmake)
[0.196s] -- Found rmw_fastrtps_cpp: 6.2.4 (/opt/ros/humble/share/rmw_fastrtps_cpp/cmake)
[0.261s] -- Using RMW implementation 'rmw_fastrtps_cpp' as default
[0.346s] -- Found controller_interface: 2.32.0 (/opt/ros/humble/share/controller_interface/cmake)
[0.713s] -- Found franka_msgs: 0.1.8 (/home/curdin/franka_ros2_ws/install/franka_msgs/share/franka_msgs/cmake)
[0.759s] -- Found franka_semantic_components: 0.1.0 (/home/curdin/franka_ros2_ws/install/franka_semantic_components/share/franka_semantic_components/cmake)
[0.975s] -- Found generate_parameter_library: 0.3.7 (/opt/ros/humble/share/generate_parameter_library/cmake)
[0.975s] -- Found parameter_traits: 0.3.6 (/opt/ros/humble/share/parameter_traits/cmake)
[1.362s] -- Found ament_cmake_clang_format: 0.12.10 (/opt/ros/humble/share/ament_cmake_clang_format/cmake)
[1.362s] -- Found ament_cmake_copyright: 0.12.8 (/opt/ros/humble/share/ament_cmake_copyright/cmake)
[1.362s] -- Found ament_cmake_cppcheck: 0.12.8 (/opt/ros/humble/share/ament_cmake_cppcheck/cmake)
[1.363s] -- Found ament_cmake_flake8: 0.12.8 (/opt/ros/humble/share/ament_cmake_flake8/cmake)
[1.363s] -- Found ament_cmake_lint_cmake: 0.12.8 (/opt/ros/humble/share/ament_cmake_lint_cmake/cmake)
[1.363s] -- Found ament_cmake_pep257: 0.12.8 (/opt/ros/humble/share/ament_cmake_pep257/cmake)
[1.363s] -- Found ament_cmake_xmllint: 0.12.8 (/opt/ros/humble/share/ament_cmake_xmllint/cmake)
[1.363s] -- Found ament_cmake_gmock: 1.3.5 (/opt/ros/humble/share/ament_cmake_gmock/cmake)
[1.364s] -- Found controller_manager: 2.37.0 (/opt/ros/humble/share/controller_manager/cmake)
[1.523s] -- Found ros2_control_test_assets: 2.37.0 (/opt/ros/humble/share/ros2_control_test_assets/cmake)
[1.524s] -- Found gmock sources under '/opt/ros/humble/src/gmock_vendor': C++ tests using 'Google Mock' will be built
[1.525s] -- Found ament_cmake_gtest: 1.3.5 (/opt/ros/humble/share/ament_cmake_gtest/cmake)
[1.525s] -- Found gtest sources under '/opt/ros/humble/src/gtest_vendor': C++ tests using 'Google Test' will be built
[1.833s] -- Configuring done
[1.882s] -- Generating done
[1.884s] -- Build files have been written to: /home/curdin/franka_ros2_ws/build/cartesian_impedance_control
[1.890s] Invoked command in '/home/curdin/franka_ros2_ws/build/cartesian_impedance_control' returned '0': CMAKE_PREFIX_PATH=/home/curdin/franka_ros2_ws/install/franka_semantic_components:/home/curdin/franka_ros2_ws/install/franka_hardware:/home/curdin/franka_ros2_ws/install/franka_msgs:/home/curdin/franka_ros2_ws/install/joint_trajectory_controller:/home/curdin/franka_ros2_ws/install/integration_launch_testing:/home/curdin/franka_ros2_ws/install/franka_bringup:/home/curdin/franka_ros2_ws/install/franka_robot_state_broadcaster:/home/curdin/franka_ros2_ws/install/franka_example_controllers:/home/curdin/franka_ros2_ws/install/cartesian_impedance_control:/home/curdin/franka_ros2_ws/install/franka_moveit_config:/home/curdin/franka_ros2_ws/install/franka_gripper:/home/curdin/franka_ros2_ws/install/franka_description:/opt/ros/humble LD_LIBRARY_PATH=/home/curdin/franka_ros2_ws/install/franka_semantic_components/lib:/home/curdin/franka_ros2_ws/install/franka_hardware/lib:/home/curdin/franka_ros2_ws/install/franka_msgs/lib:/home/curdin/franka_ros2_ws/install/joint_trajectory_controller/lib:/home/curdin/franka_ros2_ws/install/integration_launch_testing/lib:/home/curdin/franka_ros2_ws/install/franka_robot_state_broadcaster/lib:/home/curdin/franka_ros2_ws/install/franka_example_controllers/lib:/home/curdin/franka_ros2_ws/install/cartesian_impedance_control/lib:/home/curdin/franka_ros2_ws/install/franka_gripper/lib:/opt/ros/humble/opt/rviz_ogre_vendor/lib:/opt/ros/humble/lib/x86_64-linux-gnu:/opt/ros/humble/lib /usr/bin/cmake /home/curdin/franka_ros2_ws/src/cartesian_impedance_control -DCMAKE_INSTALL_PREFIX=/home/curdin/franka_ros2_ws/install/cartesian_impedance_control
[1.892s] Invoking command in '/home/curdin/franka_ros2_ws/build/cartesian_impedance_control': CMAKE_PREFIX_PATH=/home/curdin/franka_ros2_ws/install/franka_semantic_components:/home/curdin/franka_ros2_ws/install/franka_hardware:/home/curdin/franka_ros2_ws/install/franka_msgs:/home/curdin/franka_ros2_ws/install/joint_trajectory_controller:/home/curdin/franka_ros2_ws/install/integration_launch_testing:/home/curdin/franka_ros2_ws/install/franka_bringup:/home/curdin/franka_ros2_ws/install/franka_robot_state_broadcaster:/home/curdin/franka_ros2_ws/install/franka_example_controllers:/home/curdin/franka_ros2_ws/install/cartesian_impedance_control:/home/curdin/franka_ros2_ws/install/franka_moveit_config:/home/curdin/franka_ros2_ws/install/franka_gripper:/home/curdin/franka_ros2_ws/install/franka_description:/opt/ros/humble LD_LIBRARY_PATH=/home/curdin/franka_ros2_ws/install/franka_semantic_components/lib:/home/curdin/franka_ros2_ws/install/franka_hardware/lib:/home/curdin/franka_ros2_ws/install/franka_msgs/lib:/home/curdin/franka_ros2_ws/install/joint_trajectory_controller/lib:/home/curdin/franka_ros2_ws/install/integration_launch_testing/lib:/home/curdin/franka_ros2_ws/install/franka_robot_state_broadcaster/lib:/home/curdin/franka_ros2_ws/install/franka_example_controllers/lib:/home/curdin/franka_ros2_ws/install/cartesian_impedance_control/lib:/home/curdin/franka_ros2_ws/install/franka_gripper/lib:/opt/ros/humble/opt/rviz_ogre_vendor/lib:/opt/ros/humble/lib/x86_64-linux-gnu:/opt/ros/humble/lib /usr/bin/cmake --build /home/curdin/franka_ros2_ws/build/cartesian_impedance_control -- -j20 -l20
[1.915s] [35m[1mConsolidate compiler generated dependencies of target gmock_main[0m
[1.915s] [35m[1mConsolidate compiler generated dependencies of target gmock[0m
[1.921s] [  6%] Built target franka_example_controllers_parameters
[1.923s] [ 18%] Built target gmock_main
[1.924s] [ 37%] Built target gmock
[1.927s] [35m[1mConsolidate compiler generated dependencies of target cartesian_impedance_control[0m
[1.931s] [35m[1mConsolidate compiler generated dependencies of target cartesian_impedance_control_test[0m
[1.931s] [35m[1mConsolidate compiler generated dependencies of target cartesian_impedance_control_test_load_move_to_start[0m
[1.941s] [ 43%] [32mBuilding CXX object CMakeFiles/cartesian_impedance_control.dir/src/cartesian_impedance_controller.cpp.o[0m
[1.943s] [ 68%] Built target cartesian_impedance_control_test_load_move_to_start
[1.943s] [ 68%] Built target cartesian_impedance_control_test
[17.504s] [ 75%] [32m[1mLinking CXX shared library libcartesian_impedance_control.so[0m
[17.645s] [ 75%] Built target cartesian_impedance_control
[17.651s] [35m[1mConsolidate compiler generated dependencies of target cartesian_impedance_control_gravity_test[0m
[17.651s] [35m[1mConsolidate compiler generated dependencies of target cartesian_impedance_control_move_to_start_test[0m
[17.662s] [ 81%] [32m[1mLinking CXX executable cartesian_impedance_control_gravity_test[0m
[17.663s] [ 87%] [32m[1mLinking CXX executable cartesian_impedance_control_move_to_start_test[0m
[17.778s] [ 93%] Built target cartesian_impedance_control_gravity_test
[17.782s] [100%] Built target cartesian_impedance_control_move_to_start_test
[17.790s] Invoked command in '/home/curdin/franka_ros2_ws/build/cartesian_impedance_control' returned '0': CMAKE_PREFIX_PATH=/home/curdin/franka_ros2_ws/install/franka_semantic_components:/home/curdin/franka_ros2_ws/install/franka_hardware:/home/curdin/franka_ros2_ws/install/franka_msgs:/home/curdin/franka_ros2_ws/install/joint_trajectory_controller:/home/curdin/franka_ros2_ws/install/integration_launch_testing:/home/curdin/franka_ros2_ws/install/franka_bringup:/home/curdin/franka_ros2_ws/install/franka_robot_state_broadcaster:/home/curdin/franka_ros2_ws/install/franka_example_controllers:/home/curdin/franka_ros2_ws/install/cartesian_impedance_control:/home/curdin/franka_ros2_ws/install/franka_moveit_config:/home/curdin/franka_ros2_ws/install/franka_gripper:/home/curdin/franka_ros2_ws/install/franka_description:/opt/ros/humble LD_LIBRARY_PATH=/home/curdin/franka_ros2_ws/install/franka_semantic_components/lib:/home/curdin/franka_ros2_ws/install/franka_hardware/lib:/home/curdin/franka_ros2_ws/install/franka_msgs/lib:/home/curdin/franka_ros2_ws/install/joint_trajectory_controller/lib:/home/curdin/franka_ros2_ws/install/integration_launch_testing/lib:/home/curdin/franka_ros2_ws/install/franka_robot_state_broadcaster/lib:/home/curdin/franka_ros2_ws/install/franka_example_controllers/lib:/home/curdin/franka_ros2_ws/install/cartesian_impedance_control/lib:/home/curdin/franka_ros2_ws/install/franka_gripper/lib:/opt/ros/humble/opt/rviz_ogre_vendor/lib:/opt/ros/humble/lib/x86_64-linux-gnu:/opt/ros/humble/lib /usr/bin/cmake --build /home/curdin/franka_ros2_ws/build/cartesian_impedance_control -- -j20 -l20
[17.824s] Invoking command in '/home/curdin/franka_ros2_ws/build/cartesian_impedance_control': CMAKE_PREFIX_PATH=/home/curdin/franka_ros2_ws/install/franka_semantic_components:/home/curdin/franka_ros2_ws/install/franka_hardware:/home/curdin/franka_ros2_ws/install/franka_msgs:/home/curdin/franka_ros2_ws/install/joint_trajectory_controller:/home/curdin/franka_ros2_ws/install/integration_launch_testing:/home/curdin/franka_ros2_ws/install/franka_bringup:/home/curdin/franka_ros2_ws/install/franka_robot_state_broadcaster:/home/curdin/franka_ros2_ws/install/franka_example_controllers:/home/curdin/franka_ros2_ws/install/cartesian_impedance_control:/home/curdin/franka_ros2_ws/install/franka_moveit_config:/home/curdin/franka_ros2_ws/install/franka_gripper:/home/curdin/franka_ros2_ws/install/franka_description:/opt/ros/humble LD_LIBRARY_PATH=/home/curdin/franka_ros2_ws/install/franka_semantic_components/lib:/home/curdin/franka_ros2_ws/install/franka_hardware/lib:/home/curdin/franka_ros2_ws/install/franka_msgs/lib:/home/curdin/franka_ros2_ws/install/joint_trajectory_controller/lib:/home/curdin/franka_ros2_ws/install/integration_launch_testing/lib:/home/curdin/franka_ros2_ws/install/franka_robot_state_broadcaster/lib:/home/curdin/franka_ros2_ws/install/franka_example_controllers/lib:/home/curdin/franka_ros2_ws/install/cartesian_impedance_control/lib:/home/curdin/franka_ros2_ws/install/franka_gripper/lib:/opt/ros/humble/opt/rviz_ogre_vendor/lib:/opt/ros/humble/lib/x86_64-linux-gnu:/opt/ros/humble/lib /usr/bin/cmake --install /home/curdin/franka_ros2_ws/build/cartesian_impedance_control
[17.828s] -- Install configuration: "Release"
[17.828s] -- Up-to-date: /home/curdin/franka_ros2_ws/install/cartesian_impedance_control/include/franka_example_controllers_parameters
[17.828s] -- Up-to-date: /home/curdin/franka_ros2_ws/install/cartesian_impedance_control/include/franka_example_controllers_parameters/franka_example_controllers_parameters.hpp
[17.829s] -- Up-to-date: /home/curdin/franka_ros2_ws/install/cartesian_impedance_control/share/cartesian_impedance_control/cartesian_impedance_control.xml
[17.829s] -- Installing: /home/curdin/franka_ros2_ws/install/cartesian_impedance_control/lib/libcartesian_impedance_control.so
[17.830s] -- Set runtime path of "/home/curdin/franka_ros2_ws/install/cartesian_impedance_control/lib/libcartesian_impedance_control.so" to ""
[17.830s] -- Up-to-date: /home/curdin/franka_ros2_ws/install/cartesian_impedance_control/include
[17.830s] -- Up-to-date: /home/curdin/franka_ros2_ws/install/cartesian_impedance_control/include/cartesian_impedance_control
[17.830s] -- Up-to-date: /home/curdin/franka_ros2_ws/install/cartesian_impedance_control/include/cartesian_impedance_control/cartesian_impedance_controller.hpp
[17.830s] -- Up-to-date: /home/curdin/franka_ros2_ws/install/cartesian_impedance_control/share/cartesian_impedance_control/environment/library_path.sh
[17.830s] -- Installing: /home/curdin/franka_ros2_ws/install/cartesian_impedance_control/share/cartesian_impedance_control/environment/library_path.dsv
[17.830s] -- Up-to-date: /home/curdin/franka_ros2_ws/install/cartesian_impedance_control/share/ament_index/resource_index/package_run_dependencies/cartesian_impedance_control
[17.830s] -- Installing: /home/curdin/franka_ros2_ws/install/cartesian_impedance_control/share/ament_index/resource_index/parent_prefix_path/cartesian_impedance_control
[17.830s] -- Up-to-date: /home/curdin/franka_ros2_ws/install/cartesian_impedance_control/share/cartesian_impedance_control/environment/ament_prefix_path.sh
[17.830s] -- Installing: /home/curdin/franka_ros2_ws/install/cartesian_impedance_control/share/cartesian_impedance_control/environment/ament_prefix_path.dsv
[17.830s] -- Up-to-date: /home/curdin/franka_ros2_ws/install/cartesian_impedance_control/share/cartesian_impedance_control/environment/path.sh
[17.830s] -- Installing: /home/curdin/franka_ros2_ws/install/cartesian_impedance_control/share/cartesian_impedance_control/environment/path.dsv
[17.830s] -- Up-to-date: /home/curdin/franka_ros2_ws/install/cartesian_impedance_control/share/cartesian_impedance_control/local_setup.bash
[17.830s] -- Up-to-date: /home/curdin/franka_ros2_ws/install/cartesian_impedance_control/share/cartesian_impedance_control/local_setup.sh
[17.830s] -- Up-to-date: /home/curdin/franka_ros2_ws/install/cartesian_impedance_control/share/cartesian_impedance_control/local_setup.zsh
[17.830s] -- Installing: /home/curdin/franka_ros2_ws/install/cartesian_impedance_control/share/cartesian_impedance_control/local_setup.dsv
[17.830s] -- Installing: /home/curdin/franka_ros2_ws/install/cartesian_impedance_control/share/cartesian_impedance_control/package.dsv
[17.830s] -- Up-to-date: /home/curdin/franka_ros2_ws/install/cartesian_impedance_control/share/ament_index/resource_index/packages/cartesian_impedance_control
[17.830s] -- Up-to-date: /home/curdin/franka_ros2_ws/install/cartesian_impedance_control/share/ament_index/resource_index/controller_interface__pluginlib__plugin/cartesian_impedance_control
[17.830s] -- Up-to-date: /home/curdin/franka_ros2_ws/install/cartesian_impedance_control/share/cartesian_impedance_control/cmake/ament_cmake_export_include_directories-extras.cmake
[17.830s] -- Up-to-date: /home/curdin/franka_ros2_ws/install/cartesian_impedance_control/share/cartesian_impedance_control/cmake/ament_cmake_export_libraries-extras.cmake
[17.830s] -- Up-to-date: /home/curdin/franka_ros2_ws/install/cartesian_impedance_control/share/cartesian_impedance_control/cmake/ament_cmake_export_dependencies-extras.cmake
[17.830s] -- Up-to-date: /home/curdin/franka_ros2_ws/install/cartesian_impedance_control/share/cartesian_impedance_control/cmake/cartesian_impedance_controlConfig.cmake
[17.831s] -- Up-to-date: /home/curdin/franka_ros2_ws/install/cartesian_impedance_control/share/cartesian_impedance_control/cmake/cartesian_impedance_controlConfig-version.cmake
[17.831s] -- Up-to-date: /home/curdin/franka_ros2_ws/install/cartesian_impedance_control/share/cartesian_impedance_control/package.xml
[17.831s] Invoked command in '/home/curdin/franka_ros2_ws/build/cartesian_impedance_control' returned '0': CMAKE_PREFIX_PATH=/home/curdin/franka_ros2_ws/install/franka_semantic_components:/home/curdin/franka_ros2_ws/install/franka_hardware:/home/curdin/franka_ros2_ws/install/franka_msgs:/home/curdin/franka_ros2_ws/install/joint_trajectory_controller:/home/curdin/franka_ros2_ws/install/integration_launch_testing:/home/curdin/franka_ros2_ws/install/franka_bringup:/home/curdin/franka_ros2_ws/install/franka_robot_state_broadcaster:/home/curdin/franka_ros2_ws/install/franka_example_controllers:/home/curdin/franka_ros2_ws/install/cartesian_impedance_control:/home/curdin/franka_ros2_ws/install/franka_moveit_config:/home/curdin/franka_ros2_ws/install/franka_gripper:/home/curdin/franka_ros2_ws/install/franka_description:/opt/ros/humble LD_LIBRARY_PATH=/home/curdin/franka_ros2_ws/install/franka_semantic_components/lib:/home/curdin/franka_ros2_ws/install/franka_hardware/lib:/home/curdin/franka_ros2_ws/install/franka_msgs/lib:/home/curdin/franka_ros2_ws/install/joint_trajectory_controller/lib:/home/curdin/franka_ros2_ws/install/integration_launch_testing/lib:/home/curdin/franka_ros2_ws/install/franka_robot_state_broadcaster/lib:/home/curdin/franka_ros2_ws/install/franka_example_controllers/lib:/home/curdin/franka_ros2_ws/install/cartesian_impedance_control/lib:/home/curdin/franka_ros2_ws/install/franka_gripper/lib:/opt/ros/humble/opt/rviz_ogre_vendor/lib:/opt/ros/humble/lib/x86_64-linux-gnu:/opt/ros/humble/lib /usr/bin/cmake --install /home/curdin/franka_ros2_ws/build/cartesian_impedance_control
