[0.052s] Invoking command in '/home/curdin/franka_ros2_ws/build/franka_semantic_components': AMENT_PREFIX_PATH=/home/curdin/franka_ros2_ws/install/franka_hardware:/home/curdin/franka_ros2_ws/install/franka_msgs:${AMENT_PREFIX_PATH} CMAKE_PREFIX_PATH=/home/curdin/franka_ros2_ws/install/franka_hardware:/home/curdin/franka_ros2_ws/install/franka_msgs:/opt/ros/humble LD_LIBRARY_PATH=/home/curdin/franka_ros2_ws/install/franka_hardware/lib:/home/curdin/franka_ros2_ws/install/franka_msgs/lib:${LD_LIBRARY_PATH} PYTHONPATH=/home/curdin/franka_ros2_ws/install/franka_msgs/local/lib/python3.10/dist-packages:${PYTHONPATH} /usr/bin/cmake /home/curdin/franka_ros2_ws/src/franka_ros2/franka_semantic_components -DCMAKE_BUILD_TYPE=Release -DCMAKE_INSTALL_PREFIX=/home/curdin/franka_ros2_ws/install/franka_semantic_components
[0.086s] -- The C compiler identification is GNU 11.4.0
[0.123s] -- The CXX compiler identification is GNU 11.4.0
[0.128s] -- Detecting C compiler ABI info
[0.175s] -- Detecting C compiler ABI info - done
[0.180s] -- Check for working C compiler: /usr/bin/cc - skipped
[0.180s] -- Detecting C compile features
[0.180s] -- Detecting C compile features - done
[0.183s] -- Detecting CXX compiler ABI info
[0.240s] -- Detecting CXX compiler ABI info - done
[0.246s] -- Check for working CXX compiler: /usr/bin/c++ - skipped
[0.246s] -- Detecting CXX compile features
[0.246s] -- Detecting CXX compile features - done
[0.248s] -- Found ament_cmake: 1.3.7 (/opt/ros/humble/share/ament_cmake/cmake)
[0.376s] -- Found Python3: /usr/bin/python3.10 (found version "3.10.12") found components: Interpreter 
[0.456s] -- Looking for pthread.h
[0.531s] -- Looking for pthread.h - found
[0.532s] -- Performing Test CMAKE_HAVE_LIBC_PTHREAD
[0.609s] -- Performing Test CMAKE_HAVE_LIBC_PTHREAD - Success
[0.610s] -- Found Threads: TRUE  
[0.611s] -- Found franka_hardware: 0.1.8 (/home/curdin/franka_ros2_ws/install/franka_hardware/share/franka_hardware/cmake)
[0.648s] -- Found rosidl_generator_c: 3.1.5 (/opt/ros/humble/share/rosidl_generator_c/cmake)
[0.652s] -- Found rosidl_adapter: 3.1.5 (/opt/ros/humble/share/rosidl_adapter/cmake)
[0.660s] -- Found rosidl_generator_cpp: 3.1.5 (/opt/ros/humble/share/rosidl_generator_cpp/cmake)
[0.671s] -- Using all available rosidl_typesupport_c: rosidl_typesupport_fastrtps_c;rosidl_typesupport_introspection_c
[0.687s] -- Using all available rosidl_typesupport_cpp: rosidl_typesupport_fastrtps_cpp;rosidl_typesupport_introspection_cpp
[1.219s] -- Found rmw_implementation_cmake: 6.1.1 (/opt/ros/humble/share/rmw_implementation_cmake/cmake)
[1.221s] -- Found rmw_fastrtps_cpp: 6.2.4 (/opt/ros/humble/share/rmw_fastrtps_cpp/cmake)
[1.291s] -- Found OpenSSL: /usr/lib/x86_64-linux-gnu/libcrypto.so (found version "3.0.2")  
[1.309s] -- Found FastRTPS: /opt/ros/humble/include  
[1.340s] -- Using RMW implementation 'rmw_fastrtps_cpp' as default
[1.510s] -- Found franka_msgs: 0.1.8 (/home/curdin/franka_ros2_ws/install/franka_msgs/share/franka_msgs/cmake)
[1.709s] -- Found ament_cmake_clang_format: 0.12.10 (/opt/ros/humble/share/ament_cmake_clang_format/cmake)
[1.710s] -- Found ament_cmake_copyright: 0.12.8 (/opt/ros/humble/share/ament_cmake_copyright/cmake)
[1.711s] -- Found ament_cmake_cppcheck: 0.12.8 (/opt/ros/humble/share/ament_cmake_cppcheck/cmake)
[1.712s] -- Found ament_cmake_flake8: 0.12.8 (/opt/ros/humble/share/ament_cmake_flake8/cmake)
[1.713s] -- Found ament_cmake_lint_cmake: 0.12.8 (/opt/ros/humble/share/ament_cmake_lint_cmake/cmake)
[1.714s] -- Found ament_cmake_pep257: 0.12.8 (/opt/ros/humble/share/ament_cmake_pep257/cmake)
[1.715s] -- Found ament_cmake_xmllint: 0.12.8 (/opt/ros/humble/share/ament_cmake_xmllint/cmake)
[1.716s] -- Found ament_cmake_gmock: 1.3.5 (/opt/ros/humble/share/ament_cmake_gmock/cmake)
[1.717s] -- Found controller_interface: 2.32.0 (/opt/ros/humble/share/controller_interface/cmake)
[1.778s] -- Found gmock sources under '/opt/ros/humble/src/gmock_vendor': C++ tests using 'Google Mock' will be built
[1.781s] -- Found ament_cmake_gtest: 1.3.5 (/opt/ros/humble/share/ament_cmake_gtest/cmake)
[1.781s] -- Found gtest sources under '/opt/ros/humble/src/gtest_vendor': C++ tests using 'Google Test' will be built
[2.166s] -- Configuring done
[2.225s] -- Generating done
[2.227s] -- Build files have been written to: /home/curdin/franka_ros2_ws/build/franka_semantic_components
[2.235s] Invoked command in '/home/curdin/franka_ros2_ws/build/franka_semantic_components' returned '0': AMENT_PREFIX_PATH=/home/curdin/franka_ros2_ws/install/franka_hardware:/home/curdin/franka_ros2_ws/install/franka_msgs:${AMENT_PREFIX_PATH} CMAKE_PREFIX_PATH=/home/curdin/franka_ros2_ws/install/franka_hardware:/home/curdin/franka_ros2_ws/install/franka_msgs:/opt/ros/humble LD_LIBRARY_PATH=/home/curdin/franka_ros2_ws/install/franka_hardware/lib:/home/curdin/franka_ros2_ws/install/franka_msgs/lib:${LD_LIBRARY_PATH} PYTHONPATH=/home/curdin/franka_ros2_ws/install/franka_msgs/local/lib/python3.10/dist-packages:${PYTHONPATH} /usr/bin/cmake /home/curdin/franka_ros2_ws/src/franka_ros2/franka_semantic_components -DCMAKE_BUILD_TYPE=Release -DCMAKE_INSTALL_PREFIX=/home/curdin/franka_ros2_ws/install/franka_semantic_components
[2.236s] Invoking command in '/home/curdin/franka_ros2_ws/build/franka_semantic_components': AMENT_PREFIX_PATH=/home/curdin/franka_ros2_ws/install/franka_hardware:/home/curdin/franka_ros2_ws/install/franka_msgs:${AMENT_PREFIX_PATH} CMAKE_PREFIX_PATH=/home/curdin/franka_ros2_ws/install/franka_hardware:/home/curdin/franka_ros2_ws/install/franka_msgs:/opt/ros/humble LD_LIBRARY_PATH=/home/curdin/franka_ros2_ws/install/franka_hardware/lib:/home/curdin/franka_ros2_ws/install/franka_msgs/lib:${LD_LIBRARY_PATH} PYTHONPATH=/home/curdin/franka_ros2_ws/install/franka_msgs/local/lib/python3.10/dist-packages:${PYTHONPATH} /usr/bin/cmake --build /home/curdin/franka_ros2_ws/build/franka_semantic_components -- -j20 -l20
[2.267s] [ 22%] [32mBuilding CXX object CMakeFiles/franka_semantic_components.dir/src/franka_robot_state.cpp.o[0m
[2.267s] [ 22%] [32mBuilding CXX object gmock/CMakeFiles/gmock_main.dir/src/gmock_main.cc.o[0m
[2.267s] [ 22%] [32mBuilding CXX object gmock/CMakeFiles/gmock.dir/src/gmock-all.cc.o[0m
[2.267s] [ 22%] [32mBuilding CXX object gmock/CMakeFiles/gmock.dir/opt/ros/humble/src/gtest_vendor/src/gtest-all.cc.o[0m
[2.267s] [ 27%] [32mBuilding CXX object CMakeFiles/franka_semantic_components.dir/src/franka_semantic_component_interface.cpp.o[0m
[2.268s] [ 33%] [32mBuilding CXX object CMakeFiles/franka_semantic_components.dir/src/franka_robot_model.cpp.o[0m
[2.268s] [ 38%] [32mBuilding CXX object CMakeFiles/franka_semantic_components.dir/src/franka_cartesian_velocity_interface.cpp.o[0m
[4.037s] [ 44%] [32m[1mLinking CXX shared library libfranka_semantic_components.so[0m
[4.049s] [ 50%] [32m[1mLinking CXX static library libgmock_main.a[0m
[4.093s] [ 50%] Built target gmock_main
[4.286s] [ 50%] Built target franka_semantic_components
[8.473s] [ 55%] [32m[1mLinking CXX static library libgmock.a[0m
[8.497s] [ 55%] Built target gmock
[8.510s] [ 66%] [32mBuilding CXX object CMakeFiles/test_franka_robot_model.dir/test/franka_robot_model_test.cpp.o[0m
[8.510s] [ 66%] [32mBuilding CXX object CMakeFiles/test_franka_robot_state.dir/test/franka_robot_state_test.cpp.o[0m
[8.510s] [ 72%] [32mBuilding CXX object CMakeFiles/franka_semantic_component_interface_test.dir/test/franka_semantic_interface_test.cpp.o[0m
[8.510s] [ 77%] [32mBuilding CXX object CMakeFiles/franka_cartesian_velocity_interface_test.dir/test/franka_cartesian_velocity_interface_test.cpp.o[0m
[10.912s] [ 83%] [32m[1mLinking CXX executable franka_cartesian_velocity_interface_test[0m
[11.151s] [ 83%] Built target franka_cartesian_velocity_interface_test
[11.218s] [ 88%] [32m[1mLinking CXX executable test_franka_robot_state[0m
[11.441s] [ 88%] Built target test_franka_robot_state
[11.667s] [ 94%] [32m[1mLinking CXX executable franka_semantic_component_interface_test[0m
[11.810s] [ 94%] Built target franka_semantic_component_interface_test
[12.605s] [100%] [32m[1mLinking CXX executable test_franka_robot_model[0m
[12.729s] [100%] Built target test_franka_robot_model
[12.736s] Invoked command in '/home/curdin/franka_ros2_ws/build/franka_semantic_components' returned '0': AMENT_PREFIX_PATH=/home/curdin/franka_ros2_ws/install/franka_hardware:/home/curdin/franka_ros2_ws/install/franka_msgs:${AMENT_PREFIX_PATH} CMAKE_PREFIX_PATH=/home/curdin/franka_ros2_ws/install/franka_hardware:/home/curdin/franka_ros2_ws/install/franka_msgs:/opt/ros/humble LD_LIBRARY_PATH=/home/curdin/franka_ros2_ws/install/franka_hardware/lib:/home/curdin/franka_ros2_ws/install/franka_msgs/lib:${LD_LIBRARY_PATH} PYTHONPATH=/home/curdin/franka_ros2_ws/install/franka_msgs/local/lib/python3.10/dist-packages:${PYTHONPATH} /usr/bin/cmake --build /home/curdin/franka_ros2_ws/build/franka_semantic_components -- -j20 -l20
[12.759s] Invoking command in '/home/curdin/franka_ros2_ws/build/franka_semantic_components': AMENT_PREFIX_PATH=/home/curdin/franka_ros2_ws/install/franka_hardware:/home/curdin/franka_ros2_ws/install/franka_msgs:${AMENT_PREFIX_PATH} CMAKE_PREFIX_PATH=/home/curdin/franka_ros2_ws/install/franka_hardware:/home/curdin/franka_ros2_ws/install/franka_msgs:/opt/ros/humble LD_LIBRARY_PATH=/home/curdin/franka_ros2_ws/install/franka_hardware/lib:/home/curdin/franka_ros2_ws/install/franka_msgs/lib:${LD_LIBRARY_PATH} PYTHONPATH=/home/curdin/franka_ros2_ws/install/franka_msgs/local/lib/python3.10/dist-packages:${PYTHONPATH} /usr/bin/cmake --install /home/curdin/franka_ros2_ws/build/franka_semantic_components
[12.765s] -- Install configuration: "Release"
[12.765s] -- Installing: /home/curdin/franka_ros2_ws/install/franka_semantic_components/lib/libfranka_semantic_components.so
[12.765s] -- Set runtime path of "/home/curdin/franka_ros2_ws/install/franka_semantic_components/lib/libfranka_semantic_components.so" to ""
[12.765s] -- Installing: /home/curdin/franka_ros2_ws/install/franka_semantic_components/include
[12.765s] -- Installing: /home/curdin/franka_ros2_ws/install/franka_semantic_components/include/franka_semantic_components
[12.765s] -- Installing: /home/curdin/franka_ros2_ws/install/franka_semantic_components/include/franka_semantic_components/franka_cartesian_velocity_interface.hpp
[12.765s] -- Installing: /home/curdin/franka_ros2_ws/install/franka_semantic_components/include/franka_semantic_components/franka_robot_model.hpp
[12.765s] -- Installing: /home/curdin/franka_ros2_ws/install/franka_semantic_components/include/franka_semantic_components/franka_semantic_component_interface.hpp
[12.766s] -- Installing: /home/curdin/franka_ros2_ws/install/franka_semantic_components/include/franka_semantic_components/franka_robot_state.hpp
[12.766s] -- Installing: /home/curdin/franka_ros2_ws/install/franka_semantic_components/share/franka_semantic_components/environment/library_path.sh
[12.766s] -- Installing: /home/curdin/franka_ros2_ws/install/franka_semantic_components/share/franka_semantic_components/environment/library_path.dsv
[12.766s] -- Installing: /home/curdin/franka_ros2_ws/install/franka_semantic_components/share/ament_index/resource_index/package_run_dependencies/franka_semantic_components
[12.766s] -- Installing: /home/curdin/franka_ros2_ws/install/franka_semantic_components/share/ament_index/resource_index/parent_prefix_path/franka_semantic_components
[12.766s] -- Installing: /home/curdin/franka_ros2_ws/install/franka_semantic_components/share/franka_semantic_components/environment/ament_prefix_path.sh
[12.766s] -- Installing: /home/curdin/franka_ros2_ws/install/franka_semantic_components/share/franka_semantic_components/environment/ament_prefix_path.dsv
[12.766s] -- Installing: /home/curdin/franka_ros2_ws/install/franka_semantic_components/share/franka_semantic_components/environment/path.sh
[12.767s] -- Installing: /home/curdin/franka_ros2_ws/install/franka_semantic_components/share/franka_semantic_components/environment/path.dsv
[12.767s] -- Installing: /home/curdin/franka_ros2_ws/install/franka_semantic_components/share/franka_semantic_components/local_setup.bash
[12.767s] -- Installing: /home/curdin/franka_ros2_ws/install/franka_semantic_components/share/franka_semantic_components/local_setup.sh
[12.767s] -- Installing: /home/curdin/franka_ros2_ws/install/franka_semantic_components/share/franka_semantic_components/local_setup.zsh
[12.767s] -- Installing: /home/curdin/franka_ros2_ws/install/franka_semantic_components/share/franka_semantic_components/local_setup.dsv
[12.767s] -- Installing: /home/curdin/franka_ros2_ws/install/franka_semantic_components/share/franka_semantic_components/package.dsv
[12.767s] -- Installing: /home/curdin/franka_ros2_ws/install/franka_semantic_components/share/ament_index/resource_index/packages/franka_semantic_components
[12.767s] -- Installing: /home/curdin/franka_ros2_ws/install/franka_semantic_components/share/franka_semantic_components/cmake/ament_cmake_export_include_directories-extras.cmake
[12.768s] -- Installing: /home/curdin/franka_ros2_ws/install/franka_semantic_components/share/franka_semantic_components/cmake/ament_cmake_export_libraries-extras.cmake
[12.768s] -- Installing: /home/curdin/franka_ros2_ws/install/franka_semantic_components/share/franka_semantic_components/cmake/ament_cmake_export_dependencies-extras.cmake
[12.768s] -- Installing: /home/curdin/franka_ros2_ws/install/franka_semantic_components/share/franka_semantic_components/cmake/franka_semantic_componentsConfig.cmake
[12.768s] -- Installing: /home/curdin/franka_ros2_ws/install/franka_semantic_components/share/franka_semantic_components/cmake/franka_semantic_componentsConfig-version.cmake
[12.768s] -- Installing: /home/curdin/franka_ros2_ws/install/franka_semantic_components/share/franka_semantic_components/package.xml
[12.770s] Invoked command in '/home/curdin/franka_ros2_ws/build/franka_semantic_components' returned '0': AMENT_PREFIX_PATH=/home/curdin/franka_ros2_ws/install/franka_hardware:/home/curdin/franka_ros2_ws/install/franka_msgs:${AMENT_PREFIX_PATH} CMAKE_PREFIX_PATH=/home/curdin/franka_ros2_ws/install/franka_hardware:/home/curdin/franka_ros2_ws/install/franka_msgs:/opt/ros/humble LD_LIBRARY_PATH=/home/curdin/franka_ros2_ws/install/franka_hardware/lib:/home/curdin/franka_ros2_ws/install/franka_msgs/lib:${LD_LIBRARY_PATH} PYTHONPATH=/home/curdin/franka_ros2_ws/install/franka_msgs/local/lib/python3.10/dist-packages:${PYTHONPATH} /usr/bin/cmake --install /home/curdin/franka_ros2_ws/build/franka_semantic_components
