[0.116s] Invoking command in '/home/curdin/franka_ros2_ws/build/franka_msgs': CMAKE_PREFIX_PATH=${CMAKE_PREFIX_PATH}:/opt/ros/humble /usr/bin/cmake /home/curdin/franka_ros2_ws/src/franka_ros2/franka_msgs -DCMAKE_BUILD_TYPE=Release -DCMAKE_INSTALL_PREFIX=/home/curdin/franka_ros2_ws/install/franka_msgs
[0.150s] -- The C compiler identification is GNU 11.4.0
[0.182s] -- The CXX compiler identification is GNU 11.4.0
[0.187s] -- Detecting C compiler ABI info
[0.228s] -- Detecting C compiler ABI info - done
[0.233s] -- Check for working C compiler: /usr/bin/cc - skipped
[0.233s] -- Detecting C compile features
[0.233s] -- Detecting C compile features - done
[0.235s] -- Detecting CXX compiler ABI info
[0.283s] -- Detecting CXX compiler ABI info - done
[0.288s] -- Check for working CXX compiler: /usr/bin/c++ - skipped
[0.288s] -- Detecting CXX compile features
[0.288s] -- Detecting CXX compile features - done
[0.289s] -- Found ament_cmake: 1.3.7 (/opt/ros/humble/share/ament_cmake/cmake)
[0.394s] -- Found Python3: /usr/bin/python3.10 (found version "3.10.12") found components: Interpreter 
[0.447s] -- Found rosidl_default_generators: 1.2.0 (/opt/ros/humble/share/rosidl_default_generators/cmake)
[0.449s] -- Using all available rosidl_typesupport_c: rosidl_typesupport_fastrtps_c;rosidl_typesupport_introspection_c
[0.453s] -- Found rosidl_adapter: 3.1.5 (/opt/ros/humble/share/rosidl_adapter/cmake)
[0.477s] -- Using all available rosidl_typesupport_cpp: rosidl_typesupport_fastrtps_cpp;rosidl_typesupport_introspection_cpp
[0.497s] -- Found std_msgs: 4.2.3 (/opt/ros/humble/share/std_msgs/cmake)
[0.792s] -- Found ament_cmake_ros: 0.10.0 (/opt/ros/humble/share/ament_cmake_ros/cmake)
[0.917s] -- Using all available rosidl_typesupport_c: rosidl_typesupport_fastrtps_c;rosidl_typesupport_introspection_c
[1.082s] -- Using all available rosidl_typesupport_cpp: rosidl_typesupport_fastrtps_cpp;rosidl_typesupport_introspection_cpp
[1.095s] -- Found PythonInterp: /usr/bin/python3 (found suitable version "3.10.12", minimum required is "3.6") 
[1.096s] -- Found python_cmake_module: 0.10.0 (/opt/ros/humble/share/python_cmake_module/cmake)
[1.111s] -- Found PythonLibs: /usr/lib/x86_64-linux-gnu/libpython3.10.so (found suitable version "3.10.12", minimum required is "3.5") 
[1.111s] -- Using PYTHON_EXECUTABLE: /usr/bin/python3
[1.111s] -- Using PYTHON_INCLUDE_DIRS: /usr/include/python3.10
[1.111s] -- Using PYTHON_LIBRARIES: /usr/lib/x86_64-linux-gnu/libpython3.10.so
[1.122s] -- Found PythonExtra: .so  
[1.156s] -- Found ament_lint_auto: 0.12.8 (/opt/ros/humble/share/ament_lint_auto/cmake)
[1.167s] -- Added test 'copyright' to check source files copyright and LICENSE
[1.168s] -- Added test 'lint_cmake' to check CMake code style
[1.169s] -- Added test 'xmllint' to check XML markup files
[1.170s] -- Configuring done
[1.198s] -- Generating done
[1.200s] -- Build files have been written to: /home/curdin/franka_ros2_ws/build/franka_msgs
[1.206s] Invoked command in '/home/curdin/franka_ros2_ws/build/franka_msgs' returned '0': CMAKE_PREFIX_PATH=${CMAKE_PREFIX_PATH}:/opt/ros/humble /usr/bin/cmake /home/curdin/franka_ros2_ws/src/franka_ros2/franka_msgs -DCMAKE_BUILD_TYPE=Release -DCMAKE_INSTALL_PREFIX=/home/curdin/franka_ros2_ws/install/franka_msgs
[1.207s] Invoking command in '/home/curdin/franka_ros2_ws/build/franka_msgs': CMAKE_PREFIX_PATH=${CMAKE_PREFIX_PATH}:/opt/ros/humble /usr/bin/cmake --build /home/curdin/franka_ros2_ws/build/franka_msgs -- -j20 -l20
[1.230s] [  1%] [34m[1mGenerating C code for ROS interfaces[0m
[1.236s] [  1%] [34m[1mGenerating C++ code for ROS interfaces[0m
[1.241s] [  1%] Built target ament_cmake_python_copy_franka_msgs
[1.373s] running egg_info
[1.373s] creating franka_msgs.egg-info
[1.373s] writing franka_msgs.egg-info/PKG-INFO
[1.373s] writing dependency_links to franka_msgs.egg-info/dependency_links.txt
[1.373s] writing top-level names to franka_msgs.egg-info/top_level.txt
[1.373s] writing manifest file 'franka_msgs.egg-info/SOURCES.txt'
[1.374s] reading manifest file 'franka_msgs.egg-info/SOURCES.txt'
[1.375s] writing manifest file 'franka_msgs.egg-info/SOURCES.txt'
[1.390s] [  1%] Built target ament_cmake_python_build_franka_msgs_egg
[2.256s] [  4%] Built target franka_msgs__cpp
[2.257s] [  4%] [32mBuilding C object CMakeFiles/franka_msgs__rosidl_generator_c.dir/rosidl_generator_c/franka_msgs/msg/detail/grasp_epsilon__functions.c.o[0m
[2.257s] [  5%] [32mBuilding C object CMakeFiles/franka_msgs__rosidl_generator_c.dir/rosidl_generator_c/franka_msgs/action/detail/grasp__functions.c.o[0m
[2.257s] [  5%] [32mBuilding C object CMakeFiles/franka_msgs__rosidl_generator_c.dir/rosidl_generator_c/franka_msgs/msg/detail/franka_robot_state__functions.c.o[0m
[2.257s] [  5%] [32mBuilding C object CMakeFiles/franka_msgs__rosidl_generator_c.dir/rosidl_generator_c/franka_msgs/action/detail/move__functions.c.o[0m
[2.257s] [  6%] [32mBuilding C object CMakeFiles/franka_msgs__rosidl_generator_c.dir/rosidl_generator_c/franka_msgs/msg/detail/errors__functions.c.o[0m
[2.257s] [  5%] [32mBuilding C object CMakeFiles/franka_msgs__rosidl_generator_c.dir/rosidl_generator_c/franka_msgs/action/detail/homing__functions.c.o[0m
[2.257s] [  6%] [32mBuilding C object CMakeFiles/franka_msgs__rosidl_generator_c.dir/rosidl_generator_c/franka_msgs/srv/detail/set_cartesian_stiffness__functions.c.o[0m
[2.257s] [  7%] [32mBuilding C object CMakeFiles/franka_msgs__rosidl_generator_c.dir/rosidl_generator_c/franka_msgs/srv/detail/set_tcp_frame__functions.c.o[0m
[2.261s] [  9%] [32mBuilding C object CMakeFiles/franka_msgs__rosidl_generator_c.dir/rosidl_generator_c/franka_msgs/srv/detail/set_full_collision_behavior__functions.c.o[0m
[2.261s] [  9%] [32mBuilding C object CMakeFiles/franka_msgs__rosidl_generator_c.dir/rosidl_generator_c/franka_msgs/srv/detail/set_force_torque_collision_behavior__functions.c.o[0m
[2.261s] [ 10%] [32mBuilding C object CMakeFiles/franka_msgs__rosidl_generator_c.dir/rosidl_generator_c/franka_msgs/srv/detail/set_load__functions.c.o[0m
[2.261s] [ 11%] [32mBuilding C object CMakeFiles/franka_msgs__rosidl_generator_c.dir/rosidl_generator_c/franka_msgs/srv/detail/set_stiffness_frame__functions.c.o[0m
[2.261s] [ 11%] [32mBuilding C object CMakeFiles/franka_msgs__rosidl_generator_c.dir/rosidl_generator_c/franka_msgs/srv/detail/set_joint_stiffness__functions.c.o[0m
[2.267s] [ 12%] [34m[1mGenerating C++ type support for eProsima Fast-RTPS[0m
[2.270s] [ 13%] [34m[1mGenerating C++ introspection for ROS interfaces[0m
[2.270s] [ 13%] [34m[1mGenerating C++ type support dispatch for ROS interfaces[0m
[2.677s] [ 14%] [32m[1mLinking C shared library libfranka_msgs__rosidl_generator_c.so[0m
[2.703s] [ 14%] Built target franka_msgs__rosidl_generator_c
[2.710s] [ 15%] [34m[1mGenerating C type support for eProsima Fast-RTPS[0m
[2.713s] [ 16%] [34m[1mGenerating C introspection for ROS interfaces[0m
[2.714s] [ 17%] [34m[1mGenerating C type support dispatch for ROS interfaces[0m
[2.971s] [ 21%] [32mBuilding CXX object CMakeFiles/franka_msgs__rosidl_typesupport_cpp.dir/rosidl_typesupport_cpp/franka_msgs/msg/grasp_epsilon__type_support.cpp.o[0m
[2.971s] [ 21%] [32mBuilding CXX object CMakeFiles/franka_msgs__rosidl_typesupport_cpp.dir/rosidl_typesupport_cpp/franka_msgs/action/grasp__type_support.cpp.o[0m
[2.971s] [ 21%] [32mBuilding CXX object CMakeFiles/franka_msgs__rosidl_typesupport_cpp.dir/rosidl_typesupport_cpp/franka_msgs/action/homing__type_support.cpp.o[0m
[2.972s] [ 21%] [32mBuilding CXX object CMakeFiles/franka_msgs__rosidl_typesupport_cpp.dir/rosidl_typesupport_cpp/franka_msgs/msg/franka_robot_state__type_support.cpp.o[0m
[2.972s] [ 21%] [32mBuilding CXX object CMakeFiles/franka_msgs__rosidl_typesupport_cpp.dir/rosidl_typesupport_cpp/franka_msgs/srv/set_tcp_frame__type_support.cpp.o[0m
[2.972s] [ 22%] [32mBuilding CXX object CMakeFiles/franka_msgs__rosidl_typesupport_cpp.dir/rosidl_typesupport_cpp/franka_msgs/srv/set_full_collision_behavior__type_support.cpp.o[0m
[2.973s] [ 23%] [32mBuilding CXX object CMakeFiles/franka_msgs__rosidl_typesupport_cpp.dir/rosidl_typesupport_cpp/franka_msgs/srv/set_cartesian_stiffness__type_support.cpp.o[0m
[2.973s] [ 24%] [32mBuilding CXX object CMakeFiles/franka_msgs__rosidl_typesupport_cpp.dir/rosidl_typesupport_cpp/franka_msgs/srv/set_force_torque_collision_behavior__type_support.cpp.o[0m
[2.974s] [ 24%] [32mBuilding CXX object CMakeFiles/franka_msgs__rosidl_typesupport_cpp.dir/rosidl_typesupport_cpp/franka_msgs/srv/set_load__type_support.cpp.o[0m
[2.975s] [ 25%] [32mBuilding CXX object CMakeFiles/franka_msgs__rosidl_typesupport_cpp.dir/rosidl_typesupport_cpp/franka_msgs/msg/errors__type_support.cpp.o[0m
[2.975s] [ 25%] [32mBuilding CXX object CMakeFiles/franka_msgs__rosidl_typesupport_cpp.dir/rosidl_typesupport_cpp/franka_msgs/action/move__type_support.cpp.o[0m
[2.979s] [ 26%] [32mBuilding CXX object CMakeFiles/franka_msgs__rosidl_typesupport_cpp.dir/rosidl_typesupport_cpp/franka_msgs/srv/set_joint_stiffness__type_support.cpp.o[0m
[2.982s] [ 27%] [32mBuilding CXX object CMakeFiles/franka_msgs__rosidl_typesupport_cpp.dir/rosidl_typesupport_cpp/franka_msgs/srv/set_stiffness_frame__type_support.cpp.o[0m
[3.131s] [ 28%] [32mBuilding CXX object CMakeFiles/franka_msgs__rosidl_typesupport_introspection_cpp.dir/rosidl_typesupport_introspection_cpp/franka_msgs/action/detail/grasp__type_support.cpp.o[0m
[3.133s] [ 29%] [32mBuilding CXX object CMakeFiles/franka_msgs__rosidl_typesupport_introspection_cpp.dir/rosidl_typesupport_introspection_cpp/franka_msgs/action/detail/homing__type_support.cpp.o[0m
[3.133s] [ 30%] [32mBuilding CXX object CMakeFiles/franka_msgs__rosidl_typesupport_introspection_cpp.dir/rosidl_typesupport_introspection_cpp/franka_msgs/action/detail/move__type_support.cpp.o[0m
[3.362s] [ 31%] [32mBuilding CXX object CMakeFiles/franka_msgs__rosidl_typesupport_introspection_cpp.dir/rosidl_typesupport_introspection_cpp/franka_msgs/msg/detail/errors__type_support.cpp.o[0m
[3.365s] [ 31%] [32mBuilding CXX object CMakeFiles/franka_msgs__rosidl_typesupport_introspection_cpp.dir/rosidl_typesupport_introspection_cpp/franka_msgs/msg/detail/grasp_epsilon__type_support.cpp.o[0m
[3.368s] [ 32%] [32mBuilding CXX object CMakeFiles/franka_msgs__rosidl_typesupport_introspection_cpp.dir/rosidl_typesupport_introspection_cpp/franka_msgs/msg/detail/franka_robot_state__type_support.cpp.o[0m
[3.376s] [ 33%] [32mBuilding CXX object CMakeFiles/franka_msgs__rosidl_typesupport_introspection_cpp.dir/rosidl_typesupport_introspection_cpp/franka_msgs/srv/detail/set_tcp_frame__type_support.cpp.o[0m
[3.384s] [ 34%] [32mBuilding CXX object CMakeFiles/franka_msgs__rosidl_typesupport_introspection_cpp.dir/rosidl_typesupport_introspection_cpp/franka_msgs/srv/detail/set_cartesian_stiffness__type_support.cpp.o[0m
[3.416s] [ 35%] [32mBuilding CXX object CMakeFiles/franka_msgs__rosidl_typesupport_introspection_cpp.dir/rosidl_typesupport_introspection_cpp/franka_msgs/srv/detail/set_joint_stiffness__type_support.cpp.o[0m
[3.418s] [ 36%] [32mBuilding CXX object CMakeFiles/franka_msgs__rosidl_typesupport_introspection_cpp.dir/rosidl_typesupport_introspection_cpp/franka_msgs/srv/detail/set_force_torque_collision_behavior__type_support.cpp.o[0m
[3.425s] [ 36%] [32mBuilding CXX object CMakeFiles/franka_msgs__rosidl_typesupport_introspection_cpp.dir/rosidl_typesupport_introspection_cpp/franka_msgs/srv/detail/set_full_collision_behavior__type_support.cpp.o[0m
[3.433s] [ 37%] [32mBuilding CXX object CMakeFiles/franka_msgs__rosidl_typesupport_introspection_cpp.dir/rosidl_typesupport_introspection_cpp/franka_msgs/srv/detail/set_stiffness_frame__type_support.cpp.o[0m
[3.461s] [ 38%] [32mBuilding CXX object CMakeFiles/franka_msgs__rosidl_typesupport_introspection_cpp.dir/rosidl_typesupport_introspection_cpp/franka_msgs/srv/detail/set_load__type_support.cpp.o[0m
[3.707s] [ 39%] [32m[1mLinking CXX shared library libfranka_msgs__rosidl_typesupport_cpp.so[0m
[3.756s] [ 39%] Built target franka_msgs__rosidl_typesupport_cpp
[3.828s] [ 41%] [32mBuilding CXX object CMakeFiles/franka_msgs__rosidl_typesupport_c.dir/rosidl_typesupport_c/franka_msgs/action/grasp__type_support.cpp.o[0m
[3.828s] [ 41%] [32mBuilding CXX object CMakeFiles/franka_msgs__rosidl_typesupport_c.dir/rosidl_typesupport_c/franka_msgs/action/move__type_support.cpp.o[0m
[3.828s] [ 41%] [32mBuilding CXX object CMakeFiles/franka_msgs__rosidl_typesupport_c.dir/rosidl_typesupport_c/franka_msgs/action/homing__type_support.cpp.o[0m
[3.848s] [ 42%] [32mBuilding CXX object CMakeFiles/franka_msgs__rosidl_typesupport_c.dir/rosidl_typesupport_c/franka_msgs/msg/errors__type_support.cpp.o[0m
[3.866s] [ 43%] [32mBuilding CXX object CMakeFiles/franka_msgs__rosidl_typesupport_c.dir/rosidl_typesupport_c/franka_msgs/msg/grasp_epsilon__type_support.cpp.o[0m
[3.878s] [ 43%] [32mBuilding CXX object CMakeFiles/franka_msgs__rosidl_typesupport_c.dir/rosidl_typesupport_c/franka_msgs/msg/franka_robot_state__type_support.cpp.o[0m
[3.888s] [ 44%] [32mBuilding CXX object CMakeFiles/franka_msgs__rosidl_typesupport_fastrtps_cpp.dir/rosidl_typesupport_fastrtps_cpp/franka_msgs/action/detail/dds_fastrtps/grasp__type_support.cpp.o[0m
[3.890s] [ 45%] [32mBuilding CXX object CMakeFiles/franka_msgs__rosidl_typesupport_c.dir/rosidl_typesupport_c/franka_msgs/srv/set_cartesian_stiffness__type_support.cpp.o[0m
[3.904s] [ 46%] [32mBuilding CXX object CMakeFiles/franka_msgs__rosidl_typesupport_fastrtps_cpp.dir/rosidl_typesupport_fastrtps_cpp/franka_msgs/action/detail/dds_fastrtps/homing__type_support.cpp.o[0m
[3.919s] [ 47%] [32mBuilding CXX object CMakeFiles/franka_msgs__rosidl_typesupport_fastrtps_cpp.dir/rosidl_typesupport_fastrtps_cpp/franka_msgs/msg/detail/dds_fastrtps/grasp_epsilon__type_support.cpp.o[0m
[3.920s] [ 48%] [32mBuilding CXX object CMakeFiles/franka_msgs__rosidl_typesupport_fastrtps_cpp.dir/rosidl_typesupport_fastrtps_cpp/franka_msgs/action/detail/dds_fastrtps/move__type_support.cpp.o[0m
[3.922s] [ 49%] [32mBuilding CXX object CMakeFiles/franka_msgs__rosidl_typesupport_c.dir/rosidl_typesupport_c/franka_msgs/srv/set_tcp_frame__type_support.cpp.o[0m
[3.927s] [ 49%] [32mBuilding CXX object CMakeFiles/franka_msgs__rosidl_typesupport_fastrtps_cpp.dir/rosidl_typesupport_fastrtps_cpp/franka_msgs/msg/detail/dds_fastrtps/errors__type_support.cpp.o[0m
[3.928s] [ 50%] [32mBuilding CXX object CMakeFiles/franka_msgs__rosidl_typesupport_c.dir/rosidl_typesupport_c/franka_msgs/srv/set_force_torque_collision_behavior__type_support.cpp.o[0m
[3.947s] [ 51%] [32mBuilding CXX object CMakeFiles/franka_msgs__rosidl_typesupport_fastrtps_cpp.dir/rosidl_typesupport_fastrtps_cpp/franka_msgs/srv/detail/dds_fastrtps/set_cartesian_stiffness__type_support.cpp.o[0m
[3.949s] [ 52%] [32mBuilding CXX object CMakeFiles/franka_msgs__rosidl_typesupport_fastrtps_cpp.dir/rosidl_typesupport_fastrtps_cpp/franka_msgs/msg/detail/dds_fastrtps/franka_robot_state__type_support.cpp.o[0m
[3.954s] [ 53%] [32mBuilding CXX object CMakeFiles/franka_msgs__rosidl_typesupport_c.dir/rosidl_typesupport_c/franka_msgs/srv/set_full_collision_behavior__type_support.cpp.o[0m
[3.962s] [ 53%] [32mBuilding CXX object CMakeFiles/franka_msgs__rosidl_typesupport_c.dir/rosidl_typesupport_c/franka_msgs/srv/set_joint_stiffness__type_support.cpp.o[0m
[3.966s] [ 54%] [32mBuilding CXX object CMakeFiles/franka_msgs__rosidl_typesupport_c.dir/rosidl_typesupport_c/franka_msgs/srv/set_load__type_support.cpp.o[0m
[3.974s] [ 55%] [32mBuilding CXX object CMakeFiles/franka_msgs__rosidl_typesupport_fastrtps_cpp.dir/rosidl_typesupport_fastrtps_cpp/franka_msgs/srv/detail/dds_fastrtps/set_tcp_frame__type_support.cpp.o[0m
[3.976s] [ 56%] [32mBuilding CXX object CMakeFiles/franka_msgs__rosidl_typesupport_c.dir/rosidl_typesupport_c/franka_msgs/srv/set_stiffness_frame__type_support.cpp.o[0m
[3.999s] [ 57%] [32mBuilding CXX object CMakeFiles/franka_msgs__rosidl_typesupport_fastrtps_cpp.dir/rosidl_typesupport_fastrtps_cpp/franka_msgs/srv/detail/dds_fastrtps/set_full_collision_behavior__type_support.cpp.o[0m
[4.017s] [ 58%] [32mBuilding CXX object CMakeFiles/franka_msgs__rosidl_typesupport_fastrtps_cpp.dir/rosidl_typesupport_fastrtps_cpp/franka_msgs/srv/detail/dds_fastrtps/set_joint_stiffness__type_support.cpp.o[0m
[4.018s] [ 59%] [32mBuilding CXX object CMakeFiles/franka_msgs__rosidl_typesupport_fastrtps_cpp.dir/rosidl_typesupport_fastrtps_cpp/franka_msgs/srv/detail/dds_fastrtps/set_force_torque_collision_behavior__type_support.cpp.o[0m
[4.018s] [ 59%] [32m[1mLinking CXX shared library libfranka_msgs__rosidl_typesupport_c.so[0m
[4.063s] [ 60%] [32mBuilding CXX object CMakeFiles/franka_msgs__rosidl_typesupport_fastrtps_cpp.dir/rosidl_typesupport_fastrtps_cpp/franka_msgs/srv/detail/dds_fastrtps/set_load__type_support.cpp.o[0m
[4.063s] [ 60%] Built target franka_msgs__rosidl_typesupport_c
[4.063s] [ 61%] [32mBuilding CXX object CMakeFiles/franka_msgs__rosidl_typesupport_fastrtps_cpp.dir/rosidl_typesupport_fastrtps_cpp/franka_msgs/srv/detail/dds_fastrtps/set_stiffness_frame__type_support.cpp.o[0m
[4.072s] [ 62%] [32mBuilding C object CMakeFiles/franka_msgs__rosidl_typesupport_introspection_c.dir/rosidl_typesupport_introspection_c/franka_msgs/action/detail/grasp__type_support.c.o[0m
[4.077s] [ 62%] [32mBuilding C object CMakeFiles/franka_msgs__rosidl_typesupport_introspection_c.dir/rosidl_typesupport_introspection_c/franka_msgs/action/detail/move__type_support.c.o[0m
[4.078s] [ 63%] [32mBuilding C object CMakeFiles/franka_msgs__rosidl_typesupport_introspection_c.dir/rosidl_typesupport_introspection_c/franka_msgs/action/detail/homing__type_support.c.o[0m
[4.085s] [ 64%] [32mBuilding C object CMakeFiles/franka_msgs__rosidl_typesupport_introspection_c.dir/rosidl_typesupport_introspection_c/franka_msgs/msg/detail/grasp_epsilon__type_support.c.o[0m
[4.095s] [ 65%] [32mBuilding C object CMakeFiles/franka_msgs__rosidl_typesupport_introspection_c.dir/rosidl_typesupport_introspection_c/franka_msgs/msg/detail/errors__type_support.c.o[0m
[4.157s] [ 66%] [32m[1mLinking CXX shared library libfranka_msgs__rosidl_typesupport_introspection_cpp.so[0m
[4.184s] [ 67%] [32mBuilding C object CMakeFiles/franka_msgs__rosidl_typesupport_introspection_c.dir/rosidl_typesupport_introspection_c/franka_msgs/msg/detail/franka_robot_state__type_support.c.o[0m
[4.217s] [ 67%] [32mBuilding C object CMakeFiles/franka_msgs__rosidl_typesupport_introspection_c.dir/rosidl_typesupport_introspection_c/franka_msgs/srv/detail/set_tcp_frame__type_support.c.o[0m
[4.220s] [ 68%] [32mBuilding C object CMakeFiles/franka_msgs__rosidl_typesupport_introspection_c.dir/rosidl_typesupport_introspection_c/franka_msgs/srv/detail/set_force_torque_collision_behavior__type_support.c.o[0m
[4.227s] [ 69%] [32mBuilding C object CMakeFiles/franka_msgs__rosidl_typesupport_introspection_c.dir/rosidl_typesupport_introspection_c/franka_msgs/srv/detail/set_full_collision_behavior__type_support.c.o[0m
[4.231s] [ 70%] [32mBuilding C object CMakeFiles/franka_msgs__rosidl_typesupport_introspection_c.dir/rosidl_typesupport_introspection_c/franka_msgs/srv/detail/set_cartesian_stiffness__type_support.c.o[0m
[4.253s] [ 70%] Built target franka_msgs__rosidl_typesupport_introspection_cpp
[4.303s] [ 71%] [32mBuilding C object CMakeFiles/franka_msgs__rosidl_typesupport_introspection_c.dir/rosidl_typesupport_introspection_c/franka_msgs/srv/detail/set_joint_stiffness__type_support.c.o[0m
[4.338s] [ 71%] [32mBuilding C object CMakeFiles/franka_msgs__rosidl_typesupport_introspection_c.dir/rosidl_typesupport_introspection_c/franka_msgs/srv/detail/set_load__type_support.c.o[0m
[4.343s] [ 72%] [32mBuilding C object CMakeFiles/franka_msgs__rosidl_typesupport_introspection_c.dir/rosidl_typesupport_introspection_c/franka_msgs/srv/detail/set_stiffness_frame__type_support.c.o[0m
[4.425s] [ 73%] [32m[1mLinking C shared library libfranka_msgs__rosidl_typesupport_introspection_c.so[0m
[4.453s] [ 74%] [32mBuilding CXX object CMakeFiles/franka_msgs__rosidl_typesupport_fastrtps_c.dir/rosidl_typesupport_fastrtps_c/franka_msgs/action/detail/homing__type_support_c.cpp.o[0m
[4.453s] [ 74%] [32mBuilding CXX object CMakeFiles/franka_msgs__rosidl_typesupport_fastrtps_c.dir/rosidl_typesupport_fastrtps_c/franka_msgs/msg/detail/grasp_epsilon__type_support_c.cpp.o[0m
[4.453s] [ 75%] [32mBuilding CXX object CMakeFiles/franka_msgs__rosidl_typesupport_fastrtps_c.dir/rosidl_typesupport_fastrtps_c/franka_msgs/action/detail/grasp__type_support_c.cpp.o[0m
[4.454s] [ 76%] [32mBuilding CXX object CMakeFiles/franka_msgs__rosidl_typesupport_fastrtps_c.dir/rosidl_typesupport_fastrtps_c/franka_msgs/msg/detail/franka_robot_state__type_support_c.cpp.o[0m
[4.454s] [ 77%] [32mBuilding CXX object CMakeFiles/franka_msgs__rosidl_typesupport_fastrtps_c.dir/rosidl_typesupport_fastrtps_c/franka_msgs/action/detail/move__type_support_c.cpp.o[0m
[4.460s] [ 77%] [32mBuilding CXX object CMakeFiles/franka_msgs__rosidl_typesupport_fastrtps_c.dir/rosidl_typesupport_fastrtps_c/franka_msgs/srv/detail/set_cartesian_stiffness__type_support_c.cpp.o[0m
[4.464s] [ 77%] Built target franka_msgs__rosidl_typesupport_introspection_c
[4.471s] [ 78%] [32mBuilding CXX object CMakeFiles/franka_msgs__rosidl_typesupport_fastrtps_c.dir/rosidl_typesupport_fastrtps_c/franka_msgs/srv/detail/set_tcp_frame__type_support_c.cpp.o[0m
[4.482s] [ 79%] [32mBuilding CXX object CMakeFiles/franka_msgs__rosidl_typesupport_fastrtps_c.dir/rosidl_typesupport_fastrtps_c/franka_msgs/msg/detail/errors__type_support_c.cpp.o[0m
[4.490s] [ 80%] [32mBuilding CXX object CMakeFiles/franka_msgs__rosidl_typesupport_fastrtps_c.dir/rosidl_typesupport_fastrtps_c/franka_msgs/srv/detail/set_force_torque_collision_behavior__type_support_c.cpp.o[0m
[4.498s] [ 82%] [32mBuilding CXX object CMakeFiles/franka_msgs__rosidl_typesupport_fastrtps_c.dir/rosidl_typesupport_fastrtps_c/franka_msgs/srv/detail/set_joint_stiffness__type_support_c.cpp.o[0m
[4.498s] [ 82%] [32mBuilding CXX object CMakeFiles/franka_msgs__rosidl_typesupport_fastrtps_c.dir/rosidl_typesupport_fastrtps_c/franka_msgs/srv/detail/set_full_collision_behavior__type_support_c.cpp.o[0m
[4.507s] [ 82%] [32mBuilding CXX object CMakeFiles/franka_msgs__rosidl_typesupport_fastrtps_c.dir/rosidl_typesupport_fastrtps_c/franka_msgs/srv/detail/set_stiffness_frame__type_support_c.cpp.o[0m
[4.552s] [ 83%] [32mBuilding CXX object CMakeFiles/franka_msgs__rosidl_typesupport_fastrtps_c.dir/rosidl_typesupport_fastrtps_c/franka_msgs/srv/detail/set_load__type_support_c.cpp.o[0m
[4.684s] [ 83%] [32m[1mLinking CXX shared library libfranka_msgs__rosidl_typesupport_fastrtps_cpp.so[0m
[4.749s] [ 83%] Built target franka_msgs__rosidl_typesupport_fastrtps_cpp
[5.024s] [ 84%] [32m[1mLinking CXX shared library libfranka_msgs__rosidl_typesupport_fastrtps_c.so[0m
[5.073s] [ 84%] Built target franka_msgs__rosidl_typesupport_fastrtps_c
[5.086s] [ 84%] Built target franka_msgs
[5.099s] [ 85%] [34m[1mGenerating Python code for ROS interfaces[0m
[7.070s] [ 85%] Built target franka_msgs__py
[7.083s] [ 86%] [32mBuilding C object CMakeFiles/franka_msgs__rosidl_generator_py.dir/rosidl_generator_py/franka_msgs/action/_grasp_s.c.o[0m
[7.083s] [ 87%] [32mBuilding C object CMakeFiles/franka_msgs__rosidl_generator_py.dir/rosidl_generator_py/franka_msgs/action/_move_s.c.o[0m
[7.084s] [ 88%] [32mBuilding C object CMakeFiles/franka_msgs__rosidl_generator_py.dir/rosidl_generator_py/franka_msgs/msg/_grasp_epsilon_s.c.o[0m
[7.084s] [ 88%] [32mBuilding C object CMakeFiles/franka_msgs__rosidl_generator_py.dir/rosidl_generator_py/franka_msgs/action/_homing_s.c.o[0m
[7.084s] [ 89%] [32mBuilding C object CMakeFiles/franka_msgs__rosidl_generator_py.dir/rosidl_generator_py/franka_msgs/msg/_errors_s.c.o[0m
[7.085s] [ 90%] [32mBuilding C object CMakeFiles/franka_msgs__rosidl_generator_py.dir/rosidl_generator_py/franka_msgs/srv/_set_force_torque_collision_behavior_s.c.o[0m
[7.086s] [ 91%] [32mBuilding C object CMakeFiles/franka_msgs__rosidl_generator_py.dir/rosidl_generator_py/franka_msgs/srv/_set_full_collision_behavior_s.c.o[0m
[7.086s] [ 92%] [32mBuilding C object CMakeFiles/franka_msgs__rosidl_generator_py.dir/rosidl_generator_py/franka_msgs/srv/_set_cartesian_stiffness_s.c.o[0m
[7.086s] [ 92%] [32mBuilding C object CMakeFiles/franka_msgs__rosidl_generator_py.dir/rosidl_generator_py/franka_msgs/srv/_set_tcp_frame_s.c.o[0m
[7.087s] [ 93%] [32mBuilding C object CMakeFiles/franka_msgs__rosidl_generator_py.dir/rosidl_generator_py/franka_msgs/srv/_set_stiffness_frame_s.c.o[0m
[7.087s] [ 93%] [32mBuilding C object CMakeFiles/franka_msgs__rosidl_generator_py.dir/rosidl_generator_py/franka_msgs/srv/_set_load_s.c.o[0m
[7.088s] [ 94%] [32mBuilding C object CMakeFiles/franka_msgs__rosidl_generator_py.dir/rosidl_generator_py/franka_msgs/msg/_franka_robot_state_s.c.o[0m
[7.092s] [ 95%] [32mBuilding C object CMakeFiles/franka_msgs__rosidl_generator_py.dir/rosidl_generator_py/franka_msgs/srv/_set_joint_stiffness_s.c.o[0m
[7.358s] [ 96%] [32m[1mLinking C shared library rosidl_generator_py/franka_msgs/libfranka_msgs__rosidl_generator_py.so[0m
[7.386s] [ 96%] Built target franka_msgs__rosidl_generator_py
[7.399s] [ 99%] [32mBuilding C object CMakeFiles/franka_msgs__rosidl_typesupport_c__pyext.dir/rosidl_generator_py/franka_msgs/_franka_msgs_s.ep.rosidl_typesupport_c.c.o[0m
[7.399s] [ 99%] [32mBuilding C object CMakeFiles/franka_msgs__rosidl_typesupport_fastrtps_c__pyext.dir/rosidl_generator_py/franka_msgs/_franka_msgs_s.ep.rosidl_typesupport_fastrtps_c.c.o[0m
[7.399s] [ 99%] [32mBuilding C object CMakeFiles/franka_msgs__rosidl_typesupport_introspection_c__pyext.dir/rosidl_generator_py/franka_msgs/_franka_msgs_s.ep.rosidl_typesupport_introspection_c.c.o[0m
[7.755s] [ 99%] [32m[1mLinking C shared library rosidl_generator_py/franka_msgs/franka_msgs_s__rosidl_typesupport_fastrtps_c.cpython-310-x86_64-linux-gnu.so[0m
[7.757s] [ 99%] [32m[1mLinking C shared library rosidl_generator_py/franka_msgs/franka_msgs_s__rosidl_typesupport_c.cpython-310-x86_64-linux-gnu.so[0m
[7.759s] [100%] [32m[1mLinking C shared library rosidl_generator_py/franka_msgs/franka_msgs_s__rosidl_typesupport_introspection_c.cpython-310-x86_64-linux-gnu.so[0m
[7.783s] [100%] Built target franka_msgs__rosidl_typesupport_fastrtps_c__pyext
[7.785s] [100%] Built target franka_msgs__rosidl_typesupport_introspection_c__pyext
[7.785s] [100%] Built target franka_msgs__rosidl_typesupport_c__pyext
[7.794s] Invoked command in '/home/curdin/franka_ros2_ws/build/franka_msgs' returned '0': CMAKE_PREFIX_PATH=${CMAKE_PREFIX_PATH}:/opt/ros/humble /usr/bin/cmake --build /home/curdin/franka_ros2_ws/build/franka_msgs -- -j20 -l20
[7.980s] Invoking command in '/home/curdin/franka_ros2_ws/build/franka_msgs': CMAKE_PREFIX_PATH=${CMAKE_PREFIX_PATH}:/opt/ros/humble /usr/bin/cmake --install /home/curdin/franka_ros2_ws/build/franka_msgs
[7.985s] -- Install configuration: "Release"
[7.985s] -- Installing: /home/curdin/franka_ros2_ws/install/franka_msgs/share/ament_index/resource_index/rosidl_interfaces/franka_msgs
[7.985s] -- Installing: /home/curdin/franka_ros2_ws/install/franka_msgs/include/franka_msgs/franka_msgs
[7.985s] -- Installing: /home/curdin/franka_ros2_ws/install/franka_msgs/include/franka_msgs/franka_msgs/srv
[7.985s] -- Installing: /home/curdin/franka_ros2_ws/install/franka_msgs/include/franka_msgs/franka_msgs/srv/set_force_torque_collision_behavior.h
[7.985s] -- Installing: /home/curdin/franka_ros2_ws/install/franka_msgs/include/franka_msgs/franka_msgs/srv/set_joint_stiffness.h
[7.985s] -- Installing: /home/curdin/franka_ros2_ws/install/franka_msgs/include/franka_msgs/franka_msgs/srv/set_full_collision_behavior.h
[7.985s] -- Installing: /home/curdin/franka_ros2_ws/install/franka_msgs/include/franka_msgs/franka_msgs/srv/set_stiffness_frame.h
[7.985s] -- Installing: /home/curdin/franka_ros2_ws/install/franka_msgs/include/franka_msgs/franka_msgs/srv/set_tcp_frame.h
[7.985s] -- Installing: /home/curdin/franka_ros2_ws/install/franka_msgs/include/franka_msgs/franka_msgs/srv/set_load.h
[7.985s] -- Installing: /home/curdin/franka_ros2_ws/install/franka_msgs/include/franka_msgs/franka_msgs/srv/set_cartesian_stiffness.h
[7.985s] -- Installing: /home/curdin/franka_ros2_ws/install/franka_msgs/include/franka_msgs/franka_msgs/srv/detail
[7.985s] -- Installing: /home/curdin/franka_ros2_ws/install/franka_msgs/include/franka_msgs/franka_msgs/srv/detail/set_full_collision_behavior__type_support.h
[7.985s] -- Installing: /home/curdin/franka_ros2_ws/install/franka_msgs/include/franka_msgs/franka_msgs/srv/detail/set_cartesian_stiffness__type_support.h
[7.985s] -- Installing: /home/curdin/franka_ros2_ws/install/franka_msgs/include/franka_msgs/franka_msgs/srv/detail/set_force_torque_collision_behavior__type_support.h
[7.985s] -- Installing: /home/curdin/franka_ros2_ws/install/franka_msgs/include/franka_msgs/franka_msgs/srv/detail/set_load__functions.c
[7.985s] -- Installing: /home/curdin/franka_ros2_ws/install/franka_msgs/include/franka_msgs/franka_msgs/srv/detail/set_stiffness_frame__functions.h
[7.985s] -- Installing: /home/curdin/franka_ros2_ws/install/franka_msgs/include/franka_msgs/franka_msgs/srv/detail/set_full_collision_behavior__functions.h
[7.986s] -- Installing: /home/curdin/franka_ros2_ws/install/franka_msgs/include/franka_msgs/franka_msgs/srv/detail/set_joint_stiffness__type_support.h
[7.986s] -- Installing: /home/curdin/franka_ros2_ws/install/franka_msgs/include/franka_msgs/franka_msgs/srv/detail/set_force_torque_collision_behavior__functions.h
[7.986s] -- Installing: /home/curdin/franka_ros2_ws/install/franka_msgs/include/franka_msgs/franka_msgs/srv/detail/set_load__functions.h
[7.986s] -- Installing: /home/curdin/franka_ros2_ws/install/franka_msgs/include/franka_msgs/franka_msgs/srv/detail/set_tcp_frame__functions.c
[7.986s] -- Installing: /home/curdin/franka_ros2_ws/install/franka_msgs/include/franka_msgs/franka_msgs/srv/detail/set_stiffness_frame__struct.h
[7.986s] -- Installing: /home/curdin/franka_ros2_ws/install/franka_msgs/include/franka_msgs/franka_msgs/srv/detail/set_load__type_support.h
[7.986s] -- Installing: /home/curdin/franka_ros2_ws/install/franka_msgs/include/franka_msgs/franka_msgs/srv/detail/set_stiffness_frame__type_support.h
[7.986s] -- Installing: /home/curdin/franka_ros2_ws/install/franka_msgs/include/franka_msgs/franka_msgs/srv/detail/set_joint_stiffness__struct.h
[7.986s] -- Installing: /home/curdin/franka_ros2_ws/install/franka_msgs/include/franka_msgs/franka_msgs/srv/detail/set_tcp_frame__type_support.h
[7.986s] -- Installing: /home/curdin/franka_ros2_ws/install/franka_msgs/include/franka_msgs/franka_msgs/srv/detail/set_tcp_frame__struct.h
[7.986s] -- Installing: /home/curdin/franka_ros2_ws/install/franka_msgs/include/franka_msgs/franka_msgs/srv/detail/set_full_collision_behavior__functions.c
[7.986s] -- Installing: /home/curdin/franka_ros2_ws/install/franka_msgs/include/franka_msgs/franka_msgs/srv/detail/set_force_torque_collision_behavior__struct.h
[7.986s] -- Installing: /home/curdin/franka_ros2_ws/install/franka_msgs/include/franka_msgs/franka_msgs/srv/detail/set_cartesian_stiffness__struct.h
[7.986s] -- Installing: /home/curdin/franka_ros2_ws/install/franka_msgs/include/franka_msgs/franka_msgs/srv/detail/set_load__struct.h
[7.986s] -- Installing: /home/curdin/franka_ros2_ws/install/franka_msgs/include/franka_msgs/franka_msgs/srv/detail/set_cartesian_stiffness__functions.c
[7.986s] -- Installing: /home/curdin/franka_ros2_ws/install/franka_msgs/include/franka_msgs/franka_msgs/srv/detail/set_tcp_frame__functions.h
[7.986s] -- Installing: /home/curdin/franka_ros2_ws/install/franka_msgs/include/franka_msgs/franka_msgs/srv/detail/set_stiffness_frame__functions.c
[7.986s] -- Installing: /home/curdin/franka_ros2_ws/install/franka_msgs/include/franka_msgs/franka_msgs/srv/detail/set_full_collision_behavior__struct.h
[7.986s] -- Installing: /home/curdin/franka_ros2_ws/install/franka_msgs/include/franka_msgs/franka_msgs/srv/detail/set_joint_stiffness__functions.h
[7.986s] -- Installing: /home/curdin/franka_ros2_ws/install/franka_msgs/include/franka_msgs/franka_msgs/srv/detail/set_force_torque_collision_behavior__functions.c
[7.986s] -- Installing: /home/curdin/franka_ros2_ws/install/franka_msgs/include/franka_msgs/franka_msgs/srv/detail/set_cartesian_stiffness__functions.h
[7.986s] -- Installing: /home/curdin/franka_ros2_ws/install/franka_msgs/include/franka_msgs/franka_msgs/srv/detail/set_joint_stiffness__functions.c
[7.986s] -- Installing: /home/curdin/franka_ros2_ws/install/franka_msgs/include/franka_msgs/franka_msgs/msg
[7.986s] -- Installing: /home/curdin/franka_ros2_ws/install/franka_msgs/include/franka_msgs/franka_msgs/msg/errors.h
[7.986s] -- Installing: /home/curdin/franka_ros2_ws/install/franka_msgs/include/franka_msgs/franka_msgs/msg/rosidl_generator_c__visibility_control.h
[7.986s] -- Installing: /home/curdin/franka_ros2_ws/install/franka_msgs/include/franka_msgs/franka_msgs/msg/franka_robot_state.h
[7.987s] -- Installing: /home/curdin/franka_ros2_ws/install/franka_msgs/include/franka_msgs/franka_msgs/msg/grasp_epsilon.h
[7.987s] -- Installing: /home/curdin/franka_ros2_ws/install/franka_msgs/include/franka_msgs/franka_msgs/msg/detail
[7.987s] -- Installing: /home/curdin/franka_ros2_ws/install/franka_msgs/include/franka_msgs/franka_msgs/msg/detail/errors__functions.c
[7.987s] -- Installing: /home/curdin/franka_ros2_ws/install/franka_msgs/include/franka_msgs/franka_msgs/msg/detail/franka_robot_state__type_support.h
[7.987s] -- Installing: /home/curdin/franka_ros2_ws/install/franka_msgs/include/franka_msgs/franka_msgs/msg/detail/errors__struct.h
[7.987s] -- Installing: /home/curdin/franka_ros2_ws/install/franka_msgs/include/franka_msgs/franka_msgs/msg/detail/franka_robot_state__functions.c
[7.987s] -- Installing: /home/curdin/franka_ros2_ws/install/franka_msgs/include/franka_msgs/franka_msgs/msg/detail/franka_robot_state__functions.h
[7.987s] -- Installing: /home/curdin/franka_ros2_ws/install/franka_msgs/include/franka_msgs/franka_msgs/msg/detail/errors__type_support.h
[7.987s] -- Installing: /home/curdin/franka_ros2_ws/install/franka_msgs/include/franka_msgs/franka_msgs/msg/detail/grasp_epsilon__functions.c
[7.987s] -- Installing: /home/curdin/franka_ros2_ws/install/franka_msgs/include/franka_msgs/franka_msgs/msg/detail/franka_robot_state__struct.h
[7.987s] -- Installing: /home/curdin/franka_ros2_ws/install/franka_msgs/include/franka_msgs/franka_msgs/msg/detail/grasp_epsilon__struct.h
[7.987s] -- Installing: /home/curdin/franka_ros2_ws/install/franka_msgs/include/franka_msgs/franka_msgs/msg/detail/errors__functions.h
[7.987s] -- Installing: /home/curdin/franka_ros2_ws/install/franka_msgs/include/franka_msgs/franka_msgs/msg/detail/grasp_epsilon__functions.h
[7.987s] -- Installing: /home/curdin/franka_ros2_ws/install/franka_msgs/include/franka_msgs/franka_msgs/msg/detail/grasp_epsilon__type_support.h
[7.987s] -- Installing: /home/curdin/franka_ros2_ws/install/franka_msgs/include/franka_msgs/franka_msgs/action
[7.987s] -- Installing: /home/curdin/franka_ros2_ws/install/franka_msgs/include/franka_msgs/franka_msgs/action/move.h
[7.987s] -- Installing: /home/curdin/franka_ros2_ws/install/franka_msgs/include/franka_msgs/franka_msgs/action/grasp.h
[7.988s] -- Installing: /home/curdin/franka_ros2_ws/install/franka_msgs/include/franka_msgs/franka_msgs/action/homing.h
[7.988s] -- Installing: /home/curdin/franka_ros2_ws/install/franka_msgs/include/franka_msgs/franka_msgs/action/detail
[7.988s] -- Installing: /home/curdin/franka_ros2_ws/install/franka_msgs/include/franka_msgs/franka_msgs/action/detail/homing__functions.h
[7.988s] -- Installing: /home/curdin/franka_ros2_ws/install/franka_msgs/include/franka_msgs/franka_msgs/action/detail/move__type_support.h
[7.988s] -- Installing: /home/curdin/franka_ros2_ws/install/franka_msgs/include/franka_msgs/franka_msgs/action/detail/move__struct.h
[7.988s] -- Installing: /home/curdin/franka_ros2_ws/install/franka_msgs/include/franka_msgs/franka_msgs/action/detail/move__functions.h
[7.988s] -- Installing: /home/curdin/franka_ros2_ws/install/franka_msgs/include/franka_msgs/franka_msgs/action/detail/homing__struct.h
[7.988s] -- Installing: /home/curdin/franka_ros2_ws/install/franka_msgs/include/franka_msgs/franka_msgs/action/detail/grasp__functions.c
[7.988s] -- Installing: /home/curdin/franka_ros2_ws/install/franka_msgs/include/franka_msgs/franka_msgs/action/detail/grasp__type_support.h
[7.988s] -- Installing: /home/curdin/franka_ros2_ws/install/franka_msgs/include/franka_msgs/franka_msgs/action/detail/homing__type_support.h
[7.988s] -- Installing: /home/curdin/franka_ros2_ws/install/franka_msgs/include/franka_msgs/franka_msgs/action/detail/grasp__struct.h
[7.988s] -- Installing: /home/curdin/franka_ros2_ws/install/franka_msgs/include/franka_msgs/franka_msgs/action/detail/homing__functions.c
[7.988s] -- Installing: /home/curdin/franka_ros2_ws/install/franka_msgs/include/franka_msgs/franka_msgs/action/detail/grasp__functions.h
[7.988s] -- Installing: /home/curdin/franka_ros2_ws/install/franka_msgs/include/franka_msgs/franka_msgs/action/detail/move__functions.c
[7.989s] -- Installing: /home/curdin/franka_ros2_ws/install/franka_msgs/share/franka_msgs/environment/library_path.sh
[7.989s] -- Installing: /home/curdin/franka_ros2_ws/install/franka_msgs/share/franka_msgs/environment/library_path.dsv
[7.989s] -- Installing: /home/curdin/franka_ros2_ws/install/franka_msgs/lib/libfranka_msgs__rosidl_generator_c.so
[7.989s] -- Set runtime path of "/home/curdin/franka_ros2_ws/install/franka_msgs/lib/libfranka_msgs__rosidl_generator_c.so" to ""
[7.989s] -- Up-to-date: /home/curdin/franka_ros2_ws/install/franka_msgs/include/franka_msgs/franka_msgs
[7.989s] -- Up-to-date: /home/curdin/franka_ros2_ws/install/franka_msgs/include/franka_msgs/franka_msgs/srv
[7.989s] -- Up-to-date: /home/curdin/franka_ros2_ws/install/franka_msgs/include/franka_msgs/franka_msgs/srv/detail
[7.990s] -- Installing: /home/curdin/franka_ros2_ws/install/franka_msgs/include/franka_msgs/franka_msgs/srv/detail/set_full_collision_behavior__rosidl_typesupport_fastrtps_c.h
[7.990s] -- Installing: /home/curdin/franka_ros2_ws/install/franka_msgs/include/franka_msgs/franka_msgs/srv/detail/set_stiffness_frame__rosidl_typesupport_fastrtps_c.h
[7.990s] -- Installing: /home/curdin/franka_ros2_ws/install/franka_msgs/include/franka_msgs/franka_msgs/srv/detail/set_tcp_frame__rosidl_typesupport_fastrtps_c.h
[7.990s] -- Installing: /home/curdin/franka_ros2_ws/install/franka_msgs/include/franka_msgs/franka_msgs/srv/detail/set_load__rosidl_typesupport_fastrtps_c.h
[7.990s] -- Installing: /home/curdin/franka_ros2_ws/install/franka_msgs/include/franka_msgs/franka_msgs/srv/detail/set_force_torque_collision_behavior__rosidl_typesupport_fastrtps_c.h
[7.990s] -- Installing: /home/curdin/franka_ros2_ws/install/franka_msgs/include/franka_msgs/franka_msgs/srv/detail/set_joint_stiffness__rosidl_typesupport_fastrtps_c.h
[7.990s] -- Installing: /home/curdin/franka_ros2_ws/install/franka_msgs/include/franka_msgs/franka_msgs/srv/detail/set_cartesian_stiffness__rosidl_typesupport_fastrtps_c.h
[7.990s] -- Up-to-date: /home/curdin/franka_ros2_ws/install/franka_msgs/include/franka_msgs/franka_msgs/msg
[7.990s] -- Installing: /home/curdin/franka_ros2_ws/install/franka_msgs/include/franka_msgs/franka_msgs/msg/rosidl_typesupport_fastrtps_c__visibility_control.h
[7.990s] -- Up-to-date: /home/curdin/franka_ros2_ws/install/franka_msgs/include/franka_msgs/franka_msgs/msg/detail
[7.990s] -- Installing: /home/curdin/franka_ros2_ws/install/franka_msgs/include/franka_msgs/franka_msgs/msg/detail/errors__rosidl_typesupport_fastrtps_c.h
[7.990s] -- Installing: /home/curdin/franka_ros2_ws/install/franka_msgs/include/franka_msgs/franka_msgs/msg/detail/franka_robot_state__rosidl_typesupport_fastrtps_c.h
[7.990s] -- Installing: /home/curdin/franka_ros2_ws/install/franka_msgs/include/franka_msgs/franka_msgs/msg/detail/grasp_epsilon__rosidl_typesupport_fastrtps_c.h
[7.990s] -- Up-to-date: /home/curdin/franka_ros2_ws/install/franka_msgs/include/franka_msgs/franka_msgs/action
[7.991s] -- Up-to-date: /home/curdin/franka_ros2_ws/install/franka_msgs/include/franka_msgs/franka_msgs/action/detail
[7.991s] -- Installing: /home/curdin/franka_ros2_ws/install/franka_msgs/include/franka_msgs/franka_msgs/action/detail/move__rosidl_typesupport_fastrtps_c.h
[7.991s] -- Installing: /home/curdin/franka_ros2_ws/install/franka_msgs/include/franka_msgs/franka_msgs/action/detail/grasp__rosidl_typesupport_fastrtps_c.h
[7.991s] -- Installing: /home/curdin/franka_ros2_ws/install/franka_msgs/include/franka_msgs/franka_msgs/action/detail/homing__rosidl_typesupport_fastrtps_c.h
[7.991s] -- Installing: /home/curdin/franka_ros2_ws/install/franka_msgs/lib/libfranka_msgs__rosidl_typesupport_fastrtps_c.so
[7.991s] -- Set runtime path of "/home/curdin/franka_ros2_ws/install/franka_msgs/lib/libfranka_msgs__rosidl_typesupport_fastrtps_c.so" to ""
[7.991s] -- Up-to-date: /home/curdin/franka_ros2_ws/install/franka_msgs/include/franka_msgs/franka_msgs
[7.991s] -- Up-to-date: /home/curdin/franka_ros2_ws/install/franka_msgs/include/franka_msgs/franka_msgs/srv
[7.991s] -- Up-to-date: /home/curdin/franka_ros2_ws/install/franka_msgs/include/franka_msgs/franka_msgs/srv/detail
[7.991s] -- Installing: /home/curdin/franka_ros2_ws/install/franka_msgs/include/franka_msgs/franka_msgs/srv/detail/set_tcp_frame__rosidl_typesupport_introspection_c.h
[7.991s] -- Installing: /home/curdin/franka_ros2_ws/install/franka_msgs/include/franka_msgs/franka_msgs/srv/detail/set_stiffness_frame__type_support.c
[7.991s] -- Installing: /home/curdin/franka_ros2_ws/install/franka_msgs/include/franka_msgs/franka_msgs/srv/detail/set_force_torque_collision_behavior__type_support.c
[7.991s] -- Installing: /home/curdin/franka_ros2_ws/install/franka_msgs/include/franka_msgs/franka_msgs/srv/detail/set_full_collision_behavior__type_support.c
[7.991s] -- Installing: /home/curdin/franka_ros2_ws/install/franka_msgs/include/franka_msgs/franka_msgs/srv/detail/set_cartesian_stiffness__type_support.c
[7.991s] -- Installing: /home/curdin/franka_ros2_ws/install/franka_msgs/include/franka_msgs/franka_msgs/srv/detail/set_stiffness_frame__rosidl_typesupport_introspection_c.h
[7.991s] -- Installing: /home/curdin/franka_ros2_ws/install/franka_msgs/include/franka_msgs/franka_msgs/srv/detail/set_force_torque_collision_behavior__rosidl_typesupport_introspection_c.h
[7.992s] -- Installing: /home/curdin/franka_ros2_ws/install/franka_msgs/include/franka_msgs/franka_msgs/srv/detail/set_load__rosidl_typesupport_introspection_c.h
[7.992s] -- Installing: /home/curdin/franka_ros2_ws/install/franka_msgs/include/franka_msgs/franka_msgs/srv/detail/set_full_collision_behavior__rosidl_typesupport_introspection_c.h
[7.992s] -- Installing: /home/curdin/franka_ros2_ws/install/franka_msgs/include/franka_msgs/franka_msgs/srv/detail/set_load__type_support.c
[7.992s] -- Installing: /home/curdin/franka_ros2_ws/install/franka_msgs/include/franka_msgs/franka_msgs/srv/detail/set_joint_stiffness__type_support.c
[7.992s] -- Installing: /home/curdin/franka_ros2_ws/install/franka_msgs/include/franka_msgs/franka_msgs/srv/detail/set_joint_stiffness__rosidl_typesupport_introspection_c.h
[7.992s] -- Installing: /home/curdin/franka_ros2_ws/install/franka_msgs/include/franka_msgs/franka_msgs/srv/detail/set_cartesian_stiffness__rosidl_typesupport_introspection_c.h
[7.992s] -- Installing: /home/curdin/franka_ros2_ws/install/franka_msgs/include/franka_msgs/franka_msgs/srv/detail/set_tcp_frame__type_support.c
[7.992s] -- Up-to-date: /home/curdin/franka_ros2_ws/install/franka_msgs/include/franka_msgs/franka_msgs/msg
[7.992s] -- Installing: /home/curdin/franka_ros2_ws/install/franka_msgs/include/franka_msgs/franka_msgs/msg/rosidl_typesupport_introspection_c__visibility_control.h
[7.992s] -- Up-to-date: /home/curdin/franka_ros2_ws/install/franka_msgs/include/franka_msgs/franka_msgs/msg/detail
[7.992s] -- Installing: /home/curdin/franka_ros2_ws/install/franka_msgs/include/franka_msgs/franka_msgs/msg/detail/errors__type_support.c
[7.992s] -- Installing: /home/curdin/franka_ros2_ws/install/franka_msgs/include/franka_msgs/franka_msgs/msg/detail/errors__rosidl_typesupport_introspection_c.h
[7.992s] -- Installing: /home/curdin/franka_ros2_ws/install/franka_msgs/include/franka_msgs/franka_msgs/msg/detail/grasp_epsilon__type_support.c
[7.992s] -- Installing: /home/curdin/franka_ros2_ws/install/franka_msgs/include/franka_msgs/franka_msgs/msg/detail/franka_robot_state__rosidl_typesupport_introspection_c.h
[7.992s] -- Installing: /home/curdin/franka_ros2_ws/install/franka_msgs/include/franka_msgs/franka_msgs/msg/detail/franka_robot_state__type_support.c
[7.993s] -- Installing: /home/curdin/franka_ros2_ws/install/franka_msgs/include/franka_msgs/franka_msgs/msg/detail/grasp_epsilon__rosidl_typesupport_introspection_c.h
[7.993s] -- Up-to-date: /home/curdin/franka_ros2_ws/install/franka_msgs/include/franka_msgs/franka_msgs/action
[7.993s] -- Up-to-date: /home/curdin/franka_ros2_ws/install/franka_msgs/include/franka_msgs/franka_msgs/action/detail
[7.993s] -- Installing: /home/curdin/franka_ros2_ws/install/franka_msgs/include/franka_msgs/franka_msgs/action/detail/move__rosidl_typesupport_introspection_c.h
[7.993s] -- Installing: /home/curdin/franka_ros2_ws/install/franka_msgs/include/franka_msgs/franka_msgs/action/detail/grasp__rosidl_typesupport_introspection_c.h
[7.993s] -- Installing: /home/curdin/franka_ros2_ws/install/franka_msgs/include/franka_msgs/franka_msgs/action/detail/move__type_support.c
[7.993s] -- Installing: /home/curdin/franka_ros2_ws/install/franka_msgs/include/franka_msgs/franka_msgs/action/detail/homing__type_support.c
[7.993s] -- Installing: /home/curdin/franka_ros2_ws/install/franka_msgs/include/franka_msgs/franka_msgs/action/detail/grasp__type_support.c
[7.993s] -- Installing: /home/curdin/franka_ros2_ws/install/franka_msgs/include/franka_msgs/franka_msgs/action/detail/homing__rosidl_typesupport_introspection_c.h
[7.993s] -- Installing: /home/curdin/franka_ros2_ws/install/franka_msgs/lib/libfranka_msgs__rosidl_typesupport_introspection_c.so
[7.994s] -- Set runtime path of "/home/curdin/franka_ros2_ws/install/franka_msgs/lib/libfranka_msgs__rosidl_typesupport_introspection_c.so" to ""
[7.994s] -- Installing: /home/curdin/franka_ros2_ws/install/franka_msgs/lib/libfranka_msgs__rosidl_typesupport_c.so
[7.994s] -- Set runtime path of "/home/curdin/franka_ros2_ws/install/franka_msgs/lib/libfranka_msgs__rosidl_typesupport_c.so" to ""
[7.994s] -- Up-to-date: /home/curdin/franka_ros2_ws/install/franka_msgs/include/franka_msgs/franka_msgs
[7.994s] -- Up-to-date: /home/curdin/franka_ros2_ws/install/franka_msgs/include/franka_msgs/franka_msgs/srv
[7.994s] -- Installing: /home/curdin/franka_ros2_ws/install/franka_msgs/include/franka_msgs/franka_msgs/srv/set_force_torque_collision_behavior.hpp
[7.994s] -- Installing: /home/curdin/franka_ros2_ws/install/franka_msgs/include/franka_msgs/franka_msgs/srv/set_stiffness_frame.hpp
[7.994s] -- Installing: /home/curdin/franka_ros2_ws/install/franka_msgs/include/franka_msgs/franka_msgs/srv/set_joint_stiffness.hpp
[7.994s] -- Installing: /home/curdin/franka_ros2_ws/install/franka_msgs/include/franka_msgs/franka_msgs/srv/set_full_collision_behavior.hpp
[7.994s] -- Installing: /home/curdin/franka_ros2_ws/install/franka_msgs/include/franka_msgs/franka_msgs/srv/set_load.hpp
[7.994s] -- Installing: /home/curdin/franka_ros2_ws/install/franka_msgs/include/franka_msgs/franka_msgs/srv/set_tcp_frame.hpp
[7.994s] -- Installing: /home/curdin/franka_ros2_ws/install/franka_msgs/include/franka_msgs/franka_msgs/srv/set_cartesian_stiffness.hpp
[7.995s] -- Up-to-date: /home/curdin/franka_ros2_ws/install/franka_msgs/include/franka_msgs/franka_msgs/srv/detail
[7.995s] -- Installing: /home/curdin/franka_ros2_ws/install/franka_msgs/include/franka_msgs/franka_msgs/srv/detail/set_stiffness_frame__builder.hpp
[7.995s] -- Installing: /home/curdin/franka_ros2_ws/install/franka_msgs/include/franka_msgs/franka_msgs/srv/detail/set_full_collision_behavior__traits.hpp
[7.995s] -- Installing: /home/curdin/franka_ros2_ws/install/franka_msgs/include/franka_msgs/franka_msgs/srv/detail/set_cartesian_stiffness__struct.hpp
[7.995s] -- Installing: /home/curdin/franka_ros2_ws/install/franka_msgs/include/franka_msgs/franka_msgs/srv/detail/set_cartesian_stiffness__builder.hpp
[7.995s] -- Installing: /home/curdin/franka_ros2_ws/install/franka_msgs/include/franka_msgs/franka_msgs/srv/detail/set_joint_stiffness__builder.hpp
[7.995s] -- Installing: /home/curdin/franka_ros2_ws/install/franka_msgs/include/franka_msgs/franka_msgs/srv/detail/set_full_collision_behavior__builder.hpp
[7.995s] -- Installing: /home/curdin/franka_ros2_ws/install/franka_msgs/include/franka_msgs/franka_msgs/srv/detail/set_cartesian_stiffness__traits.hpp
[7.995s] -- Installing: /home/curdin/franka_ros2_ws/install/franka_msgs/include/franka_msgs/franka_msgs/srv/detail/set_load__struct.hpp
[7.996s] -- Installing: /home/curdin/franka_ros2_ws/install/franka_msgs/include/franka_msgs/franka_msgs/srv/detail/set_stiffness_frame__struct.hpp
[7.996s] -- Installing: /home/curdin/franka_ros2_ws/install/franka_msgs/include/franka_msgs/franka_msgs/srv/detail/set_stiffness_frame__traits.hpp
[7.996s] -- Installing: /home/curdin/franka_ros2_ws/install/franka_msgs/include/franka_msgs/franka_msgs/srv/detail/set_load__traits.hpp
[7.996s] -- Installing: /home/curdin/franka_ros2_ws/install/franka_msgs/include/franka_msgs/franka_msgs/srv/detail/set_force_torque_collision_behavior__struct.hpp
[7.996s] -- Installing: /home/curdin/franka_ros2_ws/install/franka_msgs/include/franka_msgs/franka_msgs/srv/detail/set_joint_stiffness__struct.hpp
[7.996s] -- Installing: /home/curdin/franka_ros2_ws/install/franka_msgs/include/franka_msgs/franka_msgs/srv/detail/set_force_torque_collision_behavior__traits.hpp
[7.996s] -- Installing: /home/curdin/franka_ros2_ws/install/franka_msgs/include/franka_msgs/franka_msgs/srv/detail/set_load__builder.hpp
[7.996s] -- Installing: /home/curdin/franka_ros2_ws/install/franka_msgs/include/franka_msgs/franka_msgs/srv/detail/set_full_collision_behavior__struct.hpp
[7.996s] -- Installing: /home/curdin/franka_ros2_ws/install/franka_msgs/include/franka_msgs/franka_msgs/srv/detail/set_tcp_frame__traits.hpp
[7.996s] -- Installing: /home/curdin/franka_ros2_ws/install/franka_msgs/include/franka_msgs/franka_msgs/srv/detail/set_joint_stiffness__traits.hpp
[7.996s] -- Installing: /home/curdin/franka_ros2_ws/install/franka_msgs/include/franka_msgs/franka_msgs/srv/detail/set_tcp_frame__struct.hpp
[7.996s] -- Installing: /home/curdin/franka_ros2_ws/install/franka_msgs/include/franka_msgs/franka_msgs/srv/detail/set_tcp_frame__builder.hpp
[7.996s] -- Installing: /home/curdin/franka_ros2_ws/install/franka_msgs/include/franka_msgs/franka_msgs/srv/detail/set_force_torque_collision_behavior__builder.hpp
[7.996s] -- Up-to-date: /home/curdin/franka_ros2_ws/install/franka_msgs/include/franka_msgs/franka_msgs/msg
[7.996s] -- Installing: /home/curdin/franka_ros2_ws/install/franka_msgs/include/franka_msgs/franka_msgs/msg/errors.hpp
[7.996s] -- Installing: /home/curdin/franka_ros2_ws/install/franka_msgs/include/franka_msgs/franka_msgs/msg/grasp_epsilon.hpp
[7.996s] -- Up-to-date: /home/curdin/franka_ros2_ws/install/franka_msgs/include/franka_msgs/franka_msgs/msg/detail
[7.996s] -- Installing: /home/curdin/franka_ros2_ws/install/franka_msgs/include/franka_msgs/franka_msgs/msg/detail/grasp_epsilon__builder.hpp
[7.996s] -- Installing: /home/curdin/franka_ros2_ws/install/franka_msgs/include/franka_msgs/franka_msgs/msg/detail/franka_robot_state__struct.hpp
[7.996s] -- Installing: /home/curdin/franka_ros2_ws/install/franka_msgs/include/franka_msgs/franka_msgs/msg/detail/errors__traits.hpp
[7.996s] -- Installing: /home/curdin/franka_ros2_ws/install/franka_msgs/include/franka_msgs/franka_msgs/msg/detail/franka_robot_state__traits.hpp
[7.996s] -- Installing: /home/curdin/franka_ros2_ws/install/franka_msgs/include/franka_msgs/franka_msgs/msg/detail/franka_robot_state__builder.hpp
[7.996s] -- Installing: /home/curdin/franka_ros2_ws/install/franka_msgs/include/franka_msgs/franka_msgs/msg/detail/grasp_epsilon__traits.hpp
[7.996s] -- Installing: /home/curdin/franka_ros2_ws/install/franka_msgs/include/franka_msgs/franka_msgs/msg/detail/grasp_epsilon__struct.hpp
[7.996s] -- Installing: /home/curdin/franka_ros2_ws/install/franka_msgs/include/franka_msgs/franka_msgs/msg/detail/errors__builder.hpp
[7.996s] -- Installing: /home/curdin/franka_ros2_ws/install/franka_msgs/include/franka_msgs/franka_msgs/msg/detail/errors__struct.hpp
[7.997s] -- Installing: /home/curdin/franka_ros2_ws/install/franka_msgs/include/franka_msgs/franka_msgs/msg/franka_robot_state.hpp
[7.997s] -- Up-to-date: /home/curdin/franka_ros2_ws/install/franka_msgs/include/franka_msgs/franka_msgs/action
[7.997s] -- Installing: /home/curdin/franka_ros2_ws/install/franka_msgs/include/franka_msgs/franka_msgs/action/grasp.hpp
[7.997s] -- Installing: /home/curdin/franka_ros2_ws/install/franka_msgs/include/franka_msgs/franka_msgs/action/move.hpp
[7.997s] -- Installing: /home/curdin/franka_ros2_ws/install/franka_msgs/include/franka_msgs/franka_msgs/action/homing.hpp
[7.997s] -- Up-to-date: /home/curdin/franka_ros2_ws/install/franka_msgs/include/franka_msgs/franka_msgs/action/detail
[7.997s] -- Installing: /home/curdin/franka_ros2_ws/install/franka_msgs/include/franka_msgs/franka_msgs/action/detail/homing__traits.hpp
[7.997s] -- Installing: /home/curdin/franka_ros2_ws/install/franka_msgs/include/franka_msgs/franka_msgs/action/detail/move__traits.hpp
[7.997s] -- Installing: /home/curdin/franka_ros2_ws/install/franka_msgs/include/franka_msgs/franka_msgs/action/detail/grasp__traits.hpp
[7.997s] -- Installing: /home/curdin/franka_ros2_ws/install/franka_msgs/include/franka_msgs/franka_msgs/action/detail/grasp__builder.hpp
[7.997s] -- Installing: /home/curdin/franka_ros2_ws/install/franka_msgs/include/franka_msgs/franka_msgs/action/detail/move__struct.hpp
[7.997s] -- Installing: /home/curdin/franka_ros2_ws/install/franka_msgs/include/franka_msgs/franka_msgs/action/detail/homing__builder.hpp
[7.997s] -- Installing: /home/curdin/franka_ros2_ws/install/franka_msgs/include/franka_msgs/franka_msgs/action/detail/homing__struct.hpp
[7.997s] -- Installing: /home/curdin/franka_ros2_ws/install/franka_msgs/include/franka_msgs/franka_msgs/action/detail/grasp__struct.hpp
[7.997s] -- Installing: /home/curdin/franka_ros2_ws/install/franka_msgs/include/franka_msgs/franka_msgs/action/detail/move__builder.hpp
[7.997s] -- Up-to-date: /home/curdin/franka_ros2_ws/install/franka_msgs/include/franka_msgs/franka_msgs
[7.997s] -- Up-to-date: /home/curdin/franka_ros2_ws/install/franka_msgs/include/franka_msgs/franka_msgs/srv
[7.997s] -- Up-to-date: /home/curdin/franka_ros2_ws/install/franka_msgs/include/franka_msgs/franka_msgs/srv/detail
[7.997s] -- Installing: /home/curdin/franka_ros2_ws/install/franka_msgs/include/franka_msgs/franka_msgs/srv/detail/set_force_torque_collision_behavior__rosidl_typesupport_fastrtps_cpp.hpp
[7.997s] -- Installing: /home/curdin/franka_ros2_ws/install/franka_msgs/include/franka_msgs/franka_msgs/srv/detail/set_stiffness_frame__rosidl_typesupport_fastrtps_cpp.hpp
[7.997s] -- Installing: /home/curdin/franka_ros2_ws/install/franka_msgs/include/franka_msgs/franka_msgs/srv/detail/set_full_collision_behavior__rosidl_typesupport_fastrtps_cpp.hpp
[7.997s] -- Installing: /home/curdin/franka_ros2_ws/install/franka_msgs/include/franka_msgs/franka_msgs/srv/detail/set_load__rosidl_typesupport_fastrtps_cpp.hpp
[7.997s] -- Installing: /home/curdin/franka_ros2_ws/install/franka_msgs/include/franka_msgs/franka_msgs/srv/detail/dds_fastrtps
[7.997s] -- Installing: /home/curdin/franka_ros2_ws/install/franka_msgs/include/franka_msgs/franka_msgs/srv/detail/set_cartesian_stiffness__rosidl_typesupport_fastrtps_cpp.hpp
[7.997s] -- Installing: /home/curdin/franka_ros2_ws/install/franka_msgs/include/franka_msgs/franka_msgs/srv/detail/set_joint_stiffness__rosidl_typesupport_fastrtps_cpp.hpp
[7.997s] -- Installing: /home/curdin/franka_ros2_ws/install/franka_msgs/include/franka_msgs/franka_msgs/srv/detail/set_tcp_frame__rosidl_typesupport_fastrtps_cpp.hpp
[7.997s] -- Up-to-date: /home/curdin/franka_ros2_ws/install/franka_msgs/include/franka_msgs/franka_msgs/msg
[7.997s] -- Installing: /home/curdin/franka_ros2_ws/install/franka_msgs/include/franka_msgs/franka_msgs/msg/rosidl_typesupport_fastrtps_cpp__visibility_control.h
[7.997s] -- Up-to-date: /home/curdin/franka_ros2_ws/install/franka_msgs/include/franka_msgs/franka_msgs/msg/detail
[7.997s] -- Installing: /home/curdin/franka_ros2_ws/install/franka_msgs/include/franka_msgs/franka_msgs/msg/detail/errors__rosidl_typesupport_fastrtps_cpp.hpp
[7.998s] -- Installing: /home/curdin/franka_ros2_ws/install/franka_msgs/include/franka_msgs/franka_msgs/msg/detail/dds_fastrtps
[7.998s] -- Installing: /home/curdin/franka_ros2_ws/install/franka_msgs/include/franka_msgs/franka_msgs/msg/detail/franka_robot_state__rosidl_typesupport_fastrtps_cpp.hpp
[7.998s] -- Installing: /home/curdin/franka_ros2_ws/install/franka_msgs/include/franka_msgs/franka_msgs/msg/detail/grasp_epsilon__rosidl_typesupport_fastrtps_cpp.hpp
[7.998s] -- Up-to-date: /home/curdin/franka_ros2_ws/install/franka_msgs/include/franka_msgs/franka_msgs/action
[7.998s] -- Up-to-date: /home/curdin/franka_ros2_ws/install/franka_msgs/include/franka_msgs/franka_msgs/action/detail
[7.998s] -- Installing: /home/curdin/franka_ros2_ws/install/franka_msgs/include/franka_msgs/franka_msgs/action/detail/homing__rosidl_typesupport_fastrtps_cpp.hpp
[7.998s] -- Installing: /home/curdin/franka_ros2_ws/install/franka_msgs/include/franka_msgs/franka_msgs/action/detail/grasp__rosidl_typesupport_fastrtps_cpp.hpp
[7.998s] -- Installing: /home/curdin/franka_ros2_ws/install/franka_msgs/include/franka_msgs/franka_msgs/action/detail/dds_fastrtps
[7.998s] -- Installing: /home/curdin/franka_ros2_ws/install/franka_msgs/include/franka_msgs/franka_msgs/action/detail/move__rosidl_typesupport_fastrtps_cpp.hpp
[7.998s] -- Installing: /home/curdin/franka_ros2_ws/install/franka_msgs/lib/libfranka_msgs__rosidl_typesupport_fastrtps_cpp.so
[7.998s] -- Set runtime path of "/home/curdin/franka_ros2_ws/install/franka_msgs/lib/libfranka_msgs__rosidl_typesupport_fastrtps_cpp.so" to ""
[7.998s] -- Up-to-date: /home/curdin/franka_ros2_ws/install/franka_msgs/include/franka_msgs/franka_msgs
[7.998s] -- Up-to-date: /home/curdin/franka_ros2_ws/install/franka_msgs/include/franka_msgs/franka_msgs/srv
[7.998s] -- Up-to-date: /home/curdin/franka_ros2_ws/install/franka_msgs/include/franka_msgs/franka_msgs/srv/detail
[7.998s] -- Installing: /home/curdin/franka_ros2_ws/install/franka_msgs/include/franka_msgs/franka_msgs/srv/detail/set_force_torque_collision_behavior__type_support.cpp
[7.998s] -- Installing: /home/curdin/franka_ros2_ws/install/franka_msgs/include/franka_msgs/franka_msgs/srv/detail/set_force_torque_collision_behavior__rosidl_typesupport_introspection_cpp.hpp
[7.998s] -- Installing: /home/curdin/franka_ros2_ws/install/franka_msgs/include/franka_msgs/franka_msgs/srv/detail/set_full_collision_behavior__rosidl_typesupport_introspection_cpp.hpp
[7.998s] -- Installing: /home/curdin/franka_ros2_ws/install/franka_msgs/include/franka_msgs/franka_msgs/srv/detail/set_stiffness_frame__type_support.cpp
[7.998s] -- Installing: /home/curdin/franka_ros2_ws/install/franka_msgs/include/franka_msgs/franka_msgs/srv/detail/set_tcp_frame__type_support.cpp
[7.998s] -- Installing: /home/curdin/franka_ros2_ws/install/franka_msgs/include/franka_msgs/franka_msgs/srv/detail/set_cartesian_stiffness__rosidl_typesupport_introspection_cpp.hpp
[7.998s] -- Installing: /home/curdin/franka_ros2_ws/install/franka_msgs/include/franka_msgs/franka_msgs/srv/detail/set_cartesian_stiffness__type_support.cpp
[7.998s] -- Installing: /home/curdin/franka_ros2_ws/install/franka_msgs/include/franka_msgs/franka_msgs/srv/detail/set_load__rosidl_typesupport_introspection_cpp.hpp
[7.998s] -- Installing: /home/curdin/franka_ros2_ws/install/franka_msgs/include/franka_msgs/franka_msgs/srv/detail/set_stiffness_frame__rosidl_typesupport_introspection_cpp.hpp
[7.998s] -- Installing: /home/curdin/franka_ros2_ws/install/franka_msgs/include/franka_msgs/franka_msgs/srv/detail/set_load__type_support.cpp
[7.999s] -- Installing: /home/curdin/franka_ros2_ws/install/franka_msgs/include/franka_msgs/franka_msgs/srv/detail/set_tcp_frame__rosidl_typesupport_introspection_cpp.hpp
[7.999s] -- Installing: /home/curdin/franka_ros2_ws/install/franka_msgs/include/franka_msgs/franka_msgs/srv/detail/set_joint_stiffness__type_support.cpp
[7.999s] -- Installing: /home/curdin/franka_ros2_ws/install/franka_msgs/include/franka_msgs/franka_msgs/srv/detail/set_joint_stiffness__rosidl_typesupport_introspection_cpp.hpp
[7.999s] -- Installing: /home/curdin/franka_ros2_ws/install/franka_msgs/include/franka_msgs/franka_msgs/srv/detail/set_full_collision_behavior__type_support.cpp
[7.999s] -- Up-to-date: /home/curdin/franka_ros2_ws/install/franka_msgs/include/franka_msgs/franka_msgs/msg
[7.999s] -- Up-to-date: /home/curdin/franka_ros2_ws/install/franka_msgs/include/franka_msgs/franka_msgs/msg/detail
[7.999s] -- Installing: /home/curdin/franka_ros2_ws/install/franka_msgs/include/franka_msgs/franka_msgs/msg/detail/errors__type_support.cpp
[7.999s] -- Installing: /home/curdin/franka_ros2_ws/install/franka_msgs/include/franka_msgs/franka_msgs/msg/detail/franka_robot_state__type_support.cpp
[7.999s] -- Installing: /home/curdin/franka_ros2_ws/install/franka_msgs/include/franka_msgs/franka_msgs/msg/detail/grasp_epsilon__type_support.cpp
[7.999s] -- Installing: /home/curdin/franka_ros2_ws/install/franka_msgs/include/franka_msgs/franka_msgs/msg/detail/franka_robot_state__rosidl_typesupport_introspection_cpp.hpp
[7.999s] -- Installing: /home/curdin/franka_ros2_ws/install/franka_msgs/include/franka_msgs/franka_msgs/msg/detail/errors__rosidl_typesupport_introspection_cpp.hpp
[7.999s] -- Installing: /home/curdin/franka_ros2_ws/install/franka_msgs/include/franka_msgs/franka_msgs/msg/detail/grasp_epsilon__rosidl_typesupport_introspection_cpp.hpp
[7.999s] -- Up-to-date: /home/curdin/franka_ros2_ws/install/franka_msgs/include/franka_msgs/franka_msgs/action
[7.999s] -- Up-to-date: /home/curdin/franka_ros2_ws/install/franka_msgs/include/franka_msgs/franka_msgs/action/detail
[7.999s] -- Installing: /home/curdin/franka_ros2_ws/install/franka_msgs/include/franka_msgs/franka_msgs/action/detail/homing__rosidl_typesupport_introspection_cpp.hpp
[7.999s] -- Installing: /home/curdin/franka_ros2_ws/install/franka_msgs/include/franka_msgs/franka_msgs/action/detail/grasp__type_support.cpp
[7.999s] -- Installing: /home/curdin/franka_ros2_ws/install/franka_msgs/include/franka_msgs/franka_msgs/action/detail/move__type_support.cpp
[7.999s] -- Installing: /home/curdin/franka_ros2_ws/install/franka_msgs/include/franka_msgs/franka_msgs/action/detail/homing__type_support.cpp
[7.999s] -- Installing: /home/curdin/franka_ros2_ws/install/franka_msgs/include/franka_msgs/franka_msgs/action/detail/grasp__rosidl_typesupport_introspection_cpp.hpp
[7.999s] -- Installing: /home/curdin/franka_ros2_ws/install/franka_msgs/include/franka_msgs/franka_msgs/action/detail/move__rosidl_typesupport_introspection_cpp.hpp
[8.000s] -- Installing: /home/curdin/franka_ros2_ws/install/franka_msgs/lib/libfranka_msgs__rosidl_typesupport_introspection_cpp.so
[8.000s] -- Set runtime path of "/home/curdin/franka_ros2_ws/install/franka_msgs/lib/libfranka_msgs__rosidl_typesupport_introspection_cpp.so" to ""
[8.000s] -- Installing: /home/curdin/franka_ros2_ws/install/franka_msgs/lib/libfranka_msgs__rosidl_typesupport_cpp.so
[8.000s] -- Set runtime path of "/home/curdin/franka_ros2_ws/install/franka_msgs/lib/libfranka_msgs__rosidl_typesupport_cpp.so" to ""
[8.000s] -- Installing: /home/curdin/franka_ros2_ws/install/franka_msgs/share/franka_msgs/environment/pythonpath.sh
[8.000s] -- Installing: /home/curdin/franka_ros2_ws/install/franka_msgs/share/franka_msgs/environment/pythonpath.dsv
[8.000s] -- Installing: /home/curdin/franka_ros2_ws/install/franka_msgs/local/lib/python3.10/dist-packages/franka_msgs-0.1.8-py3.10.egg-info
[8.000s] -- Installing: /home/curdin/franka_ros2_ws/install/franka_msgs/local/lib/python3.10/dist-packages/franka_msgs-0.1.8-py3.10.egg-info/top_level.txt
[8.000s] -- Installing: /home/curdin/franka_ros2_ws/install/franka_msgs/local/lib/python3.10/dist-packages/franka_msgs-0.1.8-py3.10.egg-info/dependency_links.txt
[8.000s] -- Installing: /home/curdin/franka_ros2_ws/install/franka_msgs/local/lib/python3.10/dist-packages/franka_msgs-0.1.8-py3.10.egg-info/PKG-INFO
[8.000s] -- Installing: /home/curdin/franka_ros2_ws/install/franka_msgs/local/lib/python3.10/dist-packages/franka_msgs-0.1.8-py3.10.egg-info/SOURCES.txt
[8.000s] -- Installing: /home/curdin/franka_ros2_ws/install/franka_msgs/local/lib/python3.10/dist-packages/franka_msgs
[8.000s] -- Installing: /home/curdin/franka_ros2_ws/install/franka_msgs/local/lib/python3.10/dist-packages/franka_msgs/franka_msgs_s__rosidl_typesupport_fastrtps_c.cpython-310-x86_64-linux-gnu.so
[8.000s] -- Installing: /home/curdin/franka_ros2_ws/install/franka_msgs/local/lib/python3.10/dist-packages/franka_msgs/franka_msgs_s__rosidl_typesupport_c.cpython-310-x86_64-linux-gnu.so
[8.000s] -- Installing: /home/curdin/franka_ros2_ws/install/franka_msgs/local/lib/python3.10/dist-packages/franka_msgs/srv
[8.001s] -- Installing: /home/curdin/franka_ros2_ws/install/franka_msgs/local/lib/python3.10/dist-packages/franka_msgs/srv/_set_full_collision_behavior_s.c
[8.001s] -- Installing: /home/curdin/franka_ros2_ws/install/franka_msgs/local/lib/python3.10/dist-packages/franka_msgs/srv/_set_stiffness_frame.py
[8.001s] -- Installing: /home/curdin/franka_ros2_ws/install/franka_msgs/local/lib/python3.10/dist-packages/franka_msgs/srv/_set_force_torque_collision_behavior.py
[8.001s] -- Installing: /home/curdin/franka_ros2_ws/install/franka_msgs/local/lib/python3.10/dist-packages/franka_msgs/srv/_set_joint_stiffness_s.c
[8.001s] -- Installing: /home/curdin/franka_ros2_ws/install/franka_msgs/local/lib/python3.10/dist-packages/franka_msgs/srv/_set_full_collision_behavior.py
[8.001s] -- Installing: /home/curdin/franka_ros2_ws/install/franka_msgs/local/lib/python3.10/dist-packages/franka_msgs/srv/_set_load_s.c
[8.001s] -- Installing: /home/curdin/franka_ros2_ws/install/franka_msgs/local/lib/python3.10/dist-packages/franka_msgs/srv/_set_force_torque_collision_behavior_s.c
[8.001s] -- Installing: /home/curdin/franka_ros2_ws/install/franka_msgs/local/lib/python3.10/dist-packages/franka_msgs/srv/_set_load.py
[8.001s] -- Installing: /home/curdin/franka_ros2_ws/install/franka_msgs/local/lib/python3.10/dist-packages/franka_msgs/srv/_set_joint_stiffness.py
[8.001s] -- Installing: /home/curdin/franka_ros2_ws/install/franka_msgs/local/lib/python3.10/dist-packages/franka_msgs/srv/_set_cartesian_stiffness_s.c
[8.001s] -- Installing: /home/curdin/franka_ros2_ws/install/franka_msgs/local/lib/python3.10/dist-packages/franka_msgs/srv/_set_stiffness_frame_s.c
[8.001s] -- Installing: /home/curdin/franka_ros2_ws/install/franka_msgs/local/lib/python3.10/dist-packages/franka_msgs/srv/__init__.py
[8.001s] -- Installing: /home/curdin/franka_ros2_ws/install/franka_msgs/local/lib/python3.10/dist-packages/franka_msgs/srv/_set_cartesian_stiffness.py
[8.001s] -- Installing: /home/curdin/franka_ros2_ws/install/franka_msgs/local/lib/python3.10/dist-packages/franka_msgs/srv/_set_tcp_frame_s.c
[8.001s] -- Installing: /home/curdin/franka_ros2_ws/install/franka_msgs/local/lib/python3.10/dist-packages/franka_msgs/srv/_set_tcp_frame.py
[8.001s] -- Installing: /home/curdin/franka_ros2_ws/install/franka_msgs/local/lib/python3.10/dist-packages/franka_msgs/msg
[8.001s] -- Installing: /home/curdin/franka_ros2_ws/install/franka_msgs/local/lib/python3.10/dist-packages/franka_msgs/msg/_franka_robot_state.py
[8.001s] -- Installing: /home/curdin/franka_ros2_ws/install/franka_msgs/local/lib/python3.10/dist-packages/franka_msgs/msg/_grasp_epsilon_s.c
[8.001s] -- Installing: /home/curdin/franka_ros2_ws/install/franka_msgs/local/lib/python3.10/dist-packages/franka_msgs/msg/_errors_s.c
[8.001s] -- Installing: /home/curdin/franka_ros2_ws/install/franka_msgs/local/lib/python3.10/dist-packages/franka_msgs/msg/_franka_robot_state_s.c
[8.002s] -- Installing: /home/curdin/franka_ros2_ws/install/franka_msgs/local/lib/python3.10/dist-packages/franka_msgs/msg/__init__.py
[8.002s] -- Installing: /home/curdin/franka_ros2_ws/install/franka_msgs/local/lib/python3.10/dist-packages/franka_msgs/msg/_errors.py
[8.002s] -- Installing: /home/curdin/franka_ros2_ws/install/franka_msgs/local/lib/python3.10/dist-packages/franka_msgs/msg/_grasp_epsilon.py
[8.002s] -- Installing: /home/curdin/franka_ros2_ws/install/franka_msgs/local/lib/python3.10/dist-packages/franka_msgs/libfranka_msgs__rosidl_generator_py.so
[8.002s] -- Installing: /home/curdin/franka_ros2_ws/install/franka_msgs/local/lib/python3.10/dist-packages/franka_msgs/_franka_msgs_s.ep.rosidl_typesupport_fastrtps_c.c
[8.002s] -- Installing: /home/curdin/franka_ros2_ws/install/franka_msgs/local/lib/python3.10/dist-packages/franka_msgs/__init__.py
[8.002s] -- Installing: /home/curdin/franka_ros2_ws/install/franka_msgs/local/lib/python3.10/dist-packages/franka_msgs/franka_msgs_s__rosidl_typesupport_introspection_c.cpython-310-x86_64-linux-gnu.so
[8.002s] -- Installing: /home/curdin/franka_ros2_ws/install/franka_msgs/local/lib/python3.10/dist-packages/franka_msgs/action
[8.002s] -- Installing: /home/curdin/franka_ros2_ws/install/franka_msgs/local/lib/python3.10/dist-packages/franka_msgs/action/_move.py
[8.002s] -- Installing: /home/curdin/franka_ros2_ws/install/franka_msgs/local/lib/python3.10/dist-packages/franka_msgs/action/_grasp_s.c
[8.002s] -- Installing: /home/curdin/franka_ros2_ws/install/franka_msgs/local/lib/python3.10/dist-packages/franka_msgs/action/_grasp.py
[8.002s] -- Installing: /home/curdin/franka_ros2_ws/install/franka_msgs/local/lib/python3.10/dist-packages/franka_msgs/action/_homing.py
[8.002s] -- Installing: /home/curdin/franka_ros2_ws/install/franka_msgs/local/lib/python3.10/dist-packages/franka_msgs/action/_homing_s.c
[8.002s] -- Installing: /home/curdin/franka_ros2_ws/install/franka_msgs/local/lib/python3.10/dist-packages/franka_msgs/action/__init__.py
[8.002s] -- Installing: /home/curdin/franka_ros2_ws/install/franka_msgs/local/lib/python3.10/dist-packages/franka_msgs/action/_move_s.c
[8.002s] -- Installing: /home/curdin/franka_ros2_ws/install/franka_msgs/local/lib/python3.10/dist-packages/franka_msgs/_franka_msgs_s.ep.rosidl_typesupport_c.c
[8.003s] -- Installing: /home/curdin/franka_ros2_ws/install/franka_msgs/local/lib/python3.10/dist-packages/franka_msgs/_franka_msgs_s.ep.rosidl_typesupport_introspection_c.c
[8.049s] Listing '/home/curdin/franka_ros2_ws/install/franka_msgs/local/lib/python3.10/dist-packages/franka_msgs'...
[8.050s] Compiling '/home/curdin/franka_ros2_ws/install/franka_msgs/local/lib/python3.10/dist-packages/franka_msgs/__init__.py'...
[8.050s] Listing '/home/curdin/franka_ros2_ws/install/franka_msgs/local/lib/python3.10/dist-packages/franka_msgs/action'...
[8.050s] Compiling '/home/curdin/franka_ros2_ws/install/franka_msgs/local/lib/python3.10/dist-packages/franka_msgs/action/__init__.py'...
[8.050s] Compiling '/home/curdin/franka_ros2_ws/install/franka_msgs/local/lib/python3.10/dist-packages/franka_msgs/action/_grasp.py'...
[8.050s] Compiling '/home/curdin/franka_ros2_ws/install/franka_msgs/local/lib/python3.10/dist-packages/franka_msgs/action/_homing.py'...
[8.050s] Compiling '/home/curdin/franka_ros2_ws/install/franka_msgs/local/lib/python3.10/dist-packages/franka_msgs/action/_move.py'...
[8.050s] Listing '/home/curdin/franka_ros2_ws/install/franka_msgs/local/lib/python3.10/dist-packages/franka_msgs/msg'...
[8.050s] Compiling '/home/curdin/franka_ros2_ws/install/franka_msgs/local/lib/python3.10/dist-packages/franka_msgs/msg/__init__.py'...
[8.050s] Compiling '/home/curdin/franka_ros2_ws/install/franka_msgs/local/lib/python3.10/dist-packages/franka_msgs/msg/_errors.py'...
[8.050s] Compiling '/home/curdin/franka_ros2_ws/install/franka_msgs/local/lib/python3.10/dist-packages/franka_msgs/msg/_franka_robot_state.py'...
[8.050s] Compiling '/home/curdin/franka_ros2_ws/install/franka_msgs/local/lib/python3.10/dist-packages/franka_msgs/msg/_grasp_epsilon.py'...
[8.050s] Listing '/home/curdin/franka_ros2_ws/install/franka_msgs/local/lib/python3.10/dist-packages/franka_msgs/srv'...
[8.050s] Compiling '/home/curdin/franka_ros2_ws/install/franka_msgs/local/lib/python3.10/dist-packages/franka_msgs/srv/__init__.py'...
[8.050s] Compiling '/home/curdin/franka_ros2_ws/install/franka_msgs/local/lib/python3.10/dist-packages/franka_msgs/srv/_set_cartesian_stiffness.py'...
[8.050s] Compiling '/home/curdin/franka_ros2_ws/install/franka_msgs/local/lib/python3.10/dist-packages/franka_msgs/srv/_set_force_torque_collision_behavior.py'...
[8.050s] Compiling '/home/curdin/franka_ros2_ws/install/franka_msgs/local/lib/python3.10/dist-packages/franka_msgs/srv/_set_full_collision_behavior.py'...
[8.050s] Compiling '/home/curdin/franka_ros2_ws/install/franka_msgs/local/lib/python3.10/dist-packages/franka_msgs/srv/_set_joint_stiffness.py'...
[8.050s] Compiling '/home/curdin/franka_ros2_ws/install/franka_msgs/local/lib/python3.10/dist-packages/franka_msgs/srv/_set_load.py'...
[8.050s] Compiling '/home/curdin/franka_ros2_ws/install/franka_msgs/local/lib/python3.10/dist-packages/franka_msgs/srv/_set_stiffness_frame.py'...
[8.050s] Compiling '/home/curdin/franka_ros2_ws/install/franka_msgs/local/lib/python3.10/dist-packages/franka_msgs/srv/_set_tcp_frame.py'...
[8.053s] -- Installing: /home/curdin/franka_ros2_ws/install/franka_msgs/local/lib/python3.10/dist-packages/franka_msgs/franka_msgs_s__rosidl_typesupport_fastrtps_c.cpython-310-x86_64-linux-gnu.so
[8.053s] -- Set runtime path of "/home/curdin/franka_ros2_ws/install/franka_msgs/local/lib/python3.10/dist-packages/franka_msgs/franka_msgs_s__rosidl_typesupport_fastrtps_c.cpython-310-x86_64-linux-gnu.so" to ""
[8.053s] -- Installing: /home/curdin/franka_ros2_ws/install/franka_msgs/local/lib/python3.10/dist-packages/franka_msgs/franka_msgs_s__rosidl_typesupport_introspection_c.cpython-310-x86_64-linux-gnu.so
[8.053s] -- Set runtime path of "/home/curdin/franka_ros2_ws/install/franka_msgs/local/lib/python3.10/dist-packages/franka_msgs/franka_msgs_s__rosidl_typesupport_introspection_c.cpython-310-x86_64-linux-gnu.so" to ""
[8.053s] -- Installing: /home/curdin/franka_ros2_ws/install/franka_msgs/local/lib/python3.10/dist-packages/franka_msgs/franka_msgs_s__rosidl_typesupport_c.cpython-310-x86_64-linux-gnu.so
[8.053s] -- Set runtime path of "/home/curdin/franka_ros2_ws/install/franka_msgs/local/lib/python3.10/dist-packages/franka_msgs/franka_msgs_s__rosidl_typesupport_c.cpython-310-x86_64-linux-gnu.so" to ""
[8.054s] -- Installing: /home/curdin/franka_ros2_ws/install/franka_msgs/lib/libfranka_msgs__rosidl_generator_py.so
[8.054s] -- Set runtime path of "/home/curdin/franka_ros2_ws/install/franka_msgs/lib/libfranka_msgs__rosidl_generator_py.so" to ""
[8.054s] -- Installing: /home/curdin/franka_ros2_ws/install/franka_msgs/share/franka_msgs/action/Grasp.idl
[8.054s] -- Installing: /home/curdin/franka_ros2_ws/install/franka_msgs/share/franka_msgs/action/Homing.idl
[8.054s] -- Installing: /home/curdin/franka_ros2_ws/install/franka_msgs/share/franka_msgs/action/Move.idl
[8.054s] -- Installing: /home/curdin/franka_ros2_ws/install/franka_msgs/share/franka_msgs/msg/Errors.idl
[8.054s] -- Installing: /home/curdin/franka_ros2_ws/install/franka_msgs/share/franka_msgs/msg/GraspEpsilon.idl
[8.054s] -- Installing: /home/curdin/franka_ros2_ws/install/franka_msgs/share/franka_msgs/msg/FrankaRobotState.idl
[8.054s] -- Installing: /home/curdin/franka_ros2_ws/install/franka_msgs/share/franka_msgs/srv/SetCartesianStiffness.idl
[8.054s] -- Installing: /home/curdin/franka_ros2_ws/install/franka_msgs/share/franka_msgs/srv/SetTCPFrame.idl
[8.054s] -- Installing: /home/curdin/franka_ros2_ws/install/franka_msgs/share/franka_msgs/srv/SetForceTorqueCollisionBehavior.idl
[8.054s] -- Installing: /home/curdin/franka_ros2_ws/install/franka_msgs/share/franka_msgs/srv/SetFullCollisionBehavior.idl
[8.054s] -- Installing: /home/curdin/franka_ros2_ws/install/franka_msgs/share/franka_msgs/srv/SetJointStiffness.idl
[8.054s] -- Installing: /home/curdin/franka_ros2_ws/install/franka_msgs/share/franka_msgs/srv/SetStiffnessFrame.idl
[8.054s] -- Installing: /home/curdin/franka_ros2_ws/install/franka_msgs/share/franka_msgs/srv/SetLoad.idl
[8.054s] -- Installing: /home/curdin/franka_ros2_ws/install/franka_msgs/share/franka_msgs/action/Grasp.action
[8.054s] -- Installing: /home/curdin/franka_ros2_ws/install/franka_msgs/share/franka_msgs/action/Homing.action
[8.054s] -- Installing: /home/curdin/franka_ros2_ws/install/franka_msgs/share/franka_msgs/action/Move.action
[8.054s] -- Installing: /home/curdin/franka_ros2_ws/install/franka_msgs/share/franka_msgs/msg/Errors.msg
[8.054s] -- Installing: /home/curdin/franka_ros2_ws/install/franka_msgs/share/franka_msgs/msg/GraspEpsilon.msg
[8.054s] -- Installing: /home/curdin/franka_ros2_ws/install/franka_msgs/share/franka_msgs/msg/FrankaRobotState.msg
[8.055s] -- Installing: /home/curdin/franka_ros2_ws/install/franka_msgs/share/franka_msgs/srv/SetCartesianStiffness.srv
[8.055s] -- Installing: /home/curdin/franka_ros2_ws/install/franka_msgs/share/franka_msgs/srv/SetCartesianStiffness_Request.msg
[8.055s] -- Installing: /home/curdin/franka_ros2_ws/install/franka_msgs/share/franka_msgs/srv/SetCartesianStiffness_Response.msg
[8.055s] -- Installing: /home/curdin/franka_ros2_ws/install/franka_msgs/share/franka_msgs/srv/SetTCPFrame.srv
[8.055s] -- Installing: /home/curdin/franka_ros2_ws/install/franka_msgs/share/franka_msgs/srv/SetTCPFrame_Request.msg
[8.055s] -- Installing: /home/curdin/franka_ros2_ws/install/franka_msgs/share/franka_msgs/srv/SetTCPFrame_Response.msg
[8.055s] -- Installing: /home/curdin/franka_ros2_ws/install/franka_msgs/share/franka_msgs/srv/SetForceTorqueCollisionBehavior.srv
[8.055s] -- Installing: /home/curdin/franka_ros2_ws/install/franka_msgs/share/franka_msgs/srv/SetForceTorqueCollisionBehavior_Request.msg
[8.055s] -- Installing: /home/curdin/franka_ros2_ws/install/franka_msgs/share/franka_msgs/srv/SetForceTorqueCollisionBehavior_Response.msg
[8.055s] -- Installing: /home/curdin/franka_ros2_ws/install/franka_msgs/share/franka_msgs/srv/SetFullCollisionBehavior.srv
[8.055s] -- Installing: /home/curdin/franka_ros2_ws/install/franka_msgs/share/franka_msgs/srv/SetFullCollisionBehavior_Request.msg
[8.055s] -- Installing: /home/curdin/franka_ros2_ws/install/franka_msgs/share/franka_msgs/srv/SetFullCollisionBehavior_Response.msg
[8.055s] -- Installing: /home/curdin/franka_ros2_ws/install/franka_msgs/share/franka_msgs/srv/SetJointStiffness.srv
[8.055s] -- Installing: /home/curdin/franka_ros2_ws/install/franka_msgs/share/franka_msgs/srv/SetJointStiffness_Request.msg
[8.056s] -- Installing: /home/curdin/franka_ros2_ws/install/franka_msgs/share/franka_msgs/srv/SetJointStiffness_Response.msg
[8.056s] -- Installing: /home/curdin/franka_ros2_ws/install/franka_msgs/share/franka_msgs/srv/SetStiffnessFrame.srv
[8.056s] -- Installing: /home/curdin/franka_ros2_ws/install/franka_msgs/share/franka_msgs/srv/SetStiffnessFrame_Request.msg
[8.056s] -- Installing: /home/curdin/franka_ros2_ws/install/franka_msgs/share/franka_msgs/srv/SetStiffnessFrame_Response.msg
[8.056s] -- Installing: /home/curdin/franka_ros2_ws/install/franka_msgs/share/franka_msgs/srv/SetLoad.srv
[8.056s] -- Installing: /home/curdin/franka_ros2_ws/install/franka_msgs/share/franka_msgs/srv/SetLoad_Request.msg
[8.056s] -- Installing: /home/curdin/franka_ros2_ws/install/franka_msgs/share/franka_msgs/srv/SetLoad_Response.msg
[8.056s] -- Installing: /home/curdin/franka_ros2_ws/install/franka_msgs/share/ament_index/resource_index/package_run_dependencies/franka_msgs
[8.057s] -- Installing: /home/curdin/franka_ros2_ws/install/franka_msgs/share/ament_index/resource_index/parent_prefix_path/franka_msgs
[8.057s] -- Installing: /home/curdin/franka_ros2_ws/install/franka_msgs/share/franka_msgs/environment/ament_prefix_path.sh
[8.057s] -- Installing: /home/curdin/franka_ros2_ws/install/franka_msgs/share/franka_msgs/environment/ament_prefix_path.dsv
[8.057s] -- Installing: /home/curdin/franka_ros2_ws/install/franka_msgs/share/franka_msgs/environment/path.sh
[8.057s] -- Installing: /home/curdin/franka_ros2_ws/install/franka_msgs/share/franka_msgs/environment/path.dsv
[8.057s] -- Installing: /home/curdin/franka_ros2_ws/install/franka_msgs/share/franka_msgs/local_setup.bash
[8.057s] -- Installing: /home/curdin/franka_ros2_ws/install/franka_msgs/share/franka_msgs/local_setup.sh
[8.057s] -- Installing: /home/curdin/franka_ros2_ws/install/franka_msgs/share/franka_msgs/local_setup.zsh
[8.057s] -- Installing: /home/curdin/franka_ros2_ws/install/franka_msgs/share/franka_msgs/local_setup.dsv
[8.057s] -- Installing: /home/curdin/franka_ros2_ws/install/franka_msgs/share/franka_msgs/package.dsv
[8.058s] -- Installing: /home/curdin/franka_ros2_ws/install/franka_msgs/share/ament_index/resource_index/packages/franka_msgs
[8.058s] -- Installing: /home/curdin/franka_ros2_ws/install/franka_msgs/share/franka_msgs/cmake/export_franka_msgs__rosidl_generator_cExport.cmake
[8.058s] -- Installing: /home/curdin/franka_ros2_ws/install/franka_msgs/share/franka_msgs/cmake/export_franka_msgs__rosidl_generator_cExport-release.cmake
[8.058s] -- Installing: /home/curdin/franka_ros2_ws/install/franka_msgs/share/franka_msgs/cmake/export_franka_msgs__rosidl_typesupport_fastrtps_cExport.cmake
[8.058s] -- Installing: /home/curdin/franka_ros2_ws/install/franka_msgs/share/franka_msgs/cmake/export_franka_msgs__rosidl_typesupport_fastrtps_cExport-release.cmake
[8.058s] -- Installing: /home/curdin/franka_ros2_ws/install/franka_msgs/share/franka_msgs/cmake/franka_msgs__rosidl_typesupport_introspection_cExport.cmake
[8.058s] -- Installing: /home/curdin/franka_ros2_ws/install/franka_msgs/share/franka_msgs/cmake/franka_msgs__rosidl_typesupport_introspection_cExport-release.cmake
[8.058s] -- Installing: /home/curdin/franka_ros2_ws/install/franka_msgs/share/franka_msgs/cmake/franka_msgs__rosidl_typesupport_cExport.cmake
[8.059s] -- Installing: /home/curdin/franka_ros2_ws/install/franka_msgs/share/franka_msgs/cmake/franka_msgs__rosidl_typesupport_cExport-release.cmake
[8.059s] -- Installing: /home/curdin/franka_ros2_ws/install/franka_msgs/share/franka_msgs/cmake/export_franka_msgs__rosidl_generator_cppExport.cmake
[8.059s] -- Installing: /home/curdin/franka_ros2_ws/install/franka_msgs/share/franka_msgs/cmake/export_franka_msgs__rosidl_typesupport_fastrtps_cppExport.cmake
[8.059s] -- Installing: /home/curdin/franka_ros2_ws/install/franka_msgs/share/franka_msgs/cmake/export_franka_msgs__rosidl_typesupport_fastrtps_cppExport-release.cmake
[8.059s] -- Installing: /home/curdin/franka_ros2_ws/install/franka_msgs/share/franka_msgs/cmake/franka_msgs__rosidl_typesupport_introspection_cppExport.cmake
[8.059s] -- Installing: /home/curdin/franka_ros2_ws/install/franka_msgs/share/franka_msgs/cmake/franka_msgs__rosidl_typesupport_introspection_cppExport-release.cmake
[8.059s] -- Installing: /home/curdin/franka_ros2_ws/install/franka_msgs/share/franka_msgs/cmake/franka_msgs__rosidl_typesupport_cppExport.cmake
[8.059s] -- Installing: /home/curdin/franka_ros2_ws/install/franka_msgs/share/franka_msgs/cmake/franka_msgs__rosidl_typesupport_cppExport-release.cmake
[8.059s] -- Installing: /home/curdin/franka_ros2_ws/install/franka_msgs/share/franka_msgs/cmake/export_franka_msgs__rosidl_generator_pyExport.cmake
[8.060s] -- Installing: /home/curdin/franka_ros2_ws/install/franka_msgs/share/franka_msgs/cmake/export_franka_msgs__rosidl_generator_pyExport-release.cmake
[8.060s] -- Installing: /home/curdin/franka_ros2_ws/install/franka_msgs/share/franka_msgs/cmake/rosidl_cmake-extras.cmake
[8.060s] -- Installing: /home/curdin/franka_ros2_ws/install/franka_msgs/share/franka_msgs/cmake/ament_cmake_export_dependencies-extras.cmake
[8.060s] -- Installing: /home/curdin/franka_ros2_ws/install/franka_msgs/share/franka_msgs/cmake/ament_cmake_export_include_directories-extras.cmake
[8.060s] -- Installing: /home/curdin/franka_ros2_ws/install/franka_msgs/share/franka_msgs/cmake/ament_cmake_export_libraries-extras.cmake
[8.060s] -- Installing: /home/curdin/franka_ros2_ws/install/franka_msgs/share/franka_msgs/cmake/ament_cmake_export_targets-extras.cmake
[8.060s] -- Installing: /home/curdin/franka_ros2_ws/install/franka_msgs/share/franka_msgs/cmake/rosidl_cmake_export_typesupport_targets-extras.cmake
[8.060s] -- Installing: /home/curdin/franka_ros2_ws/install/franka_msgs/share/franka_msgs/cmake/rosidl_cmake_export_typesupport_libraries-extras.cmake
[8.060s] -- Installing: /home/curdin/franka_ros2_ws/install/franka_msgs/share/franka_msgs/cmake/franka_msgsConfig.cmake
[8.060s] -- Installing: /home/curdin/franka_ros2_ws/install/franka_msgs/share/franka_msgs/cmake/franka_msgsConfig-version.cmake
[8.060s] -- Installing: /home/curdin/franka_ros2_ws/install/franka_msgs/share/franka_msgs/package.xml
[8.062s] Invoked command in '/home/curdin/franka_ros2_ws/build/franka_msgs' returned '0': CMAKE_PREFIX_PATH=${CMAKE_PREFIX_PATH}:/opt/ros/humble /usr/bin/cmake --install /home/curdin/franka_ros2_ws/build/franka_msgs
